Exception in thread "main" java.lang.NumberFormatException: For input string: "two"
	at java.lang.NumberFormatException.forInputString(NumberFormatException.java:65)
	at java.lang.Integer.parseInt(Integer.java:580)
	at java.lang.Integer.parseInt(Integer.java:615)
	at main.Assignment1.scanString(Assignment1.java:64)
	at main.Assignment1.processInput(Assignment1.java:21)
	at main.Assignment1.main(Assignment1.java:8)
Exception in thread "main" java.lang.NumberFormatException: For input string: "two"
	at java.lang.NumberFormatException.forInputString(NumberFormatException.java:65)
	at java.lang.Integer.parseInt(Integer.java:580)
	at java.lang.Integer.parseInt(Integer.java:615)
	at main.Assignment1.scanString(Assignment1.java:64)
	at main.Assignment1.processInput(Assignment1.java:21)
	at main.Assignment1.main(Assignment1.java:8)
Exception in thread "main" java.lang.NumberFormatException: For input string: "two"
	at java.lang.NumberFormatException.forInputString(NumberFormatException.java:65)
	at java.lang.Integer.parseInt(Integer.java:580)
	at java.lang.Integer.parseInt(Integer.java:615)
	at main.Assignment1.scanString(Assignment1.java:64)
	at main.Assignment1.processInput(Assignment1.java:21)
	at main.Assignment1.main(Assignment1.java:8)
Exception in thread "main" java.lang.NumberFormatException: For input string: "two"
	at java.lang.NumberFormatException.forInputString(NumberFormatException.java:65)
	at java.lang.Integer.parseInt(Integer.java:580)
	at java.lang.Integer.parseInt(Integer.java:615)
	at main.Assignment1.scanString(Assignment1.java:64)
	at main.Assignment1.processInput(Assignment1.java:21)
	at main.Assignment1.main(Assignment1.java:8)
Exception in thread "main" java.lang.NumberFormatException: For input string: "two"
	at java.lang.NumberFormatException.forInputString(NumberFormatException.java:65)
	at java.lang.Integer.parseInt(Integer.java:580)
	at java.lang.Integer.parseInt(Integer.java:615)
	at main.Assignment1.scanString(Assignment1.java:64)
	at main.Assignment1.processInput(Assignment1.java:21)
	at main.Assignment1.main(Assignment1.java:8)
java.util.concurrent.TimeoutException
	at java.util.concurrent.FutureTask.get(FutureTask.java:205)
	at grader.basics.execution.BasicProjectExecution.timedInvoke(BasicProjectExecution.java:93)
	at grader.basics.execution.BasicProjectExecution.proxyAwareTimedInvoke(BasicProjectExecution.java:1162)
	at gradingTools.shared.testcases.MethodExecutionTest.invokeMethod(MethodExecutionTest.java:262)
	at gradingTools.shared.testcases.MethodExecutionTest.invokeMethod(MethodExecutionTest.java:316)
	at gradingTools.shared.testcases.MethodExecutionTest.doTest(MethodExecutionTest.java:464)
	at gradingTools.shared.testcases.MethodExecutionTest.test(MethodExecutionTest.java:538)
	at sun.reflect.GeneratedMethodAccessor10.invoke(Unknown Source)
	at sun.reflect.DelegatingMethodAccessorImpl.invoke(DelegatingMethodAccessorImpl.java:43)
	at java.lang.reflect.Method.invoke(Method.java:497)
	at org.junit.runners.model.FrameworkMethod$1.runReflectiveCall(FrameworkMethod.java:47)
	at org.junit.internal.runners.model.ReflectiveCallable.run(ReflectiveCallable.java:12)
	at org.junit.runners.model.FrameworkMethod.invokeExplosively(FrameworkMethod.java:44)
	at org.junit.internal.runners.statements.InvokeMethod.evaluate(InvokeMethod.java:17)
	at org.junit.runners.ParentRunner.runLeaf(ParentRunner.java:271)
	at org.junit.runners.BlockJUnit4ClassRunner.runChild(BlockJUnit4ClassRunner.java:70)
	at org.junit.runners.BlockJUnit4ClassRunner.runChild(BlockJUnit4ClassRunner.java:50)
	at org.junit.runners.ParentRunner$3.run(ParentRunner.java:238)
	at org.junit.runners.ParentRunner$1.schedule(ParentRunner.java:63)
	at org.junit.runners.ParentRunner.runChildren(ParentRunner.java:236)
	at org.junit.runners.ParentRunner.access$000(ParentRunner.java:53)
	at org.junit.runners.ParentRunner$2.evaluate(ParentRunner.java:229)
	at org.junit.runners.ParentRunner.run(ParentRunner.java:309)
	at grader.basics.junit.AGradableJUnitTest.test(AGradableJUnitTest.java:247)
	at grader.junit.AGraderTestCase.test(AGraderTestCase.java:180)
	at grader.junit.AGraderTestCase.test(AGraderTestCase.java:132)
	at framework.grading.testing.Checkable.check(Checkable.java:133)
	at framework.grading.testing.Feature.check(Feature.java:109)
	at framework.grading.testing.Checkable.check(Checkable.java:194)
	at framework.grading.FrameworkProjectRequirements.checkFeatures(FrameworkProjectRequirements.java:158)
	at grader.steppers.AnAutoVisitBehavior.autoGrade(AnAutoVisitBehavior.java:603)
	at grader.steppers.AnAutoVisitBehavior.setProject(AnAutoVisitBehavior.java:209)
	at grader.steppers.AnOverviewProjectStepper.setProject(AnOverviewProjectStepper.java:470)
	at grader.steppers.AnOverviewProjectStepper.setProject(AnOverviewProjectStepper.java:258)
	at grader.steppers.AMainProjectStepper.setProject(AMainProjectStepper.java:92)
	at grader.steppers.AComplexProjectStepper.setProject(AComplexProjectStepper.java:134)
	at grader.steppers.AGradedProjectNavigator.move(AGradedProjectNavigator.java:540)
	at grader.steppers.AnOverviewProjectStepper.move(AnOverviewProjectStepper.java:1507)
	at grader.steppers.AMainProjectStepper.move(AMainProjectStepper.java:180)
	at grader.steppers.AComplexProjectStepper.move(AComplexProjectStepper.java:186)
	at grader.navigation.automatic.AnAutomaticProjectNavigator.navigate(AnAutomaticProjectNavigator.java:75)
	at grader.navigation.hybrid.AHybridProjectNavigator.navigate(AHybridProjectNavigator.java:22)
	at grader.navigation.AProjectNavigator.navigate(AProjectNavigator.java:24)
	at gradingTools.Driver.drive(Driver.java:375)
	at gradingTools.Driver.main(Driver.java:698)
	at gradingTools.Comp401Driver.main(Comp401Driver.java:5)
Terminated execution after milliseconds:2000
java.util.concurrent.TimeoutException
	at java.util.concurrent.FutureTask.get(FutureTask.java:205)
	at grader.basics.execution.BasicProjectExecution.timedInvoke(BasicProjectExecution.java:93)
	at grader.basics.execution.BasicProjectExecution.proxyAwareTimedInvoke(BasicProjectExecution.java:1162)
	at gradingTools.shared.testcases.MethodExecutionTest.invokeMethod(MethodExecutionTest.java:262)
	at gradingTools.shared.testcases.MethodExecutionTest.invokeMethod(MethodExecutionTest.java:316)
	at gradingTools.shared.testcases.MethodExecutionTest.doTest(MethodExecutionTest.java:464)
	at gradingTools.shared.testcases.MethodExecutionTest.test(MethodExecutionTest.java:538)
	at sun.reflect.GeneratedMethodAccessor10.invoke(Unknown Source)
	at sun.reflect.DelegatingMethodAccessorImpl.invoke(DelegatingMethodAccessorImpl.java:43)
	at java.lang.reflect.Method.invoke(Method.java:497)
	at org.junit.runners.model.FrameworkMethod$1.runReflectiveCall(FrameworkMethod.java:47)
	at org.junit.internal.runners.model.ReflectiveCallable.run(ReflectiveCallable.java:12)
	at org.junit.runners.model.FrameworkMethod.invokeExplosively(FrameworkMethod.java:44)
	at org.junit.internal.runners.statements.InvokeMethod.evaluate(InvokeMethod.java:17)
	at org.junit.runners.ParentRunner.runLeaf(ParentRunner.java:271)
	at org.junit.runners.BlockJUnit4ClassRunner.runChild(BlockJUnit4ClassRunner.java:70)
	at org.junit.runners.BlockJUnit4ClassRunner.runChild(BlockJUnit4ClassRunner.java:50)
	at org.junit.runners.ParentRunner$3.run(ParentRunner.java:238)
	at org.junit.runners.ParentRunner$1.schedule(ParentRunner.java:63)
	at org.junit.runners.ParentRunner.runChildren(ParentRunner.java:236)
	at org.junit.runners.ParentRunner.access$000(ParentRunner.java:53)
	at org.junit.runners.ParentRunner$2.evaluate(ParentRunner.java:229)
	at org.junit.runners.ParentRunner.run(ParentRunner.java:309)
	at grader.basics.junit.AGradableJUnitTest.test(AGradableJUnitTest.java:247)
	at grader.junit.AGraderTestCase.test(AGraderTestCase.java:180)
	at grader.junit.AGraderTestCase.test(AGraderTestCase.java:132)
	at framework.grading.testing.Checkable.check(Checkable.java:133)
	at framework.grading.testing.Feature.check(Feature.java:109)
	at framework.grading.testing.Checkable.check(Checkable.java:194)
	at framework.grading.FrameworkProjectRequirements.checkFeatures(FrameworkProjectRequirements.java:158)
	at grader.steppers.AnAutoVisitBehavior.autoGrade(AnAutoVisitBehavior.java:603)
	at grader.steppers.AnAutoVisitBehavior.setProject(AnAutoVisitBehavior.java:209)
	at grader.steppers.AnOverviewProjectStepper.setProject(AnOverviewProjectStepper.java:470)
	at grader.steppers.AnOverviewProjectStepper.setProject(AnOverviewProjectStepper.java:258)
	at grader.steppers.AMainProjectStepper.setProject(AMainProjectStepper.java:92)
	at grader.steppers.AComplexProjectStepper.setProject(AComplexProjectStepper.java:134)
	at grader.steppers.AGradedProjectNavigator.move(AGradedProjectNavigator.java:540)
	at grader.steppers.AnOverviewProjectStepper.move(AnOverviewProjectStepper.java:1507)
	at grader.steppers.AMainProjectStepper.move(AMainProjectStepper.java:180)
	at grader.steppers.AComplexProjectStepper.move(AComplexProjectStepper.java:186)
	at grader.navigation.automatic.AnAutomaticProjectNavigator.navigate(AnAutomaticProjectNavigator.java:75)
	at grader.navigation.hybrid.AHybridProjectNavigator.navigate(AHybridProjectNavigator.java:22)
	at grader.navigation.AProjectNavigator.navigate(AProjectNavigator.java:24)
	at gradingTools.Driver.drive(Driver.java:375)
	at gradingTools.Driver.main(Driver.java:698)
	at gradingTools.Comp401Driver.main(Comp401Driver.java:5)
Terminated execution after milliseconds:2000
java.util.concurrent.TimeoutException
	at java.util.concurrent.FutureTask.get(FutureTask.java:205)
	at grader.basics.execution.BasicProjectExecution.timedInvoke(BasicProjectExecution.java:93)
	at grader.basics.execution.BasicProjectExecution.proxyAwareTimedInvoke(BasicProjectExecution.java:1162)
	at gradingTools.shared.testcases.MethodExecutionTest.invokeMethod(MethodExecutionTest.java:262)
	at gradingTools.shared.testcases.MethodExecutionTest.invokeMethod(MethodExecutionTest.java:316)
	at gradingTools.shared.testcases.MethodExecutionTest.doTest(MethodExecutionTest.java:464)
	at gradingTools.shared.testcases.MethodExecutionTest.test(MethodExecutionTest.java:538)
	at sun.reflect.GeneratedMethodAccessor10.invoke(Unknown Source)
	at sun.reflect.DelegatingMethodAccessorImpl.invoke(DelegatingMethodAccessorImpl.java:43)
	at java.lang.reflect.Method.invoke(Method.java:497)
	at org.junit.runners.model.FrameworkMethod$1.runReflectiveCall(FrameworkMethod.java:47)
	at org.junit.internal.runners.model.ReflectiveCallable.run(ReflectiveCallable.java:12)
	at org.junit.runners.model.FrameworkMethod.invokeExplosively(FrameworkMethod.java:44)
	at org.junit.internal.runners.statements.InvokeMethod.evaluate(InvokeMethod.java:17)
	at org.junit.runners.ParentRunner.runLeaf(ParentRunner.java:271)
	at org.junit.runners.BlockJUnit4ClassRunner.runChild(BlockJUnit4ClassRunner.java:70)
	at org.junit.runners.BlockJUnit4ClassRunner.runChild(BlockJUnit4ClassRunner.java:50)
	at org.junit.runners.ParentRunner$3.run(ParentRunner.java:238)
	at org.junit.runners.ParentRunner$1.schedule(ParentRunner.java:63)
	at org.junit.runners.ParentRunner.runChildren(ParentRunner.java:236)
	at org.junit.runners.ParentRunner.access$000(ParentRunner.java:53)
	at org.junit.runners.ParentRunner$2.evaluate(ParentRunner.java:229)
	at org.junit.runners.ParentRunner.run(ParentRunner.java:309)
	at grader.basics.junit.AGradableJUnitTest.test(AGradableJUnitTest.java:247)
	at grader.junit.AGraderTestCase.test(AGraderTestCase.java:180)
	at grader.junit.AGraderTestCase.test(AGraderTestCase.java:132)
	at framework.grading.testing.Checkable.check(Checkable.java:133)
	at framework.grading.testing.Feature.check(Feature.java:109)
	at framework.grading.testing.Checkable.check(Checkable.java:194)
	at framework.grading.FrameworkProjectRequirements.checkFeatures(FrameworkProjectRequirements.java:158)
	at grader.steppers.AnAutoVisitBehavior.autoGrade(AnAutoVisitBehavior.java:603)
	at grader.steppers.AnAutoVisitBehavior.setProject(AnAutoVisitBehavior.java:209)
	at grader.steppers.AnOverviewProjectStepper.setProject(AnOverviewProjectStepper.java:470)
	at grader.steppers.AnOverviewProjectStepper.setProject(AnOverviewProjectStepper.java:258)
	at grader.steppers.AMainProjectStepper.setProject(AMainProjectStepper.java:92)
	at grader.steppers.AComplexProjectStepper.setProject(AComplexProjectStepper.java:134)
	at grader.steppers.AGradedProjectNavigator.move(AGradedProjectNavigator.java:540)
	at grader.steppers.AnOverviewProjectStepper.move(AnOverviewProjectStepper.java:1507)
	at grader.steppers.AMainProjectStepper.move(AMainProjectStepper.java:180)
	at grader.steppers.AComplexProjectStepper.move(AComplexProjectStepper.java:186)
	at grader.navigation.automatic.AnAutomaticProjectNavigator.navigate(AnAutomaticProjectNavigator.java:75)
	at grader.navigation.hybrid.AHybridProjectNavigator.navigate(AHybridProjectNavigator.java:22)
	at grader.navigation.AProjectNavigator.navigate(AProjectNavigator.java:24)
	at gradingTools.Driver.drive(Driver.java:375)
	at gradingTools.Driver.main(Driver.java:698)
	at gradingTools.Comp401Driver.main(Comp401Driver.java:5)
Terminated execution after milliseconds:2000
java.util.concurrent.TimeoutException
	at java.util.concurrent.FutureTask.get(FutureTask.java:205)
	at grader.basics.execution.BasicProjectExecution.timedInvoke(BasicProjectExecution.java:93)
	at grader.basics.execution.BasicProjectExecution.proxyAwareTimedInvoke(BasicProjectExecution.java:1162)
	at gradingTools.shared.testcases.MethodExecutionTest.invokeMethod(MethodExecutionTest.java:262)
	at gradingTools.shared.testcases.MethodExecutionTest.invokeMethod(MethodExecutionTest.java:316)
	at gradingTools.shared.testcases.MethodExecutionTest.doTest(MethodExecutionTest.java:464)
	at gradingTools.shared.testcases.MethodExecutionTest.test(MethodExecutionTest.java:538)
	at sun.reflect.GeneratedMethodAccessor10.invoke(Unknown Source)
	at sun.reflect.DelegatingMethodAccessorImpl.invoke(DelegatingMethodAccessorImpl.java:43)
	at java.lang.reflect.Method.invoke(Method.java:497)
	at org.junit.runners.model.FrameworkMethod$1.runReflectiveCall(FrameworkMethod.java:47)
	at org.junit.internal.runners.model.ReflectiveCallable.run(ReflectiveCallable.java:12)
	at org.junit.runners.model.FrameworkMethod.invokeExplosively(FrameworkMethod.java:44)
	at org.junit.internal.runners.statements.InvokeMethod.evaluate(InvokeMethod.java:17)
	at org.junit.runners.ParentRunner.runLeaf(ParentRunner.java:271)
	at org.junit.runners.BlockJUnit4ClassRunner.runChild(BlockJUnit4ClassRunner.java:70)
	at org.junit.runners.BlockJUnit4ClassRunner.runChild(BlockJUnit4ClassRunner.java:50)
	at org.junit.runners.ParentRunner$3.run(ParentRunner.java:238)
	at org.junit.runners.ParentRunner$1.schedule(ParentRunner.java:63)
	at org.junit.runners.ParentRunner.runChildren(ParentRunner.java:236)
	at org.junit.runners.ParentRunner.access$000(ParentRunner.java:53)
	at org.junit.runners.ParentRunner$2.evaluate(ParentRunner.java:229)
	at org.junit.runners.ParentRunner.run(ParentRunner.java:309)
	at grader.basics.junit.AGradableJUnitTest.test(AGradableJUnitTest.java:247)
	at grader.junit.AGraderTestCase.test(AGraderTestCase.java:180)
	at grader.junit.AGraderTestCase.test(AGraderTestCase.java:132)
	at framework.grading.testing.Checkable.check(Checkable.java:133)
	at framework.grading.testing.Feature.check(Feature.java:109)
	at framework.grading.testing.Checkable.check(Checkable.java:194)
	at framework.grading.FrameworkProjectRequirements.checkFeatures(FrameworkProjectRequirements.java:158)
	at grader.steppers.AnAutoVisitBehavior.autoGrade(AnAutoVisitBehavior.java:603)
	at grader.steppers.AnAutoVisitBehavior.setProject(AnAutoVisitBehavior.java:209)
	at grader.steppers.AnOverviewProjectStepper.setProject(AnOverviewProjectStepper.java:470)
	at grader.steppers.AnOverviewProjectStepper.setProject(AnOverviewProjectStepper.java:258)
	at grader.steppers.AMainProjectStepper.setProject(AMainProjectStepper.java:92)
	at grader.steppers.AComplexProjectStepper.setProject(AComplexProjectStepper.java:134)
	at grader.steppers.AGradedProjectNavigator.move(AGradedProjectNavigator.java:540)
	at grader.steppers.AnOverviewProjectStepper.move(AnOverviewProjectStepper.java:1507)
	at grader.steppers.AMainProjectStepper.move(AMainProjectStepper.java:180)
	at grader.steppers.AComplexProjectStepper.move(AComplexProjectStepper.java:186)
	at grader.navigation.automatic.AnAutomaticProjectNavigator.navigate(AnAutomaticProjectNavigator.java:75)
	at grader.navigation.hybrid.AHybridProjectNavigator.navigate(AHybridProjectNavigator.java:22)
	at grader.navigation.AProjectNavigator.navigate(AProjectNavigator.java:24)
	at gradingTools.Driver.drive(Driver.java:375)
	at gradingTools.Driver.main(Driver.java:698)
	at gradingTools.Comp401Driver.main(Comp401Driver.java:5)
Terminated execution after milliseconds:2000
java.util.concurrent.TimeoutException
	at java.util.concurrent.FutureTask.get(FutureTask.java:205)
	at grader.basics.execution.BasicProjectExecution.timedInvoke(BasicProjectExecution.java:93)
	at grader.basics.execution.BasicProjectExecution.proxyAwareTimedInvoke(BasicProjectExecution.java:1162)
	at gradingTools.shared.testcases.MethodExecutionTest.invokeMethod(MethodExecutionTest.java:262)
	at gradingTools.shared.testcases.MethodExecutionTest.invokeMethod(MethodExecutionTest.java:316)
	at gradingTools.shared.testcases.MethodExecutionTest.doTest(MethodExecutionTest.java:464)
	at gradingTools.shared.testcases.MethodExecutionTest.test(MethodExecutionTest.java:538)
	at sun.reflect.GeneratedMethodAccessor10.invoke(Unknown Source)
	at sun.reflect.DelegatingMethodAccessorImpl.invoke(DelegatingMethodAccessorImpl.java:43)
	at java.lang.reflect.Method.invoke(Method.java:497)
	at org.junit.runners.model.FrameworkMethod$1.runReflectiveCall(FrameworkMethod.java:47)
	at org.junit.internal.runners.model.ReflectiveCallable.run(ReflectiveCallable.java:12)
	at org.junit.runners.model.FrameworkMethod.invokeExplosively(FrameworkMethod.java:44)
	at org.junit.internal.runners.statements.InvokeMethod.evaluate(InvokeMethod.java:17)
	at org.junit.runners.ParentRunner.runLeaf(ParentRunner.java:271)
	at org.junit.runners.BlockJUnit4ClassRunner.runChild(BlockJUnit4ClassRunner.java:70)
	at org.junit.runners.BlockJUnit4ClassRunner.runChild(BlockJUnit4ClassRunner.java:50)
	at org.junit.runners.ParentRunner$3.run(ParentRunner.java:238)
	at org.junit.runners.ParentRunner$1.schedule(ParentRunner.java:63)
	at org.junit.runners.ParentRunner.runChildren(ParentRunner.java:236)
	at org.junit.runners.ParentRunner.access$000(ParentRunner.java:53)
	at org.junit.runners.ParentRunner$2.evaluate(ParentRunner.java:229)
	at org.junit.runners.ParentRunner.run(ParentRunner.java:309)
	at grader.basics.junit.AGradableJUnitTest.test(AGradableJUnitTest.java:247)
	at grader.junit.AGraderTestCase.test(AGraderTestCase.java:180)
	at grader.junit.AGraderTestCase.test(AGraderTestCase.java:132)
	at framework.grading.testing.Checkable.check(Checkable.java:133)
	at framework.grading.testing.Feature.check(Feature.java:109)
	at framework.grading.testing.Checkable.check(Checkable.java:194)
	at framework.grading.FrameworkProjectRequirements.checkFeatures(FrameworkProjectRequirements.java:158)
	at grader.steppers.AnAutoVisitBehavior.autoGrade(AnAutoVisitBehavior.java:603)
	at grader.steppers.AnAutoVisitBehavior.setProject(AnAutoVisitBehavior.java:209)
	at grader.steppers.AnOverviewProjectStepper.setProject(AnOverviewProjectStepper.java:470)
	at grader.steppers.AnOverviewProjectStepper.setProject(AnOverviewProjectStepper.java:258)
	at grader.steppers.AMainProjectStepper.setProject(AMainProjectStepper.java:92)
	at grader.steppers.AComplexProjectStepper.setProject(AComplexProjectStepper.java:134)
	at grader.steppers.AGradedProjectNavigator.move(AGradedProjectNavigator.java:540)
	at grader.steppers.AnOverviewProjectStepper.move(AnOverviewProjectStepper.java:1507)
	at grader.steppers.AMainProjectStepper.move(AMainProjectStepper.java:180)
	at grader.steppers.AComplexProjectStepper.move(AComplexProjectStepper.java:186)
	at grader.navigation.automatic.AnAutomaticProjectNavigator.navigate(AnAutomaticProjectNavigator.java:75)
	at grader.navigation.hybrid.AHybridProjectNavigator.navigate(AHybridProjectNavigator.java:22)
	at grader.navigation.AProjectNavigator.navigate(AProjectNavigator.java:24)
	at gradingTools.Driver.drive(Driver.java:375)
	at gradingTools.Driver.main(Driver.java:698)
	at gradingTools.Comp401Driver.main(Comp401Driver.java:5)
Terminated execution after milliseconds:2000
java.util.concurrent.TimeoutException
	at java.util.concurrent.FutureTask.get(FutureTask.java:205)
	at grader.basics.execution.BasicProjectExecution.timedInvoke(BasicProjectExecution.java:93)
	at grader.basics.execution.BasicProjectExecution.proxyAwareTimedInvoke(BasicProjectExecution.java:1162)
	at gradingTools.shared.testcases.MethodExecutionTest.invokeMethod(MethodExecutionTest.java:262)
	at gradingTools.shared.testcases.MethodExecutionTest.invokeMethod(MethodExecutionTest.java:316)
	at gradingTools.shared.testcases.MethodExecutionTest.doTest(MethodExecutionTest.java:464)
	at gradingTools.shared.testcases.MethodExecutionTest.test(MethodExecutionTest.java:538)
	at sun.reflect.GeneratedMethodAccessor10.invoke(Unknown Source)
	at sun.reflect.DelegatingMethodAccessorImpl.invoke(DelegatingMethodAccessorImpl.java:43)
	at java.lang.reflect.Method.invoke(Method.java:497)
	at org.junit.runners.model.FrameworkMethod$1.runReflectiveCall(FrameworkMethod.java:47)
	at org.junit.internal.runners.model.ReflectiveCallable.run(ReflectiveCallable.java:12)
	at org.junit.runners.model.FrameworkMethod.invokeExplosively(FrameworkMethod.java:44)
	at org.junit.internal.runners.statements.InvokeMethod.evaluate(InvokeMethod.java:17)
	at org.junit.runners.ParentRunner.runLeaf(ParentRunner.java:271)
	at org.junit.runners.BlockJUnit4ClassRunner.runChild(BlockJUnit4ClassRunner.java:70)
	at org.junit.runners.BlockJUnit4ClassRunner.runChild(BlockJUnit4ClassRunner.java:50)
	at org.junit.runners.ParentRunner$3.run(ParentRunner.java:238)
	at org.junit.runners.ParentRunner$1.schedule(ParentRunner.java:63)
	at org.junit.runners.ParentRunner.runChildren(ParentRunner.java:236)
	at org.junit.runners.ParentRunner.access$000(ParentRunner.java:53)
	at org.junit.runners.ParentRunner$2.evaluate(ParentRunner.java:229)
	at org.junit.runners.ParentRunner.run(ParentRunner.java:309)
	at grader.basics.junit.AGradableJUnitTest.test(AGradableJUnitTest.java:247)
	at grader.junit.AGraderTestCase.test(AGraderTestCase.java:180)
	at grader.junit.AGraderTestCase.test(AGraderTestCase.java:132)
	at framework.grading.testing.Checkable.check(Checkable.java:133)
	at framework.grading.testing.Feature.check(Feature.java:109)
	at framework.grading.testing.Checkable.check(Checkable.java:194)
	at framework.grading.FrameworkProjectRequirements.checkFeatures(FrameworkProjectRequirements.java:158)
	at grader.steppers.AnAutoVisitBehavior.autoGrade(AnAutoVisitBehavior.java:603)
	at grader.steppers.AnAutoVisitBehavior.setProject(AnAutoVisitBehavior.java:209)
	at grader.steppers.AnOverviewProjectStepper.setProject(AnOverviewProjectStepper.java:470)
	at grader.steppers.AnOverviewProjectStepper.setProject(AnOverviewProjectStepper.java:258)
	at grader.steppers.AMainProjectStepper.setProject(AMainProjectStepper.java:92)
	at grader.steppers.AComplexProjectStepper.setProject(AComplexProjectStepper.java:134)
	at grader.steppers.AGradedProjectNavigator.move(AGradedProjectNavigator.java:540)
	at grader.steppers.AnOverviewProjectStepper.move(AnOverviewProjectStepper.java:1507)
	at grader.steppers.AMainProjectStepper.move(AMainProjectStepper.java:180)
	at grader.steppers.AComplexProjectStepper.move(AComplexProjectStepper.java:186)
	at grader.navigation.automatic.AnAutomaticProjectNavigator.navigate(AnAutomaticProjectNavigator.java:75)
	at grader.navigation.hybrid.AHybridProjectNavigator.navigate(AHybridProjectNavigator.java:22)
	at grader.navigation.AProjectNavigator.navigate(AProjectNavigator.java:24)
	at gradingTools.Driver.drive(Driver.java:375)
	at gradingTools.Driver.main(Driver.java:698)
	at gradingTools.Comp401Driver.main(Comp401Driver.java:5)
Terminated execution after milliseconds:2000
java.util.concurrent.TimeoutException
	at java.util.concurrent.FutureTask.get(FutureTask.java:205)
	at grader.basics.execution.BasicProjectExecution.timedInvoke(BasicProjectExecution.java:93)
	at grader.basics.execution.BasicProjectExecution.proxyAwareTimedInvoke(BasicProjectExecution.java:1162)
	at gradingTools.shared.testcases.MethodExecutionTest.invokeMethod(MethodExecutionTest.java:262)
	at gradingTools.shared.testcases.MethodExecutionTest.invokeMethod(MethodExecutionTest.java:316)
	at gradingTools.shared.testcases.MethodExecutionTest.doTest(MethodExecutionTest.java:464)
	at gradingTools.shared.testcases.MethodExecutionTest.test(MethodExecutionTest.java:538)
	at sun.reflect.GeneratedMethodAccessor10.invoke(Unknown Source)
	at sun.reflect.DelegatingMethodAccessorImpl.invoke(DelegatingMethodAccessorImpl.java:43)
	at java.lang.reflect.Method.invoke(Method.java:497)
	at org.junit.runners.model.FrameworkMethod$1.runReflectiveCall(FrameworkMethod.java:47)
	at org.junit.internal.runners.model.ReflectiveCallable.run(ReflectiveCallable.java:12)
	at org.junit.runners.model.FrameworkMethod.invokeExplosively(FrameworkMethod.java:44)
	at org.junit.internal.runners.statements.InvokeMethod.evaluate(InvokeMethod.java:17)
	at org.junit.runners.ParentRunner.runLeaf(ParentRunner.java:271)
	at org.junit.runners.BlockJUnit4ClassRunner.runChild(BlockJUnit4ClassRunner.java:70)
	at org.junit.runners.BlockJUnit4ClassRunner.runChild(BlockJUnit4ClassRunner.java:50)
	at org.junit.runners.ParentRunner$3.run(ParentRunner.java:238)
	at org.junit.runners.ParentRunner$1.schedule(ParentRunner.java:63)
	at org.junit.runners.ParentRunner.runChildren(ParentRunner.java:236)
	at org.junit.runners.ParentRunner.access$000(ParentRunner.java:53)
	at org.junit.runners.ParentRunner$2.evaluate(ParentRunner.java:229)
	at org.junit.runners.ParentRunner.run(ParentRunner.java:309)
	at grader.basics.junit.AGradableJUnitTest.test(AGradableJUnitTest.java:247)
	at grader.junit.AGraderTestCase.test(AGraderTestCase.java:180)
	at grader.junit.AGraderTestCase.test(AGraderTestCase.java:132)
	at framework.grading.testing.Checkable.check(Checkable.java:133)
	at framework.grading.testing.Feature.check(Feature.java:109)
	at framework.grading.testing.Checkable.check(Checkable.java:194)
	at framework.grading.FrameworkProjectRequirements.checkFeatures(FrameworkProjectRequirements.java:158)
	at grader.steppers.AnAutoVisitBehavior.autoGrade(AnAutoVisitBehavior.java:603)
	at grader.steppers.AnAutoVisitBehavior.setProject(AnAutoVisitBehavior.java:209)
	at grader.steppers.AnOverviewProjectStepper.setProject(AnOverviewProjectStepper.java:470)
	at grader.steppers.AnOverviewProjectStepper.setProject(AnOverviewProjectStepper.java:258)
	at grader.steppers.AMainProjectStepper.setProject(AMainProjectStepper.java:92)
	at grader.steppers.AComplexProjectStepper.setProject(AComplexProjectStepper.java:134)
	at grader.steppers.AGradedProjectNavigator.move(AGradedProjectNavigator.java:540)
	at grader.steppers.AnOverviewProjectStepper.move(AnOverviewProjectStepper.java:1507)
	at grader.steppers.AMainProjectStepper.move(AMainProjectStepper.java:180)
	at grader.steppers.AComplexProjectStepper.move(AComplexProjectStepper.java:186)
	at grader.navigation.automatic.AnAutomaticProjectNavigator.navigate(AnAutomaticProjectNavigator.java:75)
	at grader.navigation.hybrid.AHybridProjectNavigator.navigate(AHybridProjectNavigator.java:22)
	at grader.navigation.AProjectNavigator.navigate(AProjectNavigator.java:24)
	at gradingTools.Driver.drive(Driver.java:375)
	at gradingTools.Driver.main(Driver.java:698)
	at gradingTools.Comp401Driver.main(Comp401Driver.java:5)
Terminated execution after milliseconds:2000
java.util.concurrent.TimeoutException
	at java.util.concurrent.FutureTask.get(FutureTask.java:205)
	at grader.basics.execution.BasicProjectExecution.timedInvoke(BasicProjectExecution.java:93)
	at grader.basics.execution.BasicProjectExecution.proxyAwareTimedInvoke(BasicProjectExecution.java:1162)
	at gradingTools.shared.testcases.MethodExecutionTest.invokeMethod(MethodExecutionTest.java:262)
	at gradingTools.shared.testcases.MethodExecutionTest.invokeMethod(MethodExecutionTest.java:316)
	at gradingTools.shared.testcases.MethodExecutionTest.doTest(MethodExecutionTest.java:464)
	at gradingTools.shared.testcases.MethodExecutionTest.test(MethodExecutionTest.java:538)
	at sun.reflect.GeneratedMethodAccessor10.invoke(Unknown Source)
	at sun.reflect.DelegatingMethodAccessorImpl.invoke(DelegatingMethodAccessorImpl.java:43)
	at java.lang.reflect.Method.invoke(Method.java:497)
	at org.junit.runners.model.FrameworkMethod$1.runReflectiveCall(FrameworkMethod.java:47)
	at org.junit.internal.runners.model.ReflectiveCallable.run(ReflectiveCallable.java:12)
	at org.junit.runners.model.FrameworkMethod.invokeExplosively(FrameworkMethod.java:44)
	at org.junit.internal.runners.statements.InvokeMethod.evaluate(InvokeMethod.java:17)
	at org.junit.runners.ParentRunner.runLeaf(ParentRunner.java:271)
	at org.junit.runners.BlockJUnit4ClassRunner.runChild(BlockJUnit4ClassRunner.java:70)
	at org.junit.runners.BlockJUnit4ClassRunner.runChild(BlockJUnit4ClassRunner.java:50)
	at org.junit.runners.ParentRunner$3.run(ParentRunner.java:238)
	at org.junit.runners.ParentRunner$1.schedule(ParentRunner.java:63)
	at org.junit.runners.ParentRunner.runChildren(ParentRunner.java:236)
	at org.junit.runners.ParentRunner.access$000(ParentRunner.java:53)
	at org.junit.runners.ParentRunner$2.evaluate(ParentRunner.java:229)
	at org.junit.runners.ParentRunner.run(ParentRunner.java:309)
	at grader.basics.junit.AGradableJUnitTest.test(AGradableJUnitTest.java:247)
	at grader.junit.AGraderTestCase.test(AGraderTestCase.java:180)
	at grader.junit.AGraderTestCase.test(AGraderTestCase.java:132)
	at framework.grading.testing.Checkable.check(Checkable.java:133)
	at framework.grading.testing.Feature.check(Feature.java:109)
	at framework.grading.testing.Checkable.check(Checkable.java:194)
	at framework.grading.FrameworkProjectRequirements.checkFeatures(FrameworkProjectRequirements.java:158)
	at grader.steppers.AnAutoVisitBehavior.autoGrade(AnAutoVisitBehavior.java:603)
	at grader.steppers.AnAutoVisitBehavior.setProject(AnAutoVisitBehavior.java:209)
	at grader.steppers.AnOverviewProjectStepper.setProject(AnOverviewProjectStepper.java:470)
	at grader.steppers.AnOverviewProjectStepper.setProject(AnOverviewProjectStepper.java:258)
	at grader.steppers.AMainProjectStepper.setProject(AMainProjectStepper.java:92)
	at grader.steppers.AComplexProjectStepper.setProject(AComplexProjectStepper.java:134)
	at grader.steppers.AGradedProjectNavigator.move(AGradedProjectNavigator.java:540)
	at grader.steppers.AnOverviewProjectStepper.move(AnOverviewProjectStepper.java:1507)
	at grader.steppers.AMainProjectStepper.move(AMainProjectStepper.java:180)
	at grader.steppers.AComplexProjectStepper.move(AComplexProjectStepper.java:186)
	at grader.navigation.automatic.AnAutomaticProjectNavigator.navigate(AnAutomaticProjectNavigator.java:75)
	at grader.navigation.hybrid.AHybridProjectNavigator.navigate(AHybridProjectNavigator.java:22)
	at grader.navigation.AProjectNavigator.navigate(AProjectNavigator.java:24)
	at gradingTools.Driver.drive(Driver.java:375)
	at gradingTools.Driver.main(Driver.java:698)
	at gradingTools.Comp401Driver.main(Comp401Driver.java:5)
Terminated execution after milliseconds:2000
java.util.concurrent.TimeoutException
	at java.util.concurrent.FutureTask.get(FutureTask.java:205)
	at grader.basics.execution.BasicProjectExecution.timedInvoke(BasicProjectExecution.java:93)
	at grader.basics.execution.BasicProjectExecution.proxyAwareTimedInvoke(BasicProjectExecution.java:1162)
	at gradingTools.shared.testcases.MethodExecutionTest.invokeMethod(MethodExecutionTest.java:262)
	at gradingTools.shared.testcases.MethodExecutionTest.invokeMethod(MethodExecutionTest.java:316)
	at gradingTools.shared.testcases.MethodExecutionTest.doTest(MethodExecutionTest.java:464)
	at gradingTools.shared.testcases.MethodExecutionTest.test(MethodExecutionTest.java:538)
	at sun.reflect.GeneratedMethodAccessor10.invoke(Unknown Source)
	at sun.reflect.DelegatingMethodAccessorImpl.invoke(DelegatingMethodAccessorImpl.java:43)
	at java.lang.reflect.Method.invoke(Method.java:497)
	at org.junit.runners.model.FrameworkMethod$1.runReflectiveCall(FrameworkMethod.java:47)
	at org.junit.internal.runners.model.ReflectiveCallable.run(ReflectiveCallable.java:12)
	at org.junit.runners.model.FrameworkMethod.invokeExplosively(FrameworkMethod.java:44)
	at org.junit.internal.runners.statements.InvokeMethod.evaluate(InvokeMethod.java:17)
	at org.junit.runners.ParentRunner.runLeaf(ParentRunner.java:271)
	at org.junit.runners.BlockJUnit4ClassRunner.runChild(BlockJUnit4ClassRunner.java:70)
	at org.junit.runners.BlockJUnit4ClassRunner.runChild(BlockJUnit4ClassRunner.java:50)
	at org.junit.runners.ParentRunner$3.run(ParentRunner.java:238)
	at org.junit.runners.ParentRunner$1.schedule(ParentRunner.java:63)
	at org.junit.runners.ParentRunner.runChildren(ParentRunner.java:236)
	at org.junit.runners.ParentRunner.access$000(ParentRunner.java:53)
	at org.junit.runners.ParentRunner$2.evaluate(ParentRunner.java:229)
	at org.junit.runners.ParentRunner.run(ParentRunner.java:309)
	at grader.basics.junit.AGradableJUnitTest.test(AGradableJUnitTest.java:247)
	at grader.junit.AGraderTestCase.test(AGraderTestCase.java:180)
	at grader.junit.AGraderTestCase.test(AGraderTestCase.java:132)
	at framework.grading.testing.Checkable.check(Checkable.java:133)
	at framework.grading.testing.Feature.check(Feature.java:109)
	at framework.grading.testing.Checkable.check(Checkable.java:194)
	at framework.grading.FrameworkProjectRequirements.checkFeatures(FrameworkProjectRequirements.java:158)
	at grader.steppers.AnAutoVisitBehavior.autoGrade(AnAutoVisitBehavior.java:603)
	at grader.steppers.AnAutoVisitBehavior.setProject(AnAutoVisitBehavior.java:209)
	at grader.steppers.AnOverviewProjectStepper.setProject(AnOverviewProjectStepper.java:470)
	at grader.steppers.AnOverviewProjectStepper.setProject(AnOverviewProjectStepper.java:258)
	at grader.steppers.AMainProjectStepper.setProject(AMainProjectStepper.java:92)
	at grader.steppers.AComplexProjectStepper.setProject(AComplexProjectStepper.java:134)
	at grader.steppers.AGradedProjectNavigator.move(AGradedProjectNavigator.java:540)
	at grader.steppers.AnOverviewProjectStepper.move(AnOverviewProjectStepper.java:1507)
	at grader.steppers.AMainProjectStepper.move(AMainProjectStepper.java:180)
	at grader.steppers.AComplexProjectStepper.move(AComplexProjectStepper.java:186)
	at grader.navigation.automatic.AnAutomaticProjectNavigator.navigate(AnAutomaticProjectNavigator.java:75)
	at grader.navigation.hybrid.AHybridProjectNavigator.navigate(AHybridProjectNavigator.java:22)
	at grader.navigation.AProjectNavigator.navigate(AProjectNavigator.java:24)
	at gradingTools.Driver.drive(Driver.java:375)
	at gradingTools.Driver.main(Driver.java:698)
	at gradingTools.Comp401Driver.main(Comp401Driver.java:5)
Terminated execution after milliseconds:2000
java.util.concurrent.TimeoutException
	at java.util.concurrent.FutureTask.get(FutureTask.java:205)
	at grader.basics.execution.BasicProjectExecution.timedInvoke(BasicProjectExecution.java:93)
	at grader.basics.execution.BasicProjectExecution.proxyAwareTimedInvoke(BasicProjectExecution.java:1162)
	at gradingTools.shared.testcases.MethodExecutionTest.invokeMethod(MethodExecutionTest.java:262)
	at gradingTools.shared.testcases.MethodExecutionTest.invokeMethod(MethodExecutionTest.java:316)
	at gradingTools.shared.testcases.MethodExecutionTest.doTest(MethodExecutionTest.java:464)
	at gradingTools.shared.testcases.MethodExecutionTest.test(MethodExecutionTest.java:538)
	at sun.reflect.GeneratedMethodAccessor10.invoke(Unknown Source)
	at sun.reflect.DelegatingMethodAccessorImpl.invoke(DelegatingMethodAccessorImpl.java:43)
	at java.lang.reflect.Method.invoke(Method.java:497)
	at org.junit.runners.model.FrameworkMethod$1.runReflectiveCall(FrameworkMethod.java:47)
	at org.junit.internal.runners.model.ReflectiveCallable.run(ReflectiveCallable.java:12)
	at org.junit.runners.model.FrameworkMethod.invokeExplosively(FrameworkMethod.java:44)
	at org.junit.internal.runners.statements.InvokeMethod.evaluate(InvokeMethod.java:17)
	at org.junit.runners.ParentRunner.runLeaf(ParentRunner.java:271)
	at org.junit.runners.BlockJUnit4ClassRunner.runChild(BlockJUnit4ClassRunner.java:70)
	at org.junit.runners.BlockJUnit4ClassRunner.runChild(BlockJUnit4ClassRunner.java:50)
	at org.junit.runners.ParentRunner$3.run(ParentRunner.java:238)
	at org.junit.runners.ParentRunner$1.schedule(ParentRunner.java:63)
	at org.junit.runners.ParentRunner.runChildren(ParentRunner.java:236)
	at org.junit.runners.ParentRunner.access$000(ParentRunner.java:53)
	at org.junit.runners.ParentRunner$2.evaluate(ParentRunner.java:229)
	at org.junit.runners.ParentRunner.run(ParentRunner.java:309)
	at grader.basics.junit.AGradableJUnitTest.test(AGradableJUnitTest.java:247)
	at grader.junit.AGraderTestCase.test(AGraderTestCase.java:180)
	at grader.junit.AGraderTestCase.test(AGraderTestCase.java:132)
	at framework.grading.testing.Checkable.check(Checkable.java:133)
	at framework.grading.testing.Feature.check(Feature.java:109)
	at framework.grading.testing.Checkable.check(Checkable.java:194)
	at framework.grading.FrameworkProjectRequirements.checkFeatures(FrameworkProjectRequirements.java:158)
	at grader.steppers.AnAutoVisitBehavior.autoGrade(AnAutoVisitBehavior.java:603)
	at grader.steppers.AnAutoVisitBehavior.setProject(AnAutoVisitBehavior.java:209)
	at grader.steppers.AnOverviewProjectStepper.setProject(AnOverviewProjectStepper.java:470)
	at grader.steppers.AnOverviewProjectStepper.setProject(AnOverviewProjectStepper.java:258)
	at grader.steppers.AMainProjectStepper.setProject(AMainProjectStepper.java:92)
	at grader.steppers.AComplexProjectStepper.setProject(AComplexProjectStepper.java:134)
	at grader.steppers.AGradedProjectNavigator.move(AGradedProjectNavigator.java:540)
	at grader.steppers.AnOverviewProjectStepper.move(AnOverviewProjectStepper.java:1507)
	at grader.steppers.AMainProjectStepper.move(AMainProjectStepper.java:180)
	at grader.steppers.AComplexProjectStepper.move(AComplexProjectStepper.java:186)
	at grader.navigation.automatic.AnAutomaticProjectNavigator.navigate(AnAutomaticProjectNavigator.java:75)
	at grader.navigation.hybrid.AHybridProjectNavigator.navigate(AHybridProjectNavigator.java:22)
	at grader.navigation.AProjectNavigator.navigate(AProjectNavigator.java:24)
	at gradingTools.Driver.drive(Driver.java:375)
	at gradingTools.Driver.main(Driver.java:698)
	at gradingTools.Comp401Driver.main(Comp401Driver.java:5)
Terminated execution after milliseconds:2000
java.util.concurrent.TimeoutException
	at java.util.concurrent.FutureTask.get(FutureTask.java:205)
	at grader.basics.execution.BasicProjectExecution.timedInvoke(BasicProjectExecution.java:93)
	at grader.basics.execution.BasicProjectExecution.proxyAwareTimedInvoke(BasicProjectExecution.java:1162)
	at gradingTools.shared.testcases.MethodExecutionTest.invokeMethod(MethodExecutionTest.java:262)
	at gradingTools.shared.testcases.MethodExecutionTest.invokeMethod(MethodExecutionTest.java:316)
	at gradingTools.shared.testcases.MethodExecutionTest.doTest(MethodExecutionTest.java:464)
	at gradingTools.shared.testcases.MethodExecutionTest.test(MethodExecutionTest.java:538)
	at sun.reflect.GeneratedMethodAccessor10.invoke(Unknown Source)
	at sun.reflect.DelegatingMethodAccessorImpl.invoke(DelegatingMethodAccessorImpl.java:43)
	at java.lang.reflect.Method.invoke(Method.java:497)
	at org.junit.runners.model.FrameworkMethod$1.runReflectiveCall(FrameworkMethod.java:47)
	at org.junit.internal.runners.model.ReflectiveCallable.run(ReflectiveCallable.java:12)
	at org.junit.runners.model.FrameworkMethod.invokeExplosively(FrameworkMethod.java:44)
	at org.junit.internal.runners.statements.InvokeMethod.evaluate(InvokeMethod.java:17)
	at org.junit.runners.ParentRunner.runLeaf(ParentRunner.java:271)
	at org.junit.runners.BlockJUnit4ClassRunner.runChild(BlockJUnit4ClassRunner.java:70)
	at org.junit.runners.BlockJUnit4ClassRunner.runChild(BlockJUnit4ClassRunner.java:50)
	at org.junit.runners.ParentRunner$3.run(ParentRunner.java:238)
	at org.junit.runners.ParentRunner$1.schedule(ParentRunner.java:63)
	at org.junit.runners.ParentRunner.runChildren(ParentRunner.java:236)
	at org.junit.runners.ParentRunner.access$000(ParentRunner.java:53)
	at org.junit.runners.ParentRunner$2.evaluate(ParentRunner.java:229)
	at org.junit.runners.ParentRunner.run(ParentRunner.java:309)
	at grader.basics.junit.AGradableJUnitTest.test(AGradableJUnitTest.java:247)
	at grader.junit.AGraderTestCase.test(AGraderTestCase.java:180)
	at grader.junit.AGraderTestCase.test(AGraderTestCase.java:132)
	at framework.grading.testing.Checkable.check(Checkable.java:133)
	at framework.grading.testing.Feature.check(Feature.java:109)
	at framework.grading.testing.Checkable.check(Checkable.java:194)
	at framework.grading.FrameworkProjectRequirements.checkFeatures(FrameworkProjectRequirements.java:158)
	at grader.steppers.AnAutoVisitBehavior.autoGrade(AnAutoVisitBehavior.java:603)
	at grader.steppers.AnAutoVisitBehavior.setProject(AnAutoVisitBehavior.java:209)
	at grader.steppers.AnOverviewProjectStepper.setProject(AnOverviewProjectStepper.java:470)
	at grader.steppers.AnOverviewProjectStepper.setProject(AnOverviewProjectStepper.java:258)
	at grader.steppers.AMainProjectStepper.setProject(AMainProjectStepper.java:92)
	at grader.steppers.AComplexProjectStepper.setProject(AComplexProjectStepper.java:134)
	at grader.steppers.AGradedProjectNavigator.move(AGradedProjectNavigator.java:540)
	at grader.steppers.AnOverviewProjectStepper.move(AnOverviewProjectStepper.java:1507)
	at grader.steppers.AMainProjectStepper.move(AMainProjectStepper.java:180)
	at grader.steppers.AComplexProjectStepper.move(AComplexProjectStepper.java:186)
	at grader.navigation.automatic.AnAutomaticProjectNavigator.navigate(AnAutomaticProjectNavigator.java:75)
	at grader.navigation.hybrid.AHybridProjectNavigator.navigate(AHybridProjectNavigator.java:22)
	at grader.navigation.AProjectNavigator.navigate(AProjectNavigator.java:24)
	at gradingTools.Driver.drive(Driver.java:375)
	at gradingTools.Driver.main(Driver.java:698)
	at gradingTools.Comp401Driver.main(Comp401Driver.java:5)
Terminated execution after milliseconds:2000
