{"userId":"Correct, Stub(stubs)","featureResults":[{"score":0.0,"results":[{"notes":"Factory method:[bridgescenefactorymethod] not found.","percentage":0.0,"name":"gradingTools.comp401f16.assignment12.testcases.parser.ParserCreatesDefineCallCommandObjectTestCase","autoGraded":true,"fail":true,"pass":false,"partialPass":false},{"notes":"Factory method:[bridgeSceneFactoryMethod] not found.","percentage":0.0,"name":"gradingTools.comp401f16.assignment12.testcases.parser.ParserCreatesThreadCommandObjectTestCase","autoGraded":true,"fail":true,"pass":false,"partialPass":false},{"notes":"Factory method:[bridgeSceneFactoryMethod] not found.","percentage":0.0,"name":"gradingTools.comp401f16.assignment12.testcases.parser.ParserCreatesSleepCommandObjectTestCase","autoGraded":true,"fail":true,"pass":false,"partialPass":false},{"notes":"Factory method:[bridgeSceneFactoryMethod] not found.","percentage":0.0,"name":"gradingTools.comp401f16.assignment12.testcases.parser.ParserCreatesRotateLeftArmCommandObjectTestCase","autoGraded":true,"fail":true,"pass":false,"partialPass":false},{"notes":"Factory method:[bridgeSceneFactoryMethod] not found.","percentage":0.0,"name":"gradingTools.comp401f16.assignment12.testcases.parser.ParserCreatesRotateRightArmCommandObjectTestCase","autoGraded":true,"fail":true,"pass":false,"partialPass":false},{"notes":"Factory method:[bridgeSceneFactoryMethod] not found.","percentage":0.0,"name":"gradingTools.comp401f16.assignment12.testcases.parser.ParserCreatesProceedAllCommandObjectTestCase","autoGraded":true,"fail":true,"pass":false,"partialPass":false}],"notes":"","target":{"manual":false,"extraCredit":false,"name":"ParserSuiteA12","points":40.0,"permissions":[{"name":".","actions":"read,write"}],"summary":"ParserSuiteA12                                         %.1f / 40.0"},"name":null,"autoNotes":"","message":"gradingTools.comp401f16.assignment12.testcases.parser.ParserCreatesDefineCallCommandObjectTestCase: 0.0% \n  -- Factory method:[bridgescenefactorymethod] not found.\ngradingTools.comp401f16.assignment12.testcases.parser.ParserCreatesThreadCommandObjectTestCase: 0.0% \n  -- Factory method:[bridgeSceneFactoryMethod] not found.\ngradingTools.comp401f16.assignment12.testcases.parser.ParserCreatesSleepCommandObjectTestCase: 0.0% \n  -- Factory method:[bridgeSceneFactoryMethod] not found.\ngradingTools.comp401f16.assignment12.testcases.parser.ParserCreatesRotateLeftArmCommandObjectTestCase: 0.0% \n  -- Factory method:[bridgeSceneFactoryMethod] not found.\ngradingTools.comp401f16.assignment12.testcases.parser.ParserCreatesRotateRightArmCommandObjectTestCase: 0.0% \n  -- Factory method:[bridgeSceneFactoryMethod] not found.\ngradingTools.comp401f16.assignment12.testcases.parser.ParserCreatesProceedAllCommandObjectTestCase: 0.0% \n  -- Factory method:[bridgeSceneFactoryMethod] not found.\n","summary":"Notes about ParserSuiteA12:\n * From test case \"gradingTools.comp401f16.assignment12.testcases.parser.ParserCreatesDefineCallCommandObjectTestCase\": Factory method:[bridgescenefactorymethod] not found.\n * From test case \"gradingTools.comp401f16.assignment12.testcases.parser.ParserCreatesThreadCommandObjectTestCase\": Factory method:[bridgeSceneFactoryMethod] not found.\n * From test case \"gradingTools.comp401f16.assignment12.testcases.parser.ParserCreatesSleepCommandObjectTestCase\": Factory method:[bridgeSceneFactoryMethod] not found.\n * From test case \"gradingTools.comp401f16.assignment12.testcases.parser.ParserCreatesRotateLeftArmCommandObjectTestCase\": Factory method:[bridgeSceneFactoryMethod] not found.\n * From test case \"gradingTools.comp401f16.assignment12.testcases.parser.ParserCreatesRotateRightArmCommandObjectTestCase\": Factory method:[bridgeSceneFactoryMethod] not found.\n * From test case \"gradingTools.comp401f16.assignment12.testcases.parser.ParserCreatesProceedAllCommandObjectTestCase\": Factory method:[bridgeSceneFactoryMethod] not found."},{"score":0.0,"results":[{"notes":"Factory method:[broadcastingclearancemanagerfactorymethod] not found.","percentage":0.0,"name":"gradingTools.comp401f16.assignment12.testcases.BroadcastingClearanceManagerFactoryMethodTest","autoGraded":true,"fail":true,"pass":false,"partialPass":false}],"notes":"","target":{"manual":false,"extraCredit":false,"name":"BroadcastingClearanceManagerFactoryMethodTest","points":5.0,"permissions":[{"name":".","actions":"read,write"}],"summary":"BroadcastingClearanceManagerFactoryMethodTest          %.1f /  5.0"},"name":null,"autoNotes":"","message":"gradingTools.comp401f16.assignment12.testcases.BroadcastingClearanceManagerFactoryMethodTest: 0.0% \n  -- Factory method:[broadcastingclearancemanagerfactorymethod] not found.\n","summary":"Notes about BroadcastingClearanceManagerFactoryMethodTest:\n * From test case \"gradingTools.comp401f16.assignment12.testcases.BroadcastingClearanceManagerFactoryMethodTest\": Factory method:[broadcastingclearancemanagerfactorymethod] not found."},{"score":0.0,"results":[{"notes":"Did not sleep for minimum time:","percentage":0.0,"name":"gradingTools.comp401f16.assignment12.testcases.commandInterpreterA12.SleepCommandTestCase","autoGraded":true,"fail":true,"pass":false,"partialPass":false},{"notes":"Factory method:[bridgeSceneFactoryMethod] not found.","percentage":0.0,"name":"gradingTools.comp401f16.assignment12.testcases.commandInterpreterA12.ThreadCommandTestCase","autoGraded":true,"fail":true,"pass":false,"partialPass":false},{"notes":"Factory method:[bridgeSceneFactoryMethod] not found.","percentage":0.0,"name":"gradingTools.comp401f16.assignment12.testcases.commandInterpreterA12.DefineCallCommandTestCase","autoGraded":true,"fail":true,"pass":false,"partialPass":false},{"notes":"Could not find class  matching RotateLeftArmCommand","percentage":0.0,"name":"gradingTools.comp401f16.assignment12.testcases.commandInterpreterA12.RotateLeftArmCommandTestCase","autoGraded":true,"fail":true,"pass":false,"partialPass":false},{"notes":"Could not find class  matching RotateRightArmCommand","percentage":0.0,"name":"gradingTools.comp401f16.assignment12.testcases.commandInterpreterA12.RotateRightArmCommandTestCase","autoGraded":true,"fail":true,"pass":false,"partialPass":false},{"notes":"Factory method:[bridgeSceneFactoryMethod] not found.","percentage":0.0,"name":"gradingTools.comp401f16.assignment12.testcases.commandInterpreterA12.ProceedAllCommandTestCase","autoGraded":true,"fail":true,"pass":false,"partialPass":false}],"notes":"","target":{"manual":false,"extraCredit":true,"name":"CommandInterpreterSuiteA12","points":65.0,"permissions":[{"name":".","actions":"read,write"}],"summary":"CommandInterpreterSuiteA12                             %.1f / 65.0 (Extra credit)"},"name":null,"autoNotes":"","message":"gradingTools.comp401f16.assignment12.testcases.commandInterpreterA12.SleepCommandTestCase: 0.0% \n  -- Did not sleep for minimum time:\ngradingTools.comp401f16.assignment12.testcases.commandInterpreterA12.ThreadCommandTestCase: 0.0% \n  -- Factory method:[bridgeSceneFactoryMethod] not found.\ngradingTools.comp401f16.assignment12.testcases.commandInterpreterA12.DefineCallCommandTestCase: 0.0% \n  -- Factory method:[bridgeSceneFactoryMethod] not found.\ngradingTools.comp401f16.assignment12.testcases.commandInterpreterA12.RotateLeftArmCommandTestCase: 0.0% \n  -- Could not find class  matching RotateLeftArmCommand\ngradingTools.comp401f16.assignment12.testcases.commandInterpreterA12.RotateRightArmCommandTestCase: 0.0% \n  -- Could not find class  matching RotateRightArmCommand\ngradingTools.comp401f16.assignment12.testcases.commandInterpreterA12.ProceedAllCommandTestCase: 0.0% \n  -- Factory method:[bridgeSceneFactoryMethod] not found.\n","summary":"Notes about CommandInterpreterSuiteA12:\n * From test case \"gradingTools.comp401f16.assignment12.testcases.commandInterpreterA12.SleepCommandTestCase\": Did not sleep for minimum time:\n * From test case \"gradingTools.comp401f16.assignment12.testcases.commandInterpreterA12.ThreadCommandTestCase\": Factory method:[bridgeSceneFactoryMethod] not found.\n * From test case \"gradingTools.comp401f16.assignment12.testcases.commandInterpreterA12.DefineCallCommandTestCase\": Factory method:[bridgeSceneFactoryMethod] not found.\n * From test case \"gradingTools.comp401f16.assignment12.testcases.commandInterpreterA12.RotateLeftArmCommandTestCase\": Could not find class  matching RotateLeftArmCommand\n * From test case \"gradingTools.comp401f16.assignment12.testcases.commandInterpreterA12.RotateRightArmCommandTestCase\": Could not find class  matching RotateRightArmCommand\n * From test case \"gradingTools.comp401f16.assignment12.testcases.commandInterpreterA12.ProceedAllCommandTestCase\": Factory method:[bridgeSceneFactoryMethod] not found."},{"score":0.0,"results":[{"notes":"Factory method:[environmentfactorymethod] not found.","percentage":0.0,"name":"gradingTools.comp401f16.assignment12.testcases.commandObjects.EnvironmentFactoryMethodTest","autoGraded":true,"fail":true,"pass":false,"partialPass":false},{"notes":"Could not find class  matching RotateLeftArmCommand","percentage":0.0,"name":"gradingTools.comp401f16.assignment12.testcases.commandObjects.RotateLeftArmCommandObjectTestCase","autoGraded":true,"fail":true,"pass":false,"partialPass":false},{"notes":"Could not find class  matching RotateRightArmCommand","percentage":0.0,"name":"gradingTools.comp401f16.assignment12.testcases.commandObjects.RotateRightArmCommandObjectTestCase","autoGraded":true,"fail":true,"pass":false,"partialPass":false},{"notes":"Could not find class  matching SleepCommand","percentage":0.0,"name":"gradingTools.comp401f16.assignment12.testcases.commandObjects.SleepCommandObjectTestCase","autoGraded":true,"fail":true,"pass":false,"partialPass":false},{"notes":"java.lang.NoSuchMethodException grail.scanner.commands.MoveCommand.<init>(grail.interfaces.AvatarInterface, int, int)","percentage":0.0,"name":"gradingTools.comp401f16.assignment12.testcases.commandObjects.DefineCallCommandObjectTestCase","autoGraded":true,"fail":true,"pass":false,"partialPass":false},{"notes":"Could not find class  matching ThreadCommand","percentage":0.0,"name":"gradingTools.comp401f16.assignment12.testcases.commandObjects.ThreadCommandObjectTestCase","autoGraded":true,"fail":true,"pass":false,"partialPass":false},{"notes":"Factory method:[bridgeSceneFactoryMethod] not found.","percentage":0.0,"name":"gradingTools.comp401f16.assignment12.testcases.commandObjects.ProceedAllCommandObjectTestCase","autoGraded":true,"fail":true,"pass":false,"partialPass":false}],"notes":"","target":{"manual":false,"extraCredit":false,"name":"CommandObjectSuiteA12","points":65.0,"permissions":[{"name":".","actions":"read,write"}],"summary":"CommandObjectSuiteA12                                  %.1f / 65.0"},"name":null,"autoNotes":"","message":"gradingTools.comp401f16.assignment12.testcases.commandObjects.EnvironmentFactoryMethodTest: 0.0% \n  -- Factory method:[environmentfactorymethod] not found.\ngradingTools.comp401f16.assignment12.testcases.commandObjects.RotateLeftArmCommandObjectTestCase: 0.0% \n  -- Could not find class  matching RotateLeftArmCommand\ngradingTools.comp401f16.assignment12.testcases.commandObjects.RotateRightArmCommandObjectTestCase: 0.0% \n  -- Could not find class  matching RotateRightArmCommand\ngradingTools.comp401f16.assignment12.testcases.commandObjects.SleepCommandObjectTestCase: 0.0% \n  -- Could not find class  matching SleepCommand\ngradingTools.comp401f16.assignment12.testcases.commandObjects.DefineCallCommandObjectTestCase: 0.0% \n  -- java.lang.NoSuchMethodException grail.scanner.commands.MoveCommand.<init>(grail.interfaces.AvatarInterface, int, int)\ngradingTools.comp401f16.assignment12.testcases.commandObjects.ThreadCommandObjectTestCase: 0.0% \n  -- Could not find class  matching ThreadCommand\ngradingTools.comp401f16.assignment12.testcases.commandObjects.ProceedAllCommandObjectTestCase: 0.0% \n  -- Factory method:[bridgeSceneFactoryMethod] not found.\n","summary":"Notes about CommandObjectSuiteA12:\n * From test case \"gradingTools.comp401f16.assignment12.testcases.commandObjects.EnvironmentFactoryMethodTest\": Factory method:[environmentfactorymethod] not found.\n * From test case \"gradingTools.comp401f16.assignment12.testcases.commandObjects.RotateLeftArmCommandObjectTestCase\": Could not find class  matching RotateLeftArmCommand\n * From test case \"gradingTools.comp401f16.assignment12.testcases.commandObjects.RotateRightArmCommandObjectTestCase\": Could not find class  matching RotateRightArmCommand\n * From test case \"gradingTools.comp401f16.assignment12.testcases.commandObjects.SleepCommandObjectTestCase\": Could not find class  matching SleepCommand\n * From test case \"gradingTools.comp401f16.assignment12.testcases.commandObjects.DefineCallCommandObjectTestCase\": java.lang.NoSuchMethodException grail.scanner.commands.MoveCommand.<init>(grail.interfaces.AvatarInterface, int, int)\n * From test case \"gradingTools.comp401f16.assignment12.testcases.commandObjects.ThreadCommandObjectTestCase\": Could not find class  matching ThreadCommand\n * From test case \"gradingTools.comp401f16.assignment12.testcases.commandObjects.ProceedAllCommandObjectTestCase\": Factory method:[bridgeSceneFactoryMethod] not found."},{"score":0.0,"results":[{"notes":"Foreground color property of javax.swing.JTextField[,0,0,0x0,invalid,layout=javax.swing.plaf.basic.BasicTextUI$UpdateHandler,alignmentX=0.0,alignmentY=0.0,border=javax.swing.plaf.BorderUIResource$CompoundBorderUIResource@6c298dc,flags=296,maximumSize=,minimumSize=,preferredSize=,caretColor=sun.swing.PrintColorUIResource[r=51,g=51,b=51],disabledTextColor=javax.swing.plaf.ColorUIResource[r=184,g=207,b=229],editable=true,margin=javax.swing.plaf.InsetsUIResource[top=0,left=0,bottom=0,right=0],selectedTextColor=sun.swing.PrintColorUIResource[r=51,g=51,b=51],selectionColor=javax.swing.plaf.ColorUIResource[r=184,g=207,b=229],columns=0,columnWidth=0,command=,horizontalAlignment=LEADING] is same as default value sun.swing.PrintColorUIResource[r=51,g=51,b=51]","percentage":0.0,"name":"gradingTools.comp401f16.assignment12.testcases.SwingTextFieldFactoryTestCase","autoGraded":true,"fail":true,"pass":false,"partialPass":false}],"notes":"","target":{"manual":false,"extraCredit":true,"name":"SwingTextFieldFactoryTestCase","points":10.0,"permissions":[{"name":".","actions":"read,write"}],"summary":"SwingTextFieldFactoryTestCase                          %.1f / 10.0 (Extra credit)"},"name":null,"autoNotes":"","message":"gradingTools.comp401f16.assignment12.testcases.SwingTextFieldFactoryTestCase: 0.0% \n  -- Foreground color property of javax.swing.JTextField[,0,0,0x0,invalid,layout=javax.swing.plaf.basic.BasicTextUI$UpdateHandler,alignmentX=0.0,alignmentY=0.0,border=javax.swing.plaf.BorderUIResource$CompoundBorderUIResource@6c298dc,flags=296,maximumSize=,minimumSize=,preferredSize=,caretColor=sun.swing.PrintColorUIResource[r=51,g=51,b=51],disabledTextColor=javax.swing.plaf.ColorUIResource[r=184,g=207,b=229],editable=true,margin=javax.swing.plaf.InsetsUIResource[top=0,left=0,bottom=0,right=0],selectedTextColor=sun.swing.PrintColorUIResource[r=51,g=51,b=51],selectionColor=javax.swing.plaf.ColorUIResource[r=184,g=207,b=229],columns=0,columnWidth=0,command=,horizontalAlignment=LEADING] is same as default value sun.swing.PrintColorUIResource[r=51,g=51,b=51]\n","summary":"Notes about SwingTextFieldFactoryTestCase:\n * From test case \"gradingTools.comp401f16.assignment12.testcases.SwingTextFieldFactoryTestCase\": Foreground color property of javax.swing.JTextField[,0,0,0x0,invalid,layout=javax.swing.plaf.basic.BasicTextUI$UpdateHandler,alignmentX=0.0,alignmentY=0.0,border=javax.swing.plaf.BorderUIResource$CompoundBorderUIResource@6c298dc,flags=296,maximumSize=,minimumSize=,preferredSize=,caretColor=sun.swing.PrintColorUIResource[r=51,g=51,b=51],disabledTextColor=javax.swing.plaf.ColorUIResource[r=184,g=207,b=229],editable=true,margin=javax.swing.plaf.InsetsUIResource[top=0,left=0,bottom=0,right=0],selectedTextColor=sun.swing.PrintColorUIResource[r=51,g=51,b=51],selectionColor=javax.swing.plaf.ColorUIResource[r=184,g=207,b=229],columns=0,columnWidth=0,command=,horizontalAlignment=LEADING] is same as default value sun.swing.PrintColorUIResource[r=51,g=51,b=51]"},{"score":0.0,"results":[{"notes":"Factory method:[bridgeSceneFactoryMethod] not found.","percentage":0.0,"name":"gradingTools.comp401f16.assignment12.waitnotify.testcases.LockstepAvatarsAnimationTestCase","autoGraded":true,"fail":true,"pass":false,"partialPass":false}],"notes":"","target":{"manual":false,"extraCredit":true,"name":"LockstepAvatarsAnimationTestCase","points":20.0,"permissions":[{"name":".","actions":"read,write"}],"summary":"LockstepAvatarsAnimationTestCase                       %.1f / 20.0 (Extra credit)"},"name":null,"autoNotes":"","message":"gradingTools.comp401f16.assignment12.waitnotify.testcases.LockstepAvatarsAnimationTestCase: 0.0% \n  -- Factory method:[bridgeSceneFactoryMethod] not found.\n","summary":"Notes about LockstepAvatarsAnimationTestCase:\n * From test case \"gradingTools.comp401f16.assignment12.waitnotify.testcases.LockstepAvatarsAnimationTestCase\": Factory method:[bridgeSceneFactoryMethod] not found."},{"score":6.0,"results":[{"notes":"Factory method:[scannerfactorymethod] not found.","percentage":0.30000000000000004,"name":"gradingTools.comp401f16.assignment12.testcases.exceptions.ScanningExceptionTestCase","autoGraded":true,"fail":false,"pass":false,"partialPass":true},{"notes":"Factory method:[parserfactorymethod] not found.","percentage":0.30000000000000004,"name":"gradingTools.comp401f16.assignment12.testcases.exceptions.ParsingExceptionTestCase","autoGraded":true,"fail":false,"pass":false,"partialPass":true}],"notes":"","target":{"manual":false,"extraCredit":true,"name":"ExceptionSuite","points":20.0,"permissions":[{"name":".","actions":"read,write"}],"summary":"ExceptionSuite                                         %.1f / 20.0 (Extra credit)"},"name":null,"autoNotes":"","message":"gradingTools.comp401f16.assignment12.testcases.exceptions.ScanningExceptionTestCase: 30.000000000000004% \n  -- Factory method:[scannerfactorymethod] not found.\ngradingTools.comp401f16.assignment12.testcases.exceptions.ParsingExceptionTestCase: 30.000000000000004% \n  -- Factory method:[parserfactorymethod] not found.\n","summary":"Notes about ExceptionSuite:\n * From test case \"gradingTools.comp401f16.assignment12.testcases.exceptions.ScanningExceptionTestCase\": Factory method:[scannerfactorymethod] not found.\n * From test case \"gradingTools.comp401f16.assignment12.testcases.exceptions.ParsingExceptionTestCase\": Factory method:[parserfactorymethod] not found."},{"score":0.0,"results":[{"notes":"Factory method:[bridgeSceneFactoryMethod] not found.","percentage":0.0,"name":"gradingTools.comp401f16.assignment12.testcases.UndoRedoTestCase","autoGraded":true,"fail":true,"pass":false,"partialPass":false}],"notes":"","target":{"manual":false,"extraCredit":true,"name":"UndoRedoTestCase","points":20.0,"permissions":[{"name":".","actions":"read,write"}],"summary":"UndoRedoTestCase                                       %.1f / 20.0 (Extra credit)"},"name":null,"autoNotes":"","message":"gradingTools.comp401f16.assignment12.testcases.UndoRedoTestCase: 0.0% \n  -- Factory method:[bridgeSceneFactoryMethod] not found.\n","summary":"Notes about UndoRedoTestCase:\n * From test case \"gradingTools.comp401f16.assignment12.testcases.UndoRedoTestCase\": Factory method:[bridgeSceneFactoryMethod] not found."},{"score":0.0,"results":[{"notes":"Factory method:[bridgeSceneFactoryMethod] not found.","percentage":0.0,"name":"gradingTools.comp401f16.assignment12.waitnotify.testcases.WaitingAvatarsAnimationTestCase","autoGraded":true,"fail":true,"pass":false,"partialPass":false}],"notes":"","target":{"manual":false,"extraCredit":false,"name":"WaitingAvatarsAnimationTestCase","points":20.0,"permissions":[{"name":".","actions":"read,write"}],"summary":"WaitingAvatarsAnimationTestCase                        %.1f / 20.0"},"name":null,"autoNotes":"","message":"gradingTools.comp401f16.assignment12.waitnotify.testcases.WaitingAvatarsAnimationTestCase: 0.0% \n  -- Factory method:[bridgeSceneFactoryMethod] not found.\n","summary":"Notes about WaitingAvatarsAnimationTestCase:\n * From test case \"gradingTools.comp401f16.assignment12.waitnotify.testcases.WaitingAvatarsAnimationTestCase\": Factory method:[bridgeSceneFactoryMethod] not found."},{"score":2.0,"results":[{"notes":"classHasAtLeastOneInterface: (SleepBasedAnimator.java:1) Classes with public instance methods should implement interfaces\nclassHasAtLeastOneInterface: (WaitBasedAnimator.java:1) Classes with public instance methods should implement interfaces\nclassHasAtLeastOneInterface: (Oval.java:1) Classes with public instance methods should implement interfaces\nclassHasAtLeastOneInterface: (Rectangle.java:1) Classes with public instance methods should implement interfaces\n","percentage":0.19999999999999996,"name":"Interfaces defined","autoGraded":true,"fail":false,"pass":false,"partialPass":true}],"notes":"","target":{"manual":false,"extraCredit":false,"name":"Public methods are in implemented interfaces","points":10.0,"permissions":[{"name":".","actions":"read,write"}],"summary":"Public methods are in implemented interfaces           %.1f / 10.0"},"name":null,"autoNotes":"","message":"Interfaces defined: 19.999999999999996% \n  -- classHasAtLeastOneInterface: (SleepBasedAnimator.java:1) Classes with public instance methods should implement interfaces\nclassHasAtLeastOneInterface: (WaitBasedAnimator.java:1) Classes with public instance methods should implement interfaces\nclassHasAtLeastOneInterface: (Oval.java:1) Classes with public instance methods should implement interfaces\nclassHasAtLeastOneInterface: (Rectangle.java:1) Classes with public instance methods should implement interfaces\n\n","summary":"Notes about Public methods are in implemented interfaces:\n * From test case \"Interfaces defined\": classHasAtLeastOneInterface: (SleepBasedAnimator.java:1) Classes with public instance methods should implement interfaces\nclassHasAtLeastOneInterface: (WaitBasedAnimator.java:1) Classes with public instance methods should implement interfaces\nclassHasAtLeastOneInterface: (Oval.java:1) Classes with public instance methods should implement interfaces\nclassHasAtLeastOneInterface: (Rectangle.java:1) Classes with public instance methods should implement interfaces\n"},{"score":0.0,"results":[{"notes":"expectedDeclaredSignatures: (SingletonsCreator.java:33) In type SingletonsCreator, missing declared signature: @broadcastingClearanceManagerFactoryMethod:->BroadcastingClearanceManager\n","percentage":0.0,"name":"SingletonsCreator!@broadcastingClearanceManagerFactoryMethod:->BroadcastingClearanceManager","autoGraded":true,"fail":true,"pass":false,"partialPass":false},{"notes":"Class matching ABroadcastingClearanceManager not instantiated in SingletonsCreator","percentage":0.0,"name":"SingletonsCreator!ABroadcastingClearanceManager","autoGraded":true,"fail":true,"pass":false,"partialPass":false},{"notes":"src\\grail\\scanner\\CommandInterpreter.java:1: warning: missingMethodCall: (CommandInterpreter.java:1) has not made expected call @SingletonsCreator!@broadcastingClearanceManagerFactoryMethod:->BroadcastingClearanceManager\n","percentage":0.0,"name":"CommandInterpreter!@SingletonsCreator!@broadcastingClearanceManagerFactoryMethod:->BroadcastingClearanceManager","autoGraded":true,"fail":true,"pass":false,"partialPass":false},{"notes":"src\\grail\\animations\\LockstepAnimatingCommand.java:1: warning: missingMethodCall: (LockstepAnimatingCommand.java:1) has not made expected call @SingletonsCreator!@broadcastingClearanceManagerFactoryMethod:->BroadcastingClearanceManager\n","percentage":0.0,"name":"CoordinatedAnimator!@SingletonsCreator!@broadcastingClearanceManagerFactoryMethod:->BroadcastingClearanceManager","autoGraded":true,"fail":true,"pass":false,"partialPass":false},{"notes":"src\\grail\\animations\\WaitBasedAnimator.java:1: warning: missingMethodCall: (WaitBasedAnimator.java:1) has not made expected call @SingletonsCreator!@broadcastingClearanceManagerFactoryMethod:->BroadcastingClearanceManager\n","percentage":0.0,"name":"CoordinatingAnimator!@SingletonsCreator!@broadcastingClearanceManagerFactoryMethod:->BroadcastingClearanceManager","autoGraded":true,"fail":true,"pass":false,"partialPass":false},{"notes":"src\\grail\\scanner\\commands\\ProceedAllCommand.java:1: warning: missingMethodCall: (ProceedAllCommand.java:1) has not made expected call @SingletonsCreator!@broadcastingClearanceManagerFactoryMethod:->BroadcastingClearanceManager\n","percentage":0.0,"name":"ProceedAllCommand!@SingletonsCreator!@broadcastingClearanceManagerFactoryMethod:->BroadcastingClearanceManager","autoGraded":true,"fail":true,"pass":false,"partialPass":false}],"notes":"","target":{"manual":false,"extraCredit":false,"name":"ABroadcastigClearanceManager used as a singleton","points":7.0,"permissions":[{"name":".","actions":"read,write"}],"summary":"ABroadcastigClearanceManager used as a singleton       %.1f /  7.0"},"name":null,"autoNotes":"","message":"SingletonsCreator!@broadcastingClearanceManagerFactoryMethod:->BroadcastingClearanceManager: 0.0% \n  -- expectedDeclaredSignatures: (SingletonsCreator.java:33) In type SingletonsCreator, missing declared signature: @broadcastingClearanceManagerFactoryMethod:->BroadcastingClearanceManager\n\nSingletonsCreator!ABroadcastingClearanceManager: 0.0% \n  -- Class matching ABroadcastingClearanceManager not instantiated in SingletonsCreator\nCommandInterpreter!@SingletonsCreator!@broadcastingClearanceManagerFactoryMethod:->BroadcastingClearanceManager: 0.0% \n  -- src\\grail\\scanner\\CommandInterpreter.java:1: warning: missingMethodCall: (CommandInterpreter.java:1) has not made expected call @SingletonsCreator!@broadcastingClearanceManagerFactoryMethod:->BroadcastingClearanceManager\n\nCoordinatedAnimator!@SingletonsCreator!@broadcastingClearanceManagerFactoryMethod:->BroadcastingClearanceManager: 0.0% \n  -- src\\grail\\animations\\LockstepAnimatingCommand.java:1: warning: missingMethodCall: (LockstepAnimatingCommand.java:1) has not made expected call @SingletonsCreator!@broadcastingClearanceManagerFactoryMethod:->BroadcastingClearanceManager\n\nCoordinatingAnimator!@SingletonsCreator!@broadcastingClearanceManagerFactoryMethod:->BroadcastingClearanceManager: 0.0% \n  -- src\\grail\\animations\\WaitBasedAnimator.java:1: warning: missingMethodCall: (WaitBasedAnimator.java:1) has not made expected call @SingletonsCreator!@broadcastingClearanceManagerFactoryMethod:->BroadcastingClearanceManager\n\nProceedAllCommand!@SingletonsCreator!@broadcastingClearanceManagerFactoryMethod:->BroadcastingClearanceManager: 0.0% \n  -- src\\grail\\scanner\\commands\\ProceedAllCommand.java:1: warning: missingMethodCall: (ProceedAllCommand.java:1) has not made expected call @SingletonsCreator!@broadcastingClearanceManagerFactoryMethod:->BroadcastingClearanceManager\n\n","summary":"Notes about ABroadcastigClearanceManager used as a singleton:\n * From test case \"SingletonsCreator!@broadcastingClearanceManagerFactoryMethod:->BroadcastingClearanceManager\": expectedDeclaredSignatures: (SingletonsCreator.java:33) In type SingletonsCreator, missing declared signature: @broadcastingClearanceManagerFactoryMethod:->BroadcastingClearanceManager\n\n * From test case \"SingletonsCreator!ABroadcastingClearanceManager\": Class matching ABroadcastingClearanceManager not instantiated in SingletonsCreator\n * From test case \"CommandInterpreter!@SingletonsCreator!@broadcastingClearanceManagerFactoryMethod:->BroadcastingClearanceManager\": src\\grail\\scanner\\CommandInterpreter.java:1: warning: missingMethodCall: (CommandInterpreter.java:1) has not made expected call @SingletonsCreator!@broadcastingClearanceManagerFactoryMethod:->BroadcastingClearanceManager\n\n * From test case \"CoordinatedAnimator!@SingletonsCreator!@broadcastingClearanceManagerFactoryMethod:->BroadcastingClearanceManager\": src\\grail\\animations\\LockstepAnimatingCommand.java:1: warning: missingMethodCall: (LockstepAnimatingCommand.java:1) has not made expected call @SingletonsCreator!@broadcastingClearanceManagerFactoryMethod:->BroadcastingClearanceManager\n\n * From test case \"CoordinatingAnimator!@SingletonsCreator!@broadcastingClearanceManagerFactoryMethod:->BroadcastingClearanceManager\": src\\grail\\animations\\WaitBasedAnimator.java:1: warning: missingMethodCall: (WaitBasedAnimator.java:1) has not made expected call @SingletonsCreator!@broadcastingClearanceManagerFactoryMethod:->BroadcastingClearanceManager\n\n * From test case \"ProceedAllCommand!@SingletonsCreator!@broadcastingClearanceManagerFactoryMethod:->BroadcastingClearanceManager\": src\\grail\\scanner\\commands\\ProceedAllCommand.java:1: warning: missingMethodCall: (ProceedAllCommand.java:1) has not made expected call @SingletonsCreator!@broadcastingClearanceManagerFactoryMethod:->BroadcastingClearanceManager\n"},{"score":0.9,"results":[{"notes":"expectedDeclaredSignatures: (CommandInterpreter.java:31) In type CommandInterpreter, missing declared signature: @waitingArthur:->void\n","percentage":0.0,"name":"CommandInterpreter!@waitingArthur:->void","autoGraded":true,"fail":true,"pass":false,"partialPass":false},{"notes":"expectedDeclaredSignatures: (CommandInterpreter.java:31) In type CommandInterpreter, missing declared signature: @waitingGalahad:->void\n","percentage":0.0,"name":"CommandInterpreter!@waitingGalahad:->void","autoGraded":true,"fail":true,"pass":false,"partialPass":false},{"notes":"expectedDeclaredSignatures: (CommandInterpreter.java:31) In type CommandInterpreter, missing declared signature: @waitingLancelot:->void\n","percentage":0.0,"name":"CommandInterpreter!@waitingLancelot:->void","autoGraded":true,"fail":true,"pass":false,"partialPass":false},{"notes":"expectedDeclaredSignatures: (CommandInterpreter.java:31) In type CommandInterpreter, missing declared signature: @waitingRobin:->void\n","percentage":0.0,"name":"CommandInterpreter!@waitingRobin:->void","autoGraded":true,"fail":true,"pass":false,"partialPass":false},{"notes":"","percentage":1.0,"name":"CommandInterpreter!@startAnimation:->void","autoGraded":true,"fail":false,"pass":true,"partialPass":false},{"notes":"src\\grail\\animations\\AnimatingCommand.java:1: warning: missingMethodCall: (AnimatingCommand.java:1) has not made expected call (.*)!waitForProceed:->void\nsrc\\grail\\animations\\LockstepAnimatingCommand.java:1: warning: missingMethodCall: (LockstepAnimatingCommand.java:1) has not made expected call (.*)!waitForProceed:->void\n","percentage":0.0,"name":"AnimatingCommand!(.*)!waitForProceed:->void","autoGraded":true,"fail":true,"pass":false,"partialPass":false},{"notes":"expectedConstructors: (AnimatingCommand.java:9) In type AnimatingCommand, missing constructor: :@Animator;@Avatar;boolean\n","percentage":0.0,"name":"AnimatingCommand!:@Animator;@Avatar;boolean","autoGraded":true,"fail":true,"pass":false,"partialPass":false},{"notes":"src\\main\\Assignment12.java:1: warning: missingMethodCall: (Assignment12.java:1) has not made expected call (.*)!@waiting(.*):->void\n","percentage":0.0,"name":"main.Assignment12!(.*)!@waiting(.*):->void","autoGraded":true,"fail":true,"pass":false,"partialPass":false}],"notes":"","target":{"manual":false,"extraCredit":false,"name":"Waiting animations created","points":7.0,"permissions":[{"name":".","actions":"read,write"}],"summary":"Waiting animations created                             %.1f /  7.0"},"name":null,"autoNotes":"","message":"CommandInterpreter!@waitingArthur:->void: 0.0% \n  -- expectedDeclaredSignatures: (CommandInterpreter.java:31) In type CommandInterpreter, missing declared signature: @waitingArthur:->void\n\nCommandInterpreter!@waitingGalahad:->void: 0.0% \n  -- expectedDeclaredSignatures: (CommandInterpreter.java:31) In type CommandInterpreter, missing declared signature: @waitingGalahad:->void\n\nCommandInterpreter!@waitingLancelot:->void: 0.0% \n  -- expectedDeclaredSignatures: (CommandInterpreter.java:31) In type CommandInterpreter, missing declared signature: @waitingLancelot:->void\n\nCommandInterpreter!@waitingRobin:->void: 0.0% \n  -- expectedDeclaredSignatures: (CommandInterpreter.java:31) In type CommandInterpreter, missing declared signature: @waitingRobin:->void\n\nCommandInterpreter!@startAnimation:->void: 100.0% \nAnimatingCommand!(.*)!waitForProceed:->void: 0.0% \n  -- src\\grail\\animations\\AnimatingCommand.java:1: warning: missingMethodCall: (AnimatingCommand.java:1) has not made expected call (.*)!waitForProceed:->void\nsrc\\grail\\animations\\LockstepAnimatingCommand.java:1: warning: missingMethodCall: (LockstepAnimatingCommand.java:1) has not made expected call (.*)!waitForProceed:->void\n\nAnimatingCommand!:@Animator;@Avatar;boolean: 0.0% \n  -- expectedConstructors: (AnimatingCommand.java:9) In type AnimatingCommand, missing constructor: :@Animator;@Avatar;boolean\n\nmain.Assignment12!(.*)!@waiting(.*):->void: 0.0% \n  -- src\\main\\Assignment12.java:1: warning: missingMethodCall: (Assignment12.java:1) has not made expected call (.*)!@waiting(.*):->void\n\n","summary":"Notes about Waiting animations created:\n * From test case \"CommandInterpreter!@waitingArthur:->void\": expectedDeclaredSignatures: (CommandInterpreter.java:31) In type CommandInterpreter, missing declared signature: @waitingArthur:->void\n\n * From test case \"CommandInterpreter!@waitingGalahad:->void\": expectedDeclaredSignatures: (CommandInterpreter.java:31) In type CommandInterpreter, missing declared signature: @waitingGalahad:->void\n\n * From test case \"CommandInterpreter!@waitingLancelot:->void\": expectedDeclaredSignatures: (CommandInterpreter.java:31) In type CommandInterpreter, missing declared signature: @waitingLancelot:->void\n\n * From test case \"CommandInterpreter!@waitingRobin:->void\": expectedDeclaredSignatures: (CommandInterpreter.java:31) In type CommandInterpreter, missing declared signature: @waitingRobin:->void\n\n * From test case \"AnimatingCommand!(.*)!waitForProceed:->void\": src\\grail\\animations\\AnimatingCommand.java:1: warning: missingMethodCall: (AnimatingCommand.java:1) has not made expected call (.*)!waitForProceed:->void\nsrc\\grail\\animations\\LockstepAnimatingCommand.java:1: warning: missingMethodCall: (LockstepAnimatingCommand.java:1) has not made expected call (.*)!waitForProceed:->void\n\n * From test case \"AnimatingCommand!:@Animator;@Avatar;boolean\": expectedConstructors: (AnimatingCommand.java:9) In type AnimatingCommand, missing constructor: :@Animator;@Avatar;boolean\n\n * From test case \"main.Assignment12!(.*)!@waiting(.*):->void\": src\\main\\Assignment12.java:1: warning: missingMethodCall: (Assignment12.java:1) has not made expected call (.*)!@waiting(.*):->void\n"},{"score":15.0,"results":[{"notes":"","percentage":1.0,"name":"Table is Generic Test Case","autoGraded":true,"fail":false,"pass":true,"partialPass":false}],"notes":"","target":{"manual":false,"extraCredit":false,"name":"Generics added to Table","points":15.0,"permissions":[{"name":".","actions":"read,write"}],"summary":"Generics added to Table                                %.1f / 15.0"},"name":null,"autoNotes":"","message":"Table is Generic Test Case: 100.0% \n","summary":""},{"score":3.0,"results":[{"notes":"expectedDeclaredSignatures: (CommandInterpreter.java:31) In type CommandInterpreter, missing declared signature: @lockstepArthur:->void//EC\n","percentage":0.0,"name":"CommandInterpreter!@lockstepArthur:->void//EC","autoGraded":true,"fail":true,"pass":false,"partialPass":false},{"notes":"expectedDeclaredSignatures: (CommandInterpreter.java:31) In type CommandInterpreter, missing declared signature: @lockstepGalahad:->void//EC\n","percentage":0.0,"name":"CommandInterpreter!@lockstepGalahad:->void//EC","autoGraded":true,"fail":true,"pass":false,"partialPass":false},{"notes":"expectedDeclaredSignatures: (CommandInterpreter.java:31) In type CommandInterpreter, missing declared signature: @lockstepLancelot:->void//EC\n","percentage":0.0,"name":"CommandInterpreter!@lockstepLancelot:->void//EC","autoGraded":true,"fail":true,"pass":false,"partialPass":false},{"notes":"expectedDeclaredSignatures: (CommandInterpreter.java:31) In type CommandInterpreter, missing declared signature: @lockstepRobin:->void//EC\n","percentage":0.0,"name":"CommandInterpreter!@lockstepRobin:->void//EC","autoGraded":true,"fail":true,"pass":false,"partialPass":false},{"notes":"CoordinatedAnimationCommand not found by checkstyle","percentage":0.0,"name":"CoordinatedAnimationCommand!:@CoordinatedAnimator;@Avatar","autoGraded":true,"fail":true,"pass":false,"partialPass":false},{"notes":"CoordinatedAnimationCommand not found by checkstyle","percentage":0.0,"name":"CoordinatedAnimationCommand!:@CoordinatedAnimator:*->void","autoGraded":true,"fail":true,"pass":false,"partialPass":false},{"notes":"src\\grail\\animations\\LockstepAnimatingCommand.java:1: warning: missingMethodCall: (LockstepAnimatingCommand.java:1) has not made expected call (.*)!waitForProceed:->void\n","percentage":0.0,"name":"CoordinatedAnimator!(.*)!waitForProceed:->void","autoGraded":true,"fail":true,"pass":false,"partialPass":false},{"notes":"expectedDeclaredSignatures: (CommandInterpreter.java:31) In type CommandInterpreter, missing declared signature: @lockstepGuard:->void//EC\n","percentage":0.0,"name":"CommandInterpreter!@lockstepGuard:->void//EC","autoGraded":true,"fail":true,"pass":false,"partialPass":false},{"notes":"","percentage":1.0,"name":"CoordinatingAnimator!@animateAvatar:@Avatar->void","autoGraded":true,"fail":false,"pass":true,"partialPass":false},{"notes":"src\\grail\\animations\\Animator.java:1: warning: missingMethodCall: (Animator.java:1) has not made expected call (.*)!sleep:long->void\nsrc\\grail\\animations\\SleepBasedAnimator.java:1: warning: missingMethodCall: (SleepBasedAnimator.java:1) has not made expected call (.*)!sleep:long->void\n","percentage":0.0,"name":"CoordinatingAnimator!(.*)!sleep:long->void","autoGraded":true,"fail":true,"pass":false,"partialPass":false},{"notes":"","percentage":1.0,"name":"CoordinatingAnimator!(.*)!proceedAll:->void","autoGraded":true,"fail":false,"pass":true,"partialPass":false},{"notes":"","percentage":1.0,"name":"CoordinatingAnimatingCommand!:@CoordinatingAnimator;@Avatar","autoGraded":true,"fail":false,"pass":true,"partialPass":false},{"notes":"src\\grail\\animations\\ClapLockstepCommand.java:1: warning: missingMethodCall: (ClapLockstepCommand.java:1) has not made expected call @CoordinatingAnimator!@animateAvatar:@Avatar->void\n","percentage":0.0,"name":"CoordinatingAnimatingCommand!@CoordinatingAnimator!@animateAvatar:@Avatar->void","autoGraded":true,"fail":true,"pass":false,"partialPass":false},{"notes":"src\\main\\Assignment12.java:1: warning: missingMethodCall: (Assignment12.java:1) has not made expected call (.*)!@lockstep(.*):->void//EC\n","percentage":0.0,"name":"main.Assignment12!(.*)!@lockstep(.*):->void//EC","autoGraded":true,"fail":true,"pass":false,"partialPass":false}],"notes":"","target":{"manual":false,"extraCredit":false,"name":"Lockstep and coordinating methods created and used","points":14.0,"permissions":[{"name":".","actions":"read,write"}],"summary":"Lockstep and coordinating methods created and used     %.1f / 14.0"},"name":null,"autoNotes":"","message":"CommandInterpreter!@lockstepArthur:->void//EC: 0.0% \n  -- expectedDeclaredSignatures: (CommandInterpreter.java:31) In type CommandInterpreter, missing declared signature: @lockstepArthur:->void//EC\n\nCommandInterpreter!@lockstepGalahad:->void//EC: 0.0% \n  -- expectedDeclaredSignatures: (CommandInterpreter.java:31) In type CommandInterpreter, missing declared signature: @lockstepGalahad:->void//EC\n\nCommandInterpreter!@lockstepLancelot:->void//EC: 0.0% \n  -- expectedDeclaredSignatures: (CommandInterpreter.java:31) In type CommandInterpreter, missing declared signature: @lockstepLancelot:->void//EC\n\nCommandInterpreter!@lockstepRobin:->void//EC: 0.0% \n  -- expectedDeclaredSignatures: (CommandInterpreter.java:31) In type CommandInterpreter, missing declared signature: @lockstepRobin:->void//EC\n\nCoordinatedAnimationCommand!:@CoordinatedAnimator;@Avatar: 0.0% \n  -- CoordinatedAnimationCommand not found by checkstyle\nCoordinatedAnimationCommand!:@CoordinatedAnimator:*->void: 0.0% \n  -- CoordinatedAnimationCommand not found by checkstyle\nCoordinatedAnimator!(.*)!waitForProceed:->void: 0.0% \n  -- src\\grail\\animations\\LockstepAnimatingCommand.java:1: warning: missingMethodCall: (LockstepAnimatingCommand.java:1) has not made expected call (.*)!waitForProceed:->void\n\nCommandInterpreter!@lockstepGuard:->void//EC: 0.0% \n  -- expectedDeclaredSignatures: (CommandInterpreter.java:31) In type CommandInterpreter, missing declared signature: @lockstepGuard:->void//EC\n\nCoordinatingAnimator!@animateAvatar:@Avatar->void: 100.0% \nCoordinatingAnimator!(.*)!sleep:long->void: 0.0% \n  -- src\\grail\\animations\\Animator.java:1: warning: missingMethodCall: (Animator.java:1) has not made expected call (.*)!sleep:long->void\nsrc\\grail\\animations\\SleepBasedAnimator.java:1: warning: missingMethodCall: (SleepBasedAnimator.java:1) has not made expected call (.*)!sleep:long->void\n\nCoordinatingAnimator!(.*)!proceedAll:->void: 100.0% \nCoordinatingAnimatingCommand!:@CoordinatingAnimator;@Avatar: 100.0% \nCoordinatingAnimatingCommand!@CoordinatingAnimator!@animateAvatar:@Avatar->void: 0.0% \n  -- src\\grail\\animations\\ClapLockstepCommand.java:1: warning: missingMethodCall: (ClapLockstepCommand.java:1) has not made expected call @CoordinatingAnimator!@animateAvatar:@Avatar->void\n\nmain.Assignment12!(.*)!@lockstep(.*):->void//EC: 0.0% \n  -- src\\main\\Assignment12.java:1: warning: missingMethodCall: (Assignment12.java:1) has not made expected call (.*)!@lockstep(.*):->void//EC\n\n","summary":"Notes about Lockstep and coordinating methods created and used:\n * From test case \"CommandInterpreter!@lockstepArthur:->void//EC\": expectedDeclaredSignatures: (CommandInterpreter.java:31) In type CommandInterpreter, missing declared signature: @lockstepArthur:->void//EC\n\n * From test case \"CommandInterpreter!@lockstepGalahad:->void//EC\": expectedDeclaredSignatures: (CommandInterpreter.java:31) In type CommandInterpreter, missing declared signature: @lockstepGalahad:->void//EC\n\n * From test case \"CommandInterpreter!@lockstepLancelot:->void//EC\": expectedDeclaredSignatures: (CommandInterpreter.java:31) In type CommandInterpreter, missing declared signature: @lockstepLancelot:->void//EC\n\n * From test case \"CommandInterpreter!@lockstepRobin:->void//EC\": expectedDeclaredSignatures: (CommandInterpreter.java:31) In type CommandInterpreter, missing declared signature: @lockstepRobin:->void//EC\n\n * From test case \"CoordinatedAnimationCommand!:@CoordinatedAnimator;@Avatar\": CoordinatedAnimationCommand not found by checkstyle\n * From test case \"CoordinatedAnimationCommand!:@CoordinatedAnimator:*->void\": CoordinatedAnimationCommand not found by checkstyle\n * From test case \"CoordinatedAnimator!(.*)!waitForProceed:->void\": src\\grail\\animations\\LockstepAnimatingCommand.java:1: warning: missingMethodCall: (LockstepAnimatingCommand.java:1) has not made expected call (.*)!waitForProceed:->void\n\n * From test case \"CommandInterpreter!@lockstepGuard:->void//EC\": expectedDeclaredSignatures: (CommandInterpreter.java:31) In type CommandInterpreter, missing declared signature: @lockstepGuard:->void//EC\n\n * From test case \"CoordinatingAnimator!(.*)!sleep:long->void\": src\\grail\\animations\\Animator.java:1: warning: missingMethodCall: (Animator.java:1) has not made expected call (.*)!sleep:long->void\nsrc\\grail\\animations\\SleepBasedAnimator.java:1: warning: missingMethodCall: (SleepBasedAnimator.java:1) has not made expected call (.*)!sleep:long->void\n\n * From test case \"CoordinatingAnimatingCommand!@CoordinatingAnimator!@animateAvatar:@Avatar->void\": src\\grail\\animations\\ClapLockstepCommand.java:1: warning: missingMethodCall: (ClapLockstepCommand.java:1) has not made expected call @CoordinatingAnimator!@animateAvatar:@Avatar->void\n\n * From test case \"main.Assignment12!(.*)!@lockstep(.*):->void//EC\": src\\main\\Assignment12.java:1: warning: missingMethodCall: (Assignment12.java:1) has not made expected call (.*)!@lockstep(.*):->void//EC\n"},{"score":0.0,"results":[{"notes":"expectedDeclaredSignatures: (SingletonsCreator.java:33) In type SingletonsCreator, missing declared signature: @environmentFactoryMethod:->@Table\n","percentage":0.0,"name":"SingletonsCreator!@environmentFactoryMethod:->@Table","autoGraded":true,"fail":true,"pass":false,"partialPass":false},{"notes":"src\\grail\\scanner\\commands\\DefineCommand.java:1: warning: missingMethodCall: (DefineCommand.java:1) has not made expected call @SingletonsCreator!@environmentFactoryMethod:->@Table\n","percentage":0.0,"name":"DefineCommand!@SingletonsCreator!@environmentFactoryMethod:->@Table","autoGraded":true,"fail":true,"pass":false,"partialPass":false},{"notes":"src\\grail\\scanner\\commands\\CallCommand.java:1: warning: missingMethodCall: (CallCommand.java:1) has not made expected call @SingletonsCreator!@environmentFactoryMethod:->@Table\n","percentage":0.0,"name":"CallCommand!@SingletonsCreator!@environmentFactoryMethod:->@Table","autoGraded":true,"fail":true,"pass":false,"partialPass":false},{"notes":"expectedConstructors: (RotateLeftArmCommand.java:7) In type RotateLeftArmCommand, missing constructor: :@Avatar; int\n","percentage":0.0,"name":"RotateLeftArmCommand!:@Avatar; int","autoGraded":true,"fail":true,"pass":false,"partialPass":false},{"notes":"expectedConstructors: (RotateRightArmCommand.java:7) In type RotateRightArmCommand, missing constructor: :@Avatar; int\n","percentage":0.0,"name":"RotateRightArmCommand!:@Avatar; int","autoGraded":true,"fail":true,"pass":false,"partialPass":false},{"notes":"expectedConstructors: (SleepCommand.java:8) In type SleepCommand, missing constructor: :long\n","percentage":0.0,"name":"SleepCommand!:long","autoGraded":true,"fail":true,"pass":false,"partialPass":false},{"notes":"expectedConstructors: (CallCommand.java:9) In type CallCommand, missing constructor: :String\n","percentage":0.0,"name":"CallCommand!:String","autoGraded":true,"fail":true,"pass":false,"partialPass":false},{"notes":"expectedConstructors: (ThreadCommand.java:13) In type ThreadCommand, missing constructor: :String\n","percentage":0.0,"name":"ThreadCommand!:String","autoGraded":true,"fail":true,"pass":false,"partialPass":false},{"notes":"src\\grail\\scanner\\commands\\SleepCommand.java:1: warning: missingMethodCall: (SleepCommand.java:1) has not made expected call (.*)!sleep:long->void\n","percentage":0.0,"name":"SleepCommand!(.*)!sleep:long->void","autoGraded":true,"fail":true,"pass":false,"partialPass":false},{"notes":"src\\grail\\scanner\\commands\\DefineCommand.java:1: warning: missingMethodCall: (DefineCommand.java:1) has not made expected call (.*)!put:Object;Object->*\n","percentage":0.0,"name":"DefineCommand!(.*)!put:Object;Object->*","autoGraded":true,"fail":true,"pass":false,"partialPass":false},{"notes":"src\\grail\\scanner\\commands\\CallCommand.java:1: warning: missingMethodCall: (CallCommand.java:1) has not made expected call (.*)!get:Object->Object\n","percentage":0.0,"name":"CallCommand!(.*)!get:Object->Object","autoGraded":true,"fail":true,"pass":false,"partialPass":false},{"notes":"src\\grail\\scanner\\commands\\CallCommand.java:1: warning: missingMethodCall: (CallCommand.java:1) has not made expected call Runnable!run:->void\n","percentage":0.0,"name":"CallCommand!Runnable!run:->void","autoGraded":true,"fail":true,"pass":false,"partialPass":false},{"notes":"src\\grail\\scanner\\commands\\ThreadCommand.java:1: warning: missingMethodCall: (ThreadCommand.java:1) has not made expected call (.*)!get:Object->Object\n","percentage":0.0,"name":"ThreadCommand!(.*)!get:Object->Object","autoGraded":true,"fail":true,"pass":false,"partialPass":false},{"notes":"src\\grail\\scanner\\commands\\ThreadCommand.java:1: warning: missingMethodCall: (ThreadCommand.java:1) has not made expected call Thread!start:->void\n","percentage":0.0,"name":"ThreadCommand!Thread!start:->void","autoGraded":true,"fail":true,"pass":false,"partialPass":false},{"notes":"src\\grail\\scanner\\commands\\ProceedAllCommand.java:1: warning: missingMethodCall: (ProceedAllCommand.java:1) has not made expected call (.*)!proceedAll:->void\n","percentage":0.0,"name":"ProceedAllCommand!(.*)!proceedAll:->void","autoGraded":true,"fail":true,"pass":false,"partialPass":false},{"notes":"Class matching RotateLeftArmCommand not instantiated in Parser","percentage":0.0,"name":"Parser!RotateLeftArmCommand","autoGraded":true,"fail":true,"pass":false,"partialPass":false},{"notes":"Class matching RotateRightArmCommand not instantiated in Parser","percentage":0.0,"name":"Parser!RotateRightArmCommand","autoGraded":true,"fail":true,"pass":false,"partialPass":false},{"notes":"Class matching SleepCommand not instantiated in Parser","percentage":0.0,"name":"Parser!SleepCommand","autoGraded":true,"fail":true,"pass":false,"partialPass":false},{"notes":"Class matching DefineCommand not instantiated in Parser","percentage":0.0,"name":"Parser!DefineCommand","autoGraded":true,"fail":true,"pass":false,"partialPass":false},{"notes":"Class matching CallCommand not instantiated in Parser","percentage":0.0,"name":"Parser!CallCommand","autoGraded":true,"fail":true,"pass":false,"partialPass":false},{"notes":"Class matching ThreadCommand not instantiated in Parser","percentage":0.0,"name":"Parser!ThreadCommand","autoGraded":true,"fail":true,"pass":false,"partialPass":false},{"notes":"Class matching ProceedAllCommand not instantiated in Parser","percentage":0.0,"name":"Parser!ProceedAllCommand","autoGraded":true,"fail":true,"pass":false,"partialPass":false},{"notes":"expectedDeclaredSignatures: (Parser.java:65) In type Parser, missing declared signature: @parseRotateLeftArmCommand:*->Runnable//EC\n","percentage":0.0,"name":"Parser!@parseRotateLeftArmCommand:*->Runnable","autoGraded":true,"fail":true,"pass":false,"partialPass":false},{"notes":"expectedDeclaredSignatures: (Parser.java:65) In type Parser, missing declared signature: @parseRotateRightArmCommand:*->Runnable//EC\n","percentage":0.0,"name":"Parser!@parseRotateRightArmCommand:*->Runnable","autoGraded":true,"fail":true,"pass":false,"partialPass":false},{"notes":"expectedDeclaredSignatures: (Parser.java:65) In type Parser, missing declared signature: @parseDefineCommand:*->Runnable//EC\n","percentage":0.0,"name":"Parser!@parseDefineCommand:*->Runnable","autoGraded":true,"fail":true,"pass":false,"partialPass":false},{"notes":"expectedDeclaredSignatures: (Parser.java:65) In type Parser, missing declared signature: @parseCallCommand:*->Runnable//EC\n","percentage":0.0,"name":"Parser!@parseCallCommand:*->Runnable","autoGraded":true,"fail":true,"pass":false,"partialPass":false},{"notes":"expectedDeclaredSignatures: (Parser.java:65) In type Parser, missing declared signature: @parseThreadCommand:*->Runnable//EC\n","percentage":0.0,"name":"Parser!@parseThreadCommand:*->Runnable","autoGraded":true,"fail":true,"pass":false,"partialPass":false},{"notes":"expectedDeclaredSignatures: (Parser.java:65) In type Parser, missing declared signature: @parseProceedAllCommand:*->Runnable//EC\n","percentage":0.0,"name":"Parser!@parseProceedAllCommand:*->Runnable","autoGraded":true,"fail":true,"pass":false,"partialPass":false},{"notes":"src\\grail\\scanner\\Parser.java:1: warning: missingMethodCall: (Parser.java:1) has not made expected call @parseRotateLeftArmCommand:*->Runnable//EC\n","percentage":0.0,"name":"Parser!@parseRotateLeftArmCommand:*->Runnable","autoGraded":true,"fail":true,"pass":false,"partialPass":false},{"notes":"src\\grail\\scanner\\Parser.java:1: warning: missingMethodCall: (Parser.java:1) has not made expected call @parseRotateRightArmCommand:*->Runnable//EC\n","percentage":0.0,"name":"Parser!@parseRotateRightArmCommand:*->Runnable","autoGraded":true,"fail":true,"pass":false,"partialPass":false},{"notes":"src\\grail\\scanner\\Parser.java:1: warning: missingMethodCall: (Parser.java:1) has not made expected call @parseSleepCommand:*->Runnable//EC\n","percentage":0.0,"name":"Parser!@parseSleepCommand:*->Runnable","autoGraded":true,"fail":true,"pass":false,"partialPass":false},{"notes":"src\\grail\\scanner\\Parser.java:1: warning: missingMethodCall: (Parser.java:1) has not made expected call @parseDefineCommand:*->Runnable//EC\n","percentage":0.0,"name":"Parser!@parseDefineCommand:*->Runnable","autoGraded":true,"fail":true,"pass":false,"partialPass":false},{"notes":"src\\grail\\scanner\\Parser.java:1: warning: missingMethodCall: (Parser.java:1) has not made expected call @parseCallCommand:*->Runnable//EC\n","percentage":0.0,"name":"Parser!@parseCallCommand:*->Runnable","autoGraded":true,"fail":true,"pass":false,"partialPass":false},{"notes":"src\\grail\\scanner\\Parser.java:1: warning: missingMethodCall: (Parser.java:1) has not made expected call @parseThreadCommand:*->Runnable//EC\n","percentage":0.0,"name":"Parser!@parseThreadCommand:*->Runnable","autoGraded":true,"fail":true,"pass":false,"partialPass":false},{"notes":"src\\grail\\scanner\\Parser.java:1: warning: missingMethodCall: (Parser.java:1) has not made expected call @parseProceedAllCommand:*->Runnable//EC\n","percentage":0.0,"name":"Parser!@parseProceedAllCommand:*->Runnable","autoGraded":true,"fail":true,"pass":false,"partialPass":false},{"notes":"src\\main\\Assignment12.java:1: warning: missingMethodCall: (Assignment12.java:1) has not made expected call (.*)!setCommand:String->*\n","percentage":0.0,"name":"main.Assignment12!(.*)!setCommand:String->*","autoGraded":true,"fail":true,"pass":false,"partialPass":false},{"notes":"src\\main\\Assignment12.java:1: warning: missingMethodCall: (Assignment12.java:1) has not made expected call (.*)!waitForProceed:->void\n","percentage":0.0,"name":"main.Assignment12!(.*)!waitForProceed:->void","autoGraded":true,"fail":true,"pass":false,"partialPass":false}],"notes":"","target":{"manual":false,"extraCredit":false,"name":"Methods and classes for extended grammar created","points":21.0,"permissions":[{"name":".","actions":"read,write"}],"summary":"Methods and classes for extended grammar created       %.1f / 21.0"},"name":null,"autoNotes":"","message":"SingletonsCreator!@environmentFactoryMethod:->@Table: 0.0% \n  -- expectedDeclaredSignatures: (SingletonsCreator.java:33) In type SingletonsCreator, missing declared signature: @environmentFactoryMethod:->@Table\n\nDefineCommand!@SingletonsCreator!@environmentFactoryMethod:->@Table: 0.0% \n  -- src\\grail\\scanner\\commands\\DefineCommand.java:1: warning: missingMethodCall: (DefineCommand.java:1) has not made expected call @SingletonsCreator!@environmentFactoryMethod:->@Table\n\nCallCommand!@SingletonsCreator!@environmentFactoryMethod:->@Table: 0.0% \n  -- src\\grail\\scanner\\commands\\CallCommand.java:1: warning: missingMethodCall: (CallCommand.java:1) has not made expected call @SingletonsCreator!@environmentFactoryMethod:->@Table\n\nRotateLeftArmCommand!:@Avatar; int: 0.0% \n  -- expectedConstructors: (RotateLeftArmCommand.java:7) In type RotateLeftArmCommand, missing constructor: :@Avatar; int\n\nRotateRightArmCommand!:@Avatar; int: 0.0% \n  -- expectedConstructors: (RotateRightArmCommand.java:7) In type RotateRightArmCommand, missing constructor: :@Avatar; int\n\nSleepCommand!:long: 0.0% \n  -- expectedConstructors: (SleepCommand.java:8) In type SleepCommand, missing constructor: :long\n\nCallCommand!:String: 0.0% \n  -- expectedConstructors: (CallCommand.java:9) In type CallCommand, missing constructor: :String\n\nThreadCommand!:String: 0.0% \n  -- expectedConstructors: (ThreadCommand.java:13) In type ThreadCommand, missing constructor: :String\n\nSleepCommand!(.*)!sleep:long->void: 0.0% \n  -- src\\grail\\scanner\\commands\\SleepCommand.java:1: warning: missingMethodCall: (SleepCommand.java:1) has not made expected call (.*)!sleep:long->void\n\nDefineCommand!(.*)!put:Object;Object->*: 0.0% \n  -- src\\grail\\scanner\\commands\\DefineCommand.java:1: warning: missingMethodCall: (DefineCommand.java:1) has not made expected call (.*)!put:Object;Object->*\n\nCallCommand!(.*)!get:Object->Object: 0.0% \n  -- src\\grail\\scanner\\commands\\CallCommand.java:1: warning: missingMethodCall: (CallCommand.java:1) has not made expected call (.*)!get:Object->Object\n\nCallCommand!Runnable!run:->void: 0.0% \n  -- src\\grail\\scanner\\commands\\CallCommand.java:1: warning: missingMethodCall: (CallCommand.java:1) has not made expected call Runnable!run:->void\n\nThreadCommand!(.*)!get:Object->Object: 0.0% \n  -- src\\grail\\scanner\\commands\\ThreadCommand.java:1: warning: missingMethodCall: (ThreadCommand.java:1) has not made expected call (.*)!get:Object->Object\n\nThreadCommand!Thread!start:->void: 0.0% \n  -- src\\grail\\scanner\\commands\\ThreadCommand.java:1: warning: missingMethodCall: (ThreadCommand.java:1) has not made expected call Thread!start:->void\n\nProceedAllCommand!(.*)!proceedAll:->void: 0.0% \n  -- src\\grail\\scanner\\commands\\ProceedAllCommand.java:1: warning: missingMethodCall: (ProceedAllCommand.java:1) has not made expected call (.*)!proceedAll:->void\n\nParser!RotateLeftArmCommand: 0.0% \n  -- Class matching RotateLeftArmCommand not instantiated in Parser\nParser!RotateRightArmCommand: 0.0% \n  -- Class matching RotateRightArmCommand not instantiated in Parser\nParser!SleepCommand: 0.0% \n  -- Class matching SleepCommand not instantiated in Parser\nParser!DefineCommand: 0.0% \n  -- Class matching DefineCommand not instantiated in Parser\nParser!CallCommand: 0.0% \n  -- Class matching CallCommand not instantiated in Parser\nParser!ThreadCommand: 0.0% \n  -- Class matching ThreadCommand not instantiated in Parser\nParser!ProceedAllCommand: 0.0% \n  -- Class matching ProceedAllCommand not instantiated in Parser\nParser!@parseRotateLeftArmCommand:*->Runnable: 0.0% \n  -- expectedDeclaredSignatures: (Parser.java:65) In type Parser, missing declared signature: @parseRotateLeftArmCommand:*->Runnable//EC\n\nParser!@parseRotateRightArmCommand:*->Runnable: 0.0% \n  -- expectedDeclaredSignatures: (Parser.java:65) In type Parser, missing declared signature: @parseRotateRightArmCommand:*->Runnable//EC\n\nParser!@parseDefineCommand:*->Runnable: 0.0% \n  -- expectedDeclaredSignatures: (Parser.java:65) In type Parser, missing declared signature: @parseDefineCommand:*->Runnable//EC\n\nParser!@parseCallCommand:*->Runnable: 0.0% \n  -- expectedDeclaredSignatures: (Parser.java:65) In type Parser, missing declared signature: @parseCallCommand:*->Runnable//EC\n\nParser!@parseThreadCommand:*->Runnable: 0.0% \n  -- expectedDeclaredSignatures: (Parser.java:65) In type Parser, missing declared signature: @parseThreadCommand:*->Runnable//EC\n\nParser!@parseProceedAllCommand:*->Runnable: 0.0% \n  -- expectedDeclaredSignatures: (Parser.java:65) In type Parser, missing declared signature: @parseProceedAllCommand:*->Runnable//EC\n\nParser!@parseRotateLeftArmCommand:*->Runnable: 0.0% \n  -- src\\grail\\scanner\\Parser.java:1: warning: missingMethodCall: (Parser.java:1) has not made expected call @parseRotateLeftArmCommand:*->Runnable//EC\n\nParser!@parseRotateRightArmCommand:*->Runnable: 0.0% \n  -- src\\grail\\scanner\\Parser.java:1: warning: missingMethodCall: (Parser.java:1) has not made expected call @parseRotateRightArmCommand:*->Runnable//EC\n\nParser!@parseSleepCommand:*->Runnable: 0.0% \n  -- src\\grail\\scanner\\Parser.java:1: warning: missingMethodCall: (Parser.java:1) has not made expected call @parseSleepCommand:*->Runnable//EC\n\nParser!@parseDefineCommand:*->Runnable: 0.0% \n  -- src\\grail\\scanner\\Parser.java:1: warning: missingMethodCall: (Parser.java:1) has not made expected call @parseDefineCommand:*->Runnable//EC\n\nParser!@parseCallCommand:*->Runnable: 0.0% \n  -- src\\grail\\scanner\\Parser.java:1: warning: missingMethodCall: (Parser.java:1) has not made expected call @parseCallCommand:*->Runnable//EC\n\nParser!@parseThreadCommand:*->Runnable: 0.0% \n  -- src\\grail\\scanner\\Parser.java:1: warning: missingMethodCall: (Parser.java:1) has not made expected call @parseThreadCommand:*->Runnable//EC\n\nParser!@parseProceedAllCommand:*->Runnable: 0.0% \n  -- src\\grail\\scanner\\Parser.java:1: warning: missingMethodCall: (Parser.java:1) has not made expected call @parseProceedAllCommand:*->Runnable//EC\n\nmain.Assignment12!(.*)!setCommand:String->*: 0.0% \n  -- src\\main\\Assignment12.java:1: warning: missingMethodCall: (Assignment12.java:1) has not made expected call (.*)!setCommand:String->*\n\nmain.Assignment12!(.*)!waitForProceed:->void: 0.0% \n  -- src\\main\\Assignment12.java:1: warning: missingMethodCall: (Assignment12.java:1) has not made expected call (.*)!waitForProceed:->void\n\n","summary":"Notes about Methods and classes for extended grammar created:\n * From test case \"SingletonsCreator!@environmentFactoryMethod:->@Table\": expectedDeclaredSignatures: (SingletonsCreator.java:33) In type SingletonsCreator, missing declared signature: @environmentFactoryMethod:->@Table\n\n * From test case \"DefineCommand!@SingletonsCreator!@environmentFactoryMethod:->@Table\": src\\grail\\scanner\\commands\\DefineCommand.java:1: warning: missingMethodCall: (DefineCommand.java:1) has not made expected call @SingletonsCreator!@environmentFactoryMethod:->@Table\n\n * From test case \"CallCommand!@SingletonsCreator!@environmentFactoryMethod:->@Table\": src\\grail\\scanner\\commands\\CallCommand.java:1: warning: missingMethodCall: (CallCommand.java:1) has not made expected call @SingletonsCreator!@environmentFactoryMethod:->@Table\n\n * From test case \"RotateLeftArmCommand!:@Avatar; int\": expectedConstructors: (RotateLeftArmCommand.java:7) In type RotateLeftArmCommand, missing constructor: :@Avatar; int\n\n * From test case \"RotateRightArmCommand!:@Avatar; int\": expectedConstructors: (RotateRightArmCommand.java:7) In type RotateRightArmCommand, missing constructor: :@Avatar; int\n\n * From test case \"SleepCommand!:long\": expectedConstructors: (SleepCommand.java:8) In type SleepCommand, missing constructor: :long\n\n * From test case \"CallCommand!:String\": expectedConstructors: (CallCommand.java:9) In type CallCommand, missing constructor: :String\n\n * From test case \"ThreadCommand!:String\": expectedConstructors: (ThreadCommand.java:13) In type ThreadCommand, missing constructor: :String\n\n * From test case \"SleepCommand!(.*)!sleep:long->void\": src\\grail\\scanner\\commands\\SleepCommand.java:1: warning: missingMethodCall: (SleepCommand.java:1) has not made expected call (.*)!sleep:long->void\n\n * From test case \"DefineCommand!(.*)!put:Object;Object->*\": src\\grail\\scanner\\commands\\DefineCommand.java:1: warning: missingMethodCall: (DefineCommand.java:1) has not made expected call (.*)!put:Object;Object->*\n\n * From test case \"CallCommand!(.*)!get:Object->Object\": src\\grail\\scanner\\commands\\CallCommand.java:1: warning: missingMethodCall: (CallCommand.java:1) has not made expected call (.*)!get:Object->Object\n\n * From test case \"CallCommand!Runnable!run:->void\": src\\grail\\scanner\\commands\\CallCommand.java:1: warning: missingMethodCall: (CallCommand.java:1) has not made expected call Runnable!run:->void\n\n * From test case \"ThreadCommand!(.*)!get:Object->Object\": src\\grail\\scanner\\commands\\ThreadCommand.java:1: warning: missingMethodCall: (ThreadCommand.java:1) has not made expected call (.*)!get:Object->Object\n\n * From test case \"ThreadCommand!Thread!start:->void\": src\\grail\\scanner\\commands\\ThreadCommand.java:1: warning: missingMethodCall: (ThreadCommand.java:1) has not made expected call Thread!start:->void\n\n * From test case \"ProceedAllCommand!(.*)!proceedAll:->void\": src\\grail\\scanner\\commands\\ProceedAllCommand.java:1: warning: missingMethodCall: (ProceedAllCommand.java:1) has not made expected call (.*)!proceedAll:->void\n\n * From test case \"Parser!RotateLeftArmCommand\": Class matching RotateLeftArmCommand not instantiated in Parser\n * From test case \"Parser!RotateRightArmCommand\": Class matching RotateRightArmCommand not instantiated in Parser\n * From test case \"Parser!SleepCommand\": Class matching SleepCommand not instantiated in Parser\n * From test case \"Parser!DefineCommand\": Class matching DefineCommand not instantiated in Parser\n * From test case \"Parser!CallCommand\": Class matching CallCommand not instantiated in Parser\n * From test case \"Parser!ThreadCommand\": Class matching ThreadCommand not instantiated in Parser\n * From test case \"Parser!ProceedAllCommand\": Class matching ProceedAllCommand not instantiated in Parser\n * From test case \"Parser!@parseRotateLeftArmCommand:*->Runnable\": expectedDeclaredSignatures: (Parser.java:65) In type Parser, missing declared signature: @parseRotateLeftArmCommand:*->Runnable//EC\n\n * From test case \"Parser!@parseRotateRightArmCommand:*->Runnable\": expectedDeclaredSignatures: (Parser.java:65) In type Parser, missing declared signature: @parseRotateRightArmCommand:*->Runnable//EC\n\n * From test case \"Parser!@parseDefineCommand:*->Runnable\": expectedDeclaredSignatures: (Parser.java:65) In type Parser, missing declared signature: @parseDefineCommand:*->Runnable//EC\n\n * From test case \"Parser!@parseCallCommand:*->Runnable\": expectedDeclaredSignatures: (Parser.java:65) In type Parser, missing declared signature: @parseCallCommand:*->Runnable//EC\n\n * From test case \"Parser!@parseThreadCommand:*->Runnable\": expectedDeclaredSignatures: (Parser.java:65) In type Parser, missing declared signature: @parseThreadCommand:*->Runnable//EC\n\n * From test case \"Parser!@parseProceedAllCommand:*->Runnable\": expectedDeclaredSignatures: (Parser.java:65) In type Parser, missing declared signature: @parseProceedAllCommand:*->Runnable//EC\n\n * From test case \"Parser!@parseRotateLeftArmCommand:*->Runnable\": src\\grail\\scanner\\Parser.java:1: warning: missingMethodCall: (Parser.java:1) has not made expected call @parseRotateLeftArmCommand:*->Runnable//EC\n\n * From test case \"Parser!@parseRotateRightArmCommand:*->Runnable\": src\\grail\\scanner\\Parser.java:1: warning: missingMethodCall: (Parser.java:1) has not made expected call @parseRotateRightArmCommand:*->Runnable//EC\n\n * From test case \"Parser!@parseSleepCommand:*->Runnable\": src\\grail\\scanner\\Parser.java:1: warning: missingMethodCall: (Parser.java:1) has not made expected call @parseSleepCommand:*->Runnable//EC\n\n * From test case \"Parser!@parseDefineCommand:*->Runnable\": src\\grail\\scanner\\Parser.java:1: warning: missingMethodCall: (Parser.java:1) has not made expected call @parseDefineCommand:*->Runnable//EC\n\n * From test case \"Parser!@parseCallCommand:*->Runnable\": src\\grail\\scanner\\Parser.java:1: warning: missingMethodCall: (Parser.java:1) has not made expected call @parseCallCommand:*->Runnable//EC\n\n * From test case \"Parser!@parseThreadCommand:*->Runnable\": src\\grail\\scanner\\Parser.java:1: warning: missingMethodCall: (Parser.java:1) has not made expected call @parseThreadCommand:*->Runnable//EC\n\n * From test case \"Parser!@parseProceedAllCommand:*->Runnable\": src\\grail\\scanner\\Parser.java:1: warning: missingMethodCall: (Parser.java:1) has not made expected call @parseProceedAllCommand:*->Runnable//EC\n\n * From test case \"main.Assignment12!(.*)!setCommand:String->*\": src\\main\\Assignment12.java:1: warning: missingMethodCall: (Assignment12.java:1) has not made expected call (.*)!setCommand:String->*\n\n * From test case \"main.Assignment12!(.*)!waitForProceed:->void\": src\\main\\Assignment12.java:1: warning: missingMethodCall: (Assignment12.java:1) has not made expected call (.*)!waitForProceed:->void\n"},{"score":2.7,"results":[{"notes":"","percentage":1.0,"name":"ScanningException defined","autoGraded":true,"fail":false,"pass":true,"partialPass":false},{"notes":"","percentage":1.0,"name":"ParsingException defined","autoGraded":true,"fail":false,"pass":true,"partialPass":false},{"notes":"Class matching ScanningException not instantiated in ScannerBean","percentage":0.0,"name":"ScannerBean!ScanningException","autoGraded":true,"fail":true,"pass":false,"partialPass":false},{"notes":"Class matching ParsingException not instantiated in Parser","percentage":0.0,"name":"Parser!ParsingException","autoGraded":true,"fail":true,"pass":false,"partialPass":false},{"notes":"src\\grail\\scanner\\Parser.java:1: warning: missingMethodCall: (Parser.java:1) has not made expected call @ScanningException!getMessage:->String\n","percentage":0.0,"name":"Parser!@ScanningException!getMessage:->String","autoGraded":true,"fail":true,"pass":false,"partialPass":false},{"notes":"src\\grail\\scanner\\Parser.java:1: warning: missingMethodCall: (Parser.java:1) has not made expected call @ParsingException!getMessage:->String\n","percentage":0.0,"name":"Parser!@ParsingException!getMessage:->String","autoGraded":true,"fail":true,"pass":false,"partialPass":false}],"notes":"","target":{"manual":false,"extraCredit":false,"name":"Exceptions used","points":8.0,"permissions":[{"name":".","actions":"read,write"}],"summary":"Exceptions used                                        %.1f /  8.0"},"name":null,"autoNotes":"","message":"ScanningException defined: 100.0% \nParsingException defined: 100.0% \nScannerBean!ScanningException: 0.0% \n  -- Class matching ScanningException not instantiated in ScannerBean\nParser!ParsingException: 0.0% \n  -- Class matching ParsingException not instantiated in Parser\nParser!@ScanningException!getMessage:->String: 0.0% \n  -- src\\grail\\scanner\\Parser.java:1: warning: missingMethodCall: (Parser.java:1) has not made expected call @ScanningException!getMessage:->String\n\nParser!@ParsingException!getMessage:->String: 0.0% \n  -- src\\grail\\scanner\\Parser.java:1: warning: missingMethodCall: (Parser.java:1) has not made expected call @ParsingException!getMessage:->String\n\n","summary":"Notes about Exceptions used:\n * From test case \"ScannerBean!ScanningException\": Class matching ScanningException not instantiated in ScannerBean\n * From test case \"Parser!ParsingException\": Class matching ParsingException not instantiated in Parser\n * From test case \"Parser!@ScanningException!getMessage:->String\": src\\grail\\scanner\\Parser.java:1: warning: missingMethodCall: (Parser.java:1) has not made expected call @ScanningException!getMessage:->String\n\n * From test case \"Parser!@ParsingException!getMessage:->String\": src\\grail\\scanner\\Parser.java:1: warning: missingMethodCall: (Parser.java:1) has not made expected call @ParsingException!getMessage:->String\n"},{"score":3.0,"results":[{"notes":"","percentage":1.0,"name":"CustomSwingTextFieldFactory defined","autoGraded":true,"fail":false,"pass":true,"partialPass":false},{"notes":"Class matching JTextField not instantiated in CustomSwingTextFieldFactory","percentage":0.0,"name":"CustomSwingTextFieldFactory!JTextField","autoGraded":true,"fail":true,"pass":false,"partialPass":false},{"notes":"src\\grail\\mvc\\view\\CustomSwingTextFieldFactory.java:1: warning: missingMethodCall: (CustomSwingTextFieldFactory.java:1) has not made expected call JTextField!setBackground:*->void\n","percentage":0.0,"name":"CustomSwingTextFieldFactory!JTextField!setBackground:*->void","autoGraded":true,"fail":true,"pass":false,"partialPass":false},{"notes":"src\\grail\\mvc\\view\\CustomSwingTextFieldFactory.java:1: warning: missingMethodCall: (CustomSwingTextFieldFactory.java:1) has not made expected call JTextField!setForeground:*->void\n","percentage":0.0,"name":"CustomSwingTextFieldFactory!JTextField!setForeground:*->void","autoGraded":true,"fail":true,"pass":false,"partialPass":false},{"notes":"","percentage":1.0,"name":"main.Assignment12!TextFieldSelector!setTextFieldFactory:TextFieldFactory->void","autoGraded":true,"fail":false,"pass":true,"partialPass":false},{"notes":"","percentage":1.0,"name":"main.Assignment12!ObjectEditor!initialize:->void","autoGraded":true,"fail":false,"pass":true,"partialPass":false}],"notes":"","target":{"manual":false,"extraCredit":false,"name":"Custom text field color","points":6.0,"permissions":[{"name":".","actions":"read,write"}],"summary":"Custom text field color                                %.1f /  6.0"},"name":null,"autoNotes":"","message":"CustomSwingTextFieldFactory defined: 100.0% \nCustomSwingTextFieldFactory!JTextField: 0.0% \n  -- Class matching JTextField not instantiated in CustomSwingTextFieldFactory\nCustomSwingTextFieldFactory!JTextField!setBackground:*->void: 0.0% \n  -- src\\grail\\mvc\\view\\CustomSwingTextFieldFactory.java:1: warning: missingMethodCall: (CustomSwingTextFieldFactory.java:1) has not made expected call JTextField!setBackground:*->void\n\nCustomSwingTextFieldFactory!JTextField!setForeground:*->void: 0.0% \n  -- src\\grail\\mvc\\view\\CustomSwingTextFieldFactory.java:1: warning: missingMethodCall: (CustomSwingTextFieldFactory.java:1) has not made expected call JTextField!setForeground:*->void\n\nmain.Assignment12!TextFieldSelector!setTextFieldFactory:TextFieldFactory->void: 100.0% \nmain.Assignment12!ObjectEditor!initialize:->void: 100.0% \n","summary":"Notes about Custom text field color:\n * From test case \"CustomSwingTextFieldFactory!JTextField\": Class matching JTextField not instantiated in CustomSwingTextFieldFactory\n * From test case \"CustomSwingTextFieldFactory!JTextField!setBackground:*->void\": src\\grail\\mvc\\view\\CustomSwingTextFieldFactory.java:1: warning: missingMethodCall: (CustomSwingTextFieldFactory.java:1) has not made expected call JTextField!setBackground:*->void\n\n * From test case \"CustomSwingTextFieldFactory!JTextField!setForeground:*->void\": src\\grail\\mvc\\view\\CustomSwingTextFieldFactory.java:1: warning: missingMethodCall: (CustomSwingTextFieldFactory.java:1) has not made expected call JTextField!setForeground:*->void\n"},{"score":2.3,"results":[{"notes":"Class matching UndoCommand not instantiated in Parser","percentage":0.0,"name":"Parser!UndoCommand","autoGraded":true,"fail":true,"pass":false,"partialPass":false},{"notes":"Class matching RedoCommand not instantiated in Parser","percentage":0.0,"name":"Parser!RedoCommand","autoGraded":true,"fail":true,"pass":false,"partialPass":false},{"notes":"","percentage":1.0,"name":"UndoCommand!*!undo->void","autoGraded":true,"fail":false,"pass":true,"partialPass":false},{"notes":"","percentage":1.0,"name":"RedoCommand!*!redo:->void","autoGraded":true,"fail":false,"pass":true,"partialPass":false},{"notes":"expectedDeclaredSignatures: (Parser.java:65) In type Parser, missing declared signature: @parseUndoCommand:*->Runnable//EC\n","percentage":0.0,"name":"Parser!@parseUndoCommand:*->Runnable","autoGraded":true,"fail":true,"pass":false,"partialPass":false},{"notes":"expectedDeclaredSignatures: (Parser.java:65) In type Parser, missing declared signature: @parseRedoCommand:*->Runnable//EC\n","percentage":0.0,"name":"Parser!@parseRedoCommand:*->Runnable","autoGraded":true,"fail":true,"pass":false,"partialPass":false}],"notes":"","target":{"manual":false,"extraCredit":false,"name":"Undo and redo commands created","points":7.0,"permissions":[{"name":".","actions":"read,write"}],"summary":"Undo and redo commands created                         %.1f /  7.0"},"name":null,"autoNotes":"","message":"Parser!UndoCommand: 0.0% \n  -- Class matching UndoCommand not instantiated in Parser\nParser!RedoCommand: 0.0% \n  -- Class matching RedoCommand not instantiated in Parser\nUndoCommand!*!undo->void: 100.0% \nRedoCommand!*!redo:->void: 100.0% \nParser!@parseUndoCommand:*->Runnable: 0.0% \n  -- expectedDeclaredSignatures: (Parser.java:65) In type Parser, missing declared signature: @parseUndoCommand:*->Runnable//EC\n\nParser!@parseRedoCommand:*->Runnable: 0.0% \n  -- expectedDeclaredSignatures: (Parser.java:65) In type Parser, missing declared signature: @parseRedoCommand:*->Runnable//EC\n\n","summary":"Notes about Undo and redo commands created:\n * From test case \"Parser!UndoCommand\": Class matching UndoCommand not instantiated in Parser\n * From test case \"Parser!RedoCommand\": Class matching RedoCommand not instantiated in Parser\n * From test case \"Parser!@parseUndoCommand:*->Runnable\": expectedDeclaredSignatures: (Parser.java:65) In type Parser, missing declared signature: @parseUndoCommand:*->Runnable//EC\n\n * From test case \"Parser!@parseRedoCommand:*->Runnable\": expectedDeclaredSignatures: (Parser.java:65) In type Parser, missing declared signature: @parseRedoCommand:*->Runnable//EC\n"},{"score":0.0,"results":[],"notes":"","target":{"manual":true,"extraCredit":false,"name":"4 animations wait until press of proceedAll","points":10.0,"permissions":[{"name":".","actions":"read,write"}],"summary":"4 animations wait until press of proceedAll            %.1f / 10.0"},"name":null,"autoNotes":"","message":"","summary":""},{"score":0.0,"results":[],"notes":"","target":{"manual":true,"extraCredit":true,"name":"Lockstep animations work","points":10.0,"permissions":[{"name":".","actions":"read,write"}],"summary":"Lockstep animations work                               %.1f / 10.0 (Extra credit)"},"name":null,"autoNotes":"","message":"","summary":""},{"score":0.0,"results":[],"notes":"","target":{"manual":true,"extraCredit":false,"name":"New commands showcased (3 points each)","points":27.0,"permissions":[{"name":".","actions":"read,write"}],"summary":"New commands showcased (3 points each)                 %.1f / 27.0"},"name":null,"autoNotes":"","message":"","summary":""},{"score":-5.0,"results":[],"notes":"","target":{"manual":true,"extraCredit":false,"name":"Interactive Run","points":-5.0,"permissions":[{"name":".","actions":"read,write"}],"summary":"Interactive Run                             %.1f /  -5.0"},"name":null,"autoNotes":"","message":"","summary":""},{"score":-25.0,"results":[{"notes":"Illegal type or call in:\nillegalTypeImported: (Parser.java:3) Used disallowed class java.text.ParseException \nillegalTypeImported: (Parser.java:4) Used disallowed class java.util.HashSet \nillegalTypeImported: (Parser.java:5) Used disallowed class java.util.Set \nillegalTypeImported: (ParsingException.java:4) Used disallowed class java.text.ParseException \n","percentage":0.0,"name":"Illegal import or call test case","autoGraded":true,"fail":true,"pass":false,"partialPass":false}],"notes":"","target":{"manual":false,"extraCredit":false,"name":"Illegal import or call","points":-25.0,"permissions":[{"name":".","actions":"read,write"}],"summary":"Illegal import or call                      %.1f /  -25.0"},"name":null,"autoNotes":"","message":"Illegal import or call test case: 0.0% \n  -- Illegal type or call in:\nillegalTypeImported: (Parser.java:3) Used disallowed class java.text.ParseException \nillegalTypeImported: (Parser.java:4) Used disallowed class java.util.HashSet \nillegalTypeImported: (Parser.java:5) Used disallowed class java.util.Set \nillegalTypeImported: (ParsingException.java:4) Used disallowed class java.text.ParseException \n\n","summary":"Notes about Illegal import or call:\n * From test case \"Illegal import or call test case\": Illegal type or call in:\nillegalTypeImported: (Parser.java:3) Used disallowed class java.text.ParseException \nillegalTypeImported: (Parser.java:4) Used disallowed class java.util.HashSet \nillegalTypeImported: (Parser.java:5) Used disallowed class java.util.Set \nillegalTypeImported: (ParsingException.java:4) Used disallowed class java.text.ParseException \n"}],"restrictionResults":[],"comments":"","latePenalty":1.05,"sourcePoints":0.0,"score":4.9,"gradingFeatures":[{"featureName":"ParserSuiteA12","score":0.0,"graded":true,"autoGradable":true,"extraCredit":false,"featureChecker":{"overridable":false},"feedbackFileName":"C:/work/comp401grader/Grader/Comp401AllChecks/Test Data/Comp401F16/Assignment12/Correct, Stub(stubs)/Feedback Attachment(s)/ParserSuiteA12.txt","manualNotesFileName":"C:/work/comp401grader/Grader/Comp401AllChecks/Test Data/Comp401F16/Assignment12/Correct, Stub(stubs)/Feedback Attachment(s)/ManualNotes-ParserSuiteA12.txt","autoNotesFileName":"C:/work/comp401grader/Grader/Comp401AllChecks/Test Data/Comp401F16/Assignment12/Correct, Stub(stubs)/Feedback Attachment(s)/AutoNotes-ParserSuiteA12.txt","outputFiles":null,"inputFiles":[],"linkedFeature":null,"manualNotes":"","autoNotes":"  -- Factory method:[bridgescenefactorymethod] not found.\n  -- Factory method:[bridgeSceneFactoryMethod] not found.\n  -- Factory method:[bridgeSceneFactoryMethod] not found.\n  -- Factory method:[bridgeSceneFactoryMethod] not found.\n  -- Factory method:[bridgeSceneFactoryMethod] not found.\n  -- Factory method:[bridgeSceneFactoryMethod] not found.\n","resultFormat":"ParserSuiteA12                                         %.1f / 40.0","output":"*****************************(ParserSuiteA12)*****************************\n### gradingTools.comp401f16.assignment12.testcases.parser.ParserCreatesDefineCallCommandObjectTestCase: 1.0\nFactory method:[commandinterpreterfactorymethod] not found.\nTrying parameterless constructor\nCalling constructor public grail.scanner.CommandInterpreter()with args:[]timeOut:2000\nFactory method:[bridgescenefactorymethod] not found.\nTrying parameterless constructor\nCalling constructor public grail.graphics.BridgeScene()with args:[]timeOut:2000\n### gradingTools.comp401f16.assignment12.testcases.parser.ParserCreatesDefineCallCommandObjectTestCase: 0.0\n### gradingTools.comp401f16.assignment12.testcases.parser.ParserCreatesThreadCommandObjectTestCase: 1.0\nFactory method:[commandinterpreterfactorymethod] not found.\nTrying parameterless constructor\nCalling constructor public grail.scanner.CommandInterpreter()with args:[]timeOut:2000\nFactory method:[bridgeSceneFactoryMethod] not found.\nTrying parameterless constructor\nCalling constructor public grail.graphics.BridgeScene()with args:[]timeOut:2000\n### gradingTools.comp401f16.assignment12.testcases.parser.ParserCreatesThreadCommandObjectTestCase: 0.0\n### gradingTools.comp401f16.assignment12.testcases.parser.ParserCreatesSleepCommandObjectTestCase: 1.0\nFactory method:[commandinterpreterfactorymethod] not found.\nTrying parameterless constructor\nCalling constructor public grail.scanner.CommandInterpreter()with args:[]timeOut:2000\nFactory method:[bridgeSceneFactoryMethod] not found.\nTrying parameterless constructor\nCalling constructor public grail.graphics.BridgeScene()with args:[]timeOut:2000\n### gradingTools.comp401f16.assignment12.testcases.parser.ParserCreatesSleepCommandObjectTestCase: 0.0\n### gradingTools.comp401f16.assignment12.testcases.parser.ParserCreatesRotateLeftArmCommandObjectTestCase: 1.0\nFactory method:[commandinterpreterfactorymethod] not found.\nTrying parameterless constructor\nCalling constructor public grail.scanner.CommandInterpreter()with args:[]timeOut:2000\nFactory method:[bridgeSceneFactoryMethod] not found.\nTrying parameterless constructor\nCalling constructor public grail.graphics.BridgeScene()with args:[]timeOut:2000\n### gradingTools.comp401f16.assignment12.testcases.parser.ParserCreatesRotateLeftArmCommandObjectTestCase: 0.0\n### gradingTools.comp401f16.assignment12.testcases.parser.ParserCreatesRotateRightArmCommandObjectTestCase: 1.0\nFactory method:[commandinterpreterfactorymethod] not found.\nTrying parameterless constructor\nCalling constructor public grail.scanner.CommandInterpreter()with args:[]timeOut:2000\nFactory method:[bridgeSceneFactoryMethod] not found.\nTrying parameterless constructor\nCalling constructor public grail.graphics.BridgeScene()with args:[]timeOut:2000\n### gradingTools.comp401f16.assignment12.testcases.parser.ParserCreatesRotateRightArmCommandObjectTestCase: 0.0\n### gradingTools.comp401f16.assignment12.testcases.parser.ParserCreatesProceedAllCommandObjectTestCase: 1.0\nFactory method:[commandinterpreterfactorymethod] not found.\nTrying parameterless constructor\nCalling constructor public grail.scanner.CommandInterpreter()with args:[]timeOut:2000\nFactory method:[bridgeSceneFactoryMethod] not found.\nTrying parameterless constructor\nCalling constructor public grail.graphics.BridgeScene()with args:[]timeOut:2000\n### gradingTools.comp401f16.assignment12.testcases.parser.ParserCreatesProceedAllCommandObjectTestCase: 0.0\n","feature":{"manual":false,"extraCredit":false,"name":"ParserSuiteA12","points":40.0,"permissions":[{"name":".","actions":"read,write"}],"summary":"ParserSuiteA12                                         %.1f / 40.0"},"validate":false,"selected":false,"resultFileName":"C:/work/comp401grader/Grader/Comp401AllChecks/Test Data/Comp401F16/Assignment12/Correct, Stub(stubs)/Feedback Attachment(s)/Results-ParserSuiteA12.txt","autoNotGraded":false,"partialCredit":false,"restriction":false,"manualOverride":true,"fullCredit":false,"manual":false,"max":40.0,"manualWithNotFullCredit":false,"autoWithNotFullCredit":true},{"featureName":"BroadcastingClearanceManagerFactoryMethodTest","score":0.0,"graded":true,"autoGradable":true,"extraCredit":false,"featureChecker":{"overridable":false},"feedbackFileName":"C:/work/comp401grader/Grader/Comp401AllChecks/Test Data/Comp401F16/Assignment12/Correct, Stub(stubs)/Feedback Attachment(s)/BroadcastingClearanceManagerFactoryMethodTest.txt","manualNotesFileName":"C:/work/comp401grader/Grader/Comp401AllChecks/Test Data/Comp401F16/Assignment12/Correct, Stub(stubs)/Feedback Attachment(s)/ManualNotes-BroadcastingClearanceManagerFactoryMethodTest.txt","autoNotesFileName":"C:/work/comp401grader/Grader/Comp401AllChecks/Test Data/Comp401F16/Assignment12/Correct, Stub(stubs)/Feedback Attachment(s)/AutoNotes-BroadcastingClearanceManagerFactoryMethodTest.txt","outputFiles":null,"inputFiles":[],"linkedFeature":null,"manualNotes":"","autoNotes":"  -- Factory method:[broadcastingclearancemanagerfactorymethod] not found.\n","resultFormat":"BroadcastingClearanceManagerFactoryMethodTest          %.1f /  5.0","output":"*****************************(BroadcastingClearanceManagerFactoryMethodTest)*****************************\n### gradingTools.comp401f16.assignment12.testcases.BroadcastingClearanceManagerFactoryMethodTest: 1.0\n### gradingTools.comp401f16.assignment12.testcases.BroadcastingClearanceManagerFactoryMethodTest: 0.0\n","feature":{"manual":false,"extraCredit":false,"name":"BroadcastingClearanceManagerFactoryMethodTest","points":5.0,"permissions":[{"name":".","actions":"read,write"}],"summary":"BroadcastingClearanceManagerFactoryMethodTest          %.1f /  5.0"},"validate":false,"selected":false,"resultFileName":"C:/work/comp401grader/Grader/Comp401AllChecks/Test Data/Comp401F16/Assignment12/Correct, Stub(stubs)/Feedback Attachment(s)/Results-BroadcastingClearanceManagerFactoryMethodTest.txt","autoNotGraded":false,"partialCredit":false,"restriction":false,"manualOverride":true,"fullCredit":false,"manual":false,"max":5.0,"manualWithNotFullCredit":false,"autoWithNotFullCredit":true},{"featureName":"CommandInterpreterSuiteA12","score":0.0,"graded":true,"autoGradable":true,"extraCredit":true,"featureChecker":{"overridable":false},"feedbackFileName":"C:/work/comp401grader/Grader/Comp401AllChecks/Test Data/Comp401F16/Assignment12/Correct, Stub(stubs)/Feedback Attachment(s)/CommandInterpreterSuiteA12.txt","manualNotesFileName":"C:/work/comp401grader/Grader/Comp401AllChecks/Test Data/Comp401F16/Assignment12/Correct, Stub(stubs)/Feedback Attachment(s)/ManualNotes-CommandInterpreterSuiteA12.txt","autoNotesFileName":"C:/work/comp401grader/Grader/Comp401AllChecks/Test Data/Comp401F16/Assignment12/Correct, Stub(stubs)/Feedback Attachment(s)/AutoNotes-CommandInterpreterSuiteA12.txt","outputFiles":null,"inputFiles":[],"linkedFeature":null,"manualNotes":"","autoNotes":"  -- Did not sleep for minimum time:\n  -- Factory method:[bridgeSceneFactoryMethod] not found.\n  -- Factory method:[bridgeSceneFactoryMethod] not found.\n  -- Could not find class  matching RotateLeftArmCommand\n  -- Could not find class  matching RotateRightArmCommand\n  -- Factory method:[bridgeSceneFactoryMethod] not found.\n","resultFormat":"CommandInterpreterSuiteA12                             %.1f / 65.0 (Extra credit)","output":"*****************************(CommandInterpreterSuiteA12)*****************************\n### gradingTools.comp401f16.assignment12.testcases.commandInterpreterA12.SleepCommandTestCase: 1.0\nFactory method:[commandinterpreterfactorymethod] not found.\nTrying parameterless constructor\nCalling constructor public grail.scanner.CommandInterpreter()with args:[]timeOut:2000\nPre sleep time:1481161733945\nSleeping for (ms):100\nCalling on object grail.scanner.CommandInterpreter@44b29496 1152554134 method:public void grail.scanner.CommandInterpreter.setCommand(java.lang.String) args:[sleep 100 ]timeOut:2000\nPost sleep time:1481161733946\n### gradingTools.comp401f16.assignment12.testcases.commandInterpreterA12.SleepCommandTestCase: 0.0\n### gradingTools.comp401f16.assignment12.testcases.commandInterpreterA12.ThreadCommandTestCase: 1.0\nFactory method:[commandInterpreterFactoryMethod] not found.\nTrying parameterless constructor\nCalling constructor public grail.scanner.CommandInterpreter()with args:[]timeOut:2000\nFactory method:[bridgeSceneFactoryMethod] not found.\nTrying parameterless constructor\nCalling constructor public grail.graphics.BridgeScene()with args:[]timeOut:2000\n### gradingTools.comp401f16.assignment12.testcases.commandInterpreterA12.ThreadCommandTestCase: 0.0\n### gradingTools.comp401f16.assignment12.testcases.commandInterpreterA12.DefineCallCommandTestCase: 1.0\nFactory method:[commandinterpreterfactorymethod] not found.\nTrying parameterless constructor\nCalling constructor public grail.scanner.CommandInterpreter()with args:[]timeOut:2000\nFactory method:[bridgeSceneFactoryMethod] not found.\nTrying parameterless constructor\nCalling constructor public grail.graphics.BridgeScene()with args:[]timeOut:2000\n### gradingTools.comp401f16.assignment12.testcases.commandInterpreterA12.DefineCallCommandTestCase: 0.0\n### gradingTools.comp401f16.assignment12.testcases.commandInterpreterA12.RotateLeftArmCommandTestCase: 1.0\nCould not find class tagged:[rotateleftarmcommand]\n### gradingTools.comp401f16.assignment12.testcases.commandInterpreterA12.RotateLeftArmCommandTestCase: 0.0\n### gradingTools.comp401f16.assignment12.testcases.commandInterpreterA12.RotateRightArmCommandTestCase: 1.0\nCould not find class tagged:[rotaterightarmcommand]\n### gradingTools.comp401f16.assignment12.testcases.commandInterpreterA12.RotateRightArmCommandTestCase: 0.0\n### gradingTools.comp401f16.assignment12.testcases.commandInterpreterA12.ProceedAllCommandTestCase: 1.0\nFactory method:[commandInterpreterFactoryMethod] not found.\nTrying parameterless constructor\nCalling constructor public grail.scanner.CommandInterpreter()with args:[]timeOut:2000\nFactory method:[bridgeSceneFactoryMethod] not found.\nTrying parameterless constructor\nCalling constructor public grail.graphics.BridgeScene()with args:[]timeOut:2000\n### gradingTools.comp401f16.assignment12.testcases.commandInterpreterA12.ProceedAllCommandTestCase: 0.0\n","feature":{"manual":false,"extraCredit":true,"name":"CommandInterpreterSuiteA12","points":65.0,"permissions":[{"name":".","actions":"read,write"}],"summary":"CommandInterpreterSuiteA12                             %.1f / 65.0 (Extra credit)"},"validate":false,"selected":false,"resultFileName":"C:/work/comp401grader/Grader/Comp401AllChecks/Test Data/Comp401F16/Assignment12/Correct, Stub(stubs)/Feedback Attachment(s)/Results-CommandInterpreterSuiteA12.txt","autoNotGraded":false,"partialCredit":false,"restriction":false,"manualOverride":true,"fullCredit":false,"manual":false,"max":65.0,"manualWithNotFullCredit":false,"autoWithNotFullCredit":true},{"featureName":"CommandObjectSuiteA12","score":0.0,"graded":true,"autoGradable":true,"extraCredit":false,"featureChecker":{"overridable":false},"feedbackFileName":"C:/work/comp401grader/Grader/Comp401AllChecks/Test Data/Comp401F16/Assignment12/Correct, Stub(stubs)/Feedback Attachment(s)/CommandObjectSuiteA12.txt","manualNotesFileName":"C:/work/comp401grader/Grader/Comp401AllChecks/Test Data/Comp401F16/Assignment12/Correct, Stub(stubs)/Feedback Attachment(s)/ManualNotes-CommandObjectSuiteA12.txt","autoNotesFileName":"C:/work/comp401grader/Grader/Comp401AllChecks/Test Data/Comp401F16/Assignment12/Correct, Stub(stubs)/Feedback Attachment(s)/AutoNotes-CommandObjectSuiteA12.txt","outputFiles":null,"inputFiles":[],"linkedFeature":null,"manualNotes":"","autoNotes":"  -- Factory method:[environmentfactorymethod] not found.\n  -- Could not find class  matching RotateLeftArmCommand\n  -- Could not find class  matching RotateRightArmCommand\n  -- Could not find class  matching SleepCommand\n  -- java.lang.NoSuchMethodException grail.scanner.commands.MoveCommand.<init>(grail.interfaces.AvatarInterface, int, int)\n  -- Could not find class  matching ThreadCommand\n  -- Factory method:[bridgeSceneFactoryMethod] not found.\n","resultFormat":"CommandObjectSuiteA12                                  %.1f / 65.0","output":"*****************************(CommandObjectSuiteA12)*****************************\n### gradingTools.comp401f16.assignment12.testcases.commandObjects.EnvironmentFactoryMethodTest: 1.0\n### gradingTools.comp401f16.assignment12.testcases.commandObjects.EnvironmentFactoryMethodTest: 0.0\n### gradingTools.comp401f16.assignment12.testcases.commandObjects.RotateLeftArmCommandObjectTestCase: 1.0\nCould not find class tagged:[rotateleftarmcommand]\n### gradingTools.comp401f16.assignment12.testcases.commandObjects.RotateLeftArmCommandObjectTestCase: 0.0\n### gradingTools.comp401f16.assignment12.testcases.commandObjects.RotateRightArmCommandObjectTestCase: 1.0\nCould not find class tagged:[rotaterightarmcommand]\n### gradingTools.comp401f16.assignment12.testcases.commandObjects.RotateRightArmCommandObjectTestCase: 0.0\n### gradingTools.comp401f16.assignment12.testcases.commandObjects.SleepCommandObjectTestCase: 1.0\nCould not find class tagged:[sleepcommand]\n### gradingTools.comp401f16.assignment12.testcases.commandObjects.SleepCommandObjectTestCase: 0.0\n### gradingTools.comp401f16.assignment12.testcases.commandObjects.DefineCallCommandObjectTestCase: 1.0\nCould not find class tagged:[definecommand]\nCould not find class tagged:[callcommand]\n### gradingTools.comp401f16.assignment12.testcases.commandObjects.DefineCallCommandObjectTestCase: 0.0\n### gradingTools.comp401f16.assignment12.testcases.commandObjects.ThreadCommandObjectTestCase: 1.0\nCould not find class tagged:[threadcommand]\n### gradingTools.comp401f16.assignment12.testcases.commandObjects.ThreadCommandObjectTestCase: 0.0\n### gradingTools.comp401f16.assignment12.testcases.commandObjects.ProceedAllCommandObjectTestCase: 1.0\nFactory method:[commandInterpreterFactoryMethod] not found.\nTrying parameterless constructor\nCalling constructor public grail.scanner.CommandInterpreter()with args:[]timeOut:2000\nFactory method:[bridgeSceneFactoryMethod] not found.\nTrying parameterless constructor\nCalling constructor public grail.graphics.BridgeScene()with args:[]timeOut:2000\n### gradingTools.comp401f16.assignment12.testcases.commandObjects.ProceedAllCommandObjectTestCase: 0.0\n","feature":{"manual":false,"extraCredit":false,"name":"CommandObjectSuiteA12","points":65.0,"permissions":[{"name":".","actions":"read,write"}],"summary":"CommandObjectSuiteA12                                  %.1f / 65.0"},"validate":false,"selected":false,"resultFileName":"C:/work/comp401grader/Grader/Comp401AllChecks/Test Data/Comp401F16/Assignment12/Correct, Stub(stubs)/Feedback Attachment(s)/Results-CommandObjectSuiteA12.txt","autoNotGraded":false,"partialCredit":false,"restriction":false,"manualOverride":true,"fullCredit":false,"manual":false,"max":65.0,"manualWithNotFullCredit":false,"autoWithNotFullCredit":true},{"featureName":"SwingTextFieldFactoryTestCase","score":0.0,"graded":true,"autoGradable":true,"extraCredit":true,"featureChecker":{"overridable":false},"feedbackFileName":"C:/work/comp401grader/Grader/Comp401AllChecks/Test Data/Comp401F16/Assignment12/Correct, Stub(stubs)/Feedback Attachment(s)/SwingTextFieldFactoryTestCase.txt","manualNotesFileName":"C:/work/comp401grader/Grader/Comp401AllChecks/Test Data/Comp401F16/Assignment12/Correct, Stub(stubs)/Feedback Attachment(s)/ManualNotes-SwingTextFieldFactoryTestCase.txt","autoNotesFileName":"C:/work/comp401grader/Grader/Comp401AllChecks/Test Data/Comp401F16/Assignment12/Correct, Stub(stubs)/Feedback Attachment(s)/AutoNotes-SwingTextFieldFactoryTestCase.txt","outputFiles":null,"inputFiles":[],"linkedFeature":null,"manualNotes":"","autoNotes":"  -- Foreground color property of javax.swing.JTextField[,0,0,0x0,invalid,layout=javax.swing.plaf.basic.BasicTextUI$UpdateHandler,alignmentX=0.0,alignmentY=0.0,border=javax.swing.plaf.BorderUIResource$CompoundBorderUIResource@6c298dc,flags=296,maximumSize=,minimumSize=,preferredSize=,caretColor=sun.swing.PrintColorUIResource[r=51,g=51,b=51],disabledTextColor=javax.swing.plaf.ColorUIResource[r=184,g=207,b=229],editable=true,margin=javax.swing.plaf.InsetsUIResource[top=0,left=0,bottom=0,right=0],selectedTextColor=sun.swing.PrintColorUIResource[r=51,g=51,b=51],selectionColor=javax.swing.plaf.ColorUIResource[r=184,g=207,b=229],columns=0,columnWidth=0,command=,horizontalAlignment=LEADING] is same as default value sun.swing.PrintColorUIResource[r=51,g=51,b=51]\n","resultFormat":"SwingTextFieldFactoryTestCase                          %.1f / 10.0 (Extra credit)","output":"*****************************(SwingTextFieldFactoryTestCase)*****************************\n### gradingTools.comp401f16.assignment12.testcases.SwingTextFieldFactoryTestCase: 1.0\nCreating text field for hello using grail.mvc.view.CustomSwingTextFieldFactory@51ec2856\n### gradingTools.comp401f16.assignment12.testcases.SwingTextFieldFactoryTestCase: 0.0\n","feature":{"manual":false,"extraCredit":true,"name":"SwingTextFieldFactoryTestCase","points":10.0,"permissions":[{"name":".","actions":"read,write"}],"summary":"SwingTextFieldFactoryTestCase                          %.1f / 10.0 (Extra credit)"},"validate":false,"selected":false,"resultFileName":"C:/work/comp401grader/Grader/Comp401AllChecks/Test Data/Comp401F16/Assignment12/Correct, Stub(stubs)/Feedback Attachment(s)/Results-SwingTextFieldFactoryTestCase.txt","autoNotGraded":false,"partialCredit":false,"restriction":false,"manualOverride":true,"fullCredit":false,"manual":false,"max":10.0,"manualWithNotFullCredit":false,"autoWithNotFullCredit":true},{"featureName":"LockstepAvatarsAnimationTestCase","score":0.0,"graded":true,"autoGradable":true,"extraCredit":true,"featureChecker":{"overridable":false},"feedbackFileName":"C:/work/comp401grader/Grader/Comp401AllChecks/Test Data/Comp401F16/Assignment12/Correct, Stub(stubs)/Feedback Attachment(s)/LockstepAvatarsAnimationTestCase.txt","manualNotesFileName":"C:/work/comp401grader/Grader/Comp401AllChecks/Test Data/Comp401F16/Assignment12/Correct, Stub(stubs)/Feedback Attachment(s)/ManualNotes-LockstepAvatarsAnimationTestCase.txt","autoNotesFileName":"C:/work/comp401grader/Grader/Comp401AllChecks/Test Data/Comp401F16/Assignment12/Correct, Stub(stubs)/Feedback Attachment(s)/AutoNotes-LockstepAvatarsAnimationTestCase.txt","outputFiles":null,"inputFiles":[],"linkedFeature":null,"manualNotes":"","autoNotes":"  -- Factory method:[bridgeSceneFactoryMethod] not found.\n","resultFormat":"LockstepAvatarsAnimationTestCase                       %.1f / 20.0 (Extra credit)","output":"*****************************(LockstepAvatarsAnimationTestCase)*****************************\n### gradingTools.comp401f16.assignment12.waitnotify.testcases.LockstepAvatarsAnimationTestCase: 1.0\nFactory method:[commandInterpreterFactoryMethod] not found.\nTrying parameterless constructor\nCalling constructor public grail.scanner.CommandInterpreter()with args:[]timeOut:2000\nFactory method:[bridgeSceneFactoryMethod] not found.\nTrying parameterless constructor\nCalling constructor public grail.graphics.BridgeScene()with args:[]timeOut:2000\nWaiting for animations to finish(ms):5000\nFinished waiting for animations to finish(ms):5000\n### gradingTools.comp401f16.assignment12.waitnotify.testcases.LockstepAvatarsAnimationTestCase: 0.0\n","feature":{"manual":false,"extraCredit":true,"name":"LockstepAvatarsAnimationTestCase","points":20.0,"permissions":[{"name":".","actions":"read,write"}],"summary":"LockstepAvatarsAnimationTestCase                       %.1f / 20.0 (Extra credit)"},"validate":false,"selected":false,"resultFileName":"C:/work/comp401grader/Grader/Comp401AllChecks/Test Data/Comp401F16/Assignment12/Correct, Stub(stubs)/Feedback Attachment(s)/Results-LockstepAvatarsAnimationTestCase.txt","autoNotGraded":false,"partialCredit":false,"restriction":false,"manualOverride":true,"fullCredit":false,"manual":false,"max":20.0,"manualWithNotFullCredit":false,"autoWithNotFullCredit":true},{"featureName":"ExceptionSuite","score":6.0,"graded":true,"autoGradable":true,"extraCredit":true,"featureChecker":{"overridable":false},"feedbackFileName":"C:/work/comp401grader/Grader/Comp401AllChecks/Test Data/Comp401F16/Assignment12/Correct, Stub(stubs)/Feedback Attachment(s)/ExceptionSuite.txt","manualNotesFileName":"C:/work/comp401grader/Grader/Comp401AllChecks/Test Data/Comp401F16/Assignment12/Correct, Stub(stubs)/Feedback Attachment(s)/ManualNotes-ExceptionSuite.txt","autoNotesFileName":"C:/work/comp401grader/Grader/Comp401AllChecks/Test Data/Comp401F16/Assignment12/Correct, Stub(stubs)/Feedback Attachment(s)/AutoNotes-ExceptionSuite.txt","outputFiles":null,"inputFiles":[],"linkedFeature":null,"manualNotes":"","autoNotes":"  -- Factory method:[scannerfactorymethod] not found.\n  -- Factory method:[parserfactorymethod] not found.\n","resultFormat":"ExceptionSuite                                         %.1f / 20.0 (Extra credit)","output":"*****************************(ExceptionSuite)*****************************\n### gradingTools.comp401f16.assignment12.testcases.exceptions.ScanningExceptionTestCase: 1.0\n### gradingTools.comp401f16.assignment12.testcases.exceptions.ScanningExceptionTestCase: 0.30000000000000004\n### gradingTools.comp401f16.assignment12.testcases.exceptions.ParsingExceptionTestCase: 1.0\n### gradingTools.comp401f16.assignment12.testcases.exceptions.ParsingExceptionTestCase: 0.30000000000000004\n","feature":{"manual":false,"extraCredit":true,"name":"ExceptionSuite","points":20.0,"permissions":[{"name":".","actions":"read,write"}],"summary":"ExceptionSuite                                         %.1f / 20.0 (Extra credit)"},"validate":false,"selected":false,"resultFileName":"C:/work/comp401grader/Grader/Comp401AllChecks/Test Data/Comp401F16/Assignment12/Correct, Stub(stubs)/Feedback Attachment(s)/Results-ExceptionSuite.txt","autoNotGraded":false,"partialCredit":true,"restriction":false,"manualOverride":true,"fullCredit":false,"manual":false,"max":20.0,"manualWithNotFullCredit":false,"autoWithNotFullCredit":true},{"featureName":"UndoRedoTestCase","score":0.0,"graded":true,"autoGradable":true,"extraCredit":true,"featureChecker":{"overridable":false},"feedbackFileName":"C:/work/comp401grader/Grader/Comp401AllChecks/Test Data/Comp401F16/Assignment12/Correct, Stub(stubs)/Feedback Attachment(s)/UndoRedoTestCase.txt","manualNotesFileName":"C:/work/comp401grader/Grader/Comp401AllChecks/Test Data/Comp401F16/Assignment12/Correct, Stub(stubs)/Feedback Attachment(s)/ManualNotes-UndoRedoTestCase.txt","autoNotesFileName":"C:/work/comp401grader/Grader/Comp401AllChecks/Test Data/Comp401F16/Assignment12/Correct, Stub(stubs)/Feedback Attachment(s)/AutoNotes-UndoRedoTestCase.txt","outputFiles":null,"inputFiles":[],"linkedFeature":null,"manualNotes":"","autoNotes":"  -- Factory method:[bridgeSceneFactoryMethod] not found.\n","resultFormat":"UndoRedoTestCase                                       %.1f / 20.0 (Extra credit)","output":"*****************************(UndoRedoTestCase)*****************************\n### gradingTools.comp401f16.assignment12.testcases.UndoRedoTestCase: 1.0\nFactory method:[commandInterpreterFactoryMethod] not found.\nTrying parameterless constructor\nCalling constructor public grail.scanner.CommandInterpreter()with args:[]timeOut:2000\nFactory method:[bridgeSceneFactoryMethod] not found.\nTrying parameterless constructor\nCalling constructor public grail.graphics.BridgeScene()with args:[]timeOut:2000\n### gradingTools.comp401f16.assignment12.testcases.UndoRedoTestCase: 0.0\n","feature":{"manual":false,"extraCredit":true,"name":"UndoRedoTestCase","points":20.0,"permissions":[{"name":".","actions":"read,write"}],"summary":"UndoRedoTestCase                                       %.1f / 20.0 (Extra credit)"},"validate":false,"selected":false,"resultFileName":"C:/work/comp401grader/Grader/Comp401AllChecks/Test Data/Comp401F16/Assignment12/Correct, Stub(stubs)/Feedback Attachment(s)/Results-UndoRedoTestCase.txt","autoNotGraded":false,"partialCredit":false,"restriction":false,"manualOverride":true,"fullCredit":false,"manual":false,"max":20.0,"manualWithNotFullCredit":false,"autoWithNotFullCredit":true},{"featureName":"WaitingAvatarsAnimationTestCase","score":0.0,"graded":true,"autoGradable":true,"extraCredit":false,"featureChecker":{"overridable":false},"feedbackFileName":"C:/work/comp401grader/Grader/Comp401AllChecks/Test Data/Comp401F16/Assignment12/Correct, Stub(stubs)/Feedback Attachment(s)/WaitingAvatarsAnimationTestCase.txt","manualNotesFileName":"C:/work/comp401grader/Grader/Comp401AllChecks/Test Data/Comp401F16/Assignment12/Correct, Stub(stubs)/Feedback Attachment(s)/ManualNotes-WaitingAvatarsAnimationTestCase.txt","autoNotesFileName":"C:/work/comp401grader/Grader/Comp401AllChecks/Test Data/Comp401F16/Assignment12/Correct, Stub(stubs)/Feedback Attachment(s)/AutoNotes-WaitingAvatarsAnimationTestCase.txt","outputFiles":null,"inputFiles":[],"linkedFeature":null,"manualNotes":"","autoNotes":"  -- Factory method:[bridgeSceneFactoryMethod] not found.\n","resultFormat":"WaitingAvatarsAnimationTestCase                        %.1f / 20.0","output":"*****************************(WaitingAvatarsAnimationTestCase)*****************************\n### gradingTools.comp401f16.assignment12.waitnotify.testcases.WaitingAvatarsAnimationTestCase: 1.0\nFactory method:[commandInterpreterFactoryMethod] not found.\nTrying parameterless constructor\nCalling constructor public grail.scanner.CommandInterpreter()with args:[]timeOut:2000\nFactory method:[bridgeSceneFactoryMethod] not found.\nTrying parameterless constructor\nCalling constructor public grail.graphics.BridgeScene()with args:[]timeOut:2000\n### gradingTools.comp401f16.assignment12.waitnotify.testcases.WaitingAvatarsAnimationTestCase: 0.0\n","feature":{"manual":false,"extraCredit":false,"name":"WaitingAvatarsAnimationTestCase","points":20.0,"permissions":[{"name":".","actions":"read,write"}],"summary":"WaitingAvatarsAnimationTestCase                        %.1f / 20.0"},"validate":false,"selected":false,"resultFileName":"C:/work/comp401grader/Grader/Comp401AllChecks/Test Data/Comp401F16/Assignment12/Correct, Stub(stubs)/Feedback Attachment(s)/Results-WaitingAvatarsAnimationTestCase.txt","autoNotGraded":false,"partialCredit":false,"restriction":false,"manualOverride":true,"fullCredit":false,"manual":false,"max":20.0,"manualWithNotFullCredit":false,"autoWithNotFullCredit":true},{"featureName":"Public methods are in implemented interfaces","score":2.0,"graded":true,"autoGradable":true,"extraCredit":false,"featureChecker":{"overridable":false},"feedbackFileName":"C:/work/comp401grader/Grader/Comp401AllChecks/Test Data/Comp401F16/Assignment12/Correct, Stub(stubs)/Feedback Attachment(s)/Public methods are in implemented interfaces.txt","manualNotesFileName":"C:/work/comp401grader/Grader/Comp401AllChecks/Test Data/Comp401F16/Assignment12/Correct, Stub(stubs)/Feedback Attachment(s)/ManualNotes-Public methods are in implemented interfaces.txt","autoNotesFileName":"C:/work/comp401grader/Grader/Comp401AllChecks/Test Data/Comp401F16/Assignment12/Correct, Stub(stubs)/Feedback Attachment(s)/AutoNotes-Public methods are in implemented interfaces.txt","outputFiles":null,"inputFiles":[],"linkedFeature":null,"manualNotes":"","autoNotes":"  -- classHasAtLeastOneInterface: (SleepBasedAnimator.java:1) Classes with public instance methods should implement interfaces\nclassHasAtLeastOneInterface: (WaitBasedAnimator.java:1) Classes with public instance methods should implement interfaces\nclassHasAtLeastOneInterface: (Oval.java:1) Classes with public instance methods should implement interfaces\nclassHasAtLeastOneInterface: (Rectangle.java:1) Classes with public instance methods should implement interfaces\n\n","resultFormat":"Public methods are in implemented interfaces           %.1f / 10.0","output":"*****************************(Public methods are in implemented interfaces)*****************************\n### Interfaces defined: 0.19999999999999996\n","feature":{"manual":false,"extraCredit":false,"name":"Public methods are in implemented interfaces","points":10.0,"permissions":[{"name":".","actions":"read,write"}],"summary":"Public methods are in implemented interfaces           %.1f / 10.0"},"validate":false,"selected":false,"resultFileName":"C:/work/comp401grader/Grader/Comp401AllChecks/Test Data/Comp401F16/Assignment12/Correct, Stub(stubs)/Feedback Attachment(s)/Results-Public methods are in implemented interfaces.txt","autoNotGraded":false,"partialCredit":true,"restriction":false,"manualOverride":true,"fullCredit":false,"manual":false,"max":10.0,"manualWithNotFullCredit":false,"autoWithNotFullCredit":true},{"featureName":"ABroadcastigClearanceManager used as a singleton","score":0.0,"graded":true,"autoGradable":true,"extraCredit":false,"featureChecker":{"overridable":false},"feedbackFileName":"C:/work/comp401grader/Grader/Comp401AllChecks/Test Data/Comp401F16/Assignment12/Correct, Stub(stubs)/Feedback Attachment(s)/ABroadcastigClearanceManager used as a singleton.txt","manualNotesFileName":"C:/work/comp401grader/Grader/Comp401AllChecks/Test Data/Comp401F16/Assignment12/Correct, Stub(stubs)/Feedback Attachment(s)/ManualNotes-ABroadcastigClearanceManager used as a singleton.txt","autoNotesFileName":"C:/work/comp401grader/Grader/Comp401AllChecks/Test Data/Comp401F16/Assignment12/Correct, Stub(stubs)/Feedback Attachment(s)/AutoNotes-ABroadcastigClearanceManager used as a singleton.txt","outputFiles":null,"inputFiles":[],"linkedFeature":null,"manualNotes":"","autoNotes":"  -- expectedDeclaredSignatures: (SingletonsCreator.java:33) In type SingletonsCreator, missing declared signature: @broadcastingClearanceManagerFactoryMethod:->BroadcastingClearanceManager\n\n  -- Class matching ABroadcastingClearanceManager not instantiated in SingletonsCreator\n  -- src\\grail\\scanner\\CommandInterpreter.java:1: warning: missingMethodCall: (CommandInterpreter.java:1) has not made expected call @SingletonsCreator!@broadcastingClearanceManagerFactoryMethod:->BroadcastingClearanceManager\n\n  -- src\\grail\\animations\\LockstepAnimatingCommand.java:1: warning: missingMethodCall: (LockstepAnimatingCommand.java:1) has not made expected call @SingletonsCreator!@broadcastingClearanceManagerFactoryMethod:->BroadcastingClearanceManager\n\n  -- src\\grail\\animations\\WaitBasedAnimator.java:1: warning: missingMethodCall: (WaitBasedAnimator.java:1) has not made expected call @SingletonsCreator!@broadcastingClearanceManagerFactoryMethod:->BroadcastingClearanceManager\n\n  -- src\\grail\\scanner\\commands\\ProceedAllCommand.java:1: warning: missingMethodCall: (ProceedAllCommand.java:1) has not made expected call @SingletonsCreator!@broadcastingClearanceManagerFactoryMethod:->BroadcastingClearanceManager\n\n","resultFormat":"ABroadcastigClearanceManager used as a singleton       %.1f /  7.0","output":"*****************************(ABroadcastigClearanceManager used as a singleton)*****************************\n### SingletonsCreator!@broadcastingClearanceManagerFactoryMethod:->BroadcastingClearanceManager: 0.0\n### SingletonsCreator!ABroadcastingClearanceManager: 0.0\n### CommandInterpreter!@SingletonsCreator!@broadcastingClearanceManagerFactoryMethod:->BroadcastingClearanceManager: 0.0\n### CoordinatedAnimator!@SingletonsCreator!@broadcastingClearanceManagerFactoryMethod:->BroadcastingClearanceManager: 0.0\n### CoordinatingAnimator!@SingletonsCreator!@broadcastingClearanceManagerFactoryMethod:->BroadcastingClearanceManager: 0.0\n### ProceedAllCommand!@SingletonsCreator!@broadcastingClearanceManagerFactoryMethod:->BroadcastingClearanceManager: 0.0\n","feature":{"manual":false,"extraCredit":false,"name":"ABroadcastigClearanceManager used as a singleton","points":7.0,"permissions":[{"name":".","actions":"read,write"}],"summary":"ABroadcastigClearanceManager used as a singleton       %.1f /  7.0"},"validate":false,"selected":false,"resultFileName":"C:/work/comp401grader/Grader/Comp401AllChecks/Test Data/Comp401F16/Assignment12/Correct, Stub(stubs)/Feedback Attachment(s)/Results-ABroadcastigClearanceManager used as a singleton.txt","autoNotGraded":false,"partialCredit":false,"restriction":false,"manualOverride":true,"fullCredit":false,"manual":false,"max":7.0,"manualWithNotFullCredit":false,"autoWithNotFullCredit":true},{"featureName":"Waiting animations created","score":0.9,"graded":true,"autoGradable":true,"extraCredit":false,"featureChecker":{"overridable":false},"feedbackFileName":"C:/work/comp401grader/Grader/Comp401AllChecks/Test Data/Comp401F16/Assignment12/Correct, Stub(stubs)/Feedback Attachment(s)/Waiting animations created.txt","manualNotesFileName":"C:/work/comp401grader/Grader/Comp401AllChecks/Test Data/Comp401F16/Assignment12/Correct, Stub(stubs)/Feedback Attachment(s)/ManualNotes-Waiting animations created.txt","autoNotesFileName":"C:/work/comp401grader/Grader/Comp401AllChecks/Test Data/Comp401F16/Assignment12/Correct, Stub(stubs)/Feedback Attachment(s)/AutoNotes-Waiting animations created.txt","outputFiles":null,"inputFiles":[],"linkedFeature":null,"manualNotes":"","autoNotes":"  -- expectedDeclaredSignatures: (CommandInterpreter.java:31) In type CommandInterpreter, missing declared signature: @waitingArthur:->void\n\n  -- expectedDeclaredSignatures: (CommandInterpreter.java:31) In type CommandInterpreter, missing declared signature: @waitingGalahad:->void\n\n  -- expectedDeclaredSignatures: (CommandInterpreter.java:31) In type CommandInterpreter, missing declared signature: @waitingLancelot:->void\n\n  -- expectedDeclaredSignatures: (CommandInterpreter.java:31) In type CommandInterpreter, missing declared signature: @waitingRobin:->void\n\n  -- src\\grail\\animations\\AnimatingCommand.java:1: warning: missingMethodCall: (AnimatingCommand.java:1) has not made expected call (.*)!waitForProceed:->void\nsrc\\grail\\animations\\LockstepAnimatingCommand.java:1: warning: missingMethodCall: (LockstepAnimatingCommand.java:1) has not made expected call (.*)!waitForProceed:->void\n\n  -- expectedConstructors: (AnimatingCommand.java:9) In type AnimatingCommand, missing constructor: :@Animator;@Avatar;boolean\n\n  -- src\\main\\Assignment12.java:1: warning: missingMethodCall: (Assignment12.java:1) has not made expected call (.*)!@waiting(.*):->void\n\n","resultFormat":"Waiting animations created                             %.1f /  7.0","output":"*****************************(Waiting animations created)*****************************\n### CommandInterpreter!@waitingArthur:->void: 0.0\n### CommandInterpreter!@waitingGalahad:->void: 0.0\n### CommandInterpreter!@waitingLancelot:->void: 0.0\n### CommandInterpreter!@waitingRobin:->void: 0.0\n### CommandInterpreter!@startAnimation:->void: 1.0\n### AnimatingCommand!(.*)!waitForProceed:->void: 0.0\n### AnimatingCommand!:@Animator;@Avatar;boolean: 0.0\n### main.Assignment12!(.*)!@waiting(.*):->void: 0.0\n","feature":{"manual":false,"extraCredit":false,"name":"Waiting animations created","points":7.0,"permissions":[{"name":".","actions":"read,write"}],"summary":"Waiting animations created                             %.1f /  7.0"},"validate":false,"selected":false,"resultFileName":"C:/work/comp401grader/Grader/Comp401AllChecks/Test Data/Comp401F16/Assignment12/Correct, Stub(stubs)/Feedback Attachment(s)/Results-Waiting animations created.txt","autoNotGraded":false,"partialCredit":true,"restriction":false,"manualOverride":true,"fullCredit":false,"manual":false,"max":7.0,"manualWithNotFullCredit":false,"autoWithNotFullCredit":true},{"featureName":"Generics added to Table","score":15.0,"graded":true,"autoGradable":true,"extraCredit":false,"featureChecker":{"overridable":false},"feedbackFileName":"C:/work/comp401grader/Grader/Comp401AllChecks/Test Data/Comp401F16/Assignment12/Correct, Stub(stubs)/Feedback Attachment(s)/Generics added to Table.txt","manualNotesFileName":"C:/work/comp401grader/Grader/Comp401AllChecks/Test Data/Comp401F16/Assignment12/Correct, Stub(stubs)/Feedback Attachment(s)/ManualNotes-Generics added to Table.txt","autoNotesFileName":"C:/work/comp401grader/Grader/Comp401AllChecks/Test Data/Comp401F16/Assignment12/Correct, Stub(stubs)/Feedback Attachment(s)/AutoNotes-Generics added to Table.txt","outputFiles":null,"inputFiles":[],"linkedFeature":null,"manualNotes":"","autoNotes":"","resultFormat":"Generics added to Table                                %.1f / 15.0","output":"*****************************(Generics added to Table)*****************************\n### Table is Generic Test Case: 1.0\n","feature":{"manual":false,"extraCredit":false,"name":"Generics added to Table","points":15.0,"permissions":[{"name":".","actions":"read,write"}],"summary":"Generics added to Table                                %.1f / 15.0"},"validate":false,"selected":false,"resultFileName":"C:/work/comp401grader/Grader/Comp401AllChecks/Test Data/Comp401F16/Assignment12/Correct, Stub(stubs)/Feedback Attachment(s)/Results-Generics added to Table.txt","autoNotGraded":false,"partialCredit":false,"restriction":false,"manualOverride":false,"fullCredit":true,"manual":false,"max":15.0,"manualWithNotFullCredit":false,"autoWithNotFullCredit":false},{"featureName":"Lockstep and coordinating methods created and used","score":3.0,"graded":true,"autoGradable":true,"extraCredit":false,"featureChecker":{"overridable":false},"feedbackFileName":"C:/work/comp401grader/Grader/Comp401AllChecks/Test Data/Comp401F16/Assignment12/Correct, Stub(stubs)/Feedback Attachment(s)/Lockstep and coordinating methods created and used.txt","manualNotesFileName":"C:/work/comp401grader/Grader/Comp401AllChecks/Test Data/Comp401F16/Assignment12/Correct, Stub(stubs)/Feedback Attachment(s)/ManualNotes-Lockstep and coordinating methods created and used.txt","autoNotesFileName":"C:/work/comp401grader/Grader/Comp401AllChecks/Test Data/Comp401F16/Assignment12/Correct, Stub(stubs)/Feedback Attachment(s)/AutoNotes-Lockstep and coordinating methods created and used.txt","outputFiles":null,"inputFiles":[],"linkedFeature":null,"manualNotes":"","autoNotes":"  -- expectedDeclaredSignatures: (CommandInterpreter.java:31) In type CommandInterpreter, missing declared signature: @lockstepArthur:->void//EC\n\n  -- expectedDeclaredSignatures: (CommandInterpreter.java:31) In type CommandInterpreter, missing declared signature: @lockstepGalahad:->void//EC\n\n  -- expectedDeclaredSignatures: (CommandInterpreter.java:31) In type CommandInterpreter, missing declared signature: @lockstepLancelot:->void//EC\n\n  -- expectedDeclaredSignatures: (CommandInterpreter.java:31) In type CommandInterpreter, missing declared signature: @lockstepRobin:->void//EC\n\n  -- CoordinatedAnimationCommand not found by checkstyle\n  -- CoordinatedAnimationCommand not found by checkstyle\n  -- src\\grail\\animations\\LockstepAnimatingCommand.java:1: warning: missingMethodCall: (LockstepAnimatingCommand.java:1) has not made expected call (.*)!waitForProceed:->void\n\n  -- expectedDeclaredSignatures: (CommandInterpreter.java:31) In type CommandInterpreter, missing declared signature: @lockstepGuard:->void//EC\n\n  -- src\\grail\\animations\\Animator.java:1: warning: missingMethodCall: (Animator.java:1) has not made expected call (.*)!sleep:long->void\nsrc\\grail\\animations\\SleepBasedAnimator.java:1: warning: missingMethodCall: (SleepBasedAnimator.java:1) has not made expected call (.*)!sleep:long->void\n\n  -- src\\grail\\animations\\ClapLockstepCommand.java:1: warning: missingMethodCall: (ClapLockstepCommand.java:1) has not made expected call @CoordinatingAnimator!@animateAvatar:@Avatar->void\n\n  -- src\\main\\Assignment12.java:1: warning: missingMethodCall: (Assignment12.java:1) has not made expected call (.*)!@lockstep(.*):->void//EC\n\n","resultFormat":"Lockstep and coordinating methods created and used     %.1f / 14.0","output":"*****************************(Lockstep and coordinating methods created and used)*****************************\n### CommandInterpreter!@lockstepArthur:->void//EC: 0.0\n### CommandInterpreter!@lockstepGalahad:->void//EC: 0.0\n### CommandInterpreter!@lockstepLancelot:->void//EC: 0.0\n### CommandInterpreter!@lockstepRobin:->void//EC: 0.0\n### CoordinatedAnimationCommand!:@CoordinatedAnimator;@Avatar: 0.0\n### CoordinatedAnimationCommand!:@CoordinatedAnimator:*->void: 0.0\n### CoordinatedAnimator!(.*)!waitForProceed:->void: 0.0\n### CommandInterpreter!@lockstepGuard:->void//EC: 0.0\n### CoordinatingAnimator!@animateAvatar:@Avatar->void: 1.0\n### CoordinatingAnimator!(.*)!sleep:long->void: 0.0\n### CoordinatingAnimator!(.*)!proceedAll:->void: 1.0\n### CoordinatingAnimatingCommand!:@CoordinatingAnimator;@Avatar: 1.0\n### CoordinatingAnimatingCommand!@CoordinatingAnimator!@animateAvatar:@Avatar->void: 0.0\n### main.Assignment12!(.*)!@lockstep(.*):->void//EC: 0.0\n","feature":{"manual":false,"extraCredit":false,"name":"Lockstep and coordinating methods created and used","points":14.0,"permissions":[{"name":".","actions":"read,write"}],"summary":"Lockstep and coordinating methods created and used     %.1f / 14.0"},"validate":false,"selected":false,"resultFileName":"C:/work/comp401grader/Grader/Comp401AllChecks/Test Data/Comp401F16/Assignment12/Correct, Stub(stubs)/Feedback Attachment(s)/Results-Lockstep and coordinating methods created and used.txt","autoNotGraded":false,"partialCredit":true,"restriction":false,"manualOverride":true,"fullCredit":false,"manual":false,"max":14.0,"manualWithNotFullCredit":false,"autoWithNotFullCredit":true},{"featureName":"Methods and classes for extended grammar created","score":0.0,"graded":true,"autoGradable":true,"extraCredit":false,"featureChecker":{"overridable":false},"feedbackFileName":"C:/work/comp401grader/Grader/Comp401AllChecks/Test Data/Comp401F16/Assignment12/Correct, Stub(stubs)/Feedback Attachment(s)/Methods and classes for extended grammar created.txt","manualNotesFileName":"C:/work/comp401grader/Grader/Comp401AllChecks/Test Data/Comp401F16/Assignment12/Correct, Stub(stubs)/Feedback Attachment(s)/ManualNotes-Methods and classes for extended grammar created.txt","autoNotesFileName":"C:/work/comp401grader/Grader/Comp401AllChecks/Test Data/Comp401F16/Assignment12/Correct, Stub(stubs)/Feedback Attachment(s)/AutoNotes-Methods and classes for extended grammar created.txt","outputFiles":null,"inputFiles":[],"linkedFeature":null,"manualNotes":"","autoNotes":"  -- expectedDeclaredSignatures: (SingletonsCreator.java:33) In type SingletonsCreator, missing declared signature: @environmentFactoryMethod:->@Table\n\n  -- src\\grail\\scanner\\commands\\DefineCommand.java:1: warning: missingMethodCall: (DefineCommand.java:1) has not made expected call @SingletonsCreator!@environmentFactoryMethod:->@Table\n\n  -- src\\grail\\scanner\\commands\\CallCommand.java:1: warning: missingMethodCall: (CallCommand.java:1) has not made expected call @SingletonsCreator!@environmentFactoryMethod:->@Table\n\n  -- expectedConstructors: (RotateLeftArmCommand.java:7) In type RotateLeftArmCommand, missing constructor: :@Avatar; int\n\n  -- expectedConstructors: (RotateRightArmCommand.java:7) In type RotateRightArmCommand, missing constructor: :@Avatar; int\n\n  -- expectedConstructors: (SleepCommand.java:8) In type SleepCommand, missing constructor: :long\n\n  -- expectedConstructors: (CallCommand.java:9) In type CallCommand, missing constructor: :String\n\n  -- expectedConstructors: (ThreadCommand.java:13) In type ThreadCommand, missing constructor: :String\n\n  -- src\\grail\\scanner\\commands\\SleepCommand.java:1: warning: missingMethodCall: (SleepCommand.java:1) has not made expected call (.*)!sleep:long->void\n\n  -- src\\grail\\scanner\\commands\\DefineCommand.java:1: warning: missingMethodCall: (DefineCommand.java:1) has not made expected call (.*)!put:Object;Object->*\n\n  -- src\\grail\\scanner\\commands\\CallCommand.java:1: warning: missingMethodCall: (CallCommand.java:1) has not made expected call (.*)!get:Object->Object\n\n  -- src\\grail\\scanner\\commands\\CallCommand.java:1: warning: missingMethodCall: (CallCommand.java:1) has not made expected call Runnable!run:->void\n\n  -- src\\grail\\scanner\\commands\\ThreadCommand.java:1: warning: missingMethodCall: (ThreadCommand.java:1) has not made expected call (.*)!get:Object->Object\n\n  -- src\\grail\\scanner\\commands\\ThreadCommand.java:1: warning: missingMethodCall: (ThreadCommand.java:1) has not made expected call Thread!start:->void\n\n  -- src\\grail\\scanner\\commands\\ProceedAllCommand.java:1: warning: missingMethodCall: (ProceedAllCommand.java:1) has not made expected call (.*)!proceedAll:->void\n\n  -- Class matching RotateLeftArmCommand not instantiated in Parser\n  -- Class matching RotateRightArmCommand not instantiated in Parser\n  -- Class matching SleepCommand not instantiated in Parser\n  -- Class matching DefineCommand not instantiated in Parser\n  -- Class matching CallCommand not instantiated in Parser\n  -- Class matching ThreadCommand not instantiated in Parser\n  -- Class matching ProceedAllCommand not instantiated in Parser\n  -- expectedDeclaredSignatures: (Parser.java:65) In type Parser, missing declared signature: @parseRotateLeftArmCommand:*->Runnable//EC\n\n  -- expectedDeclaredSignatures: (Parser.java:65) In type Parser, missing declared signature: @parseRotateRightArmCommand:*->Runnable//EC\n\n  -- expectedDeclaredSignatures: (Parser.java:65) In type Parser, missing declared signature: @parseDefineCommand:*->Runnable//EC\n\n  -- expectedDeclaredSignatures: (Parser.java:65) In type Parser, missing declared signature: @parseCallCommand:*->Runnable//EC\n\n  -- expectedDeclaredSignatures: (Parser.java:65) In type Parser, missing declared signature: @parseThreadCommand:*->Runnable//EC\n\n  -- expectedDeclaredSignatures: (Parser.java:65) In type Parser, missing declared signature: @parseProceedAllCommand:*->Runnable//EC\n\n  -- src\\grail\\scanner\\Parser.java:1: warning: missingMethodCall: (Parser.java:1) has not made expected call @parseRotateLeftArmCommand:*->Runnable//EC\n\n  -- src\\grail\\scanner\\Parser.java:1: warning: missingMethodCall: (Parser.java:1) has not made expected call @parseRotateRightArmCommand:*->Runnable//EC\n\n  -- src\\grail\\scanner\\Parser.java:1: warning: missingMethodCall: (Parser.java:1) has not made expected call @parseSleepCommand:*->Runnable//EC\n\n  -- src\\grail\\scanner\\Parser.java:1: warning: missingMethodCall: (Parser.java:1) has not made expected call @parseDefineCommand:*->Runnable//EC\n\n  -- src\\grail\\scanner\\Parser.java:1: warning: missingMethodCall: (Parser.java:1) has not made expected call @parseCallCommand:*->Runnable//EC\n\n  -- src\\grail\\scanner\\Parser.java:1: warning: missingMethodCall: (Parser.java:1) has not made expected call @parseThreadCommand:*->Runnable//EC\n\n  -- src\\grail\\scanner\\Parser.java:1: warning: missingMethodCall: (Parser.java:1) has not made expected call @parseProceedAllCommand:*->Runnable//EC\n\n  -- src\\main\\Assignment12.java:1: warning: missingMethodCall: (Assignment12.java:1) has not made expected call (.*)!setCommand:String->*\n\n  -- src\\main\\Assignment12.java:1: warning: missingMethodCall: (Assignment12.java:1) has not made expected call (.*)!waitForProceed:->void\n\n","resultFormat":"Methods and classes for extended grammar created       %.1f / 21.0","output":"*****************************(Methods and classes for extended grammar created)*****************************\n### SingletonsCreator!@environmentFactoryMethod:->@Table: 0.0\n### DefineCommand!@SingletonsCreator!@environmentFactoryMethod:->@Table: 0.0\n### CallCommand!@SingletonsCreator!@environmentFactoryMethod:->@Table: 0.0\n### RotateLeftArmCommand!:@Avatar; int: 0.0\n### RotateRightArmCommand!:@Avatar; int: 0.0\n### SleepCommand!:long: 0.0\n### CallCommand!:String: 0.0\n### ThreadCommand!:String: 0.0\n### SleepCommand!(.*)!sleep:long->void: 0.0\n### DefineCommand!(.*)!put:Object;Object->*: 0.0\n### CallCommand!(.*)!get:Object->Object: 0.0\n### CallCommand!Runnable!run:->void: 0.0\n### ThreadCommand!(.*)!get:Object->Object: 0.0\n### ThreadCommand!Thread!start:->void: 0.0\n### ProceedAllCommand!(.*)!proceedAll:->void: 0.0\n### Parser!RotateLeftArmCommand: 0.0\n### Parser!RotateRightArmCommand: 0.0\n### Parser!SleepCommand: 0.0\n### Parser!DefineCommand: 0.0\n### Parser!CallCommand: 0.0\n### Parser!ThreadCommand: 0.0\n### Parser!ProceedAllCommand: 0.0\n### Parser!@parseRotateLeftArmCommand:*->Runnable: 0.0\n### Parser!@parseRotateRightArmCommand:*->Runnable: 0.0\n### Parser!@parseDefineCommand:*->Runnable: 0.0\n### Parser!@parseCallCommand:*->Runnable: 0.0\n### Parser!@parseThreadCommand:*->Runnable: 0.0\n### Parser!@parseProceedAllCommand:*->Runnable: 0.0\n### Parser!@parseRotateLeftArmCommand:*->Runnable: 0.0\n### Parser!@parseRotateRightArmCommand:*->Runnable: 0.0\n### Parser!@parseSleepCommand:*->Runnable: 0.0\n### Parser!@parseDefineCommand:*->Runnable: 0.0\n### Parser!@parseCallCommand:*->Runnable: 0.0\n### Parser!@parseThreadCommand:*->Runnable: 0.0\n### Parser!@parseProceedAllCommand:*->Runnable: 0.0\n### main.Assignment12!(.*)!setCommand:String->*: 0.0\n### main.Assignment12!(.*)!waitForProceed:->void: 0.0\n","feature":{"manual":false,"extraCredit":false,"name":"Methods and classes for extended grammar created","points":21.0,"permissions":[{"name":".","actions":"read,write"}],"summary":"Methods and classes for extended grammar created       %.1f / 21.0"},"validate":false,"selected":false,"resultFileName":"C:/work/comp401grader/Grader/Comp401AllChecks/Test Data/Comp401F16/Assignment12/Correct, Stub(stubs)/Feedback Attachment(s)/Results-Methods and classes for extended grammar created.txt","autoNotGraded":false,"partialCredit":false,"restriction":false,"manualOverride":true,"fullCredit":false,"manual":false,"max":21.0,"manualWithNotFullCredit":false,"autoWithNotFullCredit":true},{"featureName":"Exceptions used","score":2.7,"graded":true,"autoGradable":true,"extraCredit":false,"featureChecker":{"overridable":false},"feedbackFileName":"C:/work/comp401grader/Grader/Comp401AllChecks/Test Data/Comp401F16/Assignment12/Correct, Stub(stubs)/Feedback Attachment(s)/Exceptions used.txt","manualNotesFileName":"C:/work/comp401grader/Grader/Comp401AllChecks/Test Data/Comp401F16/Assignment12/Correct, Stub(stubs)/Feedback Attachment(s)/ManualNotes-Exceptions used.txt","autoNotesFileName":"C:/work/comp401grader/Grader/Comp401AllChecks/Test Data/Comp401F16/Assignment12/Correct, Stub(stubs)/Feedback Attachment(s)/AutoNotes-Exceptions used.txt","outputFiles":null,"inputFiles":[],"linkedFeature":null,"manualNotes":"","autoNotes":"  -- Class matching ScanningException not instantiated in ScannerBean\n  -- Class matching ParsingException not instantiated in Parser\n  -- src\\grail\\scanner\\Parser.java:1: warning: missingMethodCall: (Parser.java:1) has not made expected call @ScanningException!getMessage:->String\n\n  -- src\\grail\\scanner\\Parser.java:1: warning: missingMethodCall: (Parser.java:1) has not made expected call @ParsingException!getMessage:->String\n\n","resultFormat":"Exceptions used                                        %.1f /  8.0","output":"*****************************(Exceptions used)*****************************\n### ScanningException defined: 1.0\n### ParsingException defined: 1.0\n### ScannerBean!ScanningException: 0.0\n### Parser!ParsingException: 0.0\n### Parser!@ScanningException!getMessage:->String: 0.0\n### Parser!@ParsingException!getMessage:->String: 0.0\n","feature":{"manual":false,"extraCredit":false,"name":"Exceptions used","points":8.0,"permissions":[{"name":".","actions":"read,write"}],"summary":"Exceptions used                                        %.1f /  8.0"},"validate":false,"selected":false,"resultFileName":"C:/work/comp401grader/Grader/Comp401AllChecks/Test Data/Comp401F16/Assignment12/Correct, Stub(stubs)/Feedback Attachment(s)/Results-Exceptions used.txt","autoNotGraded":false,"partialCredit":true,"restriction":false,"manualOverride":true,"fullCredit":false,"manual":false,"max":8.0,"manualWithNotFullCredit":false,"autoWithNotFullCredit":true},{"featureName":"Custom text field color","score":3.0,"graded":true,"autoGradable":true,"extraCredit":false,"featureChecker":{"overridable":false},"feedbackFileName":"C:/work/comp401grader/Grader/Comp401AllChecks/Test Data/Comp401F16/Assignment12/Correct, Stub(stubs)/Feedback Attachment(s)/Custom text field color.txt","manualNotesFileName":"C:/work/comp401grader/Grader/Comp401AllChecks/Test Data/Comp401F16/Assignment12/Correct, Stub(stubs)/Feedback Attachment(s)/ManualNotes-Custom text field color.txt","autoNotesFileName":"C:/work/comp401grader/Grader/Comp401AllChecks/Test Data/Comp401F16/Assignment12/Correct, Stub(stubs)/Feedback Attachment(s)/AutoNotes-Custom text field color.txt","outputFiles":null,"inputFiles":[],"linkedFeature":null,"manualNotes":"","autoNotes":"  -- Class matching JTextField not instantiated in CustomSwingTextFieldFactory\n  -- src\\grail\\mvc\\view\\CustomSwingTextFieldFactory.java:1: warning: missingMethodCall: (CustomSwingTextFieldFactory.java:1) has not made expected call JTextField!setBackground:*->void\n\n  -- src\\grail\\mvc\\view\\CustomSwingTextFieldFactory.java:1: warning: missingMethodCall: (CustomSwingTextFieldFactory.java:1) has not made expected call JTextField!setForeground:*->void\n\n","resultFormat":"Custom text field color                                %.1f /  6.0","output":"*****************************(Custom text field color)*****************************\n### CustomSwingTextFieldFactory defined: 1.0\n### CustomSwingTextFieldFactory!JTextField: 0.0\n### CustomSwingTextFieldFactory!JTextField!setBackground:*->void: 0.0\n### CustomSwingTextFieldFactory!JTextField!setForeground:*->void: 0.0\n### main.Assignment12!TextFieldSelector!setTextFieldFactory:TextFieldFactory->void: 1.0\n### main.Assignment12!ObjectEditor!initialize:->void: 1.0\n","feature":{"manual":false,"extraCredit":false,"name":"Custom text field color","points":6.0,"permissions":[{"name":".","actions":"read,write"}],"summary":"Custom text field color                                %.1f /  6.0"},"validate":false,"selected":false,"resultFileName":"C:/work/comp401grader/Grader/Comp401AllChecks/Test Data/Comp401F16/Assignment12/Correct, Stub(stubs)/Feedback Attachment(s)/Results-Custom text field color.txt","autoNotGraded":false,"partialCredit":true,"restriction":false,"manualOverride":true,"fullCredit":false,"manual":false,"max":6.0,"manualWithNotFullCredit":false,"autoWithNotFullCredit":true},{"featureName":"Undo and redo commands created","score":2.3,"graded":true,"autoGradable":true,"extraCredit":false,"featureChecker":{"overridable":false},"feedbackFileName":"C:/work/comp401grader/Grader/Comp401AllChecks/Test Data/Comp401F16/Assignment12/Correct, Stub(stubs)/Feedback Attachment(s)/Undo and redo commands created.txt","manualNotesFileName":"C:/work/comp401grader/Grader/Comp401AllChecks/Test Data/Comp401F16/Assignment12/Correct, Stub(stubs)/Feedback Attachment(s)/ManualNotes-Undo and redo commands created.txt","autoNotesFileName":"C:/work/comp401grader/Grader/Comp401AllChecks/Test Data/Comp401F16/Assignment12/Correct, Stub(stubs)/Feedback Attachment(s)/AutoNotes-Undo and redo commands created.txt","outputFiles":null,"inputFiles":[],"linkedFeature":null,"manualNotes":"","autoNotes":"  -- Class matching UndoCommand not instantiated in Parser\n  -- Class matching RedoCommand not instantiated in Parser\n  -- expectedDeclaredSignatures: (Parser.java:65) In type Parser, missing declared signature: @parseUndoCommand:*->Runnable//EC\n\n  -- expectedDeclaredSignatures: (Parser.java:65) In type Parser, missing declared signature: @parseRedoCommand:*->Runnable//EC\n\n","resultFormat":"Undo and redo commands created                         %.1f /  7.0","output":"*****************************(Undo and redo commands created)*****************************\n### Parser!UndoCommand: 0.0\n### Parser!RedoCommand: 0.0\n### UndoCommand!*!undo->void: 1.0\n### RedoCommand!*!redo:->void: 1.0\n### Parser!@parseUndoCommand:*->Runnable: 0.0\n### Parser!@parseRedoCommand:*->Runnable: 0.0\n","feature":{"manual":false,"extraCredit":false,"name":"Undo and redo commands created","points":7.0,"permissions":[{"name":".","actions":"read,write"}],"summary":"Undo and redo commands created                         %.1f /  7.0"},"validate":false,"selected":false,"resultFileName":"C:/work/comp401grader/Grader/Comp401AllChecks/Test Data/Comp401F16/Assignment12/Correct, Stub(stubs)/Feedback Attachment(s)/Results-Undo and redo commands created.txt","autoNotGraded":false,"partialCredit":true,"restriction":false,"manualOverride":true,"fullCredit":false,"manual":false,"max":7.0,"manualWithNotFullCredit":false,"autoWithNotFullCredit":true},{"featureName":"4 animations wait until press of proceedAll","score":0.0,"graded":false,"autoGradable":false,"extraCredit":false,"featureChecker":{"overridable":false},"feedbackFileName":"C:/work/comp401grader/Grader/Comp401AllChecks/Test Data/Comp401F16/Assignment12/Correct, Stub(stubs)/Feedback Attachment(s)/4 animations wait until press of proceedAll.txt","manualNotesFileName":"C:/work/comp401grader/Grader/Comp401AllChecks/Test Data/Comp401F16/Assignment12/Correct, Stub(stubs)/Feedback Attachment(s)/ManualNotes-4 animations wait until press of proceedAll.txt","autoNotesFileName":"C:/work/comp401grader/Grader/Comp401AllChecks/Test Data/Comp401F16/Assignment12/Correct, Stub(stubs)/Feedback Attachment(s)/AutoNotes-4 animations wait until press of proceedAll.txt","outputFiles":null,"inputFiles":[],"linkedFeature":null,"manualNotes":"","autoNotes":"","resultFormat":"4 animations wait until press of proceedAll            %.1f / 10.0","output":"","feature":{"manual":true,"extraCredit":false,"name":"4 animations wait until press of proceedAll","points":10.0,"permissions":[{"name":".","actions":"read,write"}],"summary":"4 animations wait until press of proceedAll            %.1f / 10.0"},"validate":false,"selected":false,"resultFileName":"C:/work/comp401grader/Grader/Comp401AllChecks/Test Data/Comp401F16/Assignment12/Correct, Stub(stubs)/Feedback Attachment(s)/Results-4 animations wait until press of proceedAll.txt","autoNotGraded":false,"partialCredit":false,"restriction":false,"manualOverride":false,"fullCredit":false,"manual":true,"max":10.0,"manualWithNotFullCredit":true,"autoWithNotFullCredit":false},{"featureName":"Lockstep animations work","score":0.0,"graded":false,"autoGradable":false,"extraCredit":true,"featureChecker":{"overridable":false},"feedbackFileName":"C:/work/comp401grader/Grader/Comp401AllChecks/Test Data/Comp401F16/Assignment12/Correct, Stub(stubs)/Feedback Attachment(s)/Lockstep animations work.txt","manualNotesFileName":"C:/work/comp401grader/Grader/Comp401AllChecks/Test Data/Comp401F16/Assignment12/Correct, Stub(stubs)/Feedback Attachment(s)/ManualNotes-Lockstep animations work.txt","autoNotesFileName":"C:/work/comp401grader/Grader/Comp401AllChecks/Test Data/Comp401F16/Assignment12/Correct, Stub(stubs)/Feedback Attachment(s)/AutoNotes-Lockstep animations work.txt","outputFiles":null,"inputFiles":[],"linkedFeature":null,"manualNotes":"","autoNotes":"","resultFormat":"Lockstep animations work                               %.1f / 10.0 (Extra credit)","output":"","feature":{"manual":true,"extraCredit":true,"name":"Lockstep animations work","points":10.0,"permissions":[{"name":".","actions":"read,write"}],"summary":"Lockstep animations work                               %.1f / 10.0 (Extra credit)"},"validate":false,"selected":false,"resultFileName":"C:/work/comp401grader/Grader/Comp401AllChecks/Test Data/Comp401F16/Assignment12/Correct, Stub(stubs)/Feedback Attachment(s)/Results-Lockstep animations work.txt","autoNotGraded":false,"partialCredit":false,"restriction":false,"manualOverride":false,"fullCredit":false,"manual":true,"max":10.0,"manualWithNotFullCredit":true,"autoWithNotFullCredit":false},{"featureName":"New commands showcased (3 points each)","score":0.0,"graded":false,"autoGradable":false,"extraCredit":false,"featureChecker":{"overridable":false},"feedbackFileName":"C:/work/comp401grader/Grader/Comp401AllChecks/Test Data/Comp401F16/Assignment12/Correct, Stub(stubs)/Feedback Attachment(s)/New commands showcased (3 points each).txt","manualNotesFileName":"C:/work/comp401grader/Grader/Comp401AllChecks/Test Data/Comp401F16/Assignment12/Correct, Stub(stubs)/Feedback Attachment(s)/ManualNotes-New commands showcased (3 points each).txt","autoNotesFileName":"C:/work/comp401grader/Grader/Comp401AllChecks/Test Data/Comp401F16/Assignment12/Correct, Stub(stubs)/Feedback Attachment(s)/AutoNotes-New commands showcased (3 points each).txt","outputFiles":null,"inputFiles":[],"linkedFeature":null,"manualNotes":"","autoNotes":"","resultFormat":"New commands showcased (3 points each)                 %.1f / 27.0","output":"","feature":{"manual":true,"extraCredit":false,"name":"New commands showcased (3 points each)","points":27.0,"permissions":[{"name":".","actions":"read,write"}],"summary":"New commands showcased (3 points each)                 %.1f / 27.0"},"validate":false,"selected":false,"resultFileName":"C:/work/comp401grader/Grader/Comp401AllChecks/Test Data/Comp401F16/Assignment12/Correct, Stub(stubs)/Feedback Attachment(s)/Results-New commands showcased (3 points each).txt","autoNotGraded":false,"partialCredit":false,"restriction":false,"manualOverride":false,"fullCredit":false,"manual":true,"max":27.0,"manualWithNotFullCredit":true,"autoWithNotFullCredit":false},{"featureName":"Interactive Run","score":-5.0,"graded":true,"autoGradable":true,"extraCredit":false,"featureChecker":{"overridable":false},"feedbackFileName":"C:/work/comp401grader/Grader/Comp401AllChecks/Test Data/Comp401F16/Assignment12/Correct, Stub(stubs)/Feedback Attachment(s)/Interactive Run.txt","manualNotesFileName":"C:/work/comp401grader/Grader/Comp401AllChecks/Test Data/Comp401F16/Assignment12/Correct, Stub(stubs)/Feedback Attachment(s)/ManualNotes-Interactive Run.txt","autoNotesFileName":"C:/work/comp401grader/Grader/Comp401AllChecks/Test Data/Comp401F16/Assignment12/Correct, Stub(stubs)/Feedback Attachment(s)/AutoNotes-Interactive Run.txt","outputFiles":null,"inputFiles":[],"linkedFeature":null,"manualNotes":"","autoNotes":"","resultFormat":"Interactive Run                             %.1f /  -5.0","output":"","feature":{"manual":true,"extraCredit":false,"name":"Interactive Run","points":-5.0,"permissions":[{"name":".","actions":"read,write"}],"summary":"Interactive Run                             %.1f /  -5.0"},"validate":false,"selected":false,"resultFileName":"C:/work/comp401grader/Grader/Comp401AllChecks/Test Data/Comp401F16/Assignment12/Correct, Stub(stubs)/Feedback Attachment(s)/Results-Interactive Run.txt","autoNotGraded":false,"partialCredit":false,"restriction":true,"manualOverride":true,"fullCredit":false,"manual":false,"max":-5.0,"manualWithNotFullCredit":false,"autoWithNotFullCredit":true},{"featureName":"Illegal import or call","score":-25.0,"graded":true,"autoGradable":true,"extraCredit":false,"featureChecker":{"overridable":false},"feedbackFileName":"C:/work/comp401grader/Grader/Comp401AllChecks/Test Data/Comp401F16/Assignment12/Correct, Stub(stubs)/Feedback Attachment(s)/Illegal import or call.txt","manualNotesFileName":"C:/work/comp401grader/Grader/Comp401AllChecks/Test Data/Comp401F16/Assignment12/Correct, Stub(stubs)/Feedback Attachment(s)/ManualNotes-Illegal import or call.txt","autoNotesFileName":"C:/work/comp401grader/Grader/Comp401AllChecks/Test Data/Comp401F16/Assignment12/Correct, Stub(stubs)/Feedback Attachment(s)/AutoNotes-Illegal import or call.txt","outputFiles":null,"inputFiles":[],"linkedFeature":null,"manualNotes":"","autoNotes":"  -- Illegal type or call in:\nillegalTypeImported: (Parser.java:3) Used disallowed class java.text.ParseException \nillegalTypeImported: (Parser.java:4) Used disallowed class java.util.HashSet \nillegalTypeImported: (Parser.java:5) Used disallowed class java.util.Set \nillegalTypeImported: (ParsingException.java:4) Used disallowed class java.text.ParseException \n\n","resultFormat":"Illegal import or call                      %.1f /  -25.0","output":"","feature":{"manual":false,"extraCredit":false,"name":"Illegal import or call","points":-25.0,"permissions":[{"name":".","actions":"read,write"}],"summary":"Illegal import or call                      %.1f /  -25.0"},"validate":false,"selected":false,"resultFileName":"C:/work/comp401grader/Grader/Comp401AllChecks/Test Data/Comp401F16/Assignment12/Correct, Stub(stubs)/Feedback Attachment(s)/Results-Illegal import or call.txt","autoNotGraded":false,"partialCredit":false,"restriction":true,"manualOverride":true,"fullCredit":false,"manual":false,"max":-25.0,"manualWithNotFullCredit":false,"autoWithNotFullCredit":true}],"sourceCodeTAComments":""}