{"userId":"Test, Student(tstudent)","featureResults":[{"score":20.0,"results":[{"notes":"Incorrect output%0.0","percentage":0.0,"name":"gradingTools.comp401f16.assignment1.testcases.MultipleTokensOutputTest","pass":false,"partialPass":false,"fail":true,"autoGraded":true},{"notes":"","percentage":1.0,"name":"gradingTools.comp401f16.assignment1.testcases.MultipleTokenSumTest","pass":true,"partialPass":false,"fail":false,"autoGraded":true},{"notes":"","percentage":1.0,"name":"gradingTools.comp401f16.assignment1.testcases.MultipleTokenProductTest","pass":true,"partialPass":false,"fail":false,"autoGraded":true}],"notes":"","target":{"manual":false,"extraCredit":false,"name":"MultipleTokenSuite:Can process multiple tokens","points":30.0,"permissions":[{"name":".","actions":"read,write"}],"summary":"MultipleTokenSuite:Can process multiple tokens         %.1f / 30.0"},"autoNotes":"","message":"gradingTools.comp401f16.assignment1.testcases.MultipleTokensOutputTest: 0.0% \n  -- Incorrect output%0.0\ngradingTools.comp401f16.assignment1.testcases.MultipleTokenSumTest: 100.0% \ngradingTools.comp401f16.assignment1.testcases.MultipleTokenProductTest: 100.0% \n","summary":"Notes about MultipleTokenSuite:Can process multiple tokens:\n * From test case \"gradingTools.comp401f16.assignment1.testcases.MultipleTokensOutputTest\": Incorrect output%0.0"},{"score":0.0,"results":[{"notes":"Incorrect output%0.0","percentage":0.0,"name":"gradingTools.comp401f16.assignment1.testcases.InvalidCharacterOutputTest","pass":false,"partialPass":false,"fail":true,"autoGraded":true},{"notes":"Incorrect output%0.0","percentage":0.0,"name":"gradingTools.comp401f16.assignment1.testcases.InvalidCharacterSumTest","pass":false,"partialPass":false,"fail":true,"autoGraded":true},{"notes":"Incorrect output%0.0","percentage":0.0,"name":"gradingTools.comp401f16.assignment1.testcases.InvalidCharacterProductTest","pass":false,"partialPass":false,"fail":true,"autoGraded":true}],"notes":"","target":{"manual":false,"extraCredit":true,"name":"InvalidCharacterSuite:Handles Invalid Characters","points":5.0,"permissions":[{"name":".","actions":"read,write"}],"summary":"InvalidCharacterSuite:Handles Invalid Characters       %.1f /  5.0 (Extra credit)"},"autoNotes":"","message":"gradingTools.comp401f16.assignment1.testcases.InvalidCharacterOutputTest: 0.0% \n  -- Incorrect output%0.0\ngradingTools.comp401f16.assignment1.testcases.InvalidCharacterSumTest: 0.0% \n  -- Incorrect output%0.0\ngradingTools.comp401f16.assignment1.testcases.InvalidCharacterProductTest: 0.0% \n  -- Incorrect output%0.0\n","summary":"Notes about InvalidCharacterSuite:Handles Invalid Characters:\n * From test case \"gradingTools.comp401f16.assignment1.testcases.InvalidCharacterOutputTest\": Incorrect output%0.0\n * From test case \"gradingTools.comp401f16.assignment1.testcases.InvalidCharacterSumTest\": Incorrect output%0.0\n * From test case \"gradingTools.comp401f16.assignment1.testcases.InvalidCharacterProductTest\": Incorrect output%0.0"},{"score":3.3,"results":[{"notes":"Incorrect output%0.0","percentage":0.0,"name":"gradingTools.comp401f16.assignment1.testcases.TerminatesWithStartingPeriodOutputTest","pass":false,"partialPass":false,"fail":true,"autoGraded":true},{"notes":"","percentage":1.0,"name":"gradingTools.comp401f16.assignment1.testcases.TerminatesWithStartingPeriodSumTest","pass":true,"partialPass":false,"fail":false,"autoGraded":true},{"notes":"","percentage":1.0,"name":"gradingTools.comp401f16.assignment1.testcases.TerminatesWithStartingPeriodProductTest","pass":true,"partialPass":false,"fail":false,"autoGraded":true}],"notes":"","target":{"manual":false,"extraCredit":false,"name":"TerminatesWithStartingPeriodSuite:Terminating period forms complete line","points":5.0,"permissions":[{"name":".","actions":"read,write"}],"summary":"TerminatesWithStartingPeriodSuite:Terminating period forms complete line %.1f /  5.0"},"autoNotes":"","message":"gradingTools.comp401f16.assignment1.testcases.TerminatesWithStartingPeriodOutputTest: 0.0% \n  -- Incorrect output%0.0\ngradingTools.comp401f16.assignment1.testcases.TerminatesWithStartingPeriodSumTest: 100.0% \ngradingTools.comp401f16.assignment1.testcases.TerminatesWithStartingPeriodProductTest: 100.0% \n","summary":"Notes about TerminatesWithStartingPeriodSuite:Terminating period forms complete line:\n * From test case \"gradingTools.comp401f16.assignment1.testcases.TerminatesWithStartingPeriodOutputTest\": Incorrect output%0.0"},{"score":0.0,"results":[{"notes":"Did not find a class in:[ScanningIterator, main.Assignment1]%Did not find a class in:[ScanningIterator, main.Assignment1]","percentage":0.0,"name":"gradingTools.comp401f16.assignment1.testcases.IndexOfTest","pass":false,"partialPass":false,"fail":true,"autoGraded":true},{"notes":"Did not find a class in:[ScanningIterator, main.Assignment1]%Did not find a class in:[ScanningIterator, main.Assignment1]","percentage":0.0,"name":"gradingTools.comp401f16.assignment1.testcases.IndexOfTestCharacterNotFound","pass":false,"partialPass":false,"fail":true,"autoGraded":true},{"notes":"Did not find a class in:[ScanningIterator, main.Assignment1]%Did not find a class in:[ScanningIterator, main.Assignment1]","percentage":0.0,"name":"gradingTools.comp401f16.assignment1.testcases.IndexOfTestFirstSpace","pass":false,"partialPass":false,"fail":true,"autoGraded":true},{"notes":"Did not find a class in:[ScanningIterator, main.Assignment1]%Did not find a class in:[ScanningIterator, main.Assignment1]","percentage":0.0,"name":"gradingTools.comp401f16.assignment1.testcases.IndexOfTestNonSpaceAtEnd","pass":false,"partialPass":false,"fail":true,"autoGraded":true},{"notes":"Did not find a class in:[ScanningIterator, main.Assignment1]%Did not find a class in:[ScanningIterator, main.Assignment1]","percentage":0.0,"name":"gradingTools.comp401f16.assignment1.testcases.IndexOfTestNonSpaceStartAt","pass":false,"partialPass":false,"fail":true,"autoGraded":true},{"notes":"Did not find a class in:[ScanningIterator, main.Assignment1]%Did not find a class in:[ScanningIterator, main.Assignment1]","percentage":0.0,"name":"gradingTools.comp401f16.assignment1.testcases.IndexOfTestSecondSpace","pass":false,"partialPass":false,"fail":true,"autoGraded":true},{"notes":"Did not find a class in:[ScanningIterator, main.Assignment1]%Did not find a class in:[ScanningIterator, main.Assignment1]","percentage":0.0,"name":"gradingTools.comp401f16.assignment1.testcases.IndexOfTestSpaceSameIndex","pass":false,"partialPass":false,"fail":true,"autoGraded":true}],"notes":"","target":{"manual":false,"extraCredit":false,"name":"IndexOfTestSuite:IndexOf functions correctly","points":18.0,"permissions":[{"name":".","actions":"read,write"}],"summary":"IndexOfTestSuite:IndexOf functions correctly           %.1f / 18.0"},"autoNotes":"","message":"gradingTools.comp401f16.assignment1.testcases.IndexOfTest: 0.0% \n  -- Did not find a class in:[ScanningIterator, main.Assignment1]%Did not find a class in:[ScanningIterator, main.Assignment1]\ngradingTools.comp401f16.assignment1.testcases.IndexOfTestCharacterNotFound: 0.0% \n  -- Did not find a class in:[ScanningIterator, main.Assignment1]%Did not find a class in:[ScanningIterator, main.Assignment1]\ngradingTools.comp401f16.assignment1.testcases.IndexOfTestFirstSpace: 0.0% \n  -- Did not find a class in:[ScanningIterator, main.Assignment1]%Did not find a class in:[ScanningIterator, main.Assignment1]\ngradingTools.comp401f16.assignment1.testcases.IndexOfTestNonSpaceAtEnd: 0.0% \n  -- Did not find a class in:[ScanningIterator, main.Assignment1]%Did not find a class in:[ScanningIterator, main.Assignment1]\ngradingTools.comp401f16.assignment1.testcases.IndexOfTestNonSpaceStartAt: 0.0% \n  -- Did not find a class in:[ScanningIterator, main.Assignment1]%Did not find a class in:[ScanningIterator, main.Assignment1]\ngradingTools.comp401f16.assignment1.testcases.IndexOfTestSecondSpace: 0.0% \n  -- Did not find a class in:[ScanningIterator, main.Assignment1]%Did not find a class in:[ScanningIterator, main.Assignment1]\ngradingTools.comp401f16.assignment1.testcases.IndexOfTestSpaceSameIndex: 0.0% \n  -- Did not find a class in:[ScanningIterator, main.Assignment1]%Did not find a class in:[ScanningIterator, main.Assignment1]\n","summary":"Notes about IndexOfTestSuite:IndexOf functions correctly:\n * From test case \"gradingTools.comp401f16.assignment1.testcases.IndexOfTest\": Did not find a class in:[ScanningIterator, main.Assignment1]%Did not find a class in:[ScanningIterator, main.Assignment1]\n * From test case \"gradingTools.comp401f16.assignment1.testcases.IndexOfTestCharacterNotFound\": Did not find a class in:[ScanningIterator, main.Assignment1]%Did not find a class in:[ScanningIterator, main.Assignment1]\n * From test case \"gradingTools.comp401f16.assignment1.testcases.IndexOfTestFirstSpace\": Did not find a class in:[ScanningIterator, main.Assignment1]%Did not find a class in:[ScanningIterator, main.Assignment1]\n * From test case \"gradingTools.comp401f16.assignment1.testcases.IndexOfTestNonSpaceAtEnd\": Did not find a class in:[ScanningIterator, main.Assignment1]%Did not find a class in:[ScanningIterator, main.Assignment1]\n * From test case \"gradingTools.comp401f16.assignment1.testcases.IndexOfTestNonSpaceStartAt\": Did not find a class in:[ScanningIterator, main.Assignment1]%Did not find a class in:[ScanningIterator, main.Assignment1]\n * From test case \"gradingTools.comp401f16.assignment1.testcases.IndexOfTestSecondSpace\": Did not find a class in:[ScanningIterator, main.Assignment1]%Did not find a class in:[ScanningIterator, main.Assignment1]\n * From test case \"gradingTools.comp401f16.assignment1.testcases.IndexOfTestSpaceSameIndex\": Did not find a class in:[ScanningIterator, main.Assignment1]%Did not find a class in:[ScanningIterator, main.Assignment1]"},{"score":0.0,"results":[{"notes":"Did not find a class in:[(.*)ScanningIterator(.*)]%Did not find a class in:[(.*)ScanningIterator(.*)]","percentage":0.0,"name":"gradingTools.comp401f16.assignment1.testcases.ScanningIteratorTest","pass":false,"partialPass":false,"fail":true,"autoGraded":true}],"notes":"","target":{"manual":false,"extraCredit":true,"name":"ScanningIteratorTest","points":0.0,"permissions":[{"name":".","actions":"read,write"}],"summary":"ScanningIteratorTest                                   %.1f /  0.0 (Extra credit)"},"autoNotes":"","message":"gradingTools.comp401f16.assignment1.testcases.ScanningIteratorTest: 0.0% \n  -- Did not find a class in:[(.*)ScanningIterator(.*)]%Did not find a class in:[(.*)ScanningIterator(.*)]\n","summary":"Notes about ScanningIteratorTest:\n * From test case \"gradingTools.comp401f16.assignment1.testcases.ScanningIteratorTest\": Did not find a class in:[(.*)ScanningIterator(.*)]%Did not find a class in:[(.*)ScanningIterator(.*)]"},{"score":3.3,"results":[{"notes":"Incorrect output%0.0","percentage":0.0,"name":"gradingTools.comp401f16.assignment1.testcases.TerminatesWithPeriodLineOutputTest","pass":false,"partialPass":false,"fail":true,"autoGraded":true},{"notes":"","percentage":1.0,"name":"gradingTools.comp401f16.assignment1.testcases.TerminatesWithPeriodLineSumTest","pass":true,"partialPass":false,"fail":false,"autoGraded":true},{"notes":"","percentage":1.0,"name":"gradingTools.comp401f16.assignment1.testcases.TerminatesWithPeriodLineProductTest","pass":true,"partialPass":false,"fail":false,"autoGraded":true}],"notes":"","target":{"manual":false,"extraCredit":false,"name":"TerminatesWithPeriodLineSuite:Handles Space After Period","points":5.0,"permissions":[{"name":".","actions":"read,write"}],"summary":"TerminatesWithPeriodLineSuite:Handles Space After Period %.1f /  5.0"},"autoNotes":"","message":"gradingTools.comp401f16.assignment1.testcases.TerminatesWithPeriodLineOutputTest: 0.0% \n  -- Incorrect output%0.0\ngradingTools.comp401f16.assignment1.testcases.TerminatesWithPeriodLineSumTest: 100.0% \ngradingTools.comp401f16.assignment1.testcases.TerminatesWithPeriodLineProductTest: 100.0% \n","summary":"Notes about TerminatesWithPeriodLineSuite:Handles Space After Period:\n * From test case \"gradingTools.comp401f16.assignment1.testcases.TerminatesWithPeriodLineOutputTest\": Incorrect output%0.0"},{"score":0.0,"results":[{"notes":"Did not find a class in:[main.Assignment1, (.*)Assignment(.*), ScanningIterator, (.*)ScanningIterator(.*), ScannerBean, (.*)Bean(.*)]%Did not find a class in:[main.Assignment1, (.*)Assignment(.*), ScanningIterator, (.*)ScanningIterator(.*), ScannerBean, (.*)Bean(.*)]","percentage":0.0,"name":"gradingTools.comp401f16.assignment1.testcases.ScanStringTest","pass":false,"partialPass":false,"fail":true,"autoGraded":true}],"notes":"","target":{"manual":false,"extraCredit":false,"name":"ScanStringTest:Scan String Test","points":0.0,"permissions":[{"name":".","actions":"read,write"}],"summary":"ScanStringTest:Scan String Test                        %.1f /  0.0"},"autoNotes":"","message":"gradingTools.comp401f16.assignment1.testcases.ScanStringTest: 0.0% \n  -- Did not find a class in:[main.Assignment1, (.*)Assignment(.*), ScanningIterator, (.*)ScanningIterator(.*), ScannerBean, (.*)Bean(.*)]%Did not find a class in:[main.Assignment1, (.*)Assignment(.*), ScanningIterator, (.*)ScanningIterator(.*), ScannerBean, (.*)Bean(.*)]\n","summary":"Notes about ScanStringTest:Scan String Test:\n * From test case \"gradingTools.comp401f16.assignment1.testcases.ScanStringTest\": Did not find a class in:[main.Assignment1, (.*)Assignment(.*), ScanningIterator, (.*)ScanningIterator(.*), ScannerBean, (.*)Bean(.*)]%Did not find a class in:[main.Assignment1, (.*)Assignment(.*), ScanningIterator, (.*)ScanningIterator(.*), ScannerBean, (.*)Bean(.*)]"},{"score":10.0,"results":[{"notes":"","percentage":1.0,"name":"gradingTools.comp401f16.assignment1.testcases.SingleTokenOutputTest","pass":true,"partialPass":false,"fail":false,"autoGraded":true},{"notes":"","percentage":1.0,"name":"gradingTools.comp401f16.assignment1.testcases.SingleTokenSumTest","pass":true,"partialPass":false,"fail":false,"autoGraded":true},{"notes":"","percentage":1.0,"name":"gradingTools.comp401f16.assignment1.testcases.SingleTokenProductTest","pass":true,"partialPass":false,"fail":false,"autoGraded":true}],"notes":"","target":{"manual":false,"extraCredit":false,"name":"SingleTokenSuite:Can process a single token","points":10.0,"permissions":[{"name":".","actions":"read,write"}],"summary":"SingleTokenSuite:Can process a single token            %.1f / 10.0"},"autoNotes":"","message":"gradingTools.comp401f16.assignment1.testcases.SingleTokenOutputTest: 100.0% \ngradingTools.comp401f16.assignment1.testcases.SingleTokenSumTest: 100.0% \ngradingTools.comp401f16.assignment1.testcases.SingleTokenProductTest: 100.0% \n","summary":""},{"score":0.0,"results":[{"notes":"Incorrect output%0.0","percentage":0.0,"name":"gradingTools.comp401f16.assignment1.testcases.VariableSpaceOutputTest","pass":false,"partialPass":false,"fail":true,"autoGraded":true},{"notes":"Incorrect output%0.0","percentage":0.0,"name":"gradingTools.comp401f16.assignment1.testcases.VariableSpaceSumTest","pass":false,"partialPass":false,"fail":true,"autoGraded":true},{"notes":"Incorrect output%0.0","percentage":0.0,"name":"gradingTools.comp401f16.assignment1.testcases.VariableSpaceProductTest","pass":false,"partialPass":false,"fail":true,"autoGraded":true}],"notes":"","target":{"manual":false,"extraCredit":true,"name":"VariableSpaceSuite:Handles Variable Spaces","points":5.0,"permissions":[{"name":".","actions":"read,write"}],"summary":"VariableSpaceSuite:Handles Variable Spaces             %.1f /  5.0 (Extra credit)"},"autoNotes":"","message":"gradingTools.comp401f16.assignment1.testcases.VariableSpaceOutputTest: 0.0% \n  -- Incorrect output%0.0\ngradingTools.comp401f16.assignment1.testcases.VariableSpaceSumTest: 0.0% \n  -- Incorrect output%0.0\ngradingTools.comp401f16.assignment1.testcases.VariableSpaceProductTest: 0.0% \n  -- Incorrect output%0.0\n","summary":"Notes about VariableSpaceSuite:Handles Variable Spaces:\n * From test case \"gradingTools.comp401f16.assignment1.testcases.VariableSpaceOutputTest\": Incorrect output%0.0\n * From test case \"gradingTools.comp401f16.assignment1.testcases.VariableSpaceSumTest\": Incorrect output%0.0\n * From test case \"gradingTools.comp401f16.assignment1.testcases.VariableSpaceProductTest\": Incorrect output%0.0"},{"score":0.0,"results":[{"notes":"Type main.Assignment1 not defined, cannot check","percentage":0.0,"name":"main.Assignment1!processInput:->void","pass":false,"partialPass":false,"fail":true,"autoGraded":true},{"notes":"Type main.Assignment1 not defined, cannot check","percentage":0.0,"name":"main.Assignment1!indexOf:String;char","pass":false,"partialPass":false,"fail":true,"autoGraded":true},{"notes":"Type main.Assignment1 not defined, cannot check","percentage":0.0,"name":"main.Assignment1!scanString:String->void","pass":false,"partialPass":false,"fail":true,"autoGraded":true}],"notes":"","target":{"manual":false,"extraCredit":false,"name":"Required Methods Called in Main","points":15.0,"permissions":[{"name":".","actions":"read,write"}],"summary":"Required Methods Called in Main                        %.1f / 15.0"},"autoNotes":"","message":"main.Assignment1!processInput:->void: 0.0% \n  -- Type main.Assignment1 not defined, cannot check\nmain.Assignment1!indexOf:String;char: 0.0% \n  -- Type main.Assignment1 not defined, cannot check\nmain.Assignment1!scanString:String->void: 0.0% \n  -- Type main.Assignment1 not defined, cannot check\n","summary":"Notes about Required Methods Called in Main:\n * From test case \"main.Assignment1!processInput:->void\": Type main.Assignment1 not defined, cannot check\n * From test case \"main.Assignment1!indexOf:String;char\": Type main.Assignment1 not defined, cannot check\n * From test case \"main.Assignment1!scanString:String->void\": Type main.Assignment1 not defined, cannot check"},{"score":0.0,"results":[{"notes":"Type ScanningIterator not defined, cannot check","percentage":0.0,"name":"ScanningIterator!indexOf:String;char","pass":false,"partialPass":false,"fail":true,"autoGraded":true}],"notes":"","target":{"manual":false,"extraCredit":false,"name":"Regular Methods Called in Iterator","points":5.0,"permissions":[{"name":".","actions":"read,write"}],"summary":"Regular Methods Called in Iterator                     %.1f /  5.0"},"autoNotes":"","message":"ScanningIterator!indexOf:String;char: 0.0% \n  -- Type ScanningIterator not defined, cannot check\n","summary":"Notes about Regular Methods Called in Iterator:\n * From test case \"ScanningIterator!indexOf:String;char\": Type ScanningIterator not defined, cannot check"},{"score":0.0,"results":[{"notes":"Type main.Assignment1 not defined, cannot check","percentage":0.0,"name":"main.Assignment1!indexOfNot:String;char","pass":false,"partialPass":false,"fail":true,"autoGraded":true}],"notes":"","target":{"manual":false,"extraCredit":true,"name":"Extra Credit Methods Called in Main","points":3.0,"permissions":[{"name":".","actions":"read,write"}],"summary":"Extra Credit Methods Called in Main                    %.1f /  3.0 (Extra credit)"},"autoNotes":"","message":"main.Assignment1!indexOfNot:String;char: 0.0% \n  -- Type main.Assignment1 not defined, cannot check\n","summary":"Notes about Extra Credit Methods Called in Main:\n * From test case \"main.Assignment1!indexOfNot:String;char\": Type main.Assignment1 not defined, cannot check"},{"score":0.0,"results":[{"notes":"Type ScanningIterator not defined, cannot check","percentage":0.0,"name":"ScanningIterator!indexOfNot:String;char","pass":false,"partialPass":false,"fail":true,"autoGraded":true}],"notes":"","target":{"manual":false,"extraCredit":true,"name":"Extra Credit Methods Called in Iterator","points":3.0,"permissions":[{"name":".","actions":"read,write"}],"summary":"Extra Credit Methods Called in Iterator                %.1f /  3.0 (Extra credit)"},"autoNotes":"","message":"ScanningIterator!indexOfNot:String;char: 0.0% \n  -- Type ScanningIterator not defined, cannot check\n","summary":"Notes about Extra Credit Methods Called in Iterator:\n * From test case \"ScanningIterator!indexOfNot:String;char\": Type ScanningIterator not defined, cannot check"},{"score":0.0,"results":[{"notes":"Type main.Assignment1 not defined, cannot check","percentage":0.0,"name":"main.Assignment1!\\(\\.\\*\\)!hasNext:->boolean","pass":false,"partialPass":false,"fail":true,"autoGraded":true},{"notes":"Type main.Assignment1 not defined, cannot check","percentage":0.0,"name":"main.Assignment1!\\(\\.*\\)!next:->String","pass":false,"partialPass":false,"fail":true,"autoGraded":true}],"notes":"","target":{"manual":false,"extraCredit":true,"name":"Iterator Methods Called in Main","points":10.0,"permissions":[{"name":".","actions":"read,write"}],"summary":"Iterator Methods Called in Main                        %.1f / 10.0 (Extra credit)"},"autoNotes":"","message":"main.Assignment1!\\(\\.\\*\\)!hasNext:->boolean: 0.0% \n  -- Type main.Assignment1 not defined, cannot check\nmain.Assignment1!\\(\\.*\\)!next:->String: 0.0% \n  -- Type main.Assignment1 not defined, cannot check\n","summary":"Notes about Iterator Methods Called in Main:\n * From test case \"main.Assignment1!\\(\\.\\*\\)!hasNext:->boolean\": Type main.Assignment1 not defined, cannot check\n * From test case \"main.Assignment1!\\(\\.*\\)!next:->String\": Type main.Assignment1 not defined, cannot check"},{"score":10.0,"results":[{"notes":"","percentage":1.0,"name":"Image enclosed test case","pass":true,"partialPass":false,"fail":false,"autoGraded":true}],"notes":"","target":{"manual":false,"extraCredit":false,"name":"Screenshots enclosed","points":10.0,"permissions":[{"name":".","actions":"read,write"}],"summary":"Screenshots enclosed                                   %.1f / 10.0"},"autoNotes":"","message":"Image enclosed test case: 100.0% \n","summary":""},{"score":0.0,"results":[{"notes":"","percentage":1.0,"name":"Illegal import or call test case","pass":true,"partialPass":false,"fail":false,"autoGraded":true}],"notes":"","target":{"manual":false,"extraCredit":false,"name":"Illegal import or call","points":-25.0,"permissions":[{"name":".","actions":"read,write"}],"summary":"Illegal import or call                      %.1f /  -25.0"},"autoNotes":"","message":"Illegal import or call test case: 100.0% \n","summary":""},{"score":-5.0,"results":[{"notes":"Class matching main.Assignment(.*) not defined but main package defined or main package has wrong case","percentage":0.5,"name":"main.Assignment(.*) defined","pass":false,"partialPass":true,"fail":false,"autoGraded":true}],"notes":"","target":{"manual":false,"extraCredit":false,"name":"Single main.Assigment","points":-10.0,"permissions":[{"name":".","actions":"read,write"}],"summary":"Single main.Assigment                       %.1f /  -10.0"},"autoNotes":"","message":"main.Assignment(.*) defined: 50.0% \n  -- Class matching main.Assignment(.*) not defined but main package defined or main package has wrong case\n","summary":"Notes about Single main.Assigment:\n * From test case \"main.Assignment(.*) defined\": Class matching main.Assignment(.*) not defined but main package defined or main package has wrong case"}],"restrictionResults":[],"comments":"","latePenalty":1.05,"sourcePoints":0.0,"score":41.6,"gradingFeatures":[{"featureName":"MultipleTokenSuite:Can process multiple tokens","score":20.0,"graded":true,"autoGradable":true,"extraCredit":false,"featureChecker":{"overridable":false},"feedbackFileName":"D:/dewan_backup/Java/Comp401AllChecks/Test Data/Comp401F16/Assignment1/Test, Student(tstudent)/Feedback Attachment(s)/MultipleTokenSuite:Can process multiple tokens.txt","manualNotesFileName":"D:/dewan_backup/Java/Comp401AllChecks/Test Data/Comp401F16/Assignment1/Test, Student(tstudent)/Feedback Attachment(s)/ManualNotes-MultipleTokenSuite:Can process multiple tokens.txt","autoNotesFileName":"D:/dewan_backup/Java/Comp401AllChecks/Test Data/Comp401F16/Assignment1/Test, Student(tstudent)/Feedback Attachment(s)/AutoNotes-MultipleTokenSuite:Can process multiple tokens.txt","outputFiles":null,"inputFiles":[],"linkedFeature":null,"manualNotes":"","autoNotes":"  -- Incorrect output%0.0\n","resultFormat":"MultipleTokenSuite:Can process multiple tokens         %.1f / 30.0","output":"*****************************(MultipleTokenSuite:Can process multiple tokens)*****************************\nINPUT(MultipleTokenSuite:Can process multiple tokens)\n22 44 66 \n11 33 55 1 \n. \n\nOUTPUT(MultipleTokenSuite:Can process multiple tokens)\nNumbers: \nNumbers: \n\n*****************************(MultipleTokenSuite:Can process multiple tokens)*****************************\nINPUT(MultipleTokenSuite:Can process multiple tokens)\n22 44 66\n11 33 55 1\n.\n\nOUTPUT(MultipleTokenSuite:Can process multiple tokens)\nNumbers: 22 44 66 Sum: 132 Product: 63888\nNumbers: 11 33 55 1 Sum: 100 Product: 19965\n\n*****************************(MultipleTokenSuite:Can process multiple tokens)*****************************\nINPUT(MultipleTokenSuite:Can process multiple tokens)\n22 44 66 \n11 33 55 1 \n. \n\nOUTPUT(MultipleTokenSuite:Can process multiple tokens)\nNumbers: \nNumbers: \n\n*****************************(MultipleTokenSuite:Can process multiple tokens)*****************************\nINPUT(MultipleTokenSuite:Can process multiple tokens)\n22 44 66\n11 33 55 1\n.\n\nOUTPUT(MultipleTokenSuite:Can process multiple tokens)\nNumbers: 22 44 66 Sum: 132 Product: 63888\nNumbers: 11 33 55 1 Sum: 100 Product: 19965\n\n*****************************(MultipleTokenSuite:Can process multiple tokens)*****************************\nINPUT(MultipleTokenSuite:Can process multiple tokens)\n22 44 66 \n11 33 55 1 \n. \n\nOUTPUT(MultipleTokenSuite:Can process multiple tokens)\nNumbers: \nNumbers: \n\n*****************************(MultipleTokenSuite:Can process multiple tokens)*****************************\nINPUT(MultipleTokenSuite:Can process multiple tokens)\n22 44 66\n11 33 55 1\n.\n\nOUTPUT(MultipleTokenSuite:Can process multiple tokens)\nNumbers: 22 44 66 Sum: 132 Product: 63888\nNumbers: 11 33 55 1 Sum: 100 Product: 19965\n\n*****************************(MultipleTokenSuite:Can process multiple tokens)*****************************\n### gradingTools.comp401f16.assignment1.testcases.MultipleTokensOutputTest: 1.0\nRunning command:java -cp \".;..;D:\\dewan_backup\\Java\\lib\\UNCChecks_6.5.0.jar;D:\\Program Files\\eclipse-standard-kepler-SR1-win32-x86_64\\eclipse\\plugins\\net.sf.eclipsecs.checkstyle_6.5.0.201504121610\\checkstyle-6.5-all.jar;D:\\dewan_backup\\Java\\lib\\oeall22.jar;D:\\Program Files\\eclipse-java-luna-R-win32-x86_64\\eclipse\\plugins\\org.junit_4.11.0.v201303080030\\junit.jar\" main.Scan\nRunning in folder: D:\\dewan_backup\\Java\\Comp401AllChecks\\Test Data\\Comp401F16\\Assignment1\\Test, Student(tstudent)\\Submission attachment(s)\\Assignment1\\A1\\bin\n$22 44 66 \n11 33 55 1 \n. \n\nProcess line:Numbers: \nNumbers: \nProcess line:Numbers: \nNumbers: \nCalled main:main.Assignment1\nProvided input:22 44 66 \n11 33 55 1 \n. \n\nExpected outputs:[(.*)22(.*), (.*)44(.*), (.*)66(.*), (.*)11(.*), (.*)33(.*), (.*)55(.*), (.*)1(.*)]\nRunning command:java -cp \".;..;D:\\dewan_backup\\Java\\lib\\UNCChecks_6.5.0.jar;D:\\Program Files\\eclipse-standard-kepler-SR1-win32-x86_64\\eclipse\\plugins\\net.sf.eclipsecs.checkstyle_6.5.0.201504121610\\checkstyle-6.5-all.jar;D:\\dewan_backup\\Java\\lib\\oeall22.jar;D:\\Program Files\\eclipse-java-luna-R-win32-x86_64\\eclipse\\plugins\\org.junit_4.11.0.v201303080030\\junit.jar\" main.Scan\nRunning in folder: D:\\dewan_backup\\Java\\Comp401AllChecks\\Test Data\\Comp401F16\\Assignment1\\Test, Student(tstudent)\\Submission attachment(s)\\Assignment1\\A1\\bin\n$22 44 66\n11 33 55 1\n.\n\nProcess line:Numbers: 22 44 66 Sum: 132 Product: 63888\nNumbers: 22 44 66 Sum: 132 Product: 63888\nProcess line:Numbers: 11 33 55 1 Sum: 100 Product: 19965\nNumbers: 11 33 55 1 Sum: 100 Product: 19965\nCalled main:main.Assignment1\nProvided input:22 44 66\n11 33 55 1\n.\n\nExpected outputs:[(.*)22(.*), (.*)44(.*), (.*)66(.*), (.*)11(.*), (.*)33(.*), (.*)55(.*), (.*)1(.*)]\n### gradingTools.comp401f16.assignment1.testcases.MultipleTokensOutputTest: 0.0\n### gradingTools.comp401f16.assignment1.testcases.MultipleTokenSumTest: 1.0\nRunning command:java -cp \".;..;D:\\dewan_backup\\Java\\lib\\UNCChecks_6.5.0.jar;D:\\Program Files\\eclipse-standard-kepler-SR1-win32-x86_64\\eclipse\\plugins\\net.sf.eclipsecs.checkstyle_6.5.0.201504121610\\checkstyle-6.5-all.jar;D:\\dewan_backup\\Java\\lib\\oeall22.jar;D:\\Program Files\\eclipse-java-luna-R-win32-x86_64\\eclipse\\plugins\\org.junit_4.11.0.v201303080030\\junit.jar\" main.Scan\nRunning in folder: D:\\dewan_backup\\Java\\Comp401AllChecks\\Test Data\\Comp401F16\\Assignment1\\Test, Student(tstudent)\\Submission attachment(s)\\Assignment1\\A1\\bin\n$22 44 66 \n11 33 55 1 \n. \n\nProcess line:Numbers: \nNumbers: \nProcess line:Numbers: \nNumbers: \nCalled main:main.Assignment1\nProvided input:22 44 66 \n11 33 55 1 \n. \n\nExpected outputs:[(.*)132(.*), (.*)100(.*)]\nRunning command:java -cp \".;..;D:\\dewan_backup\\Java\\lib\\UNCChecks_6.5.0.jar;D:\\Program Files\\eclipse-standard-kepler-SR1-win32-x86_64\\eclipse\\plugins\\net.sf.eclipsecs.checkstyle_6.5.0.201504121610\\checkstyle-6.5-all.jar;D:\\dewan_backup\\Java\\lib\\oeall22.jar;D:\\Program Files\\eclipse-java-luna-R-win32-x86_64\\eclipse\\plugins\\org.junit_4.11.0.v201303080030\\junit.jar\" main.Scan\nRunning in folder: D:\\dewan_backup\\Java\\Comp401AllChecks\\Test Data\\Comp401F16\\Assignment1\\Test, Student(tstudent)\\Submission attachment(s)\\Assignment1\\A1\\bin\n$22 44 66\n11 33 55 1\n.\n\nProcess line:Numbers: 22 44 66 Sum: 132 Product: 63888\nNumbers: 22 44 66 Sum: 132 Product: 63888\nProcess line:Numbers: 11 33 55 1 Sum: 100 Product: 19965\nNumbers: 11 33 55 1 Sum: 100 Product: 19965\nCalled main:main.Assignment1\nProvided input:22 44 66\n11 33 55 1\n.\n\nExpected outputs:[(.*)132(.*), (.*)100(.*)]\n### gradingTools.comp401f16.assignment1.testcases.MultipleTokenProductTest: 1.0\nRunning command:java -cp \".;..;D:\\dewan_backup\\Java\\lib\\UNCChecks_6.5.0.jar;D:\\Program Files\\eclipse-standard-kepler-SR1-win32-x86_64\\eclipse\\plugins\\net.sf.eclipsecs.checkstyle_6.5.0.201504121610\\checkstyle-6.5-all.jar;D:\\dewan_backup\\Java\\lib\\oeall22.jar;D:\\Program Files\\eclipse-java-luna-R-win32-x86_64\\eclipse\\plugins\\org.junit_4.11.0.v201303080030\\junit.jar\" main.Scan\nRunning in folder: D:\\dewan_backup\\Java\\Comp401AllChecks\\Test Data\\Comp401F16\\Assignment1\\Test, Student(tstudent)\\Submission attachment(s)\\Assignment1\\A1\\bin\n$22 44 66 \n11 33 55 1 \n. \n\nProcess line:Numbers: \nNumbers: \nProcess line:Numbers: \nNumbers: \nCalled main:main.Assignment1\nProvided input:22 44 66 \n11 33 55 1 \n. \n\nExpected outputs:[(.*)63888(.*), (.*)19965(.*)]\nRunning command:java -cp \".;..;D:\\dewan_backup\\Java\\lib\\UNCChecks_6.5.0.jar;D:\\Program Files\\eclipse-standard-kepler-SR1-win32-x86_64\\eclipse\\plugins\\net.sf.eclipsecs.checkstyle_6.5.0.201504121610\\checkstyle-6.5-all.jar;D:\\dewan_backup\\Java\\lib\\oeall22.jar;D:\\Program Files\\eclipse-java-luna-R-win32-x86_64\\eclipse\\plugins\\org.junit_4.11.0.v201303080030\\junit.jar\" main.Scan\nRunning in folder: D:\\dewan_backup\\Java\\Comp401AllChecks\\Test Data\\Comp401F16\\Assignment1\\Test, Student(tstudent)\\Submission attachment(s)\\Assignment1\\A1\\bin\n$22 44 66\n11 33 55 1\n.\n\nProcess line:Numbers: 22 44 66 Sum: 132 Product: 63888\nNumbers: 22 44 66 Sum: 132 Product: 63888\nProcess line:Numbers: 11 33 55 1 Sum: 100 Product: 19965\nNumbers: 11 33 55 1 Sum: 100 Product: 19965\nCalled main:main.Assignment1\nProvided input:22 44 66\n11 33 55 1\n.\n\nExpected outputs:[(.*)63888(.*), (.*)19965(.*)]\n","feature":{"manual":false,"extraCredit":false,"name":"MultipleTokenSuite:Can process multiple tokens","points":30.0,"permissions":[{"name":".","actions":"read,write"}],"summary":"MultipleTokenSuite:Can process multiple tokens         %.1f / 30.0"},"validate":false,"selected":false,"manual":false,"max":30.0,"fullCredit":false,"partialCredit":true,"restriction":false,"manualOverride":true,"autoNotGraded":false,"autoWithNotFullCredit":true,"manualWithNotFullCredit":false,"resultFileName":"D:/dewan_backup/Java/Comp401AllChecks/Test Data/Comp401F16/Assignment1/Test, Student(tstudent)/Feedback Attachment(s)/Results-MultipleTokenSuite:Can process multiple tokens.txt"},{"featureName":"InvalidCharacterSuite:Handles Invalid Characters","score":0.0,"graded":true,"autoGradable":true,"extraCredit":true,"featureChecker":{"overridable":false},"feedbackFileName":"D:/dewan_backup/Java/Comp401AllChecks/Test Data/Comp401F16/Assignment1/Test, Student(tstudent)/Feedback Attachment(s)/InvalidCharacterSuite:Handles Invalid Characters.txt","manualNotesFileName":"D:/dewan_backup/Java/Comp401AllChecks/Test Data/Comp401F16/Assignment1/Test, Student(tstudent)/Feedback Attachment(s)/ManualNotes-InvalidCharacterSuite:Handles Invalid Characters.txt","autoNotesFileName":"D:/dewan_backup/Java/Comp401AllChecks/Test Data/Comp401F16/Assignment1/Test, Student(tstudent)/Feedback Attachment(s)/AutoNotes-InvalidCharacterSuite:Handles Invalid Characters.txt","outputFiles":null,"inputFiles":[],"linkedFeature":null,"manualNotes":"","autoNotes":"  -- Incorrect output%0.0\n  -- Incorrect output%0.0\n  -- Incorrect output%0.0\n","resultFormat":"InvalidCharacterSuite:Handles Invalid Characters       %.1f /  5.0 (Extra credit)","output":"*****************************(InvalidCharacterSuite:Handles Invalid Characters)*****************************\nINPUT(InvalidCharacterSuite:Handles Invalid Characters)\n22 two44 !@66,; \n11 ^&33 !@@55 \"1 the end \n. \n\nOUTPUT(InvalidCharacterSuite:Handles Invalid Characters)\nNumbers: \nNumbers: \n\n*****************************(InvalidCharacterSuite:Handles Invalid Characters)*****************************\nINPUT(InvalidCharacterSuite:Handles Invalid Characters)\n22 two44 !@66,;\n11 ^&33 !@@55 \"1 the end\n.\n\nOUTPUT(InvalidCharacterSuite:Handles Invalid Characters)\nNumbers: 22 two44 \n\nERRORS(InvalidCharacterSuite:Handles Invalid Characters)\nException in thread \"main\" java.lang.NumberFormatException: For input string: \"two44\"\n\tat java.lang.NumberFormatException.forInputString(NumberFormatException.java:65)\n\tat java.lang.Integer.parseInt(Integer.java:580)\n\tat java.lang.Integer.parseInt(Integer.java:615)\n\tat main.Scan.scan(Scan.java:46)\n\tat main.Scan.main(Scan.java:16)\n\n*****************************(InvalidCharacterSuite:Handles Invalid Characters)*****************************\nINPUT(InvalidCharacterSuite:Handles Invalid Characters)\n22 two44 !@66,; \n11 ^&33 !@@55 \"1 the end \n. \n\nOUTPUT(InvalidCharacterSuite:Handles Invalid Characters)\nNumbers: \nNumbers: \n\n*****************************(InvalidCharacterSuite:Handles Invalid Characters)*****************************\nINPUT(InvalidCharacterSuite:Handles Invalid Characters)\n22 two44 !@66,;\n11 ^&33 !@@55 \"1 the end\n.\n\nOUTPUT(InvalidCharacterSuite:Handles Invalid Characters)\nNumbers: 22 two44 \n\nERRORS(InvalidCharacterSuite:Handles Invalid Characters)\nException in thread \"main\" java.lang.NumberFormatException: For input string: \"two44\"\n\tat java.lang.NumberFormatException.forInputString(NumberFormatException.java:65)\n\tat java.lang.Integer.parseInt(Integer.java:580)\n\tat java.lang.Integer.parseInt(Integer.java:615)\n\tat main.Scan.scan(Scan.java:46)\n\tat main.Scan.main(Scan.java:16)\n\n*****************************(InvalidCharacterSuite:Handles Invalid Characters)*****************************\nINPUT(InvalidCharacterSuite:Handles Invalid Characters)\n22 two44 !@66,; \n11 ^&33 !@@55 \"1 the end \n. \n\nOUTPUT(InvalidCharacterSuite:Handles Invalid Characters)\nNumbers: \nNumbers: \n\n*****************************(InvalidCharacterSuite:Handles Invalid Characters)*****************************\nINPUT(InvalidCharacterSuite:Handles Invalid Characters)\n22 two44 !@66,;\n11 ^&33 !@@55 \"1 the end\n.\n\nOUTPUT(InvalidCharacterSuite:Handles Invalid Characters)\nNumbers: 22 two44 \n\nERRORS(InvalidCharacterSuite:Handles Invalid Characters)\nException in thread \"main\" java.lang.NumberFormatException: For input string: \"two44\"\n\tat java.lang.NumberFormatException.forInputString(NumberFormatException.java:65)\n\tat java.lang.Integer.parseInt(Integer.java:580)\n\tat java.lang.Integer.parseInt(Integer.java:615)\n\tat main.Scan.scan(Scan.java:46)\n\tat main.Scan.main(Scan.java:16)\n\n*****************************(InvalidCharacterSuite:Handles Invalid Characters)*****************************\n### gradingTools.comp401f16.assignment1.testcases.InvalidCharacterOutputTest: 1.0\nRunning command:java -cp \".;..;D:\\dewan_backup\\Java\\lib\\UNCChecks_6.5.0.jar;D:\\Program Files\\eclipse-standard-kepler-SR1-win32-x86_64\\eclipse\\plugins\\net.sf.eclipsecs.checkstyle_6.5.0.201504121610\\checkstyle-6.5-all.jar;D:\\dewan_backup\\Java\\lib\\oeall22.jar;D:\\Program Files\\eclipse-java-luna-R-win32-x86_64\\eclipse\\plugins\\org.junit_4.11.0.v201303080030\\junit.jar\" main.Scan\nRunning in folder: D:\\dewan_backup\\Java\\Comp401AllChecks\\Test Data\\Comp401F16\\Assignment1\\Test, Student(tstudent)\\Submission attachment(s)\\Assignment1\\A1\\bin\n$22 two44 !@66,; \n11 ^&33 !@@55 \"1 the end \n. \n\nProcess line:Numbers: \nNumbers: \nProcess line:Numbers: \nNumbers: \nCalled main:main.Assignment1\nProvided input:22 two44 !@66,; \n11 ^&33 !@@55 \"1 the end \n. \n\nExpected outputs:[(.*)22(.*), (.*)44(.*), (.*)66(.*), (.*)11(.*), (.*)33(.*), (.*)55(.*), (.*)1(.*)]\nRunning command:java -cp \".;..;D:\\dewan_backup\\Java\\lib\\UNCChecks_6.5.0.jar;D:\\Program Files\\eclipse-standard-kepler-SR1-win32-x86_64\\eclipse\\plugins\\net.sf.eclipsecs.checkstyle_6.5.0.201504121610\\checkstyle-6.5-all.jar;D:\\dewan_backup\\Java\\lib\\oeall22.jar;D:\\Program Files\\eclipse-java-luna-R-win32-x86_64\\eclipse\\plugins\\org.junit_4.11.0.v201303080030\\junit.jar\" main.Scan\nRunning in folder: D:\\dewan_backup\\Java\\Comp401AllChecks\\Test Data\\Comp401F16\\Assignment1\\Test, Student(tstudent)\\Submission attachment(s)\\Assignment1\\A1\\bin\n$22 two44 !@66,;\n11 ^&33 !@@55 \"1 the end\n.\n\nProcess line:Numbers: 22 two44 \nNumbers: 22 two44 \nCalled main:main.Assignment1\nProvided input:22 two44 !@66,;\n11 ^&33 !@@55 \"1 the end\n.\n\nExpected outputs:[(.*)22(.*), (.*)44(.*), (.*)66(.*), (.*)11(.*), (.*)33(.*), (.*)55(.*), (.*)1(.*)]\n### gradingTools.comp401f16.assignment1.testcases.InvalidCharacterOutputTest: 0.0\n### gradingTools.comp401f16.assignment1.testcases.InvalidCharacterSumTest: 1.0\nRunning command:java -cp \".;..;D:\\dewan_backup\\Java\\lib\\UNCChecks_6.5.0.jar;D:\\Program Files\\eclipse-standard-kepler-SR1-win32-x86_64\\eclipse\\plugins\\net.sf.eclipsecs.checkstyle_6.5.0.201504121610\\checkstyle-6.5-all.jar;D:\\dewan_backup\\Java\\lib\\oeall22.jar;D:\\Program Files\\eclipse-java-luna-R-win32-x86_64\\eclipse\\plugins\\org.junit_4.11.0.v201303080030\\junit.jar\" main.Scan\nRunning in folder: D:\\dewan_backup\\Java\\Comp401AllChecks\\Test Data\\Comp401F16\\Assignment1\\Test, Student(tstudent)\\Submission attachment(s)\\Assignment1\\A1\\bin\n$22 two44 !@66,; \n11 ^&33 !@@55 \"1 the end \n. \n\nProcess line:Numbers: \nNumbers: \nProcess line:Numbers: \nNumbers: \nCalled main:main.Assignment1\nProvided input:22 two44 !@66,; \n11 ^&33 !@@55 \"1 the end \n. \n\nExpected outputs:[(.*)132(.*), (.*)100(.*)]\nRunning command:java -cp \".;..;D:\\dewan_backup\\Java\\lib\\UNCChecks_6.5.0.jar;D:\\Program Files\\eclipse-standard-kepler-SR1-win32-x86_64\\eclipse\\plugins\\net.sf.eclipsecs.checkstyle_6.5.0.201504121610\\checkstyle-6.5-all.jar;D:\\dewan_backup\\Java\\lib\\oeall22.jar;D:\\Program Files\\eclipse-java-luna-R-win32-x86_64\\eclipse\\plugins\\org.junit_4.11.0.v201303080030\\junit.jar\" main.Scan\nRunning in folder: D:\\dewan_backup\\Java\\Comp401AllChecks\\Test Data\\Comp401F16\\Assignment1\\Test, Student(tstudent)\\Submission attachment(s)\\Assignment1\\A1\\bin\n$22 two44 !@66,;\n11 ^&33 !@@55 \"1 the end\n.\n\nProcess line:Numbers: 22 two44 \nNumbers: 22 two44 \nCalled main:main.Assignment1\nProvided input:22 two44 !@66,;\n11 ^&33 !@@55 \"1 the end\n.\n\nExpected outputs:[(.*)132(.*), (.*)100(.*)]\n### gradingTools.comp401f16.assignment1.testcases.InvalidCharacterSumTest: 0.0\n### gradingTools.comp401f16.assignment1.testcases.InvalidCharacterProductTest: 1.0\nRunning command:java -cp \".;..;D:\\dewan_backup\\Java\\lib\\UNCChecks_6.5.0.jar;D:\\Program Files\\eclipse-standard-kepler-SR1-win32-x86_64\\eclipse\\plugins\\net.sf.eclipsecs.checkstyle_6.5.0.201504121610\\checkstyle-6.5-all.jar;D:\\dewan_backup\\Java\\lib\\oeall22.jar;D:\\Program Files\\eclipse-java-luna-R-win32-x86_64\\eclipse\\plugins\\org.junit_4.11.0.v201303080030\\junit.jar\" main.Scan\nRunning in folder: D:\\dewan_backup\\Java\\Comp401AllChecks\\Test Data\\Comp401F16\\Assignment1\\Test, Student(tstudent)\\Submission attachment(s)\\Assignment1\\A1\\bin\n$22 two44 !@66,; \n11 ^&33 !@@55 \"1 the end \n. \n\nProcess line:Numbers: \nNumbers: \nProcess line:Numbers: \nNumbers: \nCalled main:main.Assignment1\nProvided input:22 two44 !@66,; \n11 ^&33 !@@55 \"1 the end \n. \n\nExpected outputs:[(.*)63888(.*), (.*)19965(.*)]\nRunning command:java -cp \".;..;D:\\dewan_backup\\Java\\lib\\UNCChecks_6.5.0.jar;D:\\Program Files\\eclipse-standard-kepler-SR1-win32-x86_64\\eclipse\\plugins\\net.sf.eclipsecs.checkstyle_6.5.0.201504121610\\checkstyle-6.5-all.jar;D:\\dewan_backup\\Java\\lib\\oeall22.jar;D:\\Program Files\\eclipse-java-luna-R-win32-x86_64\\eclipse\\plugins\\org.junit_4.11.0.v201303080030\\junit.jar\" main.Scan\nRunning in folder: D:\\dewan_backup\\Java\\Comp401AllChecks\\Test Data\\Comp401F16\\Assignment1\\Test, Student(tstudent)\\Submission attachment(s)\\Assignment1\\A1\\bin\n$22 two44 !@66,;\n11 ^&33 !@@55 \"1 the end\n.\n\nProcess line:Numbers: 22 two44 \nNumbers: 22 two44 \nCalled main:main.Assignment1\nProvided input:22 two44 !@66,;\n11 ^&33 !@@55 \"1 the end\n.\n\nExpected outputs:[(.*)63888(.*), (.*)19965(.*)]\n### gradingTools.comp401f16.assignment1.testcases.InvalidCharacterProductTest: 0.0\n","feature":{"manual":false,"extraCredit":true,"name":"InvalidCharacterSuite:Handles Invalid Characters","points":5.0,"permissions":[{"name":".","actions":"read,write"}],"summary":"InvalidCharacterSuite:Handles Invalid Characters       %.1f /  5.0 (Extra credit)"},"validate":false,"selected":false,"manual":false,"max":5.0,"fullCredit":false,"partialCredit":false,"restriction":false,"manualOverride":true,"autoNotGraded":false,"autoWithNotFullCredit":true,"manualWithNotFullCredit":false,"resultFileName":"D:/dewan_backup/Java/Comp401AllChecks/Test Data/Comp401F16/Assignment1/Test, Student(tstudent)/Feedback Attachment(s)/Results-InvalidCharacterSuite:Handles Invalid Characters.txt"},{"featureName":"TerminatesWithStartingPeriodSuite:Terminating period forms complete line","score":3.3,"graded":true,"autoGradable":true,"extraCredit":false,"featureChecker":{"overridable":false},"feedbackFileName":"D:/dewan_backup/Java/Comp401AllChecks/Test Data/Comp401F16/Assignment1/Test, Student(tstudent)/Feedback Attachment(s)/TerminatesWithStartingPeriodSuite:Terminating period forms complete line.txt","manualNotesFileName":"D:/dewan_backup/Java/Comp401AllChecks/Test Data/Comp401F16/Assignment1/Test, Student(tstudent)/Feedback Attachment(s)/ManualNotes-TerminatesWithStartingPeriodSuite:Terminating period forms complete line.txt","autoNotesFileName":"D:/dewan_backup/Java/Comp401AllChecks/Test Data/Comp401F16/Assignment1/Test, Student(tstudent)/Feedback Attachment(s)/AutoNotes-TerminatesWithStartingPeriodSuite:Terminating period forms complete line.txt","outputFiles":null,"inputFiles":[],"linkedFeature":null,"manualNotes":"","autoNotes":"  -- Incorrect output%0.0\n","resultFormat":"TerminatesWithStartingPeriodSuite:Terminating period forms complete line %.1f /  5.0","output":"*****************************(TerminatesWithStartingPeriodSuite:Terminating period forms complete line)*****************************\nINPUT(TerminatesWithStartingPeriodSuite:Terminating period forms complete line)\n22 44 66 \n11 33 55 1 \n. \n45 \n\nOUTPUT(TerminatesWithStartingPeriodSuite:Terminating period forms complete line)\nNumbers: \nNumbers: \n\n*****************************(TerminatesWithStartingPeriodSuite:Terminating period forms complete line)*****************************\nINPUT(TerminatesWithStartingPeriodSuite:Terminating period forms complete line)\n22 44 66\n11 33 55 1\n.\n45\nOUTPUT(TerminatesWithStartingPeriodSuite:Terminating period forms complete line)\nNumbers: 22 44 66 Sum: 132 Product: 63888\nNumbers: 11 33 55 1 Sum: 100 Product: 19965\n\n*****************************(TerminatesWithStartingPeriodSuite:Terminating period forms complete line)*****************************\nINPUT(TerminatesWithStartingPeriodSuite:Terminating period forms complete line)\n22 44 66 \n11 33 55 1 \n. \n45 \n\nOUTPUT(TerminatesWithStartingPeriodSuite:Terminating period forms complete line)\nNumbers: \nNumbers: \n\n*****************************(TerminatesWithStartingPeriodSuite:Terminating period forms complete line)*****************************\nINPUT(TerminatesWithStartingPeriodSuite:Terminating period forms complete line)\n22 44 66\n11 33 55 1\n.\n45\nOUTPUT(TerminatesWithStartingPeriodSuite:Terminating period forms complete line)\nNumbers: 22 44 66 Sum: 132 Product: 63888\nNumbers: 11 33 55 1 Sum: 100 Product: 19965\n\n*****************************(TerminatesWithStartingPeriodSuite:Terminating period forms complete line)*****************************\nINPUT(TerminatesWithStartingPeriodSuite:Terminating period forms complete line)\n22 44 66 \n11 33 55 1 \n. \n45 \n\nOUTPUT(TerminatesWithStartingPeriodSuite:Terminating period forms complete line)\nNumbers: \nNumbers: \n\n*****************************(TerminatesWithStartingPeriodSuite:Terminating period forms complete line)*****************************\nINPUT(TerminatesWithStartingPeriodSuite:Terminating period forms complete line)\n22 44 66\n11 33 55 1\n.\n45\nOUTPUT(TerminatesWithStartingPeriodSuite:Terminating period forms complete line)\nNumbers: 22 44 66 Sum: 132 Product: 63888\nNumbers: 11 33 55 1 Sum: 100 Product: 19965\n\n*****************************(TerminatesWithStartingPeriodSuite:Terminating period forms complete line)*****************************\n### gradingTools.comp401f16.assignment1.testcases.TerminatesWithStartingPeriodOutputTest: 1.0\nRunning command:java -cp \".;..;D:\\dewan_backup\\Java\\lib\\UNCChecks_6.5.0.jar;D:\\Program Files\\eclipse-standard-kepler-SR1-win32-x86_64\\eclipse\\plugins\\net.sf.eclipsecs.checkstyle_6.5.0.201504121610\\checkstyle-6.5-all.jar;D:\\dewan_backup\\Java\\lib\\oeall22.jar;D:\\Program Files\\eclipse-java-luna-R-win32-x86_64\\eclipse\\plugins\\org.junit_4.11.0.v201303080030\\junit.jar\" main.Scan\nRunning in folder: D:\\dewan_backup\\Java\\Comp401AllChecks\\Test Data\\Comp401F16\\Assignment1\\Test, Student(tstudent)\\Submission attachment(s)\\Assignment1\\A1\\bin\n$22 44 66 \n11 33 55 1 \n. \n45 \n\nProcess line:Numbers: \nNumbers: \nProcess line:Numbers: \nNumbers: \nCalled main:main.Assignment1\nProvided input:22 44 66 \n11 33 55 1 \n. \n45 \n\nExpected outputs:[(.*)22(.*), (.*)44(.*), (.*)66(.*), (.*)11(.*), (.*)33(.*), (.*)55(.*), (.*)1(.*)]\nRunning command:java -cp \".;..;D:\\dewan_backup\\Java\\lib\\UNCChecks_6.5.0.jar;D:\\Program Files\\eclipse-standard-kepler-SR1-win32-x86_64\\eclipse\\plugins\\net.sf.eclipsecs.checkstyle_6.5.0.201504121610\\checkstyle-6.5-all.jar;D:\\dewan_backup\\Java\\lib\\oeall22.jar;D:\\Program Files\\eclipse-java-luna-R-win32-x86_64\\eclipse\\plugins\\org.junit_4.11.0.v201303080030\\junit.jar\" main.Scan\nRunning in folder: D:\\dewan_backup\\Java\\Comp401AllChecks\\Test Data\\Comp401F16\\Assignment1\\Test, Student(tstudent)\\Submission attachment(s)\\Assignment1\\A1\\bin\n$22 44 66\n11 33 55 1\n.\n45\nProcess line:Numbers: 22 44 66 Sum: 132 Product: 63888\nNumbers: 22 44 66 Sum: 132 Product: 63888\nProcess line:Numbers: 11 33 55 1 Sum: 100 Product: 19965\nNumbers: 11 33 55 1 Sum: 100 Product: 19965\nCalled main:main.Assignment1\nProvided input:22 44 66\n11 33 55 1\n.\n45\nExpected outputs:[(.*)22(.*), (.*)44(.*), (.*)66(.*), (.*)11(.*), (.*)33(.*), (.*)55(.*), (.*)1(.*)]\n### gradingTools.comp401f16.assignment1.testcases.TerminatesWithStartingPeriodOutputTest: 0.0\n### gradingTools.comp401f16.assignment1.testcases.TerminatesWithStartingPeriodSumTest: 1.0\nRunning command:java -cp \".;..;D:\\dewan_backup\\Java\\lib\\UNCChecks_6.5.0.jar;D:\\Program Files\\eclipse-standard-kepler-SR1-win32-x86_64\\eclipse\\plugins\\net.sf.eclipsecs.checkstyle_6.5.0.201504121610\\checkstyle-6.5-all.jar;D:\\dewan_backup\\Java\\lib\\oeall22.jar;D:\\Program Files\\eclipse-java-luna-R-win32-x86_64\\eclipse\\plugins\\org.junit_4.11.0.v201303080030\\junit.jar\" main.Scan\nRunning in folder: D:\\dewan_backup\\Java\\Comp401AllChecks\\Test Data\\Comp401F16\\Assignment1\\Test, Student(tstudent)\\Submission attachment(s)\\Assignment1\\A1\\bin\n$22 44 66 \n11 33 55 1 \n. \n45 \n\nProcess line:Numbers: \nNumbers: \nProcess line:Numbers: \nNumbers: \nCalled main:main.Assignment1\nProvided input:22 44 66 \n11 33 55 1 \n. \n45 \n\nExpected outputs:[(.*)132(.*), (.*)100(.*)]\nRunning command:java -cp \".;..;D:\\dewan_backup\\Java\\lib\\UNCChecks_6.5.0.jar;D:\\Program Files\\eclipse-standard-kepler-SR1-win32-x86_64\\eclipse\\plugins\\net.sf.eclipsecs.checkstyle_6.5.0.201504121610\\checkstyle-6.5-all.jar;D:\\dewan_backup\\Java\\lib\\oeall22.jar;D:\\Program Files\\eclipse-java-luna-R-win32-x86_64\\eclipse\\plugins\\org.junit_4.11.0.v201303080030\\junit.jar\" main.Scan\nRunning in folder: D:\\dewan_backup\\Java\\Comp401AllChecks\\Test Data\\Comp401F16\\Assignment1\\Test, Student(tstudent)\\Submission attachment(s)\\Assignment1\\A1\\bin\n$22 44 66\n11 33 55 1\n.\n45\nProcess line:Numbers: 22 44 66 Sum: 132 Product: 63888\nNumbers: 22 44 66 Sum: 132 Product: 63888\nProcess line:Numbers: 11 33 55 1 Sum: 100 Product: 19965\nNumbers: 11 33 55 1 Sum: 100 Product: 19965\nCalled main:main.Assignment1\nProvided input:22 44 66\n11 33 55 1\n.\n45\nExpected outputs:[(.*)132(.*), (.*)100(.*)]\n### gradingTools.comp401f16.assignment1.testcases.TerminatesWithStartingPeriodProductTest: 1.0\nRunning command:java -cp \".;..;D:\\dewan_backup\\Java\\lib\\UNCChecks_6.5.0.jar;D:\\Program Files\\eclipse-standard-kepler-SR1-win32-x86_64\\eclipse\\plugins\\net.sf.eclipsecs.checkstyle_6.5.0.201504121610\\checkstyle-6.5-all.jar;D:\\dewan_backup\\Java\\lib\\oeall22.jar;D:\\Program Files\\eclipse-java-luna-R-win32-x86_64\\eclipse\\plugins\\org.junit_4.11.0.v201303080030\\junit.jar\" main.Scan\nRunning in folder: D:\\dewan_backup\\Java\\Comp401AllChecks\\Test Data\\Comp401F16\\Assignment1\\Test, Student(tstudent)\\Submission attachment(s)\\Assignment1\\A1\\bin\n$22 44 66 \n11 33 55 1 \n. \n45 \n\nProcess line:Numbers: \nNumbers: \nProcess line:Numbers: \nNumbers: \nCalled main:main.Assignment1\nProvided input:22 44 66 \n11 33 55 1 \n. \n45 \n\nExpected outputs:[(.*)63888(.*), (.*)19965(.*)]\nRunning command:java -cp \".;..;D:\\dewan_backup\\Java\\lib\\UNCChecks_6.5.0.jar;D:\\Program Files\\eclipse-standard-kepler-SR1-win32-x86_64\\eclipse\\plugins\\net.sf.eclipsecs.checkstyle_6.5.0.201504121610\\checkstyle-6.5-all.jar;D:\\dewan_backup\\Java\\lib\\oeall22.jar;D:\\Program Files\\eclipse-java-luna-R-win32-x86_64\\eclipse\\plugins\\org.junit_4.11.0.v201303080030\\junit.jar\" main.Scan\nRunning in folder: D:\\dewan_backup\\Java\\Comp401AllChecks\\Test Data\\Comp401F16\\Assignment1\\Test, Student(tstudent)\\Submission attachment(s)\\Assignment1\\A1\\bin\n$22 44 66\n11 33 55 1\n.\n45\nProcess line:Numbers: 22 44 66 Sum: 132 Product: 63888\nNumbers: 22 44 66 Sum: 132 Product: 63888\nProcess line:Numbers: 11 33 55 1 Sum: 100 Product: 19965\nNumbers: 11 33 55 1 Sum: 100 Product: 19965\nCalled main:main.Assignment1\nProvided input:22 44 66\n11 33 55 1\n.\n45\nExpected outputs:[(.*)63888(.*), (.*)19965(.*)]\n","feature":{"manual":false,"extraCredit":false,"name":"TerminatesWithStartingPeriodSuite:Terminating period forms complete line","points":5.0,"permissions":[{"name":".","actions":"read,write"}],"summary":"TerminatesWithStartingPeriodSuite:Terminating period forms complete line %.1f /  5.0"},"validate":false,"selected":false,"manual":false,"max":5.0,"fullCredit":false,"partialCredit":true,"restriction":false,"manualOverride":true,"autoNotGraded":false,"autoWithNotFullCredit":true,"manualWithNotFullCredit":false,"resultFileName":"D:/dewan_backup/Java/Comp401AllChecks/Test Data/Comp401F16/Assignment1/Test, Student(tstudent)/Feedback Attachment(s)/Results-TerminatesWithStartingPeriodSuite:Terminating period forms complete line.txt"},{"featureName":"IndexOfTestSuite:IndexOf functions correctly","score":0.0,"graded":true,"autoGradable":true,"extraCredit":false,"featureChecker":{"overridable":false},"feedbackFileName":"D:/dewan_backup/Java/Comp401AllChecks/Test Data/Comp401F16/Assignment1/Test, Student(tstudent)/Feedback Attachment(s)/IndexOfTestSuite:IndexOf functions correctly.txt","manualNotesFileName":"D:/dewan_backup/Java/Comp401AllChecks/Test Data/Comp401F16/Assignment1/Test, Student(tstudent)/Feedback Attachment(s)/ManualNotes-IndexOfTestSuite:IndexOf functions correctly.txt","autoNotesFileName":"D:/dewan_backup/Java/Comp401AllChecks/Test Data/Comp401F16/Assignment1/Test, Student(tstudent)/Feedback Attachment(s)/AutoNotes-IndexOfTestSuite:IndexOf functions correctly.txt","outputFiles":null,"inputFiles":[],"linkedFeature":null,"manualNotes":"","autoNotes":"  -- Did not find a class in:[ScanningIterator, main.Assignment1]%Did not find a class in:[ScanningIterator, main.Assignment1]\n  -- Did not find a class in:[ScanningIterator, main.Assignment1]%Did not find a class in:[ScanningIterator, main.Assignment1]\n  -- Did not find a class in:[ScanningIterator, main.Assignment1]%Did not find a class in:[ScanningIterator, main.Assignment1]\n  -- Did not find a class in:[ScanningIterator, main.Assignment1]%Did not find a class in:[ScanningIterator, main.Assignment1]\n  -- Did not find a class in:[ScanningIterator, main.Assignment1]%Did not find a class in:[ScanningIterator, main.Assignment1]\n  -- Did not find a class in:[ScanningIterator, main.Assignment1]%Did not find a class in:[ScanningIterator, main.Assignment1]\n  -- Did not find a class in:[ScanningIterator, main.Assignment1]%Did not find a class in:[ScanningIterator, main.Assignment1]\n","resultFormat":"IndexOfTestSuite:IndexOf functions correctly           %.1f / 18.0","output":"*****************************(IndexOfTestSuite:IndexOf functions correctly)*****************************\n### gradingTools.comp401f16.assignment1.testcases.IndexOfTest: 1.0\n### gradingTools.comp401f16.assignment1.testcases.IndexOfTest: 0.0\n### gradingTools.comp401f16.assignment1.testcases.IndexOfTestCharacterNotFound: 1.0\n### gradingTools.comp401f16.assignment1.testcases.IndexOfTestCharacterNotFound: 0.0\n### gradingTools.comp401f16.assignment1.testcases.IndexOfTestFirstSpace: 1.0\n### gradingTools.comp401f16.assignment1.testcases.IndexOfTestFirstSpace: 0.0\n### gradingTools.comp401f16.assignment1.testcases.IndexOfTestNonSpaceAtEnd: 1.0\n### gradingTools.comp401f16.assignment1.testcases.IndexOfTestNonSpaceAtEnd: 0.0\n### gradingTools.comp401f16.assignment1.testcases.IndexOfTestNonSpaceStartAt: 1.0\n### gradingTools.comp401f16.assignment1.testcases.IndexOfTestNonSpaceStartAt: 0.0\n### gradingTools.comp401f16.assignment1.testcases.IndexOfTestSecondSpace: 1.0\n### gradingTools.comp401f16.assignment1.testcases.IndexOfTestSecondSpace: 0.0\n### gradingTools.comp401f16.assignment1.testcases.IndexOfTestSpaceSameIndex: 1.0\n### gradingTools.comp401f16.assignment1.testcases.IndexOfTestSpaceSameIndex: 0.0\n","feature":{"manual":false,"extraCredit":false,"name":"IndexOfTestSuite:IndexOf functions correctly","points":18.0,"permissions":[{"name":".","actions":"read,write"}],"summary":"IndexOfTestSuite:IndexOf functions correctly           %.1f / 18.0"},"validate":false,"selected":false,"manual":false,"max":18.0,"fullCredit":false,"partialCredit":false,"restriction":false,"manualOverride":true,"autoNotGraded":false,"autoWithNotFullCredit":true,"manualWithNotFullCredit":false,"resultFileName":"D:/dewan_backup/Java/Comp401AllChecks/Test Data/Comp401F16/Assignment1/Test, Student(tstudent)/Feedback Attachment(s)/Results-IndexOfTestSuite:IndexOf functions correctly.txt"},{"featureName":"ScanningIteratorTest","score":0.0,"graded":true,"autoGradable":true,"extraCredit":true,"featureChecker":{"overridable":false},"feedbackFileName":"D:/dewan_backup/Java/Comp401AllChecks/Test Data/Comp401F16/Assignment1/Test, Student(tstudent)/Feedback Attachment(s)/ScanningIteratorTest.txt","manualNotesFileName":"D:/dewan_backup/Java/Comp401AllChecks/Test Data/Comp401F16/Assignment1/Test, Student(tstudent)/Feedback Attachment(s)/ManualNotes-ScanningIteratorTest.txt","autoNotesFileName":"D:/dewan_backup/Java/Comp401AllChecks/Test Data/Comp401F16/Assignment1/Test, Student(tstudent)/Feedback Attachment(s)/AutoNotes-ScanningIteratorTest.txt","outputFiles":null,"inputFiles":[],"linkedFeature":null,"manualNotes":"","autoNotes":"  -- Did not find a class in:[(.*)ScanningIterator(.*)]%Did not find a class in:[(.*)ScanningIterator(.*)]\n","resultFormat":"ScanningIteratorTest                                   %.1f /  0.0 (Extra credit)","output":"*****************************(ScanningIteratorTest)*****************************\n### gradingTools.comp401f16.assignment1.testcases.ScanningIteratorTest: 1.0\n### gradingTools.comp401f16.assignment1.testcases.ScanningIteratorTest: 0.0\n","feature":{"manual":false,"extraCredit":true,"name":"ScanningIteratorTest","points":0.0,"permissions":[{"name":".","actions":"read,write"}],"summary":"ScanningIteratorTest                                   %.1f /  0.0 (Extra credit)"},"validate":false,"selected":false,"manual":false,"max":0.0,"fullCredit":true,"partialCredit":false,"restriction":true,"manualOverride":false,"autoNotGraded":false,"autoWithNotFullCredit":false,"manualWithNotFullCredit":false,"resultFileName":"D:/dewan_backup/Java/Comp401AllChecks/Test Data/Comp401F16/Assignment1/Test, Student(tstudent)/Feedback Attachment(s)/Results-ScanningIteratorTest.txt"},{"featureName":"TerminatesWithPeriodLineSuite:Handles Space After Period","score":3.3,"graded":true,"autoGradable":true,"extraCredit":false,"featureChecker":{"overridable":false},"feedbackFileName":"D:/dewan_backup/Java/Comp401AllChecks/Test Data/Comp401F16/Assignment1/Test, Student(tstudent)/Feedback Attachment(s)/TerminatesWithPeriodLineSuite:Handles Space After Period.txt","manualNotesFileName":"D:/dewan_backup/Java/Comp401AllChecks/Test Data/Comp401F16/Assignment1/Test, Student(tstudent)/Feedback Attachment(s)/ManualNotes-TerminatesWithPeriodLineSuite:Handles Space After Period.txt","autoNotesFileName":"D:/dewan_backup/Java/Comp401AllChecks/Test Data/Comp401F16/Assignment1/Test, Student(tstudent)/Feedback Attachment(s)/AutoNotes-TerminatesWithPeriodLineSuite:Handles Space After Period.txt","outputFiles":null,"inputFiles":[],"linkedFeature":null,"manualNotes":"","autoNotes":"  -- Incorrect output%0.0\n","resultFormat":"TerminatesWithPeriodLineSuite:Handles Space After Period %.1f /  5.0","output":"*****************************(TerminatesWithPeriodLineSuite:Handles Space After Period)*****************************\nINPUT(TerminatesWithPeriodLineSuite:Handles Space After Period)\n22 44 66 \n11 33 55 1 \n.\n45 \n\nOUTPUT(TerminatesWithPeriodLineSuite:Handles Space After Period)\nNumbers: \nNumbers: \n\n*****************************(TerminatesWithPeriodLineSuite:Handles Space After Period)*****************************\nINPUT(TerminatesWithPeriodLineSuite:Handles Space After Period)\n22 44 66\n11 33 55 1\n.\n45\nOUTPUT(TerminatesWithPeriodLineSuite:Handles Space After Period)\nNumbers: 22 44 66 Sum: 132 Product: 63888\nNumbers: 11 33 55 1 Sum: 100 Product: 19965\n\n*****************************(TerminatesWithPeriodLineSuite:Handles Space After Period)*****************************\nINPUT(TerminatesWithPeriodLineSuite:Handles Space After Period)\n22 44 66 \n11 33 55 1 \n.\n45 \n\nOUTPUT(TerminatesWithPeriodLineSuite:Handles Space After Period)\nNumbers: \nNumbers: \n\n*****************************(TerminatesWithPeriodLineSuite:Handles Space After Period)*****************************\nINPUT(TerminatesWithPeriodLineSuite:Handles Space After Period)\n22 44 66\n11 33 55 1\n.\n45\nOUTPUT(TerminatesWithPeriodLineSuite:Handles Space After Period)\nNumbers: 22 44 66 Sum: 132 Product: 63888\nNumbers: 11 33 55 1 Sum: 100 Product: 19965\n\n*****************************(TerminatesWithPeriodLineSuite:Handles Space After Period)*****************************\nINPUT(TerminatesWithPeriodLineSuite:Handles Space After Period)\n22 44 66 \n11 33 55 1 \n.\n45 \n\nOUTPUT(TerminatesWithPeriodLineSuite:Handles Space After Period)\nNumbers: \nNumbers: \n\n*****************************(TerminatesWithPeriodLineSuite:Handles Space After Period)*****************************\nINPUT(TerminatesWithPeriodLineSuite:Handles Space After Period)\n22 44 66\n11 33 55 1\n.\n45\nOUTPUT(TerminatesWithPeriodLineSuite:Handles Space After Period)\nNumbers: 22 44 66 Sum: 132 Product: 63888\nNumbers: 11 33 55 1 Sum: 100 Product: 19965\n\n*****************************(TerminatesWithPeriodLineSuite:Handles Space After Period)*****************************\n### gradingTools.comp401f16.assignment1.testcases.TerminatesWithPeriodLineOutputTest: 1.0\nRunning command:java -cp \".;..;D:\\dewan_backup\\Java\\lib\\UNCChecks_6.5.0.jar;D:\\Program Files\\eclipse-standard-kepler-SR1-win32-x86_64\\eclipse\\plugins\\net.sf.eclipsecs.checkstyle_6.5.0.201504121610\\checkstyle-6.5-all.jar;D:\\dewan_backup\\Java\\lib\\oeall22.jar;D:\\Program Files\\eclipse-java-luna-R-win32-x86_64\\eclipse\\plugins\\org.junit_4.11.0.v201303080030\\junit.jar\" main.Scan\nRunning in folder: D:\\dewan_backup\\Java\\Comp401AllChecks\\Test Data\\Comp401F16\\Assignment1\\Test, Student(tstudent)\\Submission attachment(s)\\Assignment1\\A1\\bin\n$22 44 66 \n11 33 55 1 \n.\n45 \n\nProcess line:Numbers: \nNumbers: \nProcess line:Numbers: \nNumbers: \nCalled main:main.Assignment1\nProvided input:22 44 66 \n11 33 55 1 \n.\n45 \n\nExpected outputs:[(.*)22(.*), (.*)44(.*), (.*)66(.*), (.*)11(.*), (.*)33(.*), (.*)55(.*), (.*)1(.*)]\nRunning command:java -cp \".;..;D:\\dewan_backup\\Java\\lib\\UNCChecks_6.5.0.jar;D:\\Program Files\\eclipse-standard-kepler-SR1-win32-x86_64\\eclipse\\plugins\\net.sf.eclipsecs.checkstyle_6.5.0.201504121610\\checkstyle-6.5-all.jar;D:\\dewan_backup\\Java\\lib\\oeall22.jar;D:\\Program Files\\eclipse-java-luna-R-win32-x86_64\\eclipse\\plugins\\org.junit_4.11.0.v201303080030\\junit.jar\" main.Scan\nRunning in folder: D:\\dewan_backup\\Java\\Comp401AllChecks\\Test Data\\Comp401F16\\Assignment1\\Test, Student(tstudent)\\Submission attachment(s)\\Assignment1\\A1\\bin\n$22 44 66\n11 33 55 1\n.\n45\nProcess line:Numbers: 22 44 66 Sum: 132 Product: 63888\nNumbers: 22 44 66 Sum: 132 Product: 63888\nProcess line:Numbers: 11 33 55 1 Sum: 100 Product: 19965\nNumbers: 11 33 55 1 Sum: 100 Product: 19965\nCalled main:main.Assignment1\nProvided input:22 44 66\n11 33 55 1\n.\n45\nExpected outputs:[(.*)22(.*), (.*)44(.*), (.*)66(.*), (.*)11(.*), (.*)33(.*), (.*)55(.*), (.*)1(.*)]\n### gradingTools.comp401f16.assignment1.testcases.TerminatesWithPeriodLineOutputTest: 0.0\n### gradingTools.comp401f16.assignment1.testcases.TerminatesWithPeriodLineSumTest: 1.0\nRunning command:java -cp \".;..;D:\\dewan_backup\\Java\\lib\\UNCChecks_6.5.0.jar;D:\\Program Files\\eclipse-standard-kepler-SR1-win32-x86_64\\eclipse\\plugins\\net.sf.eclipsecs.checkstyle_6.5.0.201504121610\\checkstyle-6.5-all.jar;D:\\dewan_backup\\Java\\lib\\oeall22.jar;D:\\Program Files\\eclipse-java-luna-R-win32-x86_64\\eclipse\\plugins\\org.junit_4.11.0.v201303080030\\junit.jar\" main.Scan\nRunning in folder: D:\\dewan_backup\\Java\\Comp401AllChecks\\Test Data\\Comp401F16\\Assignment1\\Test, Student(tstudent)\\Submission attachment(s)\\Assignment1\\A1\\bin\n$22 44 66 \n11 33 55 1 \n.\n45 \n\nProcess line:Numbers: \nNumbers: \nProcess line:Numbers: \nNumbers: \nCalled main:main.Assignment1\nProvided input:22 44 66 \n11 33 55 1 \n.\n45 \n\nExpected outputs:[(.*)132(.*), (.*)100(.*)]\nRunning command:java -cp \".;..;D:\\dewan_backup\\Java\\lib\\UNCChecks_6.5.0.jar;D:\\Program Files\\eclipse-standard-kepler-SR1-win32-x86_64\\eclipse\\plugins\\net.sf.eclipsecs.checkstyle_6.5.0.201504121610\\checkstyle-6.5-all.jar;D:\\dewan_backup\\Java\\lib\\oeall22.jar;D:\\Program Files\\eclipse-java-luna-R-win32-x86_64\\eclipse\\plugins\\org.junit_4.11.0.v201303080030\\junit.jar\" main.Scan\nRunning in folder: D:\\dewan_backup\\Java\\Comp401AllChecks\\Test Data\\Comp401F16\\Assignment1\\Test, Student(tstudent)\\Submission attachment(s)\\Assignment1\\A1\\bin\n$22 44 66\n11 33 55 1\n.\n45\nProcess line:Numbers: 22 44 66 Sum: 132 Product: 63888\nNumbers: 22 44 66 Sum: 132 Product: 63888\nProcess line:Numbers: 11 33 55 1 Sum: 100 Product: 19965\nNumbers: 11 33 55 1 Sum: 100 Product: 19965\nCalled main:main.Assignment1\nProvided input:22 44 66\n11 33 55 1\n.\n45\nExpected outputs:[(.*)132(.*), (.*)100(.*)]\n### gradingTools.comp401f16.assignment1.testcases.TerminatesWithPeriodLineProductTest: 1.0\nRunning command:java -cp \".;..;D:\\dewan_backup\\Java\\lib\\UNCChecks_6.5.0.jar;D:\\Program Files\\eclipse-standard-kepler-SR1-win32-x86_64\\eclipse\\plugins\\net.sf.eclipsecs.checkstyle_6.5.0.201504121610\\checkstyle-6.5-all.jar;D:\\dewan_backup\\Java\\lib\\oeall22.jar;D:\\Program Files\\eclipse-java-luna-R-win32-x86_64\\eclipse\\plugins\\org.junit_4.11.0.v201303080030\\junit.jar\" main.Scan\nRunning in folder: D:\\dewan_backup\\Java\\Comp401AllChecks\\Test Data\\Comp401F16\\Assignment1\\Test, Student(tstudent)\\Submission attachment(s)\\Assignment1\\A1\\bin\n$22 44 66 \n11 33 55 1 \n.\n45 \n\nProcess line:Numbers: \nNumbers: \nProcess line:Numbers: \nNumbers: \nCalled main:main.Assignment1\nProvided input:22 44 66 \n11 33 55 1 \n.\n45 \n\nExpected outputs:[(.*)63888(.*), (.*)19965(.*)]\nRunning command:java -cp \".;..;D:\\dewan_backup\\Java\\lib\\UNCChecks_6.5.0.jar;D:\\Program Files\\eclipse-standard-kepler-SR1-win32-x86_64\\eclipse\\plugins\\net.sf.eclipsecs.checkstyle_6.5.0.201504121610\\checkstyle-6.5-all.jar;D:\\dewan_backup\\Java\\lib\\oeall22.jar;D:\\Program Files\\eclipse-java-luna-R-win32-x86_64\\eclipse\\plugins\\org.junit_4.11.0.v201303080030\\junit.jar\" main.Scan\nRunning in folder: D:\\dewan_backup\\Java\\Comp401AllChecks\\Test Data\\Comp401F16\\Assignment1\\Test, Student(tstudent)\\Submission attachment(s)\\Assignment1\\A1\\bin\n$22 44 66\n11 33 55 1\n.\n45\nProcess line:Numbers: 22 44 66 Sum: 132 Product: 63888\nNumbers: 22 44 66 Sum: 132 Product: 63888\nProcess line:Numbers: 11 33 55 1 Sum: 100 Product: 19965\nNumbers: 11 33 55 1 Sum: 100 Product: 19965\nCalled main:main.Assignment1\nProvided input:22 44 66\n11 33 55 1\n.\n45\nExpected outputs:[(.*)63888(.*), (.*)19965(.*)]\n","feature":{"manual":false,"extraCredit":false,"name":"TerminatesWithPeriodLineSuite:Handles Space After Period","points":5.0,"permissions":[{"name":".","actions":"read,write"}],"summary":"TerminatesWithPeriodLineSuite:Handles Space After Period %.1f /  5.0"},"validate":false,"selected":false,"manual":false,"max":5.0,"fullCredit":false,"partialCredit":true,"restriction":false,"manualOverride":true,"autoNotGraded":false,"autoWithNotFullCredit":true,"manualWithNotFullCredit":false,"resultFileName":"D:/dewan_backup/Java/Comp401AllChecks/Test Data/Comp401F16/Assignment1/Test, Student(tstudent)/Feedback Attachment(s)/Results-TerminatesWithPeriodLineSuite:Handles Space After Period.txt"},{"featureName":"ScanStringTest:Scan String Test","score":0.0,"graded":true,"autoGradable":true,"extraCredit":false,"featureChecker":{"overridable":false},"feedbackFileName":"D:/dewan_backup/Java/Comp401AllChecks/Test Data/Comp401F16/Assignment1/Test, Student(tstudent)/Feedback Attachment(s)/ScanStringTest:Scan String Test.txt","manualNotesFileName":"D:/dewan_backup/Java/Comp401AllChecks/Test Data/Comp401F16/Assignment1/Test, Student(tstudent)/Feedback Attachment(s)/ManualNotes-ScanStringTest:Scan String Test.txt","autoNotesFileName":"D:/dewan_backup/Java/Comp401AllChecks/Test Data/Comp401F16/Assignment1/Test, Student(tstudent)/Feedback Attachment(s)/AutoNotes-ScanStringTest:Scan String Test.txt","outputFiles":null,"inputFiles":[],"linkedFeature":null,"manualNotes":"","autoNotes":"  -- Did not find a class in:[main.Assignment1, (.*)Assignment(.*), ScanningIterator, (.*)ScanningIterator(.*), ScannerBean, (.*)Bean(.*)]%Did not find a class in:[main.Assignment1, (.*)Assignment(.*), ScanningIterator, (.*)ScanningIterator(.*), ScannerBean, (.*)Bean(.*)]\n","resultFormat":"ScanStringTest:Scan String Test                        %.1f /  0.0","output":"*****************************(ScanStringTest:Scan String Test)*****************************\n### gradingTools.comp401f16.assignment1.testcases.ScanStringTest: 1.0\n### gradingTools.comp401f16.assignment1.testcases.ScanStringTest: 0.0\n","feature":{"manual":false,"extraCredit":false,"name":"ScanStringTest:Scan String Test","points":0.0,"permissions":[{"name":".","actions":"read,write"}],"summary":"ScanStringTest:Scan String Test                        %.1f /  0.0"},"validate":false,"selected":false,"manual":false,"max":0.0,"fullCredit":true,"partialCredit":false,"restriction":true,"manualOverride":false,"autoNotGraded":false,"autoWithNotFullCredit":false,"manualWithNotFullCredit":false,"resultFileName":"D:/dewan_backup/Java/Comp401AllChecks/Test Data/Comp401F16/Assignment1/Test, Student(tstudent)/Feedback Attachment(s)/Results-ScanStringTest:Scan String Test.txt"},{"featureName":"SingleTokenSuite:Can process a single token","score":10.0,"graded":true,"autoGradable":true,"extraCredit":false,"featureChecker":{"overridable":false},"feedbackFileName":"D:/dewan_backup/Java/Comp401AllChecks/Test Data/Comp401F16/Assignment1/Test, Student(tstudent)/Feedback Attachment(s)/SingleTokenSuite:Can process a single token.txt","manualNotesFileName":"D:/dewan_backup/Java/Comp401AllChecks/Test Data/Comp401F16/Assignment1/Test, Student(tstudent)/Feedback Attachment(s)/ManualNotes-SingleTokenSuite:Can process a single token.txt","autoNotesFileName":"D:/dewan_backup/Java/Comp401AllChecks/Test Data/Comp401F16/Assignment1/Test, Student(tstudent)/Feedback Attachment(s)/AutoNotes-SingleTokenSuite:Can process a single token.txt","outputFiles":null,"inputFiles":[],"linkedFeature":null,"manualNotes":"","autoNotes":"","resultFormat":"SingleTokenSuite:Can process a single token            %.1f / 10.0","output":"*****************************(SingleTokenSuite:Can process a single token)*****************************\nINPUT(SingleTokenSuite:Can process a single token)\n0202 \n. \n\nOUTPUT(SingleTokenSuite:Can process a single token)\nNumbers: \n\n*****************************(SingleTokenSuite:Can process a single token)*****************************\nINPUT(SingleTokenSuite:Can process a single token)\n0202\n.\n\nOUTPUT(SingleTokenSuite:Can process a single token)\nNumbers: 0202 Sum: 202 Product: 202\n\n*****************************(SingleTokenSuite:Can process a single token)*****************************\nINPUT(SingleTokenSuite:Can process a single token)\n0202 \n. \n\nOUTPUT(SingleTokenSuite:Can process a single token)\nNumbers: \n\n*****************************(SingleTokenSuite:Can process a single token)*****************************\nINPUT(SingleTokenSuite:Can process a single token)\n0202\n.\n\nOUTPUT(SingleTokenSuite:Can process a single token)\nNumbers: 0202 Sum: 202 Product: 202\n\n*****************************(SingleTokenSuite:Can process a single token)*****************************\nINPUT(SingleTokenSuite:Can process a single token)\n0202 \n. \n\nOUTPUT(SingleTokenSuite:Can process a single token)\nNumbers: \n\n*****************************(SingleTokenSuite:Can process a single token)*****************************\nINPUT(SingleTokenSuite:Can process a single token)\n0202\n.\n\nOUTPUT(SingleTokenSuite:Can process a single token)\nNumbers: 0202 Sum: 202 Product: 202\n\n*****************************(SingleTokenSuite:Can process a single token)*****************************\n### gradingTools.comp401f16.assignment1.testcases.SingleTokenOutputTest: 1.0\nRunning command:java -cp \".;..;D:\\dewan_backup\\Java\\lib\\UNCChecks_6.5.0.jar;D:\\Program Files\\eclipse-standard-kepler-SR1-win32-x86_64\\eclipse\\plugins\\net.sf.eclipsecs.checkstyle_6.5.0.201504121610\\checkstyle-6.5-all.jar;D:\\dewan_backup\\Java\\lib\\oeall22.jar;D:\\Program Files\\eclipse-java-luna-R-win32-x86_64\\eclipse\\plugins\\org.junit_4.11.0.v201303080030\\junit.jar\" main.Scan\nRunning in folder: D:\\dewan_backup\\Java\\Comp401AllChecks\\Test Data\\Comp401F16\\Assignment1\\Test, Student(tstudent)\\Submission attachment(s)\\Assignment1\\A1\\bin\n$0202 \n. \n\nProcess line:Numbers: \nNumbers: \nCalled main:main.Assignment1\nProvided input:0202 \n. \n\nExpected outputs:[(.*)0202(.*)]\nRunning command:java -cp \".;..;D:\\dewan_backup\\Java\\lib\\UNCChecks_6.5.0.jar;D:\\Program Files\\eclipse-standard-kepler-SR1-win32-x86_64\\eclipse\\plugins\\net.sf.eclipsecs.checkstyle_6.5.0.201504121610\\checkstyle-6.5-all.jar;D:\\dewan_backup\\Java\\lib\\oeall22.jar;D:\\Program Files\\eclipse-java-luna-R-win32-x86_64\\eclipse\\plugins\\org.junit_4.11.0.v201303080030\\junit.jar\" main.Scan\nRunning in folder: D:\\dewan_backup\\Java\\Comp401AllChecks\\Test Data\\Comp401F16\\Assignment1\\Test, Student(tstudent)\\Submission attachment(s)\\Assignment1\\A1\\bin\n$0202\n.\n\nProcess line:Numbers: 0202 Sum: 202 Product: 202\nNumbers: 0202 Sum: 202 Product: 202\nCalled main:main.Assignment1\nProvided input:0202\n.\n\nExpected outputs:[(.*)0202(.*)]\n### gradingTools.comp401f16.assignment1.testcases.SingleTokenSumTest: 1.0\nRunning command:java -cp \".;..;D:\\dewan_backup\\Java\\lib\\UNCChecks_6.5.0.jar;D:\\Program Files\\eclipse-standard-kepler-SR1-win32-x86_64\\eclipse\\plugins\\net.sf.eclipsecs.checkstyle_6.5.0.201504121610\\checkstyle-6.5-all.jar;D:\\dewan_backup\\Java\\lib\\oeall22.jar;D:\\Program Files\\eclipse-java-luna-R-win32-x86_64\\eclipse\\plugins\\org.junit_4.11.0.v201303080030\\junit.jar\" main.Scan\nRunning in folder: D:\\dewan_backup\\Java\\Comp401AllChecks\\Test Data\\Comp401F16\\Assignment1\\Test, Student(tstudent)\\Submission attachment(s)\\Assignment1\\A1\\bin\n$0202 \n. \n\nProcess line:Numbers: \nNumbers: \nCalled main:main.Assignment1\nProvided input:0202 \n. \n\nExpected outputs:[(.*)202(.*)]\nRunning command:java -cp \".;..;D:\\dewan_backup\\Java\\lib\\UNCChecks_6.5.0.jar;D:\\Program Files\\eclipse-standard-kepler-SR1-win32-x86_64\\eclipse\\plugins\\net.sf.eclipsecs.checkstyle_6.5.0.201504121610\\checkstyle-6.5-all.jar;D:\\dewan_backup\\Java\\lib\\oeall22.jar;D:\\Program Files\\eclipse-java-luna-R-win32-x86_64\\eclipse\\plugins\\org.junit_4.11.0.v201303080030\\junit.jar\" main.Scan\nRunning in folder: D:\\dewan_backup\\Java\\Comp401AllChecks\\Test Data\\Comp401F16\\Assignment1\\Test, Student(tstudent)\\Submission attachment(s)\\Assignment1\\A1\\bin\n$0202\n.\n\nProcess line:Numbers: 0202 Sum: 202 Product: 202\nNumbers: 0202 Sum: 202 Product: 202\nCalled main:main.Assignment1\nProvided input:0202\n.\n\nExpected outputs:[(.*)202(.*)]\n### gradingTools.comp401f16.assignment1.testcases.SingleTokenProductTest: 1.0\nRunning command:java -cp \".;..;D:\\dewan_backup\\Java\\lib\\UNCChecks_6.5.0.jar;D:\\Program Files\\eclipse-standard-kepler-SR1-win32-x86_64\\eclipse\\plugins\\net.sf.eclipsecs.checkstyle_6.5.0.201504121610\\checkstyle-6.5-all.jar;D:\\dewan_backup\\Java\\lib\\oeall22.jar;D:\\Program Files\\eclipse-java-luna-R-win32-x86_64\\eclipse\\plugins\\org.junit_4.11.0.v201303080030\\junit.jar\" main.Scan\nRunning in folder: D:\\dewan_backup\\Java\\Comp401AllChecks\\Test Data\\Comp401F16\\Assignment1\\Test, Student(tstudent)\\Submission attachment(s)\\Assignment1\\A1\\bin\n$0202 \n. \n\nProcess line:Numbers: \nNumbers: \nCalled main:main.Assignment1\nProvided input:0202 \n. \n\nExpected outputs:[(.*)202(.*)]\nRunning command:java -cp \".;..;D:\\dewan_backup\\Java\\lib\\UNCChecks_6.5.0.jar;D:\\Program Files\\eclipse-standard-kepler-SR1-win32-x86_64\\eclipse\\plugins\\net.sf.eclipsecs.checkstyle_6.5.0.201504121610\\checkstyle-6.5-all.jar;D:\\dewan_backup\\Java\\lib\\oeall22.jar;D:\\Program Files\\eclipse-java-luna-R-win32-x86_64\\eclipse\\plugins\\org.junit_4.11.0.v201303080030\\junit.jar\" main.Scan\nRunning in folder: D:\\dewan_backup\\Java\\Comp401AllChecks\\Test Data\\Comp401F16\\Assignment1\\Test, Student(tstudent)\\Submission attachment(s)\\Assignment1\\A1\\bin\n$0202\n.\n\nProcess line:Numbers: 0202 Sum: 202 Product: 202\nNumbers: 0202 Sum: 202 Product: 202\nCalled main:main.Assignment1\nProvided input:0202\n.\n\nExpected outputs:[(.*)202(.*)]\n","feature":{"manual":false,"extraCredit":false,"name":"SingleTokenSuite:Can process a single token","points":10.0,"permissions":[{"name":".","actions":"read,write"}],"summary":"SingleTokenSuite:Can process a single token            %.1f / 10.0"},"validate":false,"selected":false,"manual":false,"max":10.0,"fullCredit":true,"partialCredit":false,"restriction":false,"manualOverride":false,"autoNotGraded":false,"autoWithNotFullCredit":false,"manualWithNotFullCredit":false,"resultFileName":"D:/dewan_backup/Java/Comp401AllChecks/Test Data/Comp401F16/Assignment1/Test, Student(tstudent)/Feedback Attachment(s)/Results-SingleTokenSuite:Can process a single token.txt"},{"featureName":"VariableSpaceSuite:Handles Variable Spaces","score":0.0,"graded":true,"autoGradable":true,"extraCredit":true,"featureChecker":{"overridable":false},"feedbackFileName":"D:/dewan_backup/Java/Comp401AllChecks/Test Data/Comp401F16/Assignment1/Test, Student(tstudent)/Feedback Attachment(s)/VariableSpaceSuite:Handles Variable Spaces.txt","manualNotesFileName":"D:/dewan_backup/Java/Comp401AllChecks/Test Data/Comp401F16/Assignment1/Test, Student(tstudent)/Feedback Attachment(s)/ManualNotes-VariableSpaceSuite:Handles Variable Spaces.txt","autoNotesFileName":"D:/dewan_backup/Java/Comp401AllChecks/Test Data/Comp401F16/Assignment1/Test, Student(tstudent)/Feedback Attachment(s)/AutoNotes-VariableSpaceSuite:Handles Variable Spaces.txt","outputFiles":null,"inputFiles":[],"linkedFeature":null,"manualNotes":"","autoNotes":"  -- Incorrect output%0.0\n  -- Incorrect output%0.0\n  -- Incorrect output%0.0\n","resultFormat":"VariableSpaceSuite:Handles Variable Spaces             %.1f /  5.0 (Extra credit)","output":"*****************************(VariableSpaceSuite:Handles Variable Spaces)*****************************\nINPUT(VariableSpaceSuite:Handles Variable Spaces)\n22    44 66     \n11 33    55  1 \n. \n\nOUTPUT(VariableSpaceSuite:Handles Variable Spaces)\nNumbers: \nNumbers: \n\n*****************************(VariableSpaceSuite:Handles Variable Spaces)*****************************\nINPUT(VariableSpaceSuite:Handles Variable Spaces)\n22    44 66    \n11 33    55  1\n.\n\nOUTPUT(VariableSpaceSuite:Handles Variable Spaces)\nNumbers: \nNumbers: 11 33  \n\nERRORS(VariableSpaceSuite:Handles Variable Spaces)\nException in thread \"main\" java.lang.NumberFormatException: For input string: \"\"\n\tat java.lang.NumberFormatException.forInputString(NumberFormatException.java:65)\n\tat java.lang.Integer.parseInt(Integer.java:592)\n\tat java.lang.Integer.parseInt(Integer.java:615)\n\tat main.Scan.scan(Scan.java:46)\n\tat main.Scan.main(Scan.java:16)\n\n*****************************(VariableSpaceSuite:Handles Variable Spaces)*****************************\nINPUT(VariableSpaceSuite:Handles Variable Spaces)\n22    44 66     \n11 33    55  1 \n. \n\nOUTPUT(VariableSpaceSuite:Handles Variable Spaces)\nNumbers: \nNumbers: \n\n*****************************(VariableSpaceSuite:Handles Variable Spaces)*****************************\nINPUT(VariableSpaceSuite:Handles Variable Spaces)\n22    44 66    \n11 33    55  1\n.\n\nOUTPUT(VariableSpaceSuite:Handles Variable Spaces)\nNumbers: \nNumbers: 11 33  \n\nERRORS(VariableSpaceSuite:Handles Variable Spaces)\nException in thread \"main\" java.lang.NumberFormatException: For input string: \"\"\n\tat java.lang.NumberFormatException.forInputString(NumberFormatException.java:65)\n\tat java.lang.Integer.parseInt(Integer.java:592)\n\tat java.lang.Integer.parseInt(Integer.java:615)\n\tat main.Scan.scan(Scan.java:46)\n\tat main.Scan.main(Scan.java:16)\n\n*****************************(VariableSpaceSuite:Handles Variable Spaces)*****************************\nINPUT(VariableSpaceSuite:Handles Variable Spaces)\n22    44 66     \n11 33    55  1 \n. \n\nOUTPUT(VariableSpaceSuite:Handles Variable Spaces)\nNumbers: \nNumbers: \n\n*****************************(VariableSpaceSuite:Handles Variable Spaces)*****************************\nINPUT(VariableSpaceSuite:Handles Variable Spaces)\n22    44 66    \n11 33    55  1\n.\n\nOUTPUT(VariableSpaceSuite:Handles Variable Spaces)\nNumbers: \nNumbers: 11 33  \n\nERRORS(VariableSpaceSuite:Handles Variable Spaces)\nException in thread \"main\" java.lang.NumberFormatException: For input string: \"\"\n\tat java.lang.NumberFormatException.forInputString(NumberFormatException.java:65)\n\tat java.lang.Integer.parseInt(Integer.java:592)\n\tat java.lang.Integer.parseInt(Integer.java:615)\n\tat main.Scan.scan(Scan.java:46)\n\tat main.Scan.main(Scan.java:16)\n\n*****************************(VariableSpaceSuite:Handles Variable Spaces)*****************************\n### gradingTools.comp401f16.assignment1.testcases.VariableSpaceOutputTest: 1.0\nRunning command:java -cp \".;..;D:\\dewan_backup\\Java\\lib\\UNCChecks_6.5.0.jar;D:\\Program Files\\eclipse-standard-kepler-SR1-win32-x86_64\\eclipse\\plugins\\net.sf.eclipsecs.checkstyle_6.5.0.201504121610\\checkstyle-6.5-all.jar;D:\\dewan_backup\\Java\\lib\\oeall22.jar;D:\\Program Files\\eclipse-java-luna-R-win32-x86_64\\eclipse\\plugins\\org.junit_4.11.0.v201303080030\\junit.jar\" main.Scan\nRunning in folder: D:\\dewan_backup\\Java\\Comp401AllChecks\\Test Data\\Comp401F16\\Assignment1\\Test, Student(tstudent)\\Submission attachment(s)\\Assignment1\\A1\\bin\n$22    44 66     \n11 33    55  1 \n. \n\nProcess line:Numbers: \nNumbers: \nProcess line:Numbers: \nNumbers: \nCalled main:main.Assignment1\nProvided input:22    44 66     \n11 33    55  1 \n. \n\nExpected outputs:[(.*)22(.*), (.*)44(.*), (.*)66(.*), (.*)11(.*), (.*)33(.*), (.*)55(.*), (.*)1(.*)]\nRunning command:java -cp \".;..;D:\\dewan_backup\\Java\\lib\\UNCChecks_6.5.0.jar;D:\\Program Files\\eclipse-standard-kepler-SR1-win32-x86_64\\eclipse\\plugins\\net.sf.eclipsecs.checkstyle_6.5.0.201504121610\\checkstyle-6.5-all.jar;D:\\dewan_backup\\Java\\lib\\oeall22.jar;D:\\Program Files\\eclipse-java-luna-R-win32-x86_64\\eclipse\\plugins\\org.junit_4.11.0.v201303080030\\junit.jar\" main.Scan\nRunning in folder: D:\\dewan_backup\\Java\\Comp401AllChecks\\Test Data\\Comp401F16\\Assignment1\\Test, Student(tstudent)\\Submission attachment(s)\\Assignment1\\A1\\bin\n$22    44 66    \n11 33    55  1\n.\n\nProcess line:Numbers: \nNumbers: \nProcess line:Numbers: 11 33  \nNumbers: 11 33  \nCalled main:main.Assignment1\nProvided input:22    44 66    \n11 33    55  1\n.\n\nExpected outputs:[(.*)22(.*), (.*)44(.*), (.*)66(.*), (.*)11(.*), (.*)33(.*), (.*)55(.*), (.*)1(.*)]\n### gradingTools.comp401f16.assignment1.testcases.VariableSpaceOutputTest: 0.0\n### gradingTools.comp401f16.assignment1.testcases.VariableSpaceSumTest: 1.0\nRunning command:java -cp \".;..;D:\\dewan_backup\\Java\\lib\\UNCChecks_6.5.0.jar;D:\\Program Files\\eclipse-standard-kepler-SR1-win32-x86_64\\eclipse\\plugins\\net.sf.eclipsecs.checkstyle_6.5.0.201504121610\\checkstyle-6.5-all.jar;D:\\dewan_backup\\Java\\lib\\oeall22.jar;D:\\Program Files\\eclipse-java-luna-R-win32-x86_64\\eclipse\\plugins\\org.junit_4.11.0.v201303080030\\junit.jar\" main.Scan\nRunning in folder: D:\\dewan_backup\\Java\\Comp401AllChecks\\Test Data\\Comp401F16\\Assignment1\\Test, Student(tstudent)\\Submission attachment(s)\\Assignment1\\A1\\bin\n$22    44 66     \n11 33    55  1 \n. \n\nProcess line:Numbers: \nNumbers: \nProcess line:Numbers: \nNumbers: \nCalled main:main.Assignment1\nProvided input:22    44 66     \n11 33    55  1 \n. \n\nExpected outputs:[(.*)132(.*), (.*)100(.*)]\nRunning command:java -cp \".;..;D:\\dewan_backup\\Java\\lib\\UNCChecks_6.5.0.jar;D:\\Program Files\\eclipse-standard-kepler-SR1-win32-x86_64\\eclipse\\plugins\\net.sf.eclipsecs.checkstyle_6.5.0.201504121610\\checkstyle-6.5-all.jar;D:\\dewan_backup\\Java\\lib\\oeall22.jar;D:\\Program Files\\eclipse-java-luna-R-win32-x86_64\\eclipse\\plugins\\org.junit_4.11.0.v201303080030\\junit.jar\" main.Scan\nRunning in folder: D:\\dewan_backup\\Java\\Comp401AllChecks\\Test Data\\Comp401F16\\Assignment1\\Test, Student(tstudent)\\Submission attachment(s)\\Assignment1\\A1\\bin\n$22    44 66    \n11 33    55  1\n.\n\nProcess line:Numbers: \nNumbers: \nProcess line:Numbers: 11 33  \nNumbers: 11 33  \nCalled main:main.Assignment1\nProvided input:22    44 66    \n11 33    55  1\n.\n\nExpected outputs:[(.*)132(.*), (.*)100(.*)]\n### gradingTools.comp401f16.assignment1.testcases.VariableSpaceSumTest: 0.0\n### gradingTools.comp401f16.assignment1.testcases.VariableSpaceProductTest: 1.0\nRunning command:java -cp \".;..;D:\\dewan_backup\\Java\\lib\\UNCChecks_6.5.0.jar;D:\\Program Files\\eclipse-standard-kepler-SR1-win32-x86_64\\eclipse\\plugins\\net.sf.eclipsecs.checkstyle_6.5.0.201504121610\\checkstyle-6.5-all.jar;D:\\dewan_backup\\Java\\lib\\oeall22.jar;D:\\Program Files\\eclipse-java-luna-R-win32-x86_64\\eclipse\\plugins\\org.junit_4.11.0.v201303080030\\junit.jar\" main.Scan\nRunning in folder: D:\\dewan_backup\\Java\\Comp401AllChecks\\Test Data\\Comp401F16\\Assignment1\\Test, Student(tstudent)\\Submission attachment(s)\\Assignment1\\A1\\bin\n$22    44 66     \n11 33    55  1 \n. \n\nProcess line:Numbers: \nNumbers: \nProcess line:Numbers: \nNumbers: \nCalled main:main.Assignment1\nProvided input:22    44 66     \n11 33    55  1 \n. \n\nExpected outputs:[(.*)132(.*), (.*)100(.*)]\nRunning command:java -cp \".;..;D:\\dewan_backup\\Java\\lib\\UNCChecks_6.5.0.jar;D:\\Program Files\\eclipse-standard-kepler-SR1-win32-x86_64\\eclipse\\plugins\\net.sf.eclipsecs.checkstyle_6.5.0.201504121610\\checkstyle-6.5-all.jar;D:\\dewan_backup\\Java\\lib\\oeall22.jar;D:\\Program Files\\eclipse-java-luna-R-win32-x86_64\\eclipse\\plugins\\org.junit_4.11.0.v201303080030\\junit.jar\" main.Scan\nRunning in folder: D:\\dewan_backup\\Java\\Comp401AllChecks\\Test Data\\Comp401F16\\Assignment1\\Test, Student(tstudent)\\Submission attachment(s)\\Assignment1\\A1\\bin\n$22    44 66    \n11 33    55  1\n.\n\nProcess line:Numbers: \nNumbers: \nProcess line:Numbers: 11 33  \nNumbers: 11 33  \nCalled main:main.Assignment1\nProvided input:22    44 66    \n11 33    55  1\n.\n\nExpected outputs:[(.*)132(.*), (.*)100(.*)]\n### gradingTools.comp401f16.assignment1.testcases.VariableSpaceProductTest: 0.0\n","feature":{"manual":false,"extraCredit":true,"name":"VariableSpaceSuite:Handles Variable Spaces","points":5.0,"permissions":[{"name":".","actions":"read,write"}],"summary":"VariableSpaceSuite:Handles Variable Spaces             %.1f /  5.0 (Extra credit)"},"validate":false,"selected":false,"manual":false,"max":5.0,"fullCredit":false,"partialCredit":false,"restriction":false,"manualOverride":true,"autoNotGraded":false,"autoWithNotFullCredit":true,"manualWithNotFullCredit":false,"resultFileName":"D:/dewan_backup/Java/Comp401AllChecks/Test Data/Comp401F16/Assignment1/Test, Student(tstudent)/Feedback Attachment(s)/Results-VariableSpaceSuite:Handles Variable Spaces.txt"},{"featureName":"Required Methods Called in Main","score":0.0,"graded":true,"autoGradable":true,"extraCredit":false,"featureChecker":{"overridable":false},"feedbackFileName":"D:/dewan_backup/Java/Comp401AllChecks/Test Data/Comp401F16/Assignment1/Test, Student(tstudent)/Feedback Attachment(s)/Required Methods Called in Main.txt","manualNotesFileName":"D:/dewan_backup/Java/Comp401AllChecks/Test Data/Comp401F16/Assignment1/Test, Student(tstudent)/Feedback Attachment(s)/ManualNotes-Required Methods Called in Main.txt","autoNotesFileName":"D:/dewan_backup/Java/Comp401AllChecks/Test Data/Comp401F16/Assignment1/Test, Student(tstudent)/Feedback Attachment(s)/AutoNotes-Required Methods Called in Main.txt","outputFiles":null,"inputFiles":[],"linkedFeature":null,"manualNotes":"","autoNotes":"  -- Type main.Assignment1 not defined, cannot check\n  -- Type main.Assignment1 not defined, cannot check\n  -- Type main.Assignment1 not defined, cannot check\n","resultFormat":"Required Methods Called in Main                        %.1f / 15.0","output":"*****************************(Required Methods Called in Main)*****************************\n### main.Assignment1!processInput:->void: 0.0\n### main.Assignment1!indexOf:String;char: 0.0\n### main.Assignment1!scanString:String->void: 0.0\n","feature":{"manual":false,"extraCredit":false,"name":"Required Methods Called in Main","points":15.0,"permissions":[{"name":".","actions":"read,write"}],"summary":"Required Methods Called in Main                        %.1f / 15.0"},"validate":false,"selected":false,"manual":false,"max":15.0,"fullCredit":false,"partialCredit":false,"restriction":false,"manualOverride":true,"autoNotGraded":false,"autoWithNotFullCredit":true,"manualWithNotFullCredit":false,"resultFileName":"D:/dewan_backup/Java/Comp401AllChecks/Test Data/Comp401F16/Assignment1/Test, Student(tstudent)/Feedback Attachment(s)/Results-Required Methods Called in Main.txt"},{"featureName":"Regular Methods Called in Iterator","score":0.0,"graded":true,"autoGradable":true,"extraCredit":false,"featureChecker":{"overridable":false},"feedbackFileName":"D:/dewan_backup/Java/Comp401AllChecks/Test Data/Comp401F16/Assignment1/Test, Student(tstudent)/Feedback Attachment(s)/Regular Methods Called in Iterator.txt","manualNotesFileName":"D:/dewan_backup/Java/Comp401AllChecks/Test Data/Comp401F16/Assignment1/Test, Student(tstudent)/Feedback Attachment(s)/ManualNotes-Regular Methods Called in Iterator.txt","autoNotesFileName":"D:/dewan_backup/Java/Comp401AllChecks/Test Data/Comp401F16/Assignment1/Test, Student(tstudent)/Feedback Attachment(s)/AutoNotes-Regular Methods Called in Iterator.txt","outputFiles":null,"inputFiles":[],"linkedFeature":null,"manualNotes":"","autoNotes":"  -- Type ScanningIterator not defined, cannot check\n","resultFormat":"Regular Methods Called in Iterator                     %.1f /  5.0","output":"*****************************(Regular Methods Called in Iterator)*****************************\n### ScanningIterator!indexOf:String;char: 0.0\n","feature":{"manual":false,"extraCredit":false,"name":"Regular Methods Called in Iterator","points":5.0,"permissions":[{"name":".","actions":"read,write"}],"summary":"Regular Methods Called in Iterator                     %.1f /  5.0"},"validate":false,"selected":false,"manual":false,"max":5.0,"fullCredit":false,"partialCredit":false,"restriction":false,"manualOverride":true,"autoNotGraded":false,"autoWithNotFullCredit":true,"manualWithNotFullCredit":false,"resultFileName":"D:/dewan_backup/Java/Comp401AllChecks/Test Data/Comp401F16/Assignment1/Test, Student(tstudent)/Feedback Attachment(s)/Results-Regular Methods Called in Iterator.txt"},{"featureName":"Extra Credit Methods Called in Main","score":0.0,"graded":true,"autoGradable":true,"extraCredit":true,"featureChecker":{"overridable":false},"feedbackFileName":"D:/dewan_backup/Java/Comp401AllChecks/Test Data/Comp401F16/Assignment1/Test, Student(tstudent)/Feedback Attachment(s)/Extra Credit Methods Called in Main.txt","manualNotesFileName":"D:/dewan_backup/Java/Comp401AllChecks/Test Data/Comp401F16/Assignment1/Test, Student(tstudent)/Feedback Attachment(s)/ManualNotes-Extra Credit Methods Called in Main.txt","autoNotesFileName":"D:/dewan_backup/Java/Comp401AllChecks/Test Data/Comp401F16/Assignment1/Test, Student(tstudent)/Feedback Attachment(s)/AutoNotes-Extra Credit Methods Called in Main.txt","outputFiles":null,"inputFiles":[],"linkedFeature":null,"manualNotes":"","autoNotes":"  -- Type main.Assignment1 not defined, cannot check\n","resultFormat":"Extra Credit Methods Called in Main                    %.1f /  3.0 (Extra credit)","output":"*****************************(Extra Credit Methods Called in Main)*****************************\n### main.Assignment1!indexOfNot:String;char: 0.0\n","feature":{"manual":false,"extraCredit":true,"name":"Extra Credit Methods Called in Main","points":3.0,"permissions":[{"name":".","actions":"read,write"}],"summary":"Extra Credit Methods Called in Main                    %.1f /  3.0 (Extra credit)"},"validate":false,"selected":false,"manual":false,"max":3.0,"fullCredit":false,"partialCredit":false,"restriction":false,"manualOverride":true,"autoNotGraded":false,"autoWithNotFullCredit":true,"manualWithNotFullCredit":false,"resultFileName":"D:/dewan_backup/Java/Comp401AllChecks/Test Data/Comp401F16/Assignment1/Test, Student(tstudent)/Feedback Attachment(s)/Results-Extra Credit Methods Called in Main.txt"},{"featureName":"Extra Credit Methods Called in Iterator","score":0.0,"graded":true,"autoGradable":true,"extraCredit":true,"featureChecker":{"overridable":false},"feedbackFileName":"D:/dewan_backup/Java/Comp401AllChecks/Test Data/Comp401F16/Assignment1/Test, Student(tstudent)/Feedback Attachment(s)/Extra Credit Methods Called in Iterator.txt","manualNotesFileName":"D:/dewan_backup/Java/Comp401AllChecks/Test Data/Comp401F16/Assignment1/Test, Student(tstudent)/Feedback Attachment(s)/ManualNotes-Extra Credit Methods Called in Iterator.txt","autoNotesFileName":"D:/dewan_backup/Java/Comp401AllChecks/Test Data/Comp401F16/Assignment1/Test, Student(tstudent)/Feedback Attachment(s)/AutoNotes-Extra Credit Methods Called in Iterator.txt","outputFiles":null,"inputFiles":[],"linkedFeature":null,"manualNotes":"","autoNotes":"  -- Type ScanningIterator not defined, cannot check\n","resultFormat":"Extra Credit Methods Called in Iterator                %.1f /  3.0 (Extra credit)","output":"*****************************(Extra Credit Methods Called in Iterator)*****************************\n### ScanningIterator!indexOfNot:String;char: 0.0\n","feature":{"manual":false,"extraCredit":true,"name":"Extra Credit Methods Called in Iterator","points":3.0,"permissions":[{"name":".","actions":"read,write"}],"summary":"Extra Credit Methods Called in Iterator                %.1f /  3.0 (Extra credit)"},"validate":false,"selected":false,"manual":false,"max":3.0,"fullCredit":false,"partialCredit":false,"restriction":false,"manualOverride":true,"autoNotGraded":false,"autoWithNotFullCredit":true,"manualWithNotFullCredit":false,"resultFileName":"D:/dewan_backup/Java/Comp401AllChecks/Test Data/Comp401F16/Assignment1/Test, Student(tstudent)/Feedback Attachment(s)/Results-Extra Credit Methods Called in Iterator.txt"},{"featureName":"Iterator Methods Called in Main","score":0.0,"graded":true,"autoGradable":true,"extraCredit":true,"featureChecker":{"overridable":false},"feedbackFileName":"D:/dewan_backup/Java/Comp401AllChecks/Test Data/Comp401F16/Assignment1/Test, Student(tstudent)/Feedback Attachment(s)/Iterator Methods Called in Main.txt","manualNotesFileName":"D:/dewan_backup/Java/Comp401AllChecks/Test Data/Comp401F16/Assignment1/Test, Student(tstudent)/Feedback Attachment(s)/ManualNotes-Iterator Methods Called in Main.txt","autoNotesFileName":"D:/dewan_backup/Java/Comp401AllChecks/Test Data/Comp401F16/Assignment1/Test, Student(tstudent)/Feedback Attachment(s)/AutoNotes-Iterator Methods Called in Main.txt","outputFiles":null,"inputFiles":[],"linkedFeature":null,"manualNotes":"","autoNotes":"  -- Type main.Assignment1 not defined, cannot check\n  -- Type main.Assignment1 not defined, cannot check\n","resultFormat":"Iterator Methods Called in Main                        %.1f / 10.0 (Extra credit)","output":"*****************************(Iterator Methods Called in Main)*****************************\n### main.Assignment1!\\(\\.\\*\\)!hasNext:->boolean: 0.0\n### main.Assignment1!\\(\\.*\\)!next:->String: 0.0\n","feature":{"manual":false,"extraCredit":true,"name":"Iterator Methods Called in Main","points":10.0,"permissions":[{"name":".","actions":"read,write"}],"summary":"Iterator Methods Called in Main                        %.1f / 10.0 (Extra credit)"},"validate":false,"selected":false,"manual":false,"max":10.0,"fullCredit":false,"partialCredit":false,"restriction":false,"manualOverride":true,"autoNotGraded":false,"autoWithNotFullCredit":true,"manualWithNotFullCredit":false,"resultFileName":"D:/dewan_backup/Java/Comp401AllChecks/Test Data/Comp401F16/Assignment1/Test, Student(tstudent)/Feedback Attachment(s)/Results-Iterator Methods Called in Main.txt"},{"featureName":"Screenshots enclosed","score":10.0,"graded":true,"autoGradable":true,"extraCredit":false,"featureChecker":{"overridable":false},"feedbackFileName":"D:/dewan_backup/Java/Comp401AllChecks/Test Data/Comp401F16/Assignment1/Test, Student(tstudent)/Feedback Attachment(s)/Screenshots enclosed.txt","manualNotesFileName":"D:/dewan_backup/Java/Comp401AllChecks/Test Data/Comp401F16/Assignment1/Test, Student(tstudent)/Feedback Attachment(s)/ManualNotes-Screenshots enclosed.txt","autoNotesFileName":"D:/dewan_backup/Java/Comp401AllChecks/Test Data/Comp401F16/Assignment1/Test, Student(tstudent)/Feedback Attachment(s)/AutoNotes-Screenshots enclosed.txt","outputFiles":null,"inputFiles":[],"linkedFeature":null,"manualNotes":"","autoNotes":"","resultFormat":"Screenshots enclosed                                   %.1f / 10.0","output":"*****************************(Screenshots enclosed)*****************************\n### Image enclosed test case: 1.0\n","feature":{"manual":false,"extraCredit":false,"name":"Screenshots enclosed","points":10.0,"permissions":[{"name":".","actions":"read,write"}],"summary":"Screenshots enclosed                                   %.1f / 10.0"},"validate":false,"selected":false,"manual":false,"max":10.0,"fullCredit":true,"partialCredit":false,"restriction":false,"manualOverride":false,"autoNotGraded":false,"autoWithNotFullCredit":false,"manualWithNotFullCredit":false,"resultFileName":"D:/dewan_backup/Java/Comp401AllChecks/Test Data/Comp401F16/Assignment1/Test, Student(tstudent)/Feedback Attachment(s)/Results-Screenshots enclosed.txt"},{"featureName":"Illegal import or call","score":0.0,"graded":true,"autoGradable":true,"extraCredit":false,"featureChecker":{"overridable":false},"feedbackFileName":"D:/dewan_backup/Java/Comp401AllChecks/Test Data/Comp401F16/Assignment1/Test, Student(tstudent)/Feedback Attachment(s)/Illegal import or call.txt","manualNotesFileName":"D:/dewan_backup/Java/Comp401AllChecks/Test Data/Comp401F16/Assignment1/Test, Student(tstudent)/Feedback Attachment(s)/ManualNotes-Illegal import or call.txt","autoNotesFileName":"D:/dewan_backup/Java/Comp401AllChecks/Test Data/Comp401F16/Assignment1/Test, Student(tstudent)/Feedback Attachment(s)/AutoNotes-Illegal import or call.txt","outputFiles":null,"inputFiles":[],"linkedFeature":null,"manualNotes":"","autoNotes":"","resultFormat":"Illegal import or call                      %.1f /  -25.0","output":"","feature":{"manual":false,"extraCredit":false,"name":"Illegal import or call","points":-25.0,"permissions":[{"name":".","actions":"read,write"}],"summary":"Illegal import or call                      %.1f /  -25.0"},"validate":false,"selected":false,"manual":false,"max":-25.0,"fullCredit":true,"partialCredit":false,"restriction":true,"manualOverride":false,"autoNotGraded":false,"autoWithNotFullCredit":false,"manualWithNotFullCredit":false,"resultFileName":"D:/dewan_backup/Java/Comp401AllChecks/Test Data/Comp401F16/Assignment1/Test, Student(tstudent)/Feedback Attachment(s)/Results-Illegal import or call.txt"},{"featureName":"Single main.Assigment","score":-5.0,"graded":true,"autoGradable":true,"extraCredit":false,"featureChecker":{"overridable":false},"feedbackFileName":"D:/dewan_backup/Java/Comp401AllChecks/Test Data/Comp401F16/Assignment1/Test, Student(tstudent)/Feedback Attachment(s)/Single main.Assigment.txt","manualNotesFileName":"D:/dewan_backup/Java/Comp401AllChecks/Test Data/Comp401F16/Assignment1/Test, Student(tstudent)/Feedback Attachment(s)/ManualNotes-Single main.Assigment.txt","autoNotesFileName":"D:/dewan_backup/Java/Comp401AllChecks/Test Data/Comp401F16/Assignment1/Test, Student(tstudent)/Feedback Attachment(s)/AutoNotes-Single main.Assigment.txt","outputFiles":null,"inputFiles":[],"linkedFeature":null,"manualNotes":"","autoNotes":"  -- Class matching main.Assignment(.*) not defined but main package defined or main package has wrong case\n","resultFormat":"Single main.Assigment                       %.1f /  -10.0","output":"","feature":{"manual":false,"extraCredit":false,"name":"Single main.Assigment","points":-10.0,"permissions":[{"name":".","actions":"read,write"}],"summary":"Single main.Assigment                       %.1f /  -10.0"},"validate":false,"selected":false,"manual":false,"max":-10.0,"fullCredit":false,"partialCredit":false,"restriction":true,"manualOverride":true,"autoNotGraded":false,"autoWithNotFullCredit":true,"manualWithNotFullCredit":false,"resultFileName":"D:/dewan_backup/Java/Comp401AllChecks/Test Data/Comp401F16/Assignment1/Test, Student(tstudent)/Feedback Attachment(s)/Results-Single main.Assigment.txt"}],"sourceCodeTAComments":""}