{"userId":"All, Correct (acorrect)","featureResults":[{"score":0.0,"results":[{"notes":"Did not find a class in:[main.Assignment1, (.*)Assignment(.*), ScanningIterator, (.*)ScanningIterator(.*), ScannerBean, (.*)Bean(.*)]%Did not find a class in:[main.Assignment1, (.*)Assignment(.*), ScanningIterator, (.*)ScanningIterator(.*), ScannerBean, (.*)Bean(.*)]","percentage":0.0,"name":"gradingTools.comp401f16.assignment1.testcases.ScanStringTest","autoGraded":true,"pass":false,"partialPass":false,"fail":true}],"notes":"","target":{"manual":false,"extraCredit":false,"name":"ScanStringTestSuite:ScanString functions correctly","points":15.0,"permissions":[{"name":".","actions":"read,write"}],"summary":"ScanStringTestSuite:ScanString functions correctly     %.1f / 15.0"},"autoNotes":"","message":"gradingTools.comp401f16.assignment1.testcases.ScanStringTest: 0.0% \n  -- Did not find a class in:[main.Assignment1, (.*)Assignment(.*), ScanningIterator, (.*)ScanningIterator(.*), ScannerBean, (.*)Bean(.*)]%Did not find a class in:[main.Assignment1, (.*)Assignment(.*), ScanningIterator, (.*)ScanningIterator(.*), ScannerBean, (.*)Bean(.*)]\n","summary":"Notes about ScanStringTestSuite:ScanString functions correctly:\n * From test case \"gradingTools.comp401f16.assignment1.testcases.ScanStringTest\": Did not find a class in:[main.Assignment1, (.*)Assignment(.*), ScanningIterator, (.*)ScanningIterator(.*), ScannerBean, (.*)Bean(.*)]%Did not find a class in:[main.Assignment1, (.*)Assignment(.*), ScanningIterator, (.*)ScanningIterator(.*), ScannerBean, (.*)Bean(.*)]"},{"score":0.0,"results":[{"notes":"java.lang.ArrayIndexOutOfBoundsException 0","percentage":0.0,"name":"gradingTools.comp401f16.assignment1.testcases.ScanningIteratorTest","autoGraded":true,"pass":false,"partialPass":false,"fail":true},{"notes":"java.lang.ArrayIndexOutOfBoundsException 0","percentage":0.0,"name":"gradingTools.comp401f16.assignment1.testcases.HasNextSideEffectTest","autoGraded":true,"pass":false,"partialPass":false,"fail":true}],"notes":"","target":{"manual":false,"extraCredit":true,"name":"ScanningIteratorSuite:Scanning Iterator","points":30.0,"permissions":[{"name":".","actions":"read,write"}],"summary":"ScanningIteratorSuite:Scanning Iterator                %.1f / 30.0 (Extra credit)"},"autoNotes":"","message":"gradingTools.comp401f16.assignment1.testcases.ScanningIteratorTest: 0.0% \n  -- java.lang.ArrayIndexOutOfBoundsException 0\ngradingTools.comp401f16.assignment1.testcases.HasNextSideEffectTest: 0.0% \n  -- java.lang.ArrayIndexOutOfBoundsException 0\n","summary":"Notes about ScanningIteratorSuite:Scanning Iterator:\n * From test case \"gradingTools.comp401f16.assignment1.testcases.ScanningIteratorTest\": java.lang.ArrayIndexOutOfBoundsException 0\n * From test case \"gradingTools.comp401f16.assignment1.testcases.HasNextSideEffectTest\": java.lang.ArrayIndexOutOfBoundsException 0"},{"score":30.0,"results":[{"notes":"","percentage":1.0,"name":"gradingTools.comp401f16.assignment1.testcases.MultipleTokensOutputTest","autoGraded":true,"pass":true,"partialPass":false,"fail":false},{"notes":"","percentage":1.0,"name":"gradingTools.comp401f16.assignment1.testcases.MultipleTokenSumTest","autoGraded":true,"pass":true,"partialPass":false,"fail":false},{"notes":"","percentage":1.0,"name":"gradingTools.comp401f16.assignment1.testcases.MultipleTokenProductTest","autoGraded":true,"pass":true,"partialPass":false,"fail":false}],"notes":"","target":{"manual":false,"extraCredit":false,"name":"MultipleTokenSuite:Can process multiple tokens","points":30.0,"permissions":[{"name":".","actions":"read,write"}],"summary":"MultipleTokenSuite:Can process multiple tokens         %.1f / 30.0"},"autoNotes":"","message":"gradingTools.comp401f16.assignment1.testcases.MultipleTokensOutputTest: 100.0% \ngradingTools.comp401f16.assignment1.testcases.MultipleTokenSumTest: 100.0% \ngradingTools.comp401f16.assignment1.testcases.MultipleTokenProductTest: 100.0% \n","summary":""},{"score":0.0,"results":[{"notes":"Correct output but errors%0.5","percentage":0.0,"name":"gradingTools.comp401f16.assignment1.testcases.InvalidCharacterOutputTest","autoGraded":true,"pass":false,"partialPass":false,"fail":true},{"notes":"Correct output but errors%0.5","percentage":0.0,"name":"gradingTools.comp401f16.assignment1.testcases.InvalidCharacterSumTest","autoGraded":true,"pass":false,"partialPass":false,"fail":true},{"notes":"Correct output but errors%0.5","percentage":0.0,"name":"gradingTools.comp401f16.assignment1.testcases.InvalidCharacterProductTest","autoGraded":true,"pass":false,"partialPass":false,"fail":true}],"notes":"","target":{"manual":false,"extraCredit":true,"name":"InvalidCharacterSuite:Handles Invalid Characters","points":10.0,"permissions":[{"name":".","actions":"read,write"}],"summary":"InvalidCharacterSuite:Handles Invalid Characters       %.1f / 10.0 (Extra credit)"},"autoNotes":"","message":"gradingTools.comp401f16.assignment1.testcases.InvalidCharacterOutputTest: 0.0% \n  -- Correct output but errors%0.5\ngradingTools.comp401f16.assignment1.testcases.InvalidCharacterSumTest: 0.0% \n  -- Correct output but errors%0.5\ngradingTools.comp401f16.assignment1.testcases.InvalidCharacterProductTest: 0.0% \n  -- Correct output but errors%0.5\n","summary":"Notes about InvalidCharacterSuite:Handles Invalid Characters:\n * From test case \"gradingTools.comp401f16.assignment1.testcases.InvalidCharacterOutputTest\": Correct output but errors%0.5\n * From test case \"gradingTools.comp401f16.assignment1.testcases.InvalidCharacterSumTest\": Correct output but errors%0.5\n * From test case \"gradingTools.comp401f16.assignment1.testcases.InvalidCharacterProductTest\": Correct output but errors%0.5"},{"score":0.0,"results":[{"notes":"Correct output but errors. Possible reasons:continuing processing after period or parsing period or not expecting a character after period%0.5","percentage":0.0,"name":"gradingTools.comp401f16.assignment1.testcases.TerminatesWithStartingPeriodOutputTest","autoGraded":true,"pass":false,"partialPass":false,"fail":true},{"notes":"Correct output but errors. Possible reasons:continuing processing after period or parsing period or not expecting a character after period%0.5","percentage":0.0,"name":"gradingTools.comp401f16.assignment1.testcases.TerminatesWithStartingPeriodSumTest","autoGraded":true,"pass":false,"partialPass":false,"fail":true},{"notes":"Correct output but errors. Possible reasons:continuing processing after period or parsing period or not expecting a character after period%0.5","percentage":0.0,"name":"gradingTools.comp401f16.assignment1.testcases.TerminatesWithStartingPeriodProductTest","autoGraded":true,"pass":false,"partialPass":false,"fail":true}],"notes":"","target":{"manual":false,"extraCredit":false,"name":"TerminatesWithStartingPeriodSuite:Terminating period forms complete line","points":5.0,"permissions":[{"name":".","actions":"read,write"}],"summary":"TerminatesWithStartingPeriodSuite:Terminating period forms complete line %.1f /  5.0"},"autoNotes":"","message":"gradingTools.comp401f16.assignment1.testcases.TerminatesWithStartingPeriodOutputTest: 0.0% \n  -- Correct output but errors. Possible reasons:continuing processing after period or parsing period or not expecting a character after period%0.5\ngradingTools.comp401f16.assignment1.testcases.TerminatesWithStartingPeriodSumTest: 0.0% \n  -- Correct output but errors. Possible reasons:continuing processing after period or parsing period or not expecting a character after period%0.5\ngradingTools.comp401f16.assignment1.testcases.TerminatesWithStartingPeriodProductTest: 0.0% \n  -- Correct output but errors. Possible reasons:continuing processing after period or parsing period or not expecting a character after period%0.5\n","summary":"Notes about TerminatesWithStartingPeriodSuite:Terminating period forms complete line:\n * From test case \"gradingTools.comp401f16.assignment1.testcases.TerminatesWithStartingPeriodOutputTest\": Correct output but errors. Possible reasons:continuing processing after period or parsing period or not expecting a character after period%0.5\n * From test case \"gradingTools.comp401f16.assignment1.testcases.TerminatesWithStartingPeriodSumTest\": Correct output but errors. Possible reasons:continuing processing after period or parsing period or not expecting a character after period%0.5\n * From test case \"gradingTools.comp401f16.assignment1.testcases.TerminatesWithStartingPeriodProductTest\": Correct output but errors. Possible reasons:continuing processing after period or parsing period or not expecting a character after period%0.5"},{"score":0.0,"results":[{"notes":"Did not find a class in:[ScanningIterator, main.Assignment1]%Did not find a class in:[ScanningIterator, main.Assignment1]","percentage":0.0,"name":"gradingTools.comp401f16.assignment1.testcases.IndexOfNotNonSpaceAtEnd","autoGraded":true,"pass":false,"partialPass":false,"fail":true},{"notes":"Did not find a class in:[ScanningIterator, main.Assignment1]%Did not find a class in:[ScanningIterator, main.Assignment1]","percentage":0.0,"name":"gradingTools.comp401f16.assignment1.testcases.IndexOfNotNonSpaceFirst","autoGraded":true,"pass":false,"partialPass":false,"fail":true},{"notes":"Did not find a class in:[ScanningIterator, main.Assignment1]%Did not find a class in:[ScanningIterator, main.Assignment1]","percentage":0.0,"name":"gradingTools.comp401f16.assignment1.testcases.IndexOfNotNonSpaceStartAt","autoGraded":true,"pass":false,"partialPass":false,"fail":true},{"notes":"Did not find a class in:[ScanningIterator, main.Assignment1]%Did not find a class in:[ScanningIterator, main.Assignment1]","percentage":0.0,"name":"gradingTools.comp401f16.assignment1.testcases.IndexOfNotSpaceAllSpace","autoGraded":true,"pass":false,"partialPass":false,"fail":true},{"notes":"Did not find a class in:[ScanningIterator, main.Assignment1]%Did not find a class in:[ScanningIterator, main.Assignment1]","percentage":0.0,"name":"gradingTools.comp401f16.assignment1.testcases.IndexOfNotSpaceFirst","autoGraded":true,"pass":false,"partialPass":false,"fail":true},{"notes":"Did not find a class in:[ScanningIterator, main.Assignment1]%Did not find a class in:[ScanningIterator, main.Assignment1]","percentage":0.0,"name":"gradingTools.comp401f16.assignment1.testcases.IndexOfNotSpaceSecond","autoGraded":true,"pass":false,"partialPass":false,"fail":true},{"notes":"Did not find a class in:[ScanningIterator, main.Assignment1]%Did not find a class in:[ScanningIterator, main.Assignment1]","percentage":0.0,"name":"gradingTools.comp401f16.assignment1.testcases.IndexOfNotTest","autoGraded":true,"pass":false,"partialPass":false,"fail":true}],"notes":"","target":{"manual":false,"extraCredit":true,"name":"IndexOfNotTestSuite:IndexOfNot functions correctly","points":5.0,"permissions":[{"name":".","actions":"read,write"}],"summary":"IndexOfNotTestSuite:IndexOfNot functions correctly     %.1f /  5.0 (Extra credit)"},"autoNotes":"","message":"gradingTools.comp401f16.assignment1.testcases.IndexOfNotNonSpaceAtEnd: 0.0% \n  -- Did not find a class in:[ScanningIterator, main.Assignment1]%Did not find a class in:[ScanningIterator, main.Assignment1]\ngradingTools.comp401f16.assignment1.testcases.IndexOfNotNonSpaceFirst: 0.0% \n  -- Did not find a class in:[ScanningIterator, main.Assignment1]%Did not find a class in:[ScanningIterator, main.Assignment1]\ngradingTools.comp401f16.assignment1.testcases.IndexOfNotNonSpaceStartAt: 0.0% \n  -- Did not find a class in:[ScanningIterator, main.Assignment1]%Did not find a class in:[ScanningIterator, main.Assignment1]\ngradingTools.comp401f16.assignment1.testcases.IndexOfNotSpaceAllSpace: 0.0% \n  -- Did not find a class in:[ScanningIterator, main.Assignment1]%Did not find a class in:[ScanningIterator, main.Assignment1]\ngradingTools.comp401f16.assignment1.testcases.IndexOfNotSpaceFirst: 0.0% \n  -- Did not find a class in:[ScanningIterator, main.Assignment1]%Did not find a class in:[ScanningIterator, main.Assignment1]\ngradingTools.comp401f16.assignment1.testcases.IndexOfNotSpaceSecond: 0.0% \n  -- Did not find a class in:[ScanningIterator, main.Assignment1]%Did not find a class in:[ScanningIterator, main.Assignment1]\ngradingTools.comp401f16.assignment1.testcases.IndexOfNotTest: 0.0% \n  -- Did not find a class in:[ScanningIterator, main.Assignment1]%Did not find a class in:[ScanningIterator, main.Assignment1]\n","summary":"Notes about IndexOfNotTestSuite:IndexOfNot functions correctly:\n * From test case \"gradingTools.comp401f16.assignment1.testcases.IndexOfNotNonSpaceAtEnd\": Did not find a class in:[ScanningIterator, main.Assignment1]%Did not find a class in:[ScanningIterator, main.Assignment1]\n * From test case \"gradingTools.comp401f16.assignment1.testcases.IndexOfNotNonSpaceFirst\": Did not find a class in:[ScanningIterator, main.Assignment1]%Did not find a class in:[ScanningIterator, main.Assignment1]\n * From test case \"gradingTools.comp401f16.assignment1.testcases.IndexOfNotNonSpaceStartAt\": Did not find a class in:[ScanningIterator, main.Assignment1]%Did not find a class in:[ScanningIterator, main.Assignment1]\n * From test case \"gradingTools.comp401f16.assignment1.testcases.IndexOfNotSpaceAllSpace\": Did not find a class in:[ScanningIterator, main.Assignment1]%Did not find a class in:[ScanningIterator, main.Assignment1]\n * From test case \"gradingTools.comp401f16.assignment1.testcases.IndexOfNotSpaceFirst\": Did not find a class in:[ScanningIterator, main.Assignment1]%Did not find a class in:[ScanningIterator, main.Assignment1]\n * From test case \"gradingTools.comp401f16.assignment1.testcases.IndexOfNotSpaceSecond\": Did not find a class in:[ScanningIterator, main.Assignment1]%Did not find a class in:[ScanningIterator, main.Assignment1]\n * From test case \"gradingTools.comp401f16.assignment1.testcases.IndexOfNotTest\": Did not find a class in:[ScanningIterator, main.Assignment1]%Did not find a class in:[ScanningIterator, main.Assignment1]"},{"score":0.0,"results":[{"notes":"Did not find a class in:[ScanningIterator, main.Assignment1]%Did not find a class in:[ScanningIterator, main.Assignment1]","percentage":0.0,"name":"gradingTools.comp401f16.assignment1.testcases.IndexOfTest","autoGraded":true,"pass":false,"partialPass":false,"fail":true},{"notes":"Did not find a class in:[ScanningIterator, main.Assignment1]%Did not find a class in:[ScanningIterator, main.Assignment1]","percentage":0.0,"name":"gradingTools.comp401f16.assignment1.testcases.IndexOfTestCharacterNotFound","autoGraded":true,"pass":false,"partialPass":false,"fail":true},{"notes":"Did not find a class in:[ScanningIterator, main.Assignment1]%Did not find a class in:[ScanningIterator, main.Assignment1]","percentage":0.0,"name":"gradingTools.comp401f16.assignment1.testcases.IndexOfTestFirstSpace","autoGraded":true,"pass":false,"partialPass":false,"fail":true},{"notes":"Did not find a class in:[ScanningIterator, main.Assignment1]%Did not find a class in:[ScanningIterator, main.Assignment1]","percentage":0.0,"name":"gradingTools.comp401f16.assignment1.testcases.IndexOfTestNonSpaceAtEnd","autoGraded":true,"pass":false,"partialPass":false,"fail":true},{"notes":"Did not find a class in:[ScanningIterator, main.Assignment1]%Did not find a class in:[ScanningIterator, main.Assignment1]","percentage":0.0,"name":"gradingTools.comp401f16.assignment1.testcases.IndexOfTestNonSpaceStartAt","autoGraded":true,"pass":false,"partialPass":false,"fail":true},{"notes":"Did not find a class in:[ScanningIterator, main.Assignment1]%Did not find a class in:[ScanningIterator, main.Assignment1]","percentage":0.0,"name":"gradingTools.comp401f16.assignment1.testcases.IndexOfTestSecondSpace","autoGraded":true,"pass":false,"partialPass":false,"fail":true},{"notes":"Did not find a class in:[ScanningIterator, main.Assignment1]%Did not find a class in:[ScanningIterator, main.Assignment1]","percentage":0.0,"name":"gradingTools.comp401f16.assignment1.testcases.IndexOfTestSpaceSameIndex","autoGraded":true,"pass":false,"partialPass":false,"fail":true}],"notes":"","target":{"manual":false,"extraCredit":false,"name":"IndexOfTestSuite:IndexOf functions correctly","points":18.0,"permissions":[{"name":".","actions":"read,write"}],"summary":"IndexOfTestSuite:IndexOf functions correctly           %.1f / 18.0"},"autoNotes":"","message":"gradingTools.comp401f16.assignment1.testcases.IndexOfTest: 0.0% \n  -- Did not find a class in:[ScanningIterator, main.Assignment1]%Did not find a class in:[ScanningIterator, main.Assignment1]\ngradingTools.comp401f16.assignment1.testcases.IndexOfTestCharacterNotFound: 0.0% \n  -- Did not find a class in:[ScanningIterator, main.Assignment1]%Did not find a class in:[ScanningIterator, main.Assignment1]\ngradingTools.comp401f16.assignment1.testcases.IndexOfTestFirstSpace: 0.0% \n  -- Did not find a class in:[ScanningIterator, main.Assignment1]%Did not find a class in:[ScanningIterator, main.Assignment1]\ngradingTools.comp401f16.assignment1.testcases.IndexOfTestNonSpaceAtEnd: 0.0% \n  -- Did not find a class in:[ScanningIterator, main.Assignment1]%Did not find a class in:[ScanningIterator, main.Assignment1]\ngradingTools.comp401f16.assignment1.testcases.IndexOfTestNonSpaceStartAt: 0.0% \n  -- Did not find a class in:[ScanningIterator, main.Assignment1]%Did not find a class in:[ScanningIterator, main.Assignment1]\ngradingTools.comp401f16.assignment1.testcases.IndexOfTestSecondSpace: 0.0% \n  -- Did not find a class in:[ScanningIterator, main.Assignment1]%Did not find a class in:[ScanningIterator, main.Assignment1]\ngradingTools.comp401f16.assignment1.testcases.IndexOfTestSpaceSameIndex: 0.0% \n  -- Did not find a class in:[ScanningIterator, main.Assignment1]%Did not find a class in:[ScanningIterator, main.Assignment1]\n","summary":"Notes about IndexOfTestSuite:IndexOf functions correctly:\n * From test case \"gradingTools.comp401f16.assignment1.testcases.IndexOfTest\": Did not find a class in:[ScanningIterator, main.Assignment1]%Did not find a class in:[ScanningIterator, main.Assignment1]\n * From test case \"gradingTools.comp401f16.assignment1.testcases.IndexOfTestCharacterNotFound\": Did not find a class in:[ScanningIterator, main.Assignment1]%Did not find a class in:[ScanningIterator, main.Assignment1]\n * From test case \"gradingTools.comp401f16.assignment1.testcases.IndexOfTestFirstSpace\": Did not find a class in:[ScanningIterator, main.Assignment1]%Did not find a class in:[ScanningIterator, main.Assignment1]\n * From test case \"gradingTools.comp401f16.assignment1.testcases.IndexOfTestNonSpaceAtEnd\": Did not find a class in:[ScanningIterator, main.Assignment1]%Did not find a class in:[ScanningIterator, main.Assignment1]\n * From test case \"gradingTools.comp401f16.assignment1.testcases.IndexOfTestNonSpaceStartAt\": Did not find a class in:[ScanningIterator, main.Assignment1]%Did not find a class in:[ScanningIterator, main.Assignment1]\n * From test case \"gradingTools.comp401f16.assignment1.testcases.IndexOfTestSecondSpace\": Did not find a class in:[ScanningIterator, main.Assignment1]%Did not find a class in:[ScanningIterator, main.Assignment1]\n * From test case \"gradingTools.comp401f16.assignment1.testcases.IndexOfTestSpaceSameIndex\": Did not find a class in:[ScanningIterator, main.Assignment1]%Did not find a class in:[ScanningIterator, main.Assignment1]"},{"score":0.0,"results":[{"notes":"Correct output but errors. Possible reasons:continuing processing after period or parsing period%0.5","percentage":0.0,"name":"gradingTools.comp401f16.assignment1.testcases.TerminatesWithPeriodLineOutputTest","autoGraded":true,"pass":false,"partialPass":false,"fail":true},{"notes":"Correct output but errors. Possible reasons:continuing processing after period or parsing period%0.5","percentage":0.0,"name":"gradingTools.comp401f16.assignment1.testcases.TerminatesWithPeriodLineSumTest","autoGraded":true,"pass":false,"partialPass":false,"fail":true},{"notes":"Correct output but errors. Possible reasons:continuing processing after period or parsing period%0.5","percentage":0.0,"name":"gradingTools.comp401f16.assignment1.testcases.TerminatesWithPeriodLineProductTest","autoGraded":true,"pass":false,"partialPass":false,"fail":true}],"notes":"","target":{"manual":false,"extraCredit":false,"name":"TerminatesWithPeriodLineSuite:Handles Space After Period","points":5.0,"permissions":[{"name":".","actions":"read,write"}],"summary":"TerminatesWithPeriodLineSuite:Handles Space After Period %.1f /  5.0"},"autoNotes":"","message":"gradingTools.comp401f16.assignment1.testcases.TerminatesWithPeriodLineOutputTest: 0.0% \n  -- Correct output but errors. Possible reasons:continuing processing after period or parsing period%0.5\ngradingTools.comp401f16.assignment1.testcases.TerminatesWithPeriodLineSumTest: 0.0% \n  -- Correct output but errors. Possible reasons:continuing processing after period or parsing period%0.5\ngradingTools.comp401f16.assignment1.testcases.TerminatesWithPeriodLineProductTest: 0.0% \n  -- Correct output but errors. Possible reasons:continuing processing after period or parsing period%0.5\n","summary":"Notes about TerminatesWithPeriodLineSuite:Handles Space After Period:\n * From test case \"gradingTools.comp401f16.assignment1.testcases.TerminatesWithPeriodLineOutputTest\": Correct output but errors. Possible reasons:continuing processing after period or parsing period%0.5\n * From test case \"gradingTools.comp401f16.assignment1.testcases.TerminatesWithPeriodLineSumTest\": Correct output but errors. Possible reasons:continuing processing after period or parsing period%0.5\n * From test case \"gradingTools.comp401f16.assignment1.testcases.TerminatesWithPeriodLineProductTest\": Correct output but errors. Possible reasons:continuing processing after period or parsing period%0.5"},{"score":10.0,"results":[{"notes":"","percentage":1.0,"name":"gradingTools.comp401f16.assignment1.testcases.SingleTokenOutputTest","autoGraded":true,"pass":true,"partialPass":false,"fail":false},{"notes":"","percentage":1.0,"name":"gradingTools.comp401f16.assignment1.testcases.SingleTokenSumTest","autoGraded":true,"pass":true,"partialPass":false,"fail":false},{"notes":"","percentage":1.0,"name":"gradingTools.comp401f16.assignment1.testcases.SingleTokenProductTest","autoGraded":true,"pass":true,"partialPass":false,"fail":false}],"notes":"","target":{"manual":false,"extraCredit":false,"name":"SingleTokenSuite:Can process a single token","points":10.0,"permissions":[{"name":".","actions":"read,write"}],"summary":"SingleTokenSuite:Can process a single token            %.1f / 10.0"},"autoNotes":"","message":"gradingTools.comp401f16.assignment1.testcases.SingleTokenOutputTest: 100.0% \ngradingTools.comp401f16.assignment1.testcases.SingleTokenSumTest: 100.0% \ngradingTools.comp401f16.assignment1.testcases.SingleTokenProductTest: 100.0% \n","summary":""},{"score":5.0,"results":[{"notes":"","percentage":1.0,"name":"gradingTools.comp401f16.assignment1.testcases.VariableSpaceOutputTest","autoGraded":true,"pass":true,"partialPass":false,"fail":false},{"notes":"","percentage":1.0,"name":"gradingTools.comp401f16.assignment1.testcases.VariableSpaceSumTest","autoGraded":true,"pass":true,"partialPass":false,"fail":false},{"notes":"","percentage":1.0,"name":"gradingTools.comp401f16.assignment1.testcases.VariableSpaceProductTest","autoGraded":true,"pass":true,"partialPass":false,"fail":false}],"notes":"","target":{"manual":false,"extraCredit":true,"name":"VariableSpaceSuite:Handles Variable Spaces","points":5.0,"permissions":[{"name":".","actions":"read,write"}],"summary":"VariableSpaceSuite:Handles Variable Spaces             %.1f /  5.0 (Extra credit)"},"autoNotes":"","message":"gradingTools.comp401f16.assignment1.testcases.VariableSpaceOutputTest: 100.0% \ngradingTools.comp401f16.assignment1.testcases.VariableSpaceSumTest: 100.0% \ngradingTools.comp401f16.assignment1.testcases.VariableSpaceProductTest: 100.0% \n","summary":""},{"score":0.0,"results":[{"notes":"Type main.Assignment not defined, cannot check","percentage":0.0,"name":"main.Assignment!processInput:->void","autoGraded":true,"pass":false,"partialPass":false,"fail":true},{"notes":"Type main.Assignment not defined, cannot check","percentage":0.0,"name":"main.Assignment!indexOf:String;char;int->int","autoGraded":true,"pass":false,"partialPass":false,"fail":true},{"notes":"Type main.Assignment not defined, cannot check","percentage":0.0,"name":"main.Assignment!scanString:String->void","autoGraded":true,"pass":false,"partialPass":false,"fail":true}],"notes":"","target":{"manual":false,"extraCredit":false,"name":"Required Methods Called in Main or Iterator","points":15.0,"permissions":[{"name":".","actions":"read,write"}],"summary":"Required Methods Called in Main or Iterator            %.1f / 15.0"},"autoNotes":"","message":"main.Assignment!processInput:->void: 0.0% \n  -- Type main.Assignment not defined, cannot check\nmain.Assignment!indexOf:String;char;int->int: 0.0% \n  -- Type main.Assignment not defined, cannot check\nmain.Assignment!scanString:String->void: 0.0% \n  -- Type main.Assignment not defined, cannot check\n","summary":"Notes about Required Methods Called in Main or Iterator:\n * From test case \"main.Assignment!processInput:->void\": Type main.Assignment not defined, cannot check\n * From test case \"main.Assignment!indexOf:String;char;int->int\": Type main.Assignment not defined, cannot check\n * From test case \"main.Assignment!scanString:String->void\": Type main.Assignment not defined, cannot check"},{"score":0.0,"results":[{"notes":"Type ScanningIterator not defined, cannot check","percentage":0.0,"name":"ScanningIterator!indexOf:String;char;int->int","autoGraded":true,"pass":false,"partialPass":false,"fail":true}],"notes":"","target":{"manual":false,"extraCredit":true,"name":"IndexOf  Called in Iterator","points":5.0,"permissions":[{"name":".","actions":"read,write"}],"summary":"IndexOf  Called in Iterator                            %.1f /  5.0 (Extra credit)"},"autoNotes":"","message":"ScanningIterator!indexOf:String;char;int->int: 0.0% \n  -- Type ScanningIterator not defined, cannot check\n","summary":"Notes about IndexOf  Called in Iterator:\n * From test case \"ScanningIterator!indexOf:String;char;int->int\": Type ScanningIterator not defined, cannot check"},{"score":0.0,"results":[{"notes":"Type main.Assignment not defined, cannot check","percentage":0.0,"name":"main.Assignment!indexOfNot:String;char;int->int","autoGraded":true,"pass":false,"partialPass":false,"fail":true}],"notes":"","target":{"manual":false,"extraCredit":true,"name":"indexOfNot Called in Main","points":3.0,"permissions":[{"name":".","actions":"read,write"}],"summary":"indexOfNot Called in Main                              %.1f /  3.0 (Extra credit)"},"autoNotes":"","message":"main.Assignment!indexOfNot:String;char;int->int: 0.0% \n  -- Type main.Assignment not defined, cannot check\n","summary":"Notes about indexOfNot Called in Main:\n * From test case \"main.Assignment!indexOfNot:String;char;int->int\": Type main.Assignment not defined, cannot check"},{"score":0.0,"results":[{"notes":"Type ScanningIterator not defined, cannot check","percentage":0.0,"name":"ScanningIterator!indexOfNot:String;char;int->int","autoGraded":true,"pass":false,"partialPass":false,"fail":true}],"notes":"","target":{"manual":false,"extraCredit":true,"name":"IndexOfNot Called in Iterator","points":3.0,"permissions":[{"name":".","actions":"read,write"}],"summary":"IndexOfNot Called in Iterator                          %.1f /  3.0 (Extra credit)"},"autoNotes":"","message":"ScanningIterator!indexOfNot:String;char;int->int: 0.0% \n  -- Type ScanningIterator not defined, cannot check\n","summary":"Notes about IndexOfNot Called in Iterator:\n * From test case \"ScanningIterator!indexOfNot:String;char;int->int\": Type ScanningIterator not defined, cannot check"},{"score":0.0,"results":[{"notes":"Type main.Assignment not defined, cannot check","percentage":0.0,"name":"main.Assignment!!hasNext:->boolean","autoGraded":true,"pass":false,"partialPass":false,"fail":true},{"notes":"Type main.Assignment not defined, cannot check","percentage":0.0,"name":"main.Assignment!!next:->String","autoGraded":true,"pass":false,"partialPass":false,"fail":true}],"notes":"","target":{"manual":false,"extraCredit":true,"name":"Iterator Methods Called in Main","points":10.0,"permissions":[{"name":".","actions":"read,write"}],"summary":"Iterator Methods Called in Main                        %.1f / 10.0 (Extra credit)"},"autoNotes":"","message":"main.Assignment!!hasNext:->boolean: 0.0% \n  -- Type main.Assignment not defined, cannot check\nmain.Assignment!!next:->String: 0.0% \n  -- Type main.Assignment not defined, cannot check\n","summary":"Notes about Iterator Methods Called in Main:\n * From test case \"main.Assignment!!hasNext:->boolean\": Type main.Assignment not defined, cannot check\n * From test case \"main.Assignment!!next:->String\": Type main.Assignment not defined, cannot check"},{"score":5.0,"results":[{"notes":"","percentage":1.0,"name":"Image enclosed test case","autoGraded":true,"pass":true,"partialPass":false,"fail":false}],"notes":"","target":{"manual":false,"extraCredit":false,"name":"Screenshots enclosed","points":5.0,"permissions":[{"name":".","actions":"read,write"}],"summary":"Screenshots enclosed                                   %.1f /  5.0"},"autoNotes":"","message":"Image enclosed test case: 100.0% \n","summary":""},{"score":0.0,"results":[],"notes":"","target":{"manual":true,"extraCredit":false,"name":"Screenshots show tests","points":10.0,"permissions":[{"name":".","actions":"read,write"}],"summary":"Screenshots show tests                                 %.1f / 10.0"},"autoNotes":"","message":"","summary":""},{"score":0.0,"results":[{"notes":"","percentage":1.0,"name":"Illegal import or call test case","autoGraded":true,"pass":true,"partialPass":false,"fail":false}],"notes":"","target":{"manual":false,"extraCredit":false,"name":"Illegal import or call","points":-25.0,"permissions":[{"name":".","actions":"read,write"}],"summary":"Illegal import or call                      %.1f /  -25.0"},"autoNotes":"","message":"Illegal import or call test case: 100.0% \n","summary":""}],"restrictionResults":[],"comments":"","latePenalty":1.05,"sourcePoints":0.0,"score":50.0,"gradingFeatures":[{"featureName":"ScanStringTestSuite:ScanString functions correctly","score":0.0,"graded":true,"autoGradable":true,"extraCredit":false,"featureChecker":{"overridable":false},"feedbackFileName":"D:/dewan_backup/Java/Comp401AllChecks/Test Data/Comp401F16/Assignment1/All, Correct (acorrect)/Feedback Attachment(s)/ScanStringTestSuite:ScanString functions correctly.txt","manualNotesFileName":"D:/dewan_backup/Java/Comp401AllChecks/Test Data/Comp401F16/Assignment1/All, Correct (acorrect)/Feedback Attachment(s)/ManualNotes-ScanStringTestSuite:ScanString functions correctly.txt","autoNotesFileName":"D:/dewan_backup/Java/Comp401AllChecks/Test Data/Comp401F16/Assignment1/All, Correct (acorrect)/Feedback Attachment(s)/AutoNotes-ScanStringTestSuite:ScanString functions correctly.txt","outputFiles":null,"inputFiles":[],"linkedFeature":null,"manualNotes":"","autoNotes":"  -- Did not find a class in:[main.Assignment1, (.*)Assignment(.*), ScanningIterator, (.*)ScanningIterator(.*), ScannerBean, (.*)Bean(.*)]%Did not find a class in:[main.Assignment1, (.*)Assignment(.*), ScanningIterator, (.*)ScanningIterator(.*), ScannerBean, (.*)Bean(.*)]\n","resultFormat":"ScanStringTestSuite:ScanString functions correctly     %.1f / 15.0","output":"*****************************(ScanStringTestSuite:ScanString functions correctly)*****************************\n### gradingTools.comp401f16.assignment1.testcases.ScanStringTest: 1.0\n### gradingTools.comp401f16.assignment1.testcases.ScanStringTest: 0.0\n","feature":{"manual":false,"extraCredit":false,"name":"ScanStringTestSuite:ScanString functions correctly","points":15.0,"permissions":[{"name":".","actions":"read,write"}],"summary":"ScanStringTestSuite:ScanString functions correctly     %.1f / 15.0"},"validate":false,"max":15.0,"manual":false,"partialCredit":false,"autoNotGraded":false,"fullCredit":false,"manualOverride":true,"restriction":false,"selected":false,"resultFileName":"D:/dewan_backup/Java/Comp401AllChecks/Test Data/Comp401F16/Assignment1/All, Correct (acorrect)/Feedback Attachment(s)/Results-ScanStringTestSuite:ScanString functions correctly.txt","autoWithNotFullCredit":true,"manualWithNotFullCredit":false},{"featureName":"ScanningIteratorSuite:Scanning Iterator","score":0.0,"graded":true,"autoGradable":true,"extraCredit":true,"featureChecker":{"overridable":false},"feedbackFileName":"D:/dewan_backup/Java/Comp401AllChecks/Test Data/Comp401F16/Assignment1/All, Correct (acorrect)/Feedback Attachment(s)/ScanningIteratorSuite:Scanning Iterator.txt","manualNotesFileName":"D:/dewan_backup/Java/Comp401AllChecks/Test Data/Comp401F16/Assignment1/All, Correct (acorrect)/Feedback Attachment(s)/ManualNotes-ScanningIteratorSuite:Scanning Iterator.txt","autoNotesFileName":"D:/dewan_backup/Java/Comp401AllChecks/Test Data/Comp401F16/Assignment1/All, Correct (acorrect)/Feedback Attachment(s)/AutoNotes-ScanningIteratorSuite:Scanning Iterator.txt","outputFiles":null,"inputFiles":[],"linkedFeature":null,"manualNotes":"","autoNotes":"  -- java.lang.ArrayIndexOutOfBoundsException 0\n  -- java.lang.ArrayIndexOutOfBoundsException 0\n","resultFormat":"ScanningIteratorSuite:Scanning Iterator                %.1f / 30.0 (Extra credit)","output":"*****************************(ScanningIteratorSuite:Scanning Iterator)*****************************\n### gradingTools.comp401f16.assignment1.testcases.ScanningIteratorTest: 1.0\n### gradingTools.comp401f16.assignment1.testcases.ScanningIteratorTest: 0.0\n### gradingTools.comp401f16.assignment1.testcases.HasNextSideEffectTest: 1.0\n### gradingTools.comp401f16.assignment1.testcases.HasNextSideEffectTest: 0.0\n","feature":{"manual":false,"extraCredit":true,"name":"ScanningIteratorSuite:Scanning Iterator","points":30.0,"permissions":[{"name":".","actions":"read,write"}],"summary":"ScanningIteratorSuite:Scanning Iterator                %.1f / 30.0 (Extra credit)"},"validate":false,"max":30.0,"manual":false,"partialCredit":false,"autoNotGraded":false,"fullCredit":false,"manualOverride":true,"restriction":false,"selected":false,"resultFileName":"D:/dewan_backup/Java/Comp401AllChecks/Test Data/Comp401F16/Assignment1/All, Correct (acorrect)/Feedback Attachment(s)/Results-ScanningIteratorSuite:Scanning Iterator.txt","autoWithNotFullCredit":true,"manualWithNotFullCredit":false},{"featureName":"MultipleTokenSuite:Can process multiple tokens","score":30.0,"graded":true,"autoGradable":true,"extraCredit":false,"featureChecker":{"overridable":false},"feedbackFileName":"D:/dewan_backup/Java/Comp401AllChecks/Test Data/Comp401F16/Assignment1/All, Correct (acorrect)/Feedback Attachment(s)/MultipleTokenSuite:Can process multiple tokens.txt","manualNotesFileName":"D:/dewan_backup/Java/Comp401AllChecks/Test Data/Comp401F16/Assignment1/All, Correct (acorrect)/Feedback Attachment(s)/ManualNotes-MultipleTokenSuite:Can process multiple tokens.txt","autoNotesFileName":"D:/dewan_backup/Java/Comp401AllChecks/Test Data/Comp401F16/Assignment1/All, Correct (acorrect)/Feedback Attachment(s)/AutoNotes-MultipleTokenSuite:Can process multiple tokens.txt","outputFiles":null,"inputFiles":[],"linkedFeature":null,"manualNotes":"","autoNotes":"","resultFormat":"MultipleTokenSuite:Can process multiple tokens         %.1f / 30.0","output":"*****************************(MultipleTokenSuite:Can process multiple tokens)*****************************\nINPUT(MultipleTokenSuite:Can process multiple tokens)\n010 11 0 4 \n. \n\nOUTPUT(MultipleTokenSuite:Can process multiple tokens)\nplease enter a string:\nthe num :010 and the integer is: 10\nthe num :11 and the integer is: 11\nthe num :0 and the integer is: 0\nthe num :4 and the integer is: 4\nNumbers: 10 11 0 4 Sum: 25 Product: 0\nunexpected character:.\nNumbers: Sum: 0 Product: 1\n\nERRORS(MultipleTokenSuite:Can process multiple tokens)\nException in thread \"main\" java.util.NoSuchElementException: No line found\n\tat java.util.Scanner.nextLine(Scanner.java:1540)\n\tat main.ProcString.main(ProcString.java:21)\n\n*****************************(MultipleTokenSuite:Can process multiple tokens)*****************************\nINPUT(MultipleTokenSuite:Can process multiple tokens)\n010 11 0 4 \n. \n\nOUTPUT(MultipleTokenSuite:Can process multiple tokens)\nplease enter a string:\nthe num :010 and the integer is: 10\nthe num :11 and the integer is: 11\nthe num :0 and the integer is: 0\nthe num :4 and the integer is: 4\nNumbers: 10 11 0 4 Sum: 25 Product: 0\nunexpected character:.\nNumbers: Sum: 0 Product: 1\n\nERRORS(MultipleTokenSuite:Can process multiple tokens)\nException in thread \"main\" java.util.NoSuchElementException: No line found\n\tat java.util.Scanner.nextLine(Scanner.java:1540)\n\tat main.ProcString.main(ProcString.java:21)\n\n*****************************(MultipleTokenSuite:Can process multiple tokens)*****************************\nINPUT(MultipleTokenSuite:Can process multiple tokens)\n010 11 0 4 \n. \n\nOUTPUT(MultipleTokenSuite:Can process multiple tokens)\nplease enter a string:\nthe num :010 and the integer is: 10\nthe num :11 and the integer is: 11\nthe num :0 and the integer is: 0\nthe num :4 and the integer is: 4\nNumbers: 10 11 0 4 Sum: 25 Product: 0\nunexpected character:.\nNumbers: Sum: 0 Product: 1\n\nERRORS(MultipleTokenSuite:Can process multiple tokens)\nException in thread \"main\" java.util.NoSuchElementException: No line found\n\tat java.util.Scanner.nextLine(Scanner.java:1540)\n\tat main.ProcString.main(ProcString.java:21)\n\n*****************************(MultipleTokenSuite:Can process multiple tokens)*****************************\n### gradingTools.comp401f16.assignment1.testcases.MultipleTokensOutputTest: 1.0\nRunning command:java -cp \".;..;D:\\dewan_backup\\Java\\lib\\UNCChecks_6.5.0.jar;D:\\Program Files\\eclipse-standard-kepler-SR1-win32-x86_64\\eclipse\\plugins\\net.sf.eclipsecs.checkstyle_6.5.0.201504121610\\checkstyle-6.5-all.jar;D:\\dewan_backup\\Java\\lib\\oeall22.jar;D:\\Program Files\\eclipse-java-luna-R-win32-x86_64\\eclipse\\plugins\\org.junit_4.11.0.v201303080030\\junit.jar\" main.ProcString\nRunning in folder: D:\\dewan_backup\\Java\\Comp401AllChecks\\Test Data\\Comp401F16\\Assignment1\\All, Correct (acorrect)\\Submission attachment(s)\\Assignment1\\Assignment1\\bin\n$010 11 0 4 \n. \n\nProcess line:please enter a string:\nplease enter a string:\nProcess line:the num :010 and the integer is: 10\nthe num :010 and the integer is: 10\nProcess line:the num :11 and the integer is: 11\nthe num :11 and the integer is: 11\nProcess line:the num :0 and the integer is: 0\nthe num :0 and the integer is: 0\nProcess line:the num :4 and the integer is: 4\nthe num :4 and the integer is: 4\nProcess line:Numbers: 10 11 0 4 Sum: 25 Product: 0\nNumbers: 10 11 0 4 Sum: 25 Product: 0\nProcess line:unexpected character:.\nunexpected character:.\nProcess line:Numbers: Sum: 0 Product: 1\nNumbers: Sum: 0 Product: 1\nCalled main:main.Assignment1\nProvided input:010 11 0 4 \n. \n\nExpected outputs:[(.*)010(.*), (.*)11(.*), (.*)0(.*), (.*)4(.*)]\n### gradingTools.comp401f16.assignment1.testcases.MultipleTokenSumTest: 1.0\nRunning command:java -cp \".;..;D:\\dewan_backup\\Java\\lib\\UNCChecks_6.5.0.jar;D:\\Program Files\\eclipse-standard-kepler-SR1-win32-x86_64\\eclipse\\plugins\\net.sf.eclipsecs.checkstyle_6.5.0.201504121610\\checkstyle-6.5-all.jar;D:\\dewan_backup\\Java\\lib\\oeall22.jar;D:\\Program Files\\eclipse-java-luna-R-win32-x86_64\\eclipse\\plugins\\org.junit_4.11.0.v201303080030\\junit.jar\" main.ProcString\nRunning in folder: D:\\dewan_backup\\Java\\Comp401AllChecks\\Test Data\\Comp401F16\\Assignment1\\All, Correct (acorrect)\\Submission attachment(s)\\Assignment1\\Assignment1\\bin\n$010 11 0 4 \n. \n\nProcess line:please enter a string:\nplease enter a string:\nProcess line:the num :010 and the integer is: 10\nthe num :010 and the integer is: 10\nProcess line:the num :11 and the integer is: 11\nthe num :11 and the integer is: 11\nProcess line:the num :0 and the integer is: 0\nthe num :0 and the integer is: 0\nProcess line:the num :4 and the integer is: 4\nthe num :4 and the integer is: 4\nProcess line:Numbers: 10 11 0 4 Sum: 25 Product: 0\nNumbers: 10 11 0 4 Sum: 25 Product: 0\nProcess line:unexpected character:.\nunexpected character:.\nProcess line:Numbers: Sum: 0 Product: 1\nNumbers: Sum: 0 Product: 1\nCalled main:main.Assignment1\nProvided input:010 11 0 4 \n. \n\nExpected outputs:[(.*)25(.*)]\n### gradingTools.comp401f16.assignment1.testcases.MultipleTokenProductTest: 1.0\nRunning command:java -cp \".;..;D:\\dewan_backup\\Java\\lib\\UNCChecks_6.5.0.jar;D:\\Program Files\\eclipse-standard-kepler-SR1-win32-x86_64\\eclipse\\plugins\\net.sf.eclipsecs.checkstyle_6.5.0.201504121610\\checkstyle-6.5-all.jar;D:\\dewan_backup\\Java\\lib\\oeall22.jar;D:\\Program Files\\eclipse-java-luna-R-win32-x86_64\\eclipse\\plugins\\org.junit_4.11.0.v201303080030\\junit.jar\" main.ProcString\nRunning in folder: D:\\dewan_backup\\Java\\Comp401AllChecks\\Test Data\\Comp401F16\\Assignment1\\All, Correct (acorrect)\\Submission attachment(s)\\Assignment1\\Assignment1\\bin\n$010 11 0 4 \n. \n\nProcess line:please enter a string:\nplease enter a string:\nProcess line:the num :010 and the integer is: 10\nthe num :010 and the integer is: 10\nProcess line:the num :11 and the integer is: 11\nthe num :11 and the integer is: 11\nProcess line:the num :0 and the integer is: 0\nthe num :0 and the integer is: 0\nProcess line:the num :4 and the integer is: 4\nthe num :4 and the integer is: 4\nProcess line:Numbers: 10 11 0 4 Sum: 25 Product: 0\nNumbers: 10 11 0 4 Sum: 25 Product: 0\nProcess line:unexpected character:.\nunexpected character:.\nProcess line:Numbers: Sum: 0 Product: 1\nNumbers: Sum: 0 Product: 1\nCalled main:main.Assignment1\nProvided input:010 11 0 4 \n. \n\nExpected outputs:[(.*)0(.*)]\n","feature":{"manual":false,"extraCredit":false,"name":"MultipleTokenSuite:Can process multiple tokens","points":30.0,"permissions":[{"name":".","actions":"read,write"}],"summary":"MultipleTokenSuite:Can process multiple tokens         %.1f / 30.0"},"validate":false,"max":30.0,"manual":false,"partialCredit":false,"autoNotGraded":false,"fullCredit":true,"manualOverride":false,"restriction":false,"selected":false,"resultFileName":"D:/dewan_backup/Java/Comp401AllChecks/Test Data/Comp401F16/Assignment1/All, Correct (acorrect)/Feedback Attachment(s)/Results-MultipleTokenSuite:Can process multiple tokens.txt","autoWithNotFullCredit":false,"manualWithNotFullCredit":false},{"featureName":"InvalidCharacterSuite:Handles Invalid Characters","score":0.0,"graded":true,"autoGradable":true,"extraCredit":true,"featureChecker":{"overridable":false},"feedbackFileName":"D:/dewan_backup/Java/Comp401AllChecks/Test Data/Comp401F16/Assignment1/All, Correct (acorrect)/Feedback Attachment(s)/InvalidCharacterSuite:Handles Invalid Characters.txt","manualNotesFileName":"D:/dewan_backup/Java/Comp401AllChecks/Test Data/Comp401F16/Assignment1/All, Correct (acorrect)/Feedback Attachment(s)/ManualNotes-InvalidCharacterSuite:Handles Invalid Characters.txt","autoNotesFileName":"D:/dewan_backup/Java/Comp401AllChecks/Test Data/Comp401F16/Assignment1/All, Correct (acorrect)/Feedback Attachment(s)/AutoNotes-InvalidCharacterSuite:Handles Invalid Characters.txt","outputFiles":null,"inputFiles":[],"linkedFeature":null,"manualNotes":"","autoNotes":"  -- Correct output but errors%0.5\n  -- Correct output but errors%0.5\n  -- Correct output but errors%0.5\n","resultFormat":"InvalidCharacterSuite:Handles Invalid Characters       %.1f / 10.0 (Extra credit)","output":"*****************************(InvalidCharacterSuite:Handles Invalid Characters)*****************************\nINPUT(InvalidCharacterSuite:Handles Invalid Characters)\n010 two 11 !@ 0 ,; 4 x. \n. \n\nOUTPUT(InvalidCharacterSuite:Handles Invalid Characters)\nplease enter a string:\nthe num :010 and the integer is: 10\nunexpected character:t\nunexpected character:w\nunexpected character:o\nthe num :11 and the integer is: 11\nunexpected character:!\nunexpected character:@\nthe num :0 and the integer is: 0\nunexpected character:,\nunexpected character:;\nthe num :4 and the integer is: 4\nunexpected character:x\nunexpected character:.\nNumbers: 10 11 0 4 Sum: 25 Product: 0\nunexpected character:.\nNumbers: Sum: 0 Product: 1\n\nERRORS(InvalidCharacterSuite:Handles Invalid Characters)\nException in thread \"main\" java.util.NoSuchElementException: No line found\n\tat java.util.Scanner.nextLine(Scanner.java:1540)\n\tat main.ProcString.main(ProcString.java:21)\n\n*****************************(InvalidCharacterSuite:Handles Invalid Characters)*****************************\nINPUT(InvalidCharacterSuite:Handles Invalid Characters)\n010 two 11 !@ 0 ,; 4 x. \n. \n\nOUTPUT(InvalidCharacterSuite:Handles Invalid Characters)\nplease enter a string:\nthe num :010 and the integer is: 10\nunexpected character:t\nunexpected character:w\nunexpected character:o\nthe num :11 and the integer is: 11\nunexpected character:!\nunexpected character:@\nthe num :0 and the integer is: 0\nunexpected character:,\nunexpected character:;\nthe num :4 and the integer is: 4\nunexpected character:x\nunexpected character:.\nNumbers: 10 11 0 4 Sum: 25 Product: 0\nunexpected character:.\nNumbers: Sum: 0 Product: 1\n\nERRORS(InvalidCharacterSuite:Handles Invalid Characters)\nException in thread \"main\" java.util.NoSuchElementException: No line found\n\tat java.util.Scanner.nextLine(Scanner.java:1540)\n\tat main.ProcString.main(ProcString.java:21)\n\n*****************************(InvalidCharacterSuite:Handles Invalid Characters)*****************************\nINPUT(InvalidCharacterSuite:Handles Invalid Characters)\n010 two 11 !@ 0 ,; 4 x. \n. \n\nOUTPUT(InvalidCharacterSuite:Handles Invalid Characters)\nplease enter a string:\nthe num :010 and the integer is: 10\nunexpected character:t\nunexpected character:w\nunexpected character:o\nthe num :11 and the integer is: 11\nunexpected character:!\nunexpected character:@\nthe num :0 and the integer is: 0\nunexpected character:,\nunexpected character:;\nthe num :4 and the integer is: 4\nunexpected character:x\nunexpected character:.\nNumbers: 10 11 0 4 Sum: 25 Product: 0\nunexpected character:.\nNumbers: Sum: 0 Product: 1\n\nERRORS(InvalidCharacterSuite:Handles Invalid Characters)\nException in thread \"main\" java.util.NoSuchElementException: No line found\n\tat java.util.Scanner.nextLine(Scanner.java:1540)\n\tat main.ProcString.main(ProcString.java:21)\n\n*****************************(InvalidCharacterSuite:Handles Invalid Characters)*****************************\n### gradingTools.comp401f16.assignment1.testcases.InvalidCharacterOutputTest: 1.0\nRunning command:java -cp \".;..;D:\\dewan_backup\\Java\\lib\\UNCChecks_6.5.0.jar;D:\\Program Files\\eclipse-standard-kepler-SR1-win32-x86_64\\eclipse\\plugins\\net.sf.eclipsecs.checkstyle_6.5.0.201504121610\\checkstyle-6.5-all.jar;D:\\dewan_backup\\Java\\lib\\oeall22.jar;D:\\Program Files\\eclipse-java-luna-R-win32-x86_64\\eclipse\\plugins\\org.junit_4.11.0.v201303080030\\junit.jar\" main.ProcString\nRunning in folder: D:\\dewan_backup\\Java\\Comp401AllChecks\\Test Data\\Comp401F16\\Assignment1\\All, Correct (acorrect)\\Submission attachment(s)\\Assignment1\\Assignment1\\bin\n$010 two 11 !@ 0 ,; 4 x. \n. \n\nProcess line:please enter a string:\nplease enter a string:\nProcess line:the num :010 and the integer is: 10\nthe num :010 and the integer is: 10\nProcess line:unexpected character:t\nunexpected character:t\nProcess line:unexpected character:w\nunexpected character:w\nProcess line:unexpected character:o\nunexpected character:o\nProcess line:the num :11 and the integer is: 11\nthe num :11 and the integer is: 11\nProcess line:unexpected character:!\nunexpected character:!\nProcess line:unexpected character:@\nunexpected character:@\nProcess line:the num :0 and the integer is: 0\nthe num :0 and the integer is: 0\nProcess line:unexpected character:,\nunexpected character:,\nProcess line:unexpected character:;\nunexpected character:;\nProcess line:the num :4 and the integer is: 4\nthe num :4 and the integer is: 4\nProcess line:unexpected character:x\nunexpected character:x\nProcess line:unexpected character:.\nunexpected character:.\nProcess line:Numbers: 10 11 0 4 Sum: 25 Product: 0\nNumbers: 10 11 0 4 Sum: 25 Product: 0\nProcess line:unexpected character:.\nunexpected character:.\nProcess line:Numbers: Sum: 0 Product: 1\nNumbers: Sum: 0 Product: 1\nCalled main:main.Assignment1\nProvided input:010 two 11 !@ 0 ,; 4 x. \n. \n\nExpected outputs:[(.*)010(.*), (.*)11(.*), (.*)0(.*), (.*)4(.*)]\n### gradingTools.comp401f16.assignment1.testcases.InvalidCharacterOutputTest: 0.0\n### gradingTools.comp401f16.assignment1.testcases.InvalidCharacterSumTest: 1.0\nRunning command:java -cp \".;..;D:\\dewan_backup\\Java\\lib\\UNCChecks_6.5.0.jar;D:\\Program Files\\eclipse-standard-kepler-SR1-win32-x86_64\\eclipse\\plugins\\net.sf.eclipsecs.checkstyle_6.5.0.201504121610\\checkstyle-6.5-all.jar;D:\\dewan_backup\\Java\\lib\\oeall22.jar;D:\\Program Files\\eclipse-java-luna-R-win32-x86_64\\eclipse\\plugins\\org.junit_4.11.0.v201303080030\\junit.jar\" main.ProcString\nRunning in folder: D:\\dewan_backup\\Java\\Comp401AllChecks\\Test Data\\Comp401F16\\Assignment1\\All, Correct (acorrect)\\Submission attachment(s)\\Assignment1\\Assignment1\\bin\n$010 two 11 !@ 0 ,; 4 x. \n. \n\nProcess line:please enter a string:\nplease enter a string:\nProcess line:the num :010 and the integer is: 10\nthe num :010 and the integer is: 10\nProcess line:unexpected character:t\nunexpected character:t\nProcess line:unexpected character:w\nunexpected character:w\nProcess line:unexpected character:o\nunexpected character:o\nProcess line:the num :11 and the integer is: 11\nthe num :11 and the integer is: 11\nProcess line:unexpected character:!\nunexpected character:!\nProcess line:unexpected character:@\nunexpected character:@\nProcess line:the num :0 and the integer is: 0\nthe num :0 and the integer is: 0\nProcess line:unexpected character:,\nunexpected character:,\nProcess line:unexpected character:;\nunexpected character:;\nProcess line:the num :4 and the integer is: 4\nthe num :4 and the integer is: 4\nProcess line:unexpected character:x\nunexpected character:x\nProcess line:unexpected character:.\nunexpected character:.\nProcess line:Numbers: 10 11 0 4 Sum: 25 Product: 0\nNumbers: 10 11 0 4 Sum: 25 Product: 0\nProcess line:unexpected character:.\nunexpected character:.\nProcess line:Numbers: Sum: 0 Product: 1\nNumbers: Sum: 0 Product: 1\nCalled main:main.Assignment1\nProvided input:010 two 11 !@ 0 ,; 4 x. \n. \n\nExpected outputs:[(.*)25(.*)]\n### gradingTools.comp401f16.assignment1.testcases.InvalidCharacterSumTest: 0.0\n### gradingTools.comp401f16.assignment1.testcases.InvalidCharacterProductTest: 1.0\nRunning command:java -cp \".;..;D:\\dewan_backup\\Java\\lib\\UNCChecks_6.5.0.jar;D:\\Program Files\\eclipse-standard-kepler-SR1-win32-x86_64\\eclipse\\plugins\\net.sf.eclipsecs.checkstyle_6.5.0.201504121610\\checkstyle-6.5-all.jar;D:\\dewan_backup\\Java\\lib\\oeall22.jar;D:\\Program Files\\eclipse-java-luna-R-win32-x86_64\\eclipse\\plugins\\org.junit_4.11.0.v201303080030\\junit.jar\" main.ProcString\nRunning in folder: D:\\dewan_backup\\Java\\Comp401AllChecks\\Test Data\\Comp401F16\\Assignment1\\All, Correct (acorrect)\\Submission attachment(s)\\Assignment1\\Assignment1\\bin\n$010 two 11 !@ 0 ,; 4 x. \n. \n\nProcess line:please enter a string:\nplease enter a string:\nProcess line:the num :010 and the integer is: 10\nthe num :010 and the integer is: 10\nProcess line:unexpected character:t\nunexpected character:t\nProcess line:unexpected character:w\nunexpected character:w\nProcess line:unexpected character:o\nunexpected character:o\nProcess line:the num :11 and the integer is: 11\nthe num :11 and the integer is: 11\nProcess line:unexpected character:!\nunexpected character:!\nProcess line:unexpected character:@\nunexpected character:@\nProcess line:the num :0 and the integer is: 0\nthe num :0 and the integer is: 0\nProcess line:unexpected character:,\nunexpected character:,\nProcess line:unexpected character:;\nunexpected character:;\nProcess line:the num :4 and the integer is: 4\nthe num :4 and the integer is: 4\nProcess line:unexpected character:x\nunexpected character:x\nProcess line:unexpected character:.\nunexpected character:.\nProcess line:Numbers: 10 11 0 4 Sum: 25 Product: 0\nNumbers: 10 11 0 4 Sum: 25 Product: 0\nProcess line:unexpected character:.\nunexpected character:.\nProcess line:Numbers: Sum: 0 Product: 1\nNumbers: Sum: 0 Product: 1\nCalled main:main.Assignment1\nProvided input:010 two 11 !@ 0 ,; 4 x. \n. \n\nExpected outputs:[(.*)0(.*)]\n### gradingTools.comp401f16.assignment1.testcases.InvalidCharacterProductTest: 0.0\n","feature":{"manual":false,"extraCredit":true,"name":"InvalidCharacterSuite:Handles Invalid Characters","points":10.0,"permissions":[{"name":".","actions":"read,write"}],"summary":"InvalidCharacterSuite:Handles Invalid Characters       %.1f / 10.0 (Extra credit)"},"validate":false,"max":10.0,"manual":false,"partialCredit":false,"autoNotGraded":false,"fullCredit":false,"manualOverride":true,"restriction":false,"selected":false,"resultFileName":"D:/dewan_backup/Java/Comp401AllChecks/Test Data/Comp401F16/Assignment1/All, Correct (acorrect)/Feedback Attachment(s)/Results-InvalidCharacterSuite:Handles Invalid Characters.txt","autoWithNotFullCredit":true,"manualWithNotFullCredit":false},{"featureName":"TerminatesWithStartingPeriodSuite:Terminating period forms complete line","score":0.0,"graded":true,"autoGradable":true,"extraCredit":false,"featureChecker":{"overridable":false},"feedbackFileName":"D:/dewan_backup/Java/Comp401AllChecks/Test Data/Comp401F16/Assignment1/All, Correct (acorrect)/Feedback Attachment(s)/TerminatesWithStartingPeriodSuite:Terminating period forms complete line.txt","manualNotesFileName":"D:/dewan_backup/Java/Comp401AllChecks/Test Data/Comp401F16/Assignment1/All, Correct (acorrect)/Feedback Attachment(s)/ManualNotes-TerminatesWithStartingPeriodSuite:Terminating period forms complete line.txt","autoNotesFileName":"D:/dewan_backup/Java/Comp401AllChecks/Test Data/Comp401F16/Assignment1/All, Correct (acorrect)/Feedback Attachment(s)/AutoNotes-TerminatesWithStartingPeriodSuite:Terminating period forms complete line.txt","outputFiles":null,"inputFiles":[],"linkedFeature":null,"manualNotes":"","autoNotes":"  -- Correct output but errors. Possible reasons:continuing processing after period or parsing period or not expecting a character after period%0.5\n  -- Correct output but errors. Possible reasons:continuing processing after period or parsing period or not expecting a character after period%0.5\n  -- Correct output but errors. Possible reasons:continuing processing after period or parsing period or not expecting a character after period%0.5\n","resultFormat":"TerminatesWithStartingPeriodSuite:Terminating period forms complete line %.1f /  5.0","output":"*****************************(TerminatesWithStartingPeriodSuite:Terminating period forms complete line)*****************************\nINPUT(TerminatesWithStartingPeriodSuite:Terminating period forms complete line)\n. \n45 \n\nOUTPUT(TerminatesWithStartingPeriodSuite:Terminating period forms complete line)\nplease enter a string:\nunexpected character:.\nNumbers: Sum: 0 Product: 1\nthe num :45 and the integer is: 45\nNumbers: 45 Sum: 45 Product: 45\n\nERRORS(TerminatesWithStartingPeriodSuite:Terminating period forms complete line)\nException in thread \"main\" java.util.NoSuchElementException: No line found\n\tat java.util.Scanner.nextLine(Scanner.java:1540)\n\tat main.ProcString.main(ProcString.java:21)\n\n*****************************(TerminatesWithStartingPeriodSuite:Terminating period forms complete line)*****************************\nINPUT(TerminatesWithStartingPeriodSuite:Terminating period forms complete line)\n. \n45 \n\nOUTPUT(TerminatesWithStartingPeriodSuite:Terminating period forms complete line)\nplease enter a string:\nunexpected character:.\nNumbers: Sum: 0 Product: 1\nthe num :45 and the integer is: 45\nNumbers: 45 Sum: 45 Product: 45\n\nERRORS(TerminatesWithStartingPeriodSuite:Terminating period forms complete line)\nException in thread \"main\" java.util.NoSuchElementException: No line found\n\tat java.util.Scanner.nextLine(Scanner.java:1540)\n\tat main.ProcString.main(ProcString.java:21)\n\n*****************************(TerminatesWithStartingPeriodSuite:Terminating period forms complete line)*****************************\nINPUT(TerminatesWithStartingPeriodSuite:Terminating period forms complete line)\n. \n45 \n\nOUTPUT(TerminatesWithStartingPeriodSuite:Terminating period forms complete line)\nplease enter a string:\nunexpected character:.\nNumbers: Sum: 0 Product: 1\nthe num :45 and the integer is: 45\nNumbers: 45 Sum: 45 Product: 45\n\nERRORS(TerminatesWithStartingPeriodSuite:Terminating period forms complete line)\nException in thread \"main\" java.util.NoSuchElementException: No line found\n\tat java.util.Scanner.nextLine(Scanner.java:1540)\n\tat main.ProcString.main(ProcString.java:21)\n\n*****************************(TerminatesWithStartingPeriodSuite:Terminating period forms complete line)*****************************\n### gradingTools.comp401f16.assignment1.testcases.TerminatesWithStartingPeriodOutputTest: 1.0\nRunning command:java -cp \".;..;D:\\dewan_backup\\Java\\lib\\UNCChecks_6.5.0.jar;D:\\Program Files\\eclipse-standard-kepler-SR1-win32-x86_64\\eclipse\\plugins\\net.sf.eclipsecs.checkstyle_6.5.0.201504121610\\checkstyle-6.5-all.jar;D:\\dewan_backup\\Java\\lib\\oeall22.jar;D:\\Program Files\\eclipse-java-luna-R-win32-x86_64\\eclipse\\plugins\\org.junit_4.11.0.v201303080030\\junit.jar\" main.ProcString\nRunning in folder: D:\\dewan_backup\\Java\\Comp401AllChecks\\Test Data\\Comp401F16\\Assignment1\\All, Correct (acorrect)\\Submission attachment(s)\\Assignment1\\Assignment1\\bin\n$. \n45 \n\nProcess line:please enter a string:\nplease enter a string:\nProcess line:unexpected character:.\nunexpected character:.\nProcess line:Numbers: Sum: 0 Product: 1\nNumbers: Sum: 0 Product: 1\nProcess line:the num :45 and the integer is: 45\nthe num :45 and the integer is: 45\nProcess line:Numbers: 45 Sum: 45 Product: 45\nNumbers: 45 Sum: 45 Product: 45\nCalled main:main.Assignment1\nProvided input:. \n45 \n\nExpected outputs:[]\n### gradingTools.comp401f16.assignment1.testcases.TerminatesWithStartingPeriodOutputTest: 0.0\n### gradingTools.comp401f16.assignment1.testcases.TerminatesWithStartingPeriodSumTest: 1.0\nRunning command:java -cp \".;..;D:\\dewan_backup\\Java\\lib\\UNCChecks_6.5.0.jar;D:\\Program Files\\eclipse-standard-kepler-SR1-win32-x86_64\\eclipse\\plugins\\net.sf.eclipsecs.checkstyle_6.5.0.201504121610\\checkstyle-6.5-all.jar;D:\\dewan_backup\\Java\\lib\\oeall22.jar;D:\\Program Files\\eclipse-java-luna-R-win32-x86_64\\eclipse\\plugins\\org.junit_4.11.0.v201303080030\\junit.jar\" main.ProcString\nRunning in folder: D:\\dewan_backup\\Java\\Comp401AllChecks\\Test Data\\Comp401F16\\Assignment1\\All, Correct (acorrect)\\Submission attachment(s)\\Assignment1\\Assignment1\\bin\n$. \n45 \n\nProcess line:please enter a string:\nplease enter a string:\nProcess line:unexpected character:.\nunexpected character:.\nProcess line:Numbers: Sum: 0 Product: 1\nNumbers: Sum: 0 Product: 1\nProcess line:the num :45 and the integer is: 45\nthe num :45 and the integer is: 45\nProcess line:Numbers: 45 Sum: 45 Product: 45\nNumbers: 45 Sum: 45 Product: 45\nCalled main:main.Assignment1\nProvided input:. \n45 \n\nExpected outputs:[]\n### gradingTools.comp401f16.assignment1.testcases.TerminatesWithStartingPeriodSumTest: 0.0\n### gradingTools.comp401f16.assignment1.testcases.TerminatesWithStartingPeriodProductTest: 1.0\nRunning command:java -cp \".;..;D:\\dewan_backup\\Java\\lib\\UNCChecks_6.5.0.jar;D:\\Program Files\\eclipse-standard-kepler-SR1-win32-x86_64\\eclipse\\plugins\\net.sf.eclipsecs.checkstyle_6.5.0.201504121610\\checkstyle-6.5-all.jar;D:\\dewan_backup\\Java\\lib\\oeall22.jar;D:\\Program Files\\eclipse-java-luna-R-win32-x86_64\\eclipse\\plugins\\org.junit_4.11.0.v201303080030\\junit.jar\" main.ProcString\nRunning in folder: D:\\dewan_backup\\Java\\Comp401AllChecks\\Test Data\\Comp401F16\\Assignment1\\All, Correct (acorrect)\\Submission attachment(s)\\Assignment1\\Assignment1\\bin\n$. \n45 \n\nProcess line:please enter a string:\nplease enter a string:\nProcess line:unexpected character:.\nunexpected character:.\nProcess line:Numbers: Sum: 0 Product: 1\nNumbers: Sum: 0 Product: 1\nProcess line:the num :45 and the integer is: 45\nthe num :45 and the integer is: 45\nProcess line:Numbers: 45 Sum: 45 Product: 45\nNumbers: 45 Sum: 45 Product: 45\nCalled main:main.Assignment1\nProvided input:. \n45 \n\nExpected outputs:[]\n### gradingTools.comp401f16.assignment1.testcases.TerminatesWithStartingPeriodProductTest: 0.0\n","feature":{"manual":false,"extraCredit":false,"name":"TerminatesWithStartingPeriodSuite:Terminating period forms complete line","points":5.0,"permissions":[{"name":".","actions":"read,write"}],"summary":"TerminatesWithStartingPeriodSuite:Terminating period forms complete line %.1f /  5.0"},"validate":false,"max":5.0,"manual":false,"partialCredit":false,"autoNotGraded":false,"fullCredit":false,"manualOverride":true,"restriction":false,"selected":false,"resultFileName":"D:/dewan_backup/Java/Comp401AllChecks/Test Data/Comp401F16/Assignment1/All, Correct (acorrect)/Feedback Attachment(s)/Results-TerminatesWithStartingPeriodSuite:Terminating period forms complete line.txt","autoWithNotFullCredit":true,"manualWithNotFullCredit":false},{"featureName":"IndexOfNotTestSuite:IndexOfNot functions correctly","score":0.0,"graded":true,"autoGradable":true,"extraCredit":true,"featureChecker":{"overridable":false},"feedbackFileName":"D:/dewan_backup/Java/Comp401AllChecks/Test Data/Comp401F16/Assignment1/All, Correct (acorrect)/Feedback Attachment(s)/IndexOfNotTestSuite:IndexOfNot functions correctly.txt","manualNotesFileName":"D:/dewan_backup/Java/Comp401AllChecks/Test Data/Comp401F16/Assignment1/All, Correct (acorrect)/Feedback Attachment(s)/ManualNotes-IndexOfNotTestSuite:IndexOfNot functions correctly.txt","autoNotesFileName":"D:/dewan_backup/Java/Comp401AllChecks/Test Data/Comp401F16/Assignment1/All, Correct (acorrect)/Feedback Attachment(s)/AutoNotes-IndexOfNotTestSuite:IndexOfNot functions correctly.txt","outputFiles":null,"inputFiles":[],"linkedFeature":null,"manualNotes":"","autoNotes":"  -- Did not find a class in:[ScanningIterator, main.Assignment1]%Did not find a class in:[ScanningIterator, main.Assignment1]\n  -- Did not find a class in:[ScanningIterator, main.Assignment1]%Did not find a class in:[ScanningIterator, main.Assignment1]\n  -- Did not find a class in:[ScanningIterator, main.Assignment1]%Did not find a class in:[ScanningIterator, main.Assignment1]\n  -- Did not find a class in:[ScanningIterator, main.Assignment1]%Did not find a class in:[ScanningIterator, main.Assignment1]\n  -- Did not find a class in:[ScanningIterator, main.Assignment1]%Did not find a class in:[ScanningIterator, main.Assignment1]\n  -- Did not find a class in:[ScanningIterator, main.Assignment1]%Did not find a class in:[ScanningIterator, main.Assignment1]\n  -- Did not find a class in:[ScanningIterator, main.Assignment1]%Did not find a class in:[ScanningIterator, main.Assignment1]\n","resultFormat":"IndexOfNotTestSuite:IndexOfNot functions correctly     %.1f /  5.0 (Extra credit)","output":"*****************************(IndexOfNotTestSuite:IndexOfNot functions correctly)*****************************\n### gradingTools.comp401f16.assignment1.testcases.IndexOfNotNonSpaceAtEnd: 1.0\n### gradingTools.comp401f16.assignment1.testcases.IndexOfNotNonSpaceAtEnd: 0.0\n### gradingTools.comp401f16.assignment1.testcases.IndexOfNotNonSpaceFirst: 1.0\n### gradingTools.comp401f16.assignment1.testcases.IndexOfNotNonSpaceFirst: 0.0\n### gradingTools.comp401f16.assignment1.testcases.IndexOfNotNonSpaceStartAt: 1.0\n### gradingTools.comp401f16.assignment1.testcases.IndexOfNotNonSpaceStartAt: 0.0\n### gradingTools.comp401f16.assignment1.testcases.IndexOfNotSpaceAllSpace: 1.0\n### gradingTools.comp401f16.assignment1.testcases.IndexOfNotSpaceAllSpace: 0.0\n### gradingTools.comp401f16.assignment1.testcases.IndexOfNotSpaceFirst: 1.0\n### gradingTools.comp401f16.assignment1.testcases.IndexOfNotSpaceFirst: 0.0\n### gradingTools.comp401f16.assignment1.testcases.IndexOfNotSpaceSecond: 1.0\n### gradingTools.comp401f16.assignment1.testcases.IndexOfNotSpaceSecond: 0.0\n### gradingTools.comp401f16.assignment1.testcases.IndexOfNotTest: 1.0\n### gradingTools.comp401f16.assignment1.testcases.IndexOfNotTest: 0.0\n","feature":{"manual":false,"extraCredit":true,"name":"IndexOfNotTestSuite:IndexOfNot functions correctly","points":5.0,"permissions":[{"name":".","actions":"read,write"}],"summary":"IndexOfNotTestSuite:IndexOfNot functions correctly     %.1f /  5.0 (Extra credit)"},"validate":false,"max":5.0,"manual":false,"partialCredit":false,"autoNotGraded":false,"fullCredit":false,"manualOverride":true,"restriction":false,"selected":false,"resultFileName":"D:/dewan_backup/Java/Comp401AllChecks/Test Data/Comp401F16/Assignment1/All, Correct (acorrect)/Feedback Attachment(s)/Results-IndexOfNotTestSuite:IndexOfNot functions correctly.txt","autoWithNotFullCredit":true,"manualWithNotFullCredit":false},{"featureName":"IndexOfTestSuite:IndexOf functions correctly","score":0.0,"graded":true,"autoGradable":true,"extraCredit":false,"featureChecker":{"overridable":false},"feedbackFileName":"D:/dewan_backup/Java/Comp401AllChecks/Test Data/Comp401F16/Assignment1/All, Correct (acorrect)/Feedback Attachment(s)/IndexOfTestSuite:IndexOf functions correctly.txt","manualNotesFileName":"D:/dewan_backup/Java/Comp401AllChecks/Test Data/Comp401F16/Assignment1/All, Correct (acorrect)/Feedback Attachment(s)/ManualNotes-IndexOfTestSuite:IndexOf functions correctly.txt","autoNotesFileName":"D:/dewan_backup/Java/Comp401AllChecks/Test Data/Comp401F16/Assignment1/All, Correct (acorrect)/Feedback Attachment(s)/AutoNotes-IndexOfTestSuite:IndexOf functions correctly.txt","outputFiles":null,"inputFiles":[],"linkedFeature":null,"manualNotes":"","autoNotes":"  -- Did not find a class in:[ScanningIterator, main.Assignment1]%Did not find a class in:[ScanningIterator, main.Assignment1]\n  -- Did not find a class in:[ScanningIterator, main.Assignment1]%Did not find a class in:[ScanningIterator, main.Assignment1]\n  -- Did not find a class in:[ScanningIterator, main.Assignment1]%Did not find a class in:[ScanningIterator, main.Assignment1]\n  -- Did not find a class in:[ScanningIterator, main.Assignment1]%Did not find a class in:[ScanningIterator, main.Assignment1]\n  -- Did not find a class in:[ScanningIterator, main.Assignment1]%Did not find a class in:[ScanningIterator, main.Assignment1]\n  -- Did not find a class in:[ScanningIterator, main.Assignment1]%Did not find a class in:[ScanningIterator, main.Assignment1]\n  -- Did not find a class in:[ScanningIterator, main.Assignment1]%Did not find a class in:[ScanningIterator, main.Assignment1]\n","resultFormat":"IndexOfTestSuite:IndexOf functions correctly           %.1f / 18.0","output":"*****************************(IndexOfTestSuite:IndexOf functions correctly)*****************************\n### gradingTools.comp401f16.assignment1.testcases.IndexOfTest: 1.0\n### gradingTools.comp401f16.assignment1.testcases.IndexOfTest: 0.0\n### gradingTools.comp401f16.assignment1.testcases.IndexOfTestCharacterNotFound: 1.0\n### gradingTools.comp401f16.assignment1.testcases.IndexOfTestCharacterNotFound: 0.0\n### gradingTools.comp401f16.assignment1.testcases.IndexOfTestFirstSpace: 1.0\n### gradingTools.comp401f16.assignment1.testcases.IndexOfTestFirstSpace: 0.0\n### gradingTools.comp401f16.assignment1.testcases.IndexOfTestNonSpaceAtEnd: 1.0\n### gradingTools.comp401f16.assignment1.testcases.IndexOfTestNonSpaceAtEnd: 0.0\n### gradingTools.comp401f16.assignment1.testcases.IndexOfTestNonSpaceStartAt: 1.0\n### gradingTools.comp401f16.assignment1.testcases.IndexOfTestNonSpaceStartAt: 0.0\n### gradingTools.comp401f16.assignment1.testcases.IndexOfTestSecondSpace: 1.0\n### gradingTools.comp401f16.assignment1.testcases.IndexOfTestSecondSpace: 0.0\n### gradingTools.comp401f16.assignment1.testcases.IndexOfTestSpaceSameIndex: 1.0\n### gradingTools.comp401f16.assignment1.testcases.IndexOfTestSpaceSameIndex: 0.0\n","feature":{"manual":false,"extraCredit":false,"name":"IndexOfTestSuite:IndexOf functions correctly","points":18.0,"permissions":[{"name":".","actions":"read,write"}],"summary":"IndexOfTestSuite:IndexOf functions correctly           %.1f / 18.0"},"validate":false,"max":18.0,"manual":false,"partialCredit":false,"autoNotGraded":false,"fullCredit":false,"manualOverride":true,"restriction":false,"selected":false,"resultFileName":"D:/dewan_backup/Java/Comp401AllChecks/Test Data/Comp401F16/Assignment1/All, Correct (acorrect)/Feedback Attachment(s)/Results-IndexOfTestSuite:IndexOf functions correctly.txt","autoWithNotFullCredit":true,"manualWithNotFullCredit":false},{"featureName":"TerminatesWithPeriodLineSuite:Handles Space After Period","score":0.0,"graded":true,"autoGradable":true,"extraCredit":false,"featureChecker":{"overridable":false},"feedbackFileName":"D:/dewan_backup/Java/Comp401AllChecks/Test Data/Comp401F16/Assignment1/All, Correct (acorrect)/Feedback Attachment(s)/TerminatesWithPeriodLineSuite:Handles Space After Period.txt","manualNotesFileName":"D:/dewan_backup/Java/Comp401AllChecks/Test Data/Comp401F16/Assignment1/All, Correct (acorrect)/Feedback Attachment(s)/ManualNotes-TerminatesWithPeriodLineSuite:Handles Space After Period.txt","autoNotesFileName":"D:/dewan_backup/Java/Comp401AllChecks/Test Data/Comp401F16/Assignment1/All, Correct (acorrect)/Feedback Attachment(s)/AutoNotes-TerminatesWithPeriodLineSuite:Handles Space After Period.txt","outputFiles":null,"inputFiles":[],"linkedFeature":null,"manualNotes":"","autoNotes":"  -- Correct output but errors. Possible reasons:continuing processing after period or parsing period%0.5\n  -- Correct output but errors. Possible reasons:continuing processing after period or parsing period%0.5\n  -- Correct output but errors. Possible reasons:continuing processing after period or parsing period%0.5\n","resultFormat":"TerminatesWithPeriodLineSuite:Handles Space After Period %.1f /  5.0","output":"*****************************(TerminatesWithPeriodLineSuite:Handles Space After Period)*****************************\nINPUT(TerminatesWithPeriodLineSuite:Handles Space After Period)\n.\n45 \n\nOUTPUT(TerminatesWithPeriodLineSuite:Handles Space After Period)\nplease enter a string:\nunexpected character:.\nNumbers: Sum: 0 Product: 1\nthe num :45 and the integer is: 45\nNumbers: 45 Sum: 45 Product: 45\n\nERRORS(TerminatesWithPeriodLineSuite:Handles Space After Period)\nException in thread \"main\" java.util.NoSuchElementException: No line found\n\tat java.util.Scanner.nextLine(Scanner.java:1540)\n\tat main.ProcString.main(ProcString.java:21)\n\n*****************************(TerminatesWithPeriodLineSuite:Handles Space After Period)*****************************\nINPUT(TerminatesWithPeriodLineSuite:Handles Space After Period)\n.\n45 \n\nOUTPUT(TerminatesWithPeriodLineSuite:Handles Space After Period)\nplease enter a string:\nunexpected character:.\nNumbers: Sum: 0 Product: 1\nthe num :45 and the integer is: 45\nNumbers: 45 Sum: 45 Product: 45\n\nERRORS(TerminatesWithPeriodLineSuite:Handles Space After Period)\nException in thread \"main\" java.util.NoSuchElementException: No line found\n\tat java.util.Scanner.nextLine(Scanner.java:1540)\n\tat main.ProcString.main(ProcString.java:21)\n\n*****************************(TerminatesWithPeriodLineSuite:Handles Space After Period)*****************************\nINPUT(TerminatesWithPeriodLineSuite:Handles Space After Period)\n.\n45 \n\nOUTPUT(TerminatesWithPeriodLineSuite:Handles Space After Period)\nplease enter a string:\nunexpected character:.\nNumbers: Sum: 0 Product: 1\nthe num :45 and the integer is: 45\nNumbers: 45 Sum: 45 Product: 45\n\nERRORS(TerminatesWithPeriodLineSuite:Handles Space After Period)\nException in thread \"main\" java.util.NoSuchElementException: No line found\n\tat java.util.Scanner.nextLine(Scanner.java:1540)\n\tat main.ProcString.main(ProcString.java:21)\n\n*****************************(TerminatesWithPeriodLineSuite:Handles Space After Period)*****************************\n### gradingTools.comp401f16.assignment1.testcases.TerminatesWithPeriodLineOutputTest: 1.0\nRunning command:java -cp \".;..;D:\\dewan_backup\\Java\\lib\\UNCChecks_6.5.0.jar;D:\\Program Files\\eclipse-standard-kepler-SR1-win32-x86_64\\eclipse\\plugins\\net.sf.eclipsecs.checkstyle_6.5.0.201504121610\\checkstyle-6.5-all.jar;D:\\dewan_backup\\Java\\lib\\oeall22.jar;D:\\Program Files\\eclipse-java-luna-R-win32-x86_64\\eclipse\\plugins\\org.junit_4.11.0.v201303080030\\junit.jar\" main.ProcString\nRunning in folder: D:\\dewan_backup\\Java\\Comp401AllChecks\\Test Data\\Comp401F16\\Assignment1\\All, Correct (acorrect)\\Submission attachment(s)\\Assignment1\\Assignment1\\bin\n$.\n45 \n\nProcess line:please enter a string:\nplease enter a string:\nProcess line:unexpected character:.\nunexpected character:.\nProcess line:Numbers: Sum: 0 Product: 1\nNumbers: Sum: 0 Product: 1\nProcess line:the num :45 and the integer is: 45\nthe num :45 and the integer is: 45\nProcess line:Numbers: 45 Sum: 45 Product: 45\nNumbers: 45 Sum: 45 Product: 45\nCalled main:main.Assignment1\nProvided input:.\n45 \n\nExpected outputs:[]\n### gradingTools.comp401f16.assignment1.testcases.TerminatesWithPeriodLineOutputTest: 0.0\n### gradingTools.comp401f16.assignment1.testcases.TerminatesWithPeriodLineSumTest: 1.0\nRunning command:java -cp \".;..;D:\\dewan_backup\\Java\\lib\\UNCChecks_6.5.0.jar;D:\\Program Files\\eclipse-standard-kepler-SR1-win32-x86_64\\eclipse\\plugins\\net.sf.eclipsecs.checkstyle_6.5.0.201504121610\\checkstyle-6.5-all.jar;D:\\dewan_backup\\Java\\lib\\oeall22.jar;D:\\Program Files\\eclipse-java-luna-R-win32-x86_64\\eclipse\\plugins\\org.junit_4.11.0.v201303080030\\junit.jar\" main.ProcString\nRunning in folder: D:\\dewan_backup\\Java\\Comp401AllChecks\\Test Data\\Comp401F16\\Assignment1\\All, Correct (acorrect)\\Submission attachment(s)\\Assignment1\\Assignment1\\bin\n$.\n45 \n\nProcess line:please enter a string:\nplease enter a string:\nProcess line:unexpected character:.\nunexpected character:.\nProcess line:Numbers: Sum: 0 Product: 1\nNumbers: Sum: 0 Product: 1\nProcess line:the num :45 and the integer is: 45\nthe num :45 and the integer is: 45\nProcess line:Numbers: 45 Sum: 45 Product: 45\nNumbers: 45 Sum: 45 Product: 45\nCalled main:main.Assignment1\nProvided input:.\n45 \n\nExpected outputs:[]\n### gradingTools.comp401f16.assignment1.testcases.TerminatesWithPeriodLineSumTest: 0.0\n### gradingTools.comp401f16.assignment1.testcases.TerminatesWithPeriodLineProductTest: 1.0\nRunning command:java -cp \".;..;D:\\dewan_backup\\Java\\lib\\UNCChecks_6.5.0.jar;D:\\Program Files\\eclipse-standard-kepler-SR1-win32-x86_64\\eclipse\\plugins\\net.sf.eclipsecs.checkstyle_6.5.0.201504121610\\checkstyle-6.5-all.jar;D:\\dewan_backup\\Java\\lib\\oeall22.jar;D:\\Program Files\\eclipse-java-luna-R-win32-x86_64\\eclipse\\plugins\\org.junit_4.11.0.v201303080030\\junit.jar\" main.ProcString\nRunning in folder: D:\\dewan_backup\\Java\\Comp401AllChecks\\Test Data\\Comp401F16\\Assignment1\\All, Correct (acorrect)\\Submission attachment(s)\\Assignment1\\Assignment1\\bin\n$.\n45 \n\nProcess line:please enter a string:\nplease enter a string:\nProcess line:unexpected character:.\nunexpected character:.\nProcess line:Numbers: Sum: 0 Product: 1\nNumbers: Sum: 0 Product: 1\nProcess line:the num :45 and the integer is: 45\nthe num :45 and the integer is: 45\nProcess line:Numbers: 45 Sum: 45 Product: 45\nNumbers: 45 Sum: 45 Product: 45\nCalled main:main.Assignment1\nProvided input:.\n45 \n\nExpected outputs:[]\n### gradingTools.comp401f16.assignment1.testcases.TerminatesWithPeriodLineProductTest: 0.0\n","feature":{"manual":false,"extraCredit":false,"name":"TerminatesWithPeriodLineSuite:Handles Space After Period","points":5.0,"permissions":[{"name":".","actions":"read,write"}],"summary":"TerminatesWithPeriodLineSuite:Handles Space After Period %.1f /  5.0"},"validate":false,"max":5.0,"manual":false,"partialCredit":false,"autoNotGraded":false,"fullCredit":false,"manualOverride":true,"restriction":false,"selected":false,"resultFileName":"D:/dewan_backup/Java/Comp401AllChecks/Test Data/Comp401F16/Assignment1/All, Correct (acorrect)/Feedback Attachment(s)/Results-TerminatesWithPeriodLineSuite:Handles Space After Period.txt","autoWithNotFullCredit":true,"manualWithNotFullCredit":false},{"featureName":"SingleTokenSuite:Can process a single token","score":10.0,"graded":true,"autoGradable":true,"extraCredit":false,"featureChecker":{"overridable":false},"feedbackFileName":"D:/dewan_backup/Java/Comp401AllChecks/Test Data/Comp401F16/Assignment1/All, Correct (acorrect)/Feedback Attachment(s)/SingleTokenSuite:Can process a single token.txt","manualNotesFileName":"D:/dewan_backup/Java/Comp401AllChecks/Test Data/Comp401F16/Assignment1/All, Correct (acorrect)/Feedback Attachment(s)/ManualNotes-SingleTokenSuite:Can process a single token.txt","autoNotesFileName":"D:/dewan_backup/Java/Comp401AllChecks/Test Data/Comp401F16/Assignment1/All, Correct (acorrect)/Feedback Attachment(s)/AutoNotes-SingleTokenSuite:Can process a single token.txt","outputFiles":null,"inputFiles":[],"linkedFeature":null,"manualNotes":"","autoNotes":"","resultFormat":"SingleTokenSuite:Can process a single token            %.1f / 10.0","output":"*****************************(SingleTokenSuite:Can process a single token)*****************************\nINPUT(SingleTokenSuite:Can process a single token)\n0010010 \n. \n\nOUTPUT(SingleTokenSuite:Can process a single token)\nplease enter a string:\nthe num :0010010 and the integer is: 10010\nNumbers: 10010 Sum: 10010 Product: 10010\nunexpected character:.\nNumbers: Sum: 0 Product: 1\n\nERRORS(SingleTokenSuite:Can process a single token)\nException in thread \"main\" java.util.NoSuchElementException: No line found\n\tat java.util.Scanner.nextLine(Scanner.java:1540)\n\tat main.ProcString.main(ProcString.java:21)\n\n*****************************(SingleTokenSuite:Can process a single token)*****************************\nINPUT(SingleTokenSuite:Can process a single token)\n0010010 \n. \n\nOUTPUT(SingleTokenSuite:Can process a single token)\nplease enter a string:\nthe num :0010010 and the integer is: 10010\nNumbers: 10010 Sum: 10010 Product: 10010\nunexpected character:.\nNumbers: Sum: 0 Product: 1\n\nERRORS(SingleTokenSuite:Can process a single token)\nException in thread \"main\" java.util.NoSuchElementException: No line found\n\tat java.util.Scanner.nextLine(Scanner.java:1540)\n\tat main.ProcString.main(ProcString.java:21)\n\n*****************************(SingleTokenSuite:Can process a single token)*****************************\nINPUT(SingleTokenSuite:Can process a single token)\n0010010 \n. \n\nOUTPUT(SingleTokenSuite:Can process a single token)\nplease enter a string:\nthe num :0010010 and the integer is: 10010\nNumbers: 10010 Sum: 10010 Product: 10010\nunexpected character:.\nNumbers: Sum: 0 Product: 1\n\nERRORS(SingleTokenSuite:Can process a single token)\nException in thread \"main\" java.util.NoSuchElementException: No line found\n\tat java.util.Scanner.nextLine(Scanner.java:1540)\n\tat main.ProcString.main(ProcString.java:21)\n\n*****************************(SingleTokenSuite:Can process a single token)*****************************\n### gradingTools.comp401f16.assignment1.testcases.SingleTokenOutputTest: 1.0\nRunning command:java -cp \".;..;D:\\dewan_backup\\Java\\lib\\UNCChecks_6.5.0.jar;D:\\Program Files\\eclipse-standard-kepler-SR1-win32-x86_64\\eclipse\\plugins\\net.sf.eclipsecs.checkstyle_6.5.0.201504121610\\checkstyle-6.5-all.jar;D:\\dewan_backup\\Java\\lib\\oeall22.jar;D:\\Program Files\\eclipse-java-luna-R-win32-x86_64\\eclipse\\plugins\\org.junit_4.11.0.v201303080030\\junit.jar\" main.ProcString\nRunning in folder: D:\\dewan_backup\\Java\\Comp401AllChecks\\Test Data\\Comp401F16\\Assignment1\\All, Correct (acorrect)\\Submission attachment(s)\\Assignment1\\Assignment1\\bin\n$0010010 \n. \n\nProcess line:please enter a string:\nplease enter a string:\nProcess line:the num :0010010 and the integer is: 10010\nthe num :0010010 and the integer is: 10010\nProcess line:Numbers: 10010 Sum: 10010 Product: 10010\nNumbers: 10010 Sum: 10010 Product: 10010\nProcess line:unexpected character:.\nunexpected character:.\nProcess line:Numbers: Sum: 0 Product: 1\nNumbers: Sum: 0 Product: 1\nCalled main:main.Assignment1\nProvided input:0010010 \n. \n\nExpected outputs:[(.*)0010010(.*)]\n### gradingTools.comp401f16.assignment1.testcases.SingleTokenSumTest: 1.0\nRunning command:java -cp \".;..;D:\\dewan_backup\\Java\\lib\\UNCChecks_6.5.0.jar;D:\\Program Files\\eclipse-standard-kepler-SR1-win32-x86_64\\eclipse\\plugins\\net.sf.eclipsecs.checkstyle_6.5.0.201504121610\\checkstyle-6.5-all.jar;D:\\dewan_backup\\Java\\lib\\oeall22.jar;D:\\Program Files\\eclipse-java-luna-R-win32-x86_64\\eclipse\\plugins\\org.junit_4.11.0.v201303080030\\junit.jar\" main.ProcString\nRunning in folder: D:\\dewan_backup\\Java\\Comp401AllChecks\\Test Data\\Comp401F16\\Assignment1\\All, Correct (acorrect)\\Submission attachment(s)\\Assignment1\\Assignment1\\bin\n$0010010 \n. \n\nProcess line:please enter a string:\nplease enter a string:\nProcess line:the num :0010010 and the integer is: 10010\nthe num :0010010 and the integer is: 10010\nProcess line:Numbers: 10010 Sum: 10010 Product: 10010\nNumbers: 10010 Sum: 10010 Product: 10010\nProcess line:unexpected character:.\nunexpected character:.\nProcess line:Numbers: Sum: 0 Product: 1\nNumbers: Sum: 0 Product: 1\nCalled main:main.Assignment1\nProvided input:0010010 \n. \n\nExpected outputs:[(.*)10010(.*)]\n### gradingTools.comp401f16.assignment1.testcases.SingleTokenProductTest: 1.0\nRunning command:java -cp \".;..;D:\\dewan_backup\\Java\\lib\\UNCChecks_6.5.0.jar;D:\\Program Files\\eclipse-standard-kepler-SR1-win32-x86_64\\eclipse\\plugins\\net.sf.eclipsecs.checkstyle_6.5.0.201504121610\\checkstyle-6.5-all.jar;D:\\dewan_backup\\Java\\lib\\oeall22.jar;D:\\Program Files\\eclipse-java-luna-R-win32-x86_64\\eclipse\\plugins\\org.junit_4.11.0.v201303080030\\junit.jar\" main.ProcString\nRunning in folder: D:\\dewan_backup\\Java\\Comp401AllChecks\\Test Data\\Comp401F16\\Assignment1\\All, Correct (acorrect)\\Submission attachment(s)\\Assignment1\\Assignment1\\bin\n$0010010 \n. \n\nProcess line:please enter a string:\nplease enter a string:\nProcess line:the num :0010010 and the integer is: 10010\nthe num :0010010 and the integer is: 10010\nProcess line:Numbers: 10010 Sum: 10010 Product: 10010\nNumbers: 10010 Sum: 10010 Product: 10010\nProcess line:unexpected character:.\nunexpected character:.\nProcess line:Numbers: Sum: 0 Product: 1\nNumbers: Sum: 0 Product: 1\nCalled main:main.Assignment1\nProvided input:0010010 \n. \n\nExpected outputs:[(.*)10010(.*)]\n","feature":{"manual":false,"extraCredit":false,"name":"SingleTokenSuite:Can process a single token","points":10.0,"permissions":[{"name":".","actions":"read,write"}],"summary":"SingleTokenSuite:Can process a single token            %.1f / 10.0"},"validate":false,"max":10.0,"manual":false,"partialCredit":false,"autoNotGraded":false,"fullCredit":true,"manualOverride":false,"restriction":false,"selected":false,"resultFileName":"D:/dewan_backup/Java/Comp401AllChecks/Test Data/Comp401F16/Assignment1/All, Correct (acorrect)/Feedback Attachment(s)/Results-SingleTokenSuite:Can process a single token.txt","autoWithNotFullCredit":false,"manualWithNotFullCredit":false},{"featureName":"VariableSpaceSuite:Handles Variable Spaces","score":5.0,"graded":true,"autoGradable":true,"extraCredit":true,"featureChecker":{"overridable":false},"feedbackFileName":"D:/dewan_backup/Java/Comp401AllChecks/Test Data/Comp401F16/Assignment1/All, Correct (acorrect)/Feedback Attachment(s)/VariableSpaceSuite:Handles Variable Spaces.txt","manualNotesFileName":"D:/dewan_backup/Java/Comp401AllChecks/Test Data/Comp401F16/Assignment1/All, Correct (acorrect)/Feedback Attachment(s)/ManualNotes-VariableSpaceSuite:Handles Variable Spaces.txt","autoNotesFileName":"D:/dewan_backup/Java/Comp401AllChecks/Test Data/Comp401F16/Assignment1/All, Correct (acorrect)/Feedback Attachment(s)/AutoNotes-VariableSpaceSuite:Handles Variable Spaces.txt","outputFiles":null,"inputFiles":[],"linkedFeature":null,"manualNotes":"","autoNotes":"","resultFormat":"VariableSpaceSuite:Handles Variable Spaces             %.1f /  5.0 (Extra credit)","output":"*****************************(VariableSpaceSuite:Handles Variable Spaces)*****************************\nINPUT(VariableSpaceSuite:Handles Variable Spaces)\n010    11 0     4   \n. \n\nOUTPUT(VariableSpaceSuite:Handles Variable Spaces)\nplease enter a string:\nthe num :010 and the integer is: 10\nthe num :11 and the integer is: 11\nthe num :0 and the integer is: 0\nthe num :4 and the integer is: 4\nNumbers: 10 11 0 4 Sum: 25 Product: 0\nunexpected character:.\nNumbers: Sum: 0 Product: 1\n\nERRORS(VariableSpaceSuite:Handles Variable Spaces)\nException in thread \"main\" java.util.NoSuchElementException: No line found\n\tat java.util.Scanner.nextLine(Scanner.java:1540)\n\tat main.ProcString.main(ProcString.java:21)\n\n*****************************(VariableSpaceSuite:Handles Variable Spaces)*****************************\nINPUT(VariableSpaceSuite:Handles Variable Spaces)\n010    11 0     4   \n. \n\nOUTPUT(VariableSpaceSuite:Handles Variable Spaces)\nplease enter a string:\nthe num :010 and the integer is: 10\nthe num :11 and the integer is: 11\nthe num :0 and the integer is: 0\nthe num :4 and the integer is: 4\nNumbers: 10 11 0 4 Sum: 25 Product: 0\nunexpected character:.\nNumbers: Sum: 0 Product: 1\n\nERRORS(VariableSpaceSuite:Handles Variable Spaces)\nException in thread \"main\" java.util.NoSuchElementException: No line found\n\tat java.util.Scanner.nextLine(Scanner.java:1540)\n\tat main.ProcString.main(ProcString.java:21)\n\n*****************************(VariableSpaceSuite:Handles Variable Spaces)*****************************\nINPUT(VariableSpaceSuite:Handles Variable Spaces)\n010    11 0     4   \n. \n\nOUTPUT(VariableSpaceSuite:Handles Variable Spaces)\nplease enter a string:\nthe num :010 and the integer is: 10\nthe num :11 and the integer is: 11\nthe num :0 and the integer is: 0\nthe num :4 and the integer is: 4\nNumbers: 10 11 0 4 Sum: 25 Product: 0\nunexpected character:.\nNumbers: Sum: 0 Product: 1\n\nERRORS(VariableSpaceSuite:Handles Variable Spaces)\nException in thread \"main\" java.util.NoSuchElementException: No line found\n\tat java.util.Scanner.nextLine(Scanner.java:1540)\n\tat main.ProcString.main(ProcString.java:21)\n\n*****************************(VariableSpaceSuite:Handles Variable Spaces)*****************************\n### gradingTools.comp401f16.assignment1.testcases.VariableSpaceOutputTest: 1.0\nRunning command:java -cp \".;..;D:\\dewan_backup\\Java\\lib\\UNCChecks_6.5.0.jar;D:\\Program Files\\eclipse-standard-kepler-SR1-win32-x86_64\\eclipse\\plugins\\net.sf.eclipsecs.checkstyle_6.5.0.201504121610\\checkstyle-6.5-all.jar;D:\\dewan_backup\\Java\\lib\\oeall22.jar;D:\\Program Files\\eclipse-java-luna-R-win32-x86_64\\eclipse\\plugins\\org.junit_4.11.0.v201303080030\\junit.jar\" main.ProcString\nRunning in folder: D:\\dewan_backup\\Java\\Comp401AllChecks\\Test Data\\Comp401F16\\Assignment1\\All, Correct (acorrect)\\Submission attachment(s)\\Assignment1\\Assignment1\\bin\n$010    11 0     4   \n. \n\nProcess line:please enter a string:\nplease enter a string:\nProcess line:the num :010 and the integer is: 10\nthe num :010 and the integer is: 10\nProcess line:the num :11 and the integer is: 11\nthe num :11 and the integer is: 11\nProcess line:the num :0 and the integer is: 0\nthe num :0 and the integer is: 0\nProcess line:the num :4 and the integer is: 4\nthe num :4 and the integer is: 4\nProcess line:Numbers: 10 11 0 4 Sum: 25 Product: 0\nNumbers: 10 11 0 4 Sum: 25 Product: 0\nProcess line:unexpected character:.\nunexpected character:.\nProcess line:Numbers: Sum: 0 Product: 1\nNumbers: Sum: 0 Product: 1\nCalled main:main.Assignment1\nProvided input:010    11 0     4   \n. \n\nExpected outputs:[(.*)010(.*), (.*)11(.*), (.*)0(.*), (.*)4(.*)]\n### gradingTools.comp401f16.assignment1.testcases.VariableSpaceSumTest: 1.0\nRunning command:java -cp \".;..;D:\\dewan_backup\\Java\\lib\\UNCChecks_6.5.0.jar;D:\\Program Files\\eclipse-standard-kepler-SR1-win32-x86_64\\eclipse\\plugins\\net.sf.eclipsecs.checkstyle_6.5.0.201504121610\\checkstyle-6.5-all.jar;D:\\dewan_backup\\Java\\lib\\oeall22.jar;D:\\Program Files\\eclipse-java-luna-R-win32-x86_64\\eclipse\\plugins\\org.junit_4.11.0.v201303080030\\junit.jar\" main.ProcString\nRunning in folder: D:\\dewan_backup\\Java\\Comp401AllChecks\\Test Data\\Comp401F16\\Assignment1\\All, Correct (acorrect)\\Submission attachment(s)\\Assignment1\\Assignment1\\bin\n$010    11 0     4   \n. \n\nProcess line:please enter a string:\nplease enter a string:\nProcess line:the num :010 and the integer is: 10\nthe num :010 and the integer is: 10\nProcess line:the num :11 and the integer is: 11\nthe num :11 and the integer is: 11\nProcess line:the num :0 and the integer is: 0\nthe num :0 and the integer is: 0\nProcess line:the num :4 and the integer is: 4\nthe num :4 and the integer is: 4\nProcess line:Numbers: 10 11 0 4 Sum: 25 Product: 0\nNumbers: 10 11 0 4 Sum: 25 Product: 0\nProcess line:unexpected character:.\nunexpected character:.\nProcess line:Numbers: Sum: 0 Product: 1\nNumbers: Sum: 0 Product: 1\nCalled main:main.Assignment1\nProvided input:010    11 0     4   \n. \n\nExpected outputs:[(.*)25(.*)]\n### gradingTools.comp401f16.assignment1.testcases.VariableSpaceProductTest: 1.0\nRunning command:java -cp \".;..;D:\\dewan_backup\\Java\\lib\\UNCChecks_6.5.0.jar;D:\\Program Files\\eclipse-standard-kepler-SR1-win32-x86_64\\eclipse\\plugins\\net.sf.eclipsecs.checkstyle_6.5.0.201504121610\\checkstyle-6.5-all.jar;D:\\dewan_backup\\Java\\lib\\oeall22.jar;D:\\Program Files\\eclipse-java-luna-R-win32-x86_64\\eclipse\\plugins\\org.junit_4.11.0.v201303080030\\junit.jar\" main.ProcString\nRunning in folder: D:\\dewan_backup\\Java\\Comp401AllChecks\\Test Data\\Comp401F16\\Assignment1\\All, Correct (acorrect)\\Submission attachment(s)\\Assignment1\\Assignment1\\bin\n$010    11 0     4   \n. \n\nProcess line:please enter a string:\nplease enter a string:\nProcess line:the num :010 and the integer is: 10\nthe num :010 and the integer is: 10\nProcess line:the num :11 and the integer is: 11\nthe num :11 and the integer is: 11\nProcess line:the num :0 and the integer is: 0\nthe num :0 and the integer is: 0\nProcess line:the num :4 and the integer is: 4\nthe num :4 and the integer is: 4\nProcess line:Numbers: 10 11 0 4 Sum: 25 Product: 0\nNumbers: 10 11 0 4 Sum: 25 Product: 0\nProcess line:unexpected character:.\nunexpected character:.\nProcess line:Numbers: Sum: 0 Product: 1\nNumbers: Sum: 0 Product: 1\nCalled main:main.Assignment1\nProvided input:010    11 0     4   \n. \n\nExpected outputs:[(.*)25(.*)]\n","feature":{"manual":false,"extraCredit":true,"name":"VariableSpaceSuite:Handles Variable Spaces","points":5.0,"permissions":[{"name":".","actions":"read,write"}],"summary":"VariableSpaceSuite:Handles Variable Spaces             %.1f /  5.0 (Extra credit)"},"validate":false,"max":5.0,"manual":false,"partialCredit":false,"autoNotGraded":false,"fullCredit":true,"manualOverride":false,"restriction":false,"selected":false,"resultFileName":"D:/dewan_backup/Java/Comp401AllChecks/Test Data/Comp401F16/Assignment1/All, Correct (acorrect)/Feedback Attachment(s)/Results-VariableSpaceSuite:Handles Variable Spaces.txt","autoWithNotFullCredit":false,"manualWithNotFullCredit":false},{"featureName":"Required Methods Called in Main or Iterator","score":0.0,"graded":true,"autoGradable":true,"extraCredit":false,"featureChecker":{"overridable":false},"feedbackFileName":"D:/dewan_backup/Java/Comp401AllChecks/Test Data/Comp401F16/Assignment1/All, Correct (acorrect)/Feedback Attachment(s)/Required Methods Called in Main or Iterator.txt","manualNotesFileName":"D:/dewan_backup/Java/Comp401AllChecks/Test Data/Comp401F16/Assignment1/All, Correct (acorrect)/Feedback Attachment(s)/ManualNotes-Required Methods Called in Main or Iterator.txt","autoNotesFileName":"D:/dewan_backup/Java/Comp401AllChecks/Test Data/Comp401F16/Assignment1/All, Correct (acorrect)/Feedback Attachment(s)/AutoNotes-Required Methods Called in Main or Iterator.txt","outputFiles":null,"inputFiles":[],"linkedFeature":null,"manualNotes":"","autoNotes":"  -- Type main.Assignment not defined, cannot check\n  -- Type main.Assignment not defined, cannot check\n  -- Type main.Assignment not defined, cannot check\n","resultFormat":"Required Methods Called in Main or Iterator            %.1f / 15.0","output":"*****************************(Required Methods Called in Main or Iterator)*****************************\n### main.Assignment!processInput:->void: 0.0\n### main.Assignment!indexOf:String;char;int->int: 0.0\n### main.Assignment!scanString:String->void: 0.0\n","feature":{"manual":false,"extraCredit":false,"name":"Required Methods Called in Main or Iterator","points":15.0,"permissions":[{"name":".","actions":"read,write"}],"summary":"Required Methods Called in Main or Iterator            %.1f / 15.0"},"validate":false,"max":15.0,"manual":false,"partialCredit":false,"autoNotGraded":false,"fullCredit":false,"manualOverride":true,"restriction":false,"selected":false,"resultFileName":"D:/dewan_backup/Java/Comp401AllChecks/Test Data/Comp401F16/Assignment1/All, Correct (acorrect)/Feedback Attachment(s)/Results-Required Methods Called in Main or Iterator.txt","autoWithNotFullCredit":true,"manualWithNotFullCredit":false},{"featureName":"IndexOf  Called in Iterator","score":0.0,"graded":true,"autoGradable":true,"extraCredit":true,"featureChecker":{"overridable":false},"feedbackFileName":"D:/dewan_backup/Java/Comp401AllChecks/Test Data/Comp401F16/Assignment1/All, Correct (acorrect)/Feedback Attachment(s)/IndexOf  Called in Iterator.txt","manualNotesFileName":"D:/dewan_backup/Java/Comp401AllChecks/Test Data/Comp401F16/Assignment1/All, Correct (acorrect)/Feedback Attachment(s)/ManualNotes-IndexOf  Called in Iterator.txt","autoNotesFileName":"D:/dewan_backup/Java/Comp401AllChecks/Test Data/Comp401F16/Assignment1/All, Correct (acorrect)/Feedback Attachment(s)/AutoNotes-IndexOf  Called in Iterator.txt","outputFiles":null,"inputFiles":[],"linkedFeature":null,"manualNotes":"","autoNotes":"  -- Type ScanningIterator not defined, cannot check\n","resultFormat":"IndexOf  Called in Iterator                            %.1f /  5.0 (Extra credit)","output":"*****************************(IndexOf  Called in Iterator)*****************************\n### ScanningIterator!indexOf:String;char;int->int: 0.0\n","feature":{"manual":false,"extraCredit":true,"name":"IndexOf  Called in Iterator","points":5.0,"permissions":[{"name":".","actions":"read,write"}],"summary":"IndexOf  Called in Iterator                            %.1f /  5.0 (Extra credit)"},"validate":false,"max":5.0,"manual":false,"partialCredit":false,"autoNotGraded":false,"fullCredit":false,"manualOverride":true,"restriction":false,"selected":false,"resultFileName":"D:/dewan_backup/Java/Comp401AllChecks/Test Data/Comp401F16/Assignment1/All, Correct (acorrect)/Feedback Attachment(s)/Results-IndexOf  Called in Iterator.txt","autoWithNotFullCredit":true,"manualWithNotFullCredit":false},{"featureName":"indexOfNot Called in Main","score":0.0,"graded":true,"autoGradable":true,"extraCredit":true,"featureChecker":{"overridable":false},"feedbackFileName":"D:/dewan_backup/Java/Comp401AllChecks/Test Data/Comp401F16/Assignment1/All, Correct (acorrect)/Feedback Attachment(s)/indexOfNot Called in Main.txt","manualNotesFileName":"D:/dewan_backup/Java/Comp401AllChecks/Test Data/Comp401F16/Assignment1/All, Correct (acorrect)/Feedback Attachment(s)/ManualNotes-indexOfNot Called in Main.txt","autoNotesFileName":"D:/dewan_backup/Java/Comp401AllChecks/Test Data/Comp401F16/Assignment1/All, Correct (acorrect)/Feedback Attachment(s)/AutoNotes-indexOfNot Called in Main.txt","outputFiles":null,"inputFiles":[],"linkedFeature":null,"manualNotes":"","autoNotes":"  -- Type main.Assignment not defined, cannot check\n","resultFormat":"indexOfNot Called in Main                              %.1f /  3.0 (Extra credit)","output":"*****************************(indexOfNot Called in Main)*****************************\n### main.Assignment!indexOfNot:String;char;int->int: 0.0\n","feature":{"manual":false,"extraCredit":true,"name":"indexOfNot Called in Main","points":3.0,"permissions":[{"name":".","actions":"read,write"}],"summary":"indexOfNot Called in Main                              %.1f /  3.0 (Extra credit)"},"validate":false,"max":3.0,"manual":false,"partialCredit":false,"autoNotGraded":false,"fullCredit":false,"manualOverride":true,"restriction":false,"selected":false,"resultFileName":"D:/dewan_backup/Java/Comp401AllChecks/Test Data/Comp401F16/Assignment1/All, Correct (acorrect)/Feedback Attachment(s)/Results-indexOfNot Called in Main.txt","autoWithNotFullCredit":true,"manualWithNotFullCredit":false},{"featureName":"IndexOfNot Called in Iterator","score":0.0,"graded":true,"autoGradable":true,"extraCredit":true,"featureChecker":{"overridable":false},"feedbackFileName":"D:/dewan_backup/Java/Comp401AllChecks/Test Data/Comp401F16/Assignment1/All, Correct (acorrect)/Feedback Attachment(s)/IndexOfNot Called in Iterator.txt","manualNotesFileName":"D:/dewan_backup/Java/Comp401AllChecks/Test Data/Comp401F16/Assignment1/All, Correct (acorrect)/Feedback Attachment(s)/ManualNotes-IndexOfNot Called in Iterator.txt","autoNotesFileName":"D:/dewan_backup/Java/Comp401AllChecks/Test Data/Comp401F16/Assignment1/All, Correct (acorrect)/Feedback Attachment(s)/AutoNotes-IndexOfNot Called in Iterator.txt","outputFiles":null,"inputFiles":[],"linkedFeature":null,"manualNotes":"","autoNotes":"  -- Type ScanningIterator not defined, cannot check\n","resultFormat":"IndexOfNot Called in Iterator                          %.1f /  3.0 (Extra credit)","output":"*****************************(IndexOfNot Called in Iterator)*****************************\n### ScanningIterator!indexOfNot:String;char;int->int: 0.0\n","feature":{"manual":false,"extraCredit":true,"name":"IndexOfNot Called in Iterator","points":3.0,"permissions":[{"name":".","actions":"read,write"}],"summary":"IndexOfNot Called in Iterator                          %.1f /  3.0 (Extra credit)"},"validate":false,"max":3.0,"manual":false,"partialCredit":false,"autoNotGraded":false,"fullCredit":false,"manualOverride":true,"restriction":false,"selected":false,"resultFileName":"D:/dewan_backup/Java/Comp401AllChecks/Test Data/Comp401F16/Assignment1/All, Correct (acorrect)/Feedback Attachment(s)/Results-IndexOfNot Called in Iterator.txt","autoWithNotFullCredit":true,"manualWithNotFullCredit":false},{"featureName":"Iterator Methods Called in Main","score":0.0,"graded":true,"autoGradable":true,"extraCredit":true,"featureChecker":{"overridable":false},"feedbackFileName":"D:/dewan_backup/Java/Comp401AllChecks/Test Data/Comp401F16/Assignment1/All, Correct (acorrect)/Feedback Attachment(s)/Iterator Methods Called in Main.txt","manualNotesFileName":"D:/dewan_backup/Java/Comp401AllChecks/Test Data/Comp401F16/Assignment1/All, Correct (acorrect)/Feedback Attachment(s)/ManualNotes-Iterator Methods Called in Main.txt","autoNotesFileName":"D:/dewan_backup/Java/Comp401AllChecks/Test Data/Comp401F16/Assignment1/All, Correct (acorrect)/Feedback Attachment(s)/AutoNotes-Iterator Methods Called in Main.txt","outputFiles":null,"inputFiles":[],"linkedFeature":null,"manualNotes":"","autoNotes":"  -- Type main.Assignment not defined, cannot check\n  -- Type main.Assignment not defined, cannot check\n","resultFormat":"Iterator Methods Called in Main                        %.1f / 10.0 (Extra credit)","output":"*****************************(Iterator Methods Called in Main)*****************************\n### main.Assignment!!hasNext:->boolean: 0.0\n### main.Assignment!!next:->String: 0.0\n","feature":{"manual":false,"extraCredit":true,"name":"Iterator Methods Called in Main","points":10.0,"permissions":[{"name":".","actions":"read,write"}],"summary":"Iterator Methods Called in Main                        %.1f / 10.0 (Extra credit)"},"validate":false,"max":10.0,"manual":false,"partialCredit":false,"autoNotGraded":false,"fullCredit":false,"manualOverride":true,"restriction":false,"selected":false,"resultFileName":"D:/dewan_backup/Java/Comp401AllChecks/Test Data/Comp401F16/Assignment1/All, Correct (acorrect)/Feedback Attachment(s)/Results-Iterator Methods Called in Main.txt","autoWithNotFullCredit":true,"manualWithNotFullCredit":false},{"featureName":"Screenshots enclosed","score":5.0,"graded":true,"autoGradable":true,"extraCredit":false,"featureChecker":{"overridable":false},"feedbackFileName":"D:/dewan_backup/Java/Comp401AllChecks/Test Data/Comp401F16/Assignment1/All, Correct (acorrect)/Feedback Attachment(s)/Screenshots enclosed.txt","manualNotesFileName":"D:/dewan_backup/Java/Comp401AllChecks/Test Data/Comp401F16/Assignment1/All, Correct (acorrect)/Feedback Attachment(s)/ManualNotes-Screenshots enclosed.txt","autoNotesFileName":"D:/dewan_backup/Java/Comp401AllChecks/Test Data/Comp401F16/Assignment1/All, Correct (acorrect)/Feedback Attachment(s)/AutoNotes-Screenshots enclosed.txt","outputFiles":null,"inputFiles":[],"linkedFeature":null,"manualNotes":"","autoNotes":"","resultFormat":"Screenshots enclosed                                   %.1f /  5.0","output":"*****************************(Screenshots enclosed)*****************************\n### Image enclosed test case: 1.0\n","feature":{"manual":false,"extraCredit":false,"name":"Screenshots enclosed","points":5.0,"permissions":[{"name":".","actions":"read,write"}],"summary":"Screenshots enclosed                                   %.1f /  5.0"},"validate":false,"max":5.0,"manual":false,"partialCredit":false,"autoNotGraded":false,"fullCredit":true,"manualOverride":false,"restriction":false,"selected":false,"resultFileName":"D:/dewan_backup/Java/Comp401AllChecks/Test Data/Comp401F16/Assignment1/All, Correct (acorrect)/Feedback Attachment(s)/Results-Screenshots enclosed.txt","autoWithNotFullCredit":false,"manualWithNotFullCredit":false},{"featureName":"Screenshots show tests","score":0.0,"graded":false,"autoGradable":false,"extraCredit":false,"featureChecker":{"overridable":false},"feedbackFileName":"D:/dewan_backup/Java/Comp401AllChecks/Test Data/Comp401F16/Assignment1/All, Correct (acorrect)/Feedback Attachment(s)/Screenshots show tests.txt","manualNotesFileName":"D:/dewan_backup/Java/Comp401AllChecks/Test Data/Comp401F16/Assignment1/All, Correct (acorrect)/Feedback Attachment(s)/ManualNotes-Screenshots show tests.txt","autoNotesFileName":"D:/dewan_backup/Java/Comp401AllChecks/Test Data/Comp401F16/Assignment1/All, Correct (acorrect)/Feedback Attachment(s)/AutoNotes-Screenshots show tests.txt","outputFiles":null,"inputFiles":[],"linkedFeature":null,"manualNotes":"","autoNotes":"","resultFormat":"Screenshots show tests                                 %.1f / 10.0","output":"","feature":{"manual":true,"extraCredit":false,"name":"Screenshots show tests","points":10.0,"permissions":[{"name":".","actions":"read,write"}],"summary":"Screenshots show tests                                 %.1f / 10.0"},"validate":false,"max":10.0,"manual":true,"partialCredit":false,"autoNotGraded":false,"fullCredit":false,"manualOverride":false,"restriction":false,"selected":false,"resultFileName":"D:/dewan_backup/Java/Comp401AllChecks/Test Data/Comp401F16/Assignment1/All, Correct (acorrect)/Feedback Attachment(s)/Results-Screenshots show tests.txt","autoWithNotFullCredit":false,"manualWithNotFullCredit":true},{"featureName":"Illegal import or call","score":0.0,"graded":true,"autoGradable":true,"extraCredit":false,"featureChecker":{"overridable":false},"feedbackFileName":"D:/dewan_backup/Java/Comp401AllChecks/Test Data/Comp401F16/Assignment1/All, Correct (acorrect)/Feedback Attachment(s)/Illegal import or call.txt","manualNotesFileName":"D:/dewan_backup/Java/Comp401AllChecks/Test Data/Comp401F16/Assignment1/All, Correct (acorrect)/Feedback Attachment(s)/ManualNotes-Illegal import or call.txt","autoNotesFileName":"D:/dewan_backup/Java/Comp401AllChecks/Test Data/Comp401F16/Assignment1/All, Correct (acorrect)/Feedback Attachment(s)/AutoNotes-Illegal import or call.txt","outputFiles":null,"inputFiles":[],"linkedFeature":null,"manualNotes":"","autoNotes":"","resultFormat":"Illegal import or call                      %.1f /  -25.0","output":"","feature":{"manual":false,"extraCredit":false,"name":"Illegal import or call","points":-25.0,"permissions":[{"name":".","actions":"read,write"}],"summary":"Illegal import or call                      %.1f /  -25.0"},"validate":false,"max":-25.0,"manual":false,"partialCredit":false,"autoNotGraded":false,"fullCredit":true,"manualOverride":false,"restriction":true,"selected":false,"resultFileName":"D:/dewan_backup/Java/Comp401AllChecks/Test Data/Comp401F16/Assignment1/All, Correct (acorrect)/Feedback Attachment(s)/Results-Illegal import or call.txt","autoWithNotFullCredit":false,"manualWithNotFullCredit":false}],"sourceCodeTAComments":""}